#
# There is insufficient memory for the Java Runtime Environment to continue.
# Native memory allocation (malloc) failed to allocate 1155104 bytes. Error detail: Chunk::new
# Possible reasons:
#   The system is out of physical RAM or swap space
#   This process is running with CompressedOops enabled, and the Java Heap may be blocking the growth of the native heap
# Possible solutions:
#   Reduce memory load on the system
#   Increase physical memory or swap space
#   Check if swap backing store is full
#   Decrease Java heap size (-Xmx/-Xms)
#   Decrease number of Java threads
#   Decrease Java thread stack sizes (-Xss)
#   Set larger code cache with -XX:ReservedCodeCacheSize=
#   JVM is running with Unscaled Compressed Oops mode in which the Java heap is
#     placed in the first 4GB address space. The Java Heap base address is the
#     maximum limit for the native heap growth. Please use -XX:HeapBaseMinAddress
#     to set the Java Heap base and to place the Java Heap above 4GB virtual address.
# This output file may be truncated or incomplete.
#
#  Out of Memory Error (arena.cpp:168), pid=11016, tid=6748
#
# JRE version: OpenJDK Runtime Environment Temurin-21.0.8+9 (21.0.8+9) (build 21.0.8+9-LTS)
# Java VM: OpenJDK 64-Bit Server VM Temurin-21.0.8+9 (21.0.8+9-LTS, mixed mode, sharing, tiered, compressed oops, compressed class ptrs, parallel gc, windows-amd64)
# No core dump will be written. Minidumps are not enabled by default on client versions of Windows
#

---------------  S U M M A R Y ------------

Command Line: --add-modules=ALL-SYSTEM --add-opens=java.base/java.util=ALL-UNNAMED --add-opens=java.base/java.lang=ALL-UNNAMED --add-opens=java.base/sun.nio.fs=ALL-UNNAMED -Declipse.application=org.eclipse.jdt.ls.core.id1 -Dosgi.bundles.defaultStartLevel=4 -Declipse.product=org.eclipse.jdt.ls.core.product -Djava.import.generatesMetadataFilesAtProjectRoot=false -DDetectVMInstallationsJob.disabled=true -Dfile.encoding=utf8 -XX:+UseParallelGC -XX:GCTimeRatio=4 -XX:AdaptiveSizePolicyWeight=90 -Dsun.zip.disableMemoryMapping=true -Xmx2G -Xms100m -Xlog:disable -javaagent:c:\Users\josuesitoe\.vscode\extensions\redhat.java-1.46.0-win32-x64\lombok\lombok-1.18.39-4050.jar -XX:+HeapDumpOnOutOfMemoryError -XX:HeapDumpPath=c:\Users\josuesitoe\AppData\Roaming\Code\User\workspaceStorage\b6a6d4d9d6201c9de0d0fbad05277ae1\redhat.java -Daether.dependencyCollector.impl=bf c:\Users\josuesitoe\.vscode\extensions\redhat.java-1.46.0-win32-x64\server\plugins\org.eclipse.equinox.launcher_1.7.0.v20250519-0528.jar -configuration c:\Users\josuesitoe\AppData\Roaming\Code\User\globalStorage\redhat.java\1.46.0\config_win -data c:\Users\josuesitoe\AppData\Roaming\Code\User\workspaceStorage\b6a6d4d9d6201c9de0d0fbad05277ae1\redhat.java\jdt_ws --pipe=\\.\pipe\lsp-50e22009a25b89c6a55ddb06b7cf2f32-sock

Host: AMD Ryzen 7 5700U with Radeon Graphics         , 16 cores, 5G,  Windows 11 , 64 bit Build 26100 (10.0.26100.6725)
Time: Wed Oct 29 23:40:01 2025 South Africa Standard Time elapsed time: 23.160755 seconds (0d 0h 0m 23s)

---------------  T H R E A D  ---------------

Current thread (0x0000026315c2cdb0):  JavaThread "C2 CompilerThread1" daemon [_thread_in_native, id=6748, stack(0x0000009104a00000,0x0000009104b00000) (1024K)]


Current CompileTask:
C2:23160 12356 % !   4       org.eclipse.jdt.internal.compiler.classfmt.ClassFileReader::<init> @ 81 (1968 bytes)

Stack: [0x0000009104a00000,0x0000009104b00000]
Native frames: (J=compiled Java code, j=interpreted, Vv=VM code, C=native code)
V  [jvm.dll+0x6d2449]
V  [jvm.dll+0x8ae341]
V  [jvm.dll+0x8b08be]
V  [jvm.dll+0x8b0fa3]
V  [jvm.dll+0x280c96]
V  [jvm.dll+0xc581d]
V  [jvm.dll+0xc5d53]
V  [jvm.dll+0x3b919c]
V  [jvm.dll+0x385315]
V  [jvm.dll+0x38477a]
V  [jvm.dll+0x248ed0]
V  [jvm.dll+0x2484af]
V  [jvm.dll+0x1c89ee]
V  [jvm.dll+0x257d4d]
V  [jvm.dll+0x2562ea]
V  [jvm.dll+0x3f2d16]
V  [jvm.dll+0x857e6b]
V  [jvm.dll+0x6d0b0d]
C  [ucrtbase.dll+0x37b0]
C  [KERNEL32.DLL+0x2e8d7]
C  [ntdll.dll+0x8c53c]


---------------  P R O C E S S  ---------------

Threads class SMR info:
_java_thread_list=0x000002631f192890, length=107, elements={
0x00000262ba97ad80, 0x00000262bccddf80, 0x00000262bcdd0fb0, 0x00000262bcdd5c80,
0x00000262bcdd68d0, 0x00000262bcde2fa0, 0x00000262bcded260, 0x0000026315b2eb00,
0x0000026315b31a00, 0x00000262bcdeb820, 0x00000262bcdedf80, 0x00000262bcdeab00,
0x00000262bcdeb190, 0x00000262bcdebeb0, 0x00000262bcdec540, 0x00000262bcdecbd0,
0x00000262bcded8f0, 0x000002631c840f40, 0x000002631c83e150, 0x000002631c840220,
0x000002631c8408b0, 0x000002631c8415d0, 0x000002631c841c60, 0x000002631c83e7e0,
0x000002631c83fb90, 0x000002631c83f500, 0x000002631c8422f0, 0x000002631c83ee70,
0x000002631c8443c0, 0x000002631c842980, 0x000002631c843010, 0x000002631c844a50,
0x000002631c8436a0, 0x000002631c843d30, 0x000002631c8450e0, 0x000002631c845770,
0x000002631e5a1710, 0x000002631e59e290, 0x000002631e5a1080, 0x000002631e59e920,
0x000002631e5a2430, 0x000002631e5a1da0, 0x000002631e59efb0, 0x000002631e5a2ac0,
0x000002631e59fcd0, 0x000002631e5a0360, 0x000002631e59f640, 0x000002631e5a3150,
0x000002631e5a09f0, 0x000002631e5a4500, 0x000002631e5a37e0, 0x000002631e5a5220,
0x000002631e5a4b90, 0x000002631e5a3e70, 0x000002631e5a58b0, 0x000002631e5c8f10,
0x000002631e5c95a0, 0x000002631e5c81f0, 0x000002631e5c8880, 0x000002631e5c9c30,
0x000002631e5c7b60, 0x000002631e5c6e40, 0x000002631e5cafe0, 0x000002631e5cc390,
0x000002631e5ca2c0, 0x000002631e5ca950, 0x000002631e5ce460, 0x000002631e5cddd0,
0x000002631e5cb670, 0x000002631e5cca20, 0x000002631e5cd0b0, 0x000002631e5cbd00,
0x000002631e5cd740, 0x0000026322fc2180, 0x0000026322fbed00, 0x0000026322fc1af0,
0x0000026322fc2810, 0x0000026322fbfa20, 0x0000026322fbf390, 0x0000026322fc2ea0,
0x0000026322fc0740, 0x0000026322fc3530, 0x0000026322fc00b0, 0x0000026322fc3bc0,
0x0000026322fc4250, 0x0000026322fc48e0, 0x0000026322fc1460, 0x0000026322fc5c90,
0x0000026322fc6320, 0x0000026322fc5600, 0x00000263238ad480, 0x00000263238af550,
0x00000263238ae1a0, 0x00000263238b0f90, 0x00000263238b0270, 0x00000263238ae830,
0x00000263238aeec0, 0x00000263238b0900, 0x00000263238afbe0, 0x00000263238adb10,
0x00000263238b3d80, 0x00000263238b3060, 0x00000263238b4aa0, 0x0000026322d04ca0,
0x0000026322d06050, 0x0000026322d094d0, 0x0000026315c2cdb0
}

Java Threads: ( => current thread )
  0x00000262ba97ad80 JavaThread "main"                              [_thread_blocked, id=10740, stack(0x000000917cf00000,0x000000917d000000) (1024K)]
  0x00000262bccddf80 JavaThread "Reference Handler"          daemon [_thread_blocked, id=28700, stack(0x000000917d300000,0x000000917d400000) (1024K)]
  0x00000262bcdd0fb0 JavaThread "Finalizer"                  daemon [_thread_blocked, id=28476, stack(0x000000917d400000,0x000000917d500000) (1024K)]
  0x00000262bcdd5c80 JavaThread "Signal Dispatcher"          daemon [_thread_blocked, id=9524, stack(0x000000917d500000,0x000000917d600000) (1024K)]
  0x00000262bcdd68d0 JavaThread "Attach Listener"            daemon [_thread_blocked, id=5656, stack(0x000000917d600000,0x000000917d700000) (1024K)]
  0x00000262bcde2fa0 JavaThread "Service Thread"             daemon [_thread_blocked, id=15972, stack(0x000000917d700000,0x000000917d800000) (1024K)]
  0x00000262bcded260 JavaThread "Monitor Deflation Thread"   daemon [_thread_blocked, id=17660, stack(0x000000917d800000,0x000000917d900000) (1024K)]
  0x0000026315b2eb00 JavaThread "C2 CompilerThread0"         daemon [_thread_in_native, id=29276, stack(0x000000917d900000,0x000000917da00000) (1024K)]
  0x0000026315b31a00 JavaThread "C1 CompilerThread0"         daemon [_thread_blocked, id=22664, stack(0x000000917da00000,0x000000917db00000) (1024K)]
  0x00000262bcdeb820 JavaThread "Common-Cleaner"             daemon [_thread_blocked, id=22372, stack(0x000000917db00000,0x000000917dc00000) (1024K)]
  0x00000262bcdedf80 JavaThread "Notification Thread"        daemon [_thread_blocked, id=18872, stack(0x000000917e000000,0x000000917e100000) (1024K)]
  0x00000262bcdeab00 JavaThread "Active Thread: Equinox Container: e29497f7-6f97-4712-8822-1a08c9c459b7"        [_thread_blocked, id=26324, stack(0x000000917e800000,0x000000917e900000) (1024K)]
  0x00000262bcdeb190 JavaThread "Refresh Thread: Equinox Container: e29497f7-6f97-4712-8822-1a08c9c459b7" daemon [_thread_blocked, id=8324, stack(0x000000917ea00000,0x000000917eb00000) (1024K)]
  0x00000262bcdebeb0 JavaThread "Framework Event Dispatcher: Equinox Container: e29497f7-6f97-4712-8822-1a08c9c459b7" daemon [_thread_blocked, id=12896, stack(0x000000917eb00000,0x000000917ec00000) (1024K)]
  0x00000262bcdec540 JavaThread "Start Level: Equinox Container: e29497f7-6f97-4712-8822-1a08c9c459b7" daemon [_thread_blocked, id=31148, stack(0x000000917ec00000,0x000000917ed00000) (1024K)]
  0x00000262bcdecbd0 JavaThread "Bundle File Closer"         daemon [_thread_blocked, id=12608, stack(0x000000917f000000,0x000000917f100000) (1024K)]
  0x00000262bcded8f0 JavaThread "SCR Component Actor"        daemon [_thread_blocked, id=22520, stack(0x000000917f100000,0x000000917f200000) (1024K)]
  0x000002631c840f40 JavaThread "Worker-JM"                         [_thread_blocked, id=12784, stack(0x000000917f300000,0x000000917f400000) (1024K)]
  0x000002631c83e150 JavaThread "JNA Cleaner"                daemon [_thread_blocked, id=26148, stack(0x000000917e100000,0x000000917e200000) (1024K)]
  0x000002631c840220 JavaThread "Worker-0"                          [_thread_blocked, id=19888, stack(0x000000917f500000,0x000000917f600000) (1024K)]
  0x000002631c8408b0 JavaThread "Worker-1"                          [_thread_blocked, id=21344, stack(0x000000917f600000,0x000000917f700000) (1024K)]
  0x000002631c8415d0 JavaThread "Worker-2"                          [_thread_blocked, id=23432, stack(0x000000917f700000,0x000000917f800000) (1024K)]
  0x000002631c841c60 JavaThread "Java indexing"              daemon [_thread_blocked, id=12588, stack(0x000000917f800000,0x000000917f900000) (1024K)]
  0x000002631c83e7e0 JavaThread "Worker-3"                          [_thread_blocked, id=28756, stack(0x000000917f900000,0x000000917fa00000) (1024K)]
  0x000002631c83fb90 JavaThread "Worker-4"                          [_thread_blocked, id=5764, stack(0x000000917fd00000,0x000000917fe00000) (1024K)]
  0x000002631c83f500 JavaThread "Thread-1"                   daemon [_thread_in_native, id=5924, stack(0x000000917fe00000,0x000000917ff00000) (1024K)]
  0x000002631c8422f0 JavaThread "Thread-2"                   daemon [_thread_in_native, id=26500, stack(0x000000917ff00000,0x0000009180000000) (1024K)]
  0x000002631c83ee70 JavaThread "Thread-3"                   daemon [_thread_in_native, id=19448, stack(0x0000009100000000,0x0000009100100000) (1024K)]
  0x000002631c8443c0 JavaThread "Thread-4"                   daemon [_thread_in_native, id=24840, stack(0x0000009100100000,0x0000009100200000) (1024K)]
  0x000002631c842980 JavaThread "Thread-5"                   daemon [_thread_in_native, id=9856, stack(0x0000009100200000,0x0000009100300000) (1024K)]
  0x000002631c843010 JavaThread "Thread-6"                   daemon [_thread_in_native, id=14072, stack(0x0000009100300000,0x0000009100400000) (1024K)]
  0x000002631c844a50 JavaThread "Thread-7"                   daemon [_thread_in_native, id=13572, stack(0x0000009100400000,0x0000009100500000) (1024K)]
  0x000002631c8436a0 JavaThread "Thread-8"                   daemon [_thread_in_native, id=11684, stack(0x0000009100500000,0x0000009100600000) (1024K)]
  0x000002631c843d30 JavaThread "Thread-9"                   daemon [_thread_in_native, id=16036, stack(0x0000009100600000,0x0000009100700000) (1024K)]
  0x000002631c8450e0 JavaThread "Thread-10"                  daemon [_thread_in_native, id=2088, stack(0x0000009100700000,0x0000009100800000) (1024K)]
  0x000002631c845770 JavaThread "Thread-11"                  daemon [_thread_in_native, id=3160, stack(0x0000009100800000,0x0000009100900000) (1024K)]
  0x000002631e5a1710 JavaThread "Thread-12"                  daemon [_thread_in_native, id=4196, stack(0x0000009100900000,0x0000009100a00000) (1024K)]
  0x000002631e59e290 JavaThread "Thread-13"                  daemon [_thread_in_native, id=25960, stack(0x0000009100a00000,0x0000009100b00000) (1024K)]
  0x000002631e5a1080 JavaThread "Thread-14"                  daemon [_thread_in_native, id=8224, stack(0x0000009100b00000,0x0000009100c00000) (1024K)]
  0x000002631e59e920 JavaThread "Thread-15"                  daemon [_thread_in_native, id=21360, stack(0x0000009100c00000,0x0000009100d00000) (1024K)]
  0x000002631e5a2430 JavaThread "Thread-16"                  daemon [_thread_in_native, id=31480, stack(0x0000009100d00000,0x0000009100e00000) (1024K)]
  0x000002631e5a1da0 JavaThread "Thread-17"                  daemon [_thread_in_native, id=13844, stack(0x0000009100e00000,0x0000009100f00000) (1024K)]
  0x000002631e59efb0 JavaThread "pool-2-thread-1"                   [_thread_blocked, id=9288, stack(0x0000009100f00000,0x0000009101000000) (1024K)]
  0x000002631e5a2ac0 JavaThread "ForkJoinPool.commonPool-worker-1" daemon [_thread_blocked, id=26816, stack(0x0000009101000000,0x0000009101100000) (1024K)]
  0x000002631e59fcd0 JavaThread "ForkJoinPool.commonPool-worker-2" daemon [_thread_blocked, id=3172, stack(0x0000009101100000,0x0000009101200000) (1024K)]
  0x000002631e5a0360 JavaThread "ForkJoinPool.commonPool-worker-3" daemon [_thread_blocked, id=26476, stack(0x0000009101200000,0x0000009101300000) (1024K)]
  0x000002631e59f640 JavaThread "ForkJoinPool.commonPool-worker-4" daemon [_thread_blocked, id=16908, stack(0x0000009101300000,0x0000009101400000) (1024K)]
  0x000002631e5a3150 JavaThread "ForkJoinPool.commonPool-worker-5" daemon [_thread_blocked, id=16200, stack(0x0000009101400000,0x0000009101500000) (1024K)]
  0x000002631e5a09f0 JavaThread "ForkJoinPool.commonPool-worker-6" daemon [_thread_blocked, id=12000, stack(0x0000009101500000,0x0000009101600000) (1024K)]
  0x000002631e5a4500 JavaThread "ForkJoinPool.commonPool-worker-7" daemon [_thread_blocked, id=13952, stack(0x0000009101600000,0x0000009101700000) (1024K)]
  0x000002631e5a37e0 JavaThread "ForkJoinPool.commonPool-worker-8" daemon [_thread_blocked, id=12700, stack(0x0000009101700000,0x0000009101800000) (1024K)]
  0x000002631e5a5220 JavaThread "ForkJoinPool.commonPool-worker-9" daemon [_thread_blocked, id=21480, stack(0x0000009101800000,0x0000009101900000) (1024K)]
  0x000002631e5a4b90 JavaThread "ForkJoinPool.commonPool-worker-10" daemon [_thread_blocked, id=2528, stack(0x0000009101900000,0x0000009101a00000) (1024K)]
  0x000002631e5a3e70 JavaThread "ForkJoinPool.commonPool-worker-11" daemon [_thread_blocked, id=23760, stack(0x0000009101a00000,0x0000009101b00000) (1024K)]
  0x000002631e5a58b0 JavaThread "WorkspaceEventsHandler"            [_thread_blocked, id=23356, stack(0x0000009101b00000,0x0000009101c00000) (1024K)]
  0x000002631e5c8f10 JavaThread "pool-1-thread-1"                   [_thread_blocked, id=19832, stack(0x0000009101c00000,0x0000009101d00000) (1024K)]
  0x000002631e5c95a0 JavaThread "LocalFile Deleter"          daemon [_thread_blocked, id=4168, stack(0x0000009101d00000,0x0000009101e00000) (1024K)]
  0x000002631e5c81f0 JavaThread "LocalFile Deleter"          daemon [_thread_blocked, id=24128, stack(0x0000009101e00000,0x0000009101f00000) (1024K)]
  0x000002631e5c8880 JavaThread "LocalFile Deleter"          daemon [_thread_blocked, id=3228, stack(0x0000009101f00000,0x0000009102000000) (1024K)]
  0x000002631e5c9c30 JavaThread "LocalFile Deleter"          daemon [_thread_blocked, id=30972, stack(0x0000009102000000,0x0000009102100000) (1024K)]
  0x000002631e5c7b60 JavaThread "LocalFile Deleter"          daemon [_thread_blocked, id=14708, stack(0x0000009102100000,0x0000009102200000) (1024K)]
  0x000002631e5c6e40 JavaThread "LocalFile Deleter"          daemon [_thread_blocked, id=9724, stack(0x0000009102200000,0x0000009102300000) (1024K)]
  0x000002631e5cafe0 JavaThread "LocalFile Deleter"          daemon [_thread_blocked, id=29756, stack(0x0000009102300000,0x0000009102400000) (1024K)]
  0x000002631e5cc390 JavaThread "LocalFile Deleter"          daemon [_thread_blocked, id=9916, stack(0x0000009102400000,0x0000009102500000) (1024K)]
  0x000002631e5ca2c0 JavaThread "LocalFile Deleter"          daemon [_thread_blocked, id=20420, stack(0x0000009102500000,0x0000009102600000) (1024K)]
  0x000002631e5ca950 JavaThread "LocalFile Deleter"          daemon [_thread_blocked, id=28040, stack(0x0000009102600000,0x0000009102700000) (1024K)]
  0x000002631e5ce460 JavaThread "LocalFile Deleter"          daemon [_thread_blocked, id=28784, stack(0x0000009102700000,0x0000009102800000) (1024K)]
  0x000002631e5cddd0 JavaThread "LocalFile Deleter"          daemon [_thread_blocked, id=7588, stack(0x0000009102800000,0x0000009102900000) (1024K)]
  0x000002631e5cb670 JavaThread "LocalFile Deleter"          daemon [_thread_blocked, id=13948, stack(0x0000009102900000,0x0000009102a00000) (1024K)]
  0x000002631e5cca20 JavaThread "LocalFile Deleter"          daemon [_thread_blocked, id=21852, stack(0x0000009102a00000,0x0000009102b00000) (1024K)]
  0x000002631e5cd0b0 JavaThread "LocalFile Deleter"          daemon [_thread_blocked, id=19592, stack(0x0000009102b00000,0x0000009102c00000) (1024K)]
  0x000002631e5cbd00 JavaThread "LocalFile Deleter"          daemon [_thread_blocked, id=15064, stack(0x0000009102c00000,0x0000009102d00000) (1024K)]
  0x000002631e5cd740 JavaThread "Compiler Source File Reader" daemon [_thread_blocked, id=4524, stack(0x0000009102d00000,0x0000009102e00000) (1024K)]
  0x0000026322fc2180 JavaThread "Compiler Source File Reader" daemon [_thread_blocked, id=4444, stack(0x0000009102e00000,0x0000009102f00000) (1024K)]
  0x0000026322fbed00 JavaThread "Compiler Source File Reader" daemon [_thread_blocked, id=27040, stack(0x0000009102f00000,0x0000009103000000) (1024K)]
  0x0000026322fc1af0 JavaThread "Compiler Source File Reader" daemon [_thread_blocked, id=25692, stack(0x0000009103000000,0x0000009103100000) (1024K)]
  0x0000026322fc2810 JavaThread "Compiler Source File Reader" daemon [_thread_blocked, id=27780, stack(0x0000009103100000,0x0000009103200000) (1024K)]
  0x0000026322fbfa20 JavaThread "Compiler Source File Reader" daemon [_thread_blocked, id=21236, stack(0x0000009103200000,0x0000009103300000) (1024K)]
  0x0000026322fbf390 JavaThread "Compiler Source File Reader" daemon [_thread_blocked, id=5420, stack(0x0000009103300000,0x0000009103400000) (1024K)]
  0x0000026322fc2ea0 JavaThread "Compiler Source File Reader" daemon [_thread_blocked, id=11800, stack(0x0000009103400000,0x0000009103500000) (1024K)]
  0x0000026322fc0740 JavaThread "Compiler Source File Reader" daemon [_thread_blocked, id=9332, stack(0x0000009103500000,0x0000009103600000) (1024K)]
  0x0000026322fc3530 JavaThread "Compiler Source File Reader" daemon [_thread_blocked, id=19144, stack(0x0000009103600000,0x0000009103700000) (1024K)]
  0x0000026322fc00b0 JavaThread "Compiler Source File Reader" daemon [_thread_blocked, id=30196, stack(0x0000009103700000,0x0000009103800000) (1024K)]
  0x0000026322fc3bc0 JavaThread "Compiler Source File Reader" daemon [_thread_blocked, id=29528, stack(0x0000009103800000,0x0000009103900000) (1024K)]
  0x0000026322fc4250 JavaThread "Compiler Source File Reader" daemon [_thread_blocked, id=27504, stack(0x0000009103900000,0x0000009103a00000) (1024K)]
  0x0000026322fc48e0 JavaThread "Compiler Processing Task"   daemon [_thread_blocked, id=6140, stack(0x0000009103a00000,0x0000009103b00000) (1024K)]
  0x0000026322fc1460 JavaThread "Compiler Class File Writer" daemon [_thread_blocked, id=20804, stack(0x0000009103b00000,0x0000009103c00000) (1024K)]
  0x0000026322fc5c90 JavaThread "Compiler Class File Writer" daemon [_thread_blocked, id=12816, stack(0x0000009103c00000,0x0000009103d00000) (1024K)]
  0x0000026322fc6320 JavaThread "Compiler Class File Writer" daemon [_thread_blocked, id=3136, stack(0x0000009103d00000,0x0000009103e00000) (1024K)]
  0x0000026322fc5600 JavaThread "Compiler Class File Writer" daemon [_thread_blocked, id=25568, stack(0x0000009103e00000,0x0000009103f00000) (1024K)]
  0x00000263238ad480 JavaThread "Compiler Class File Writer" daemon [_thread_blocked, id=14684, stack(0x0000009103f00000,0x0000009104000000) (1024K)]
  0x00000263238af550 JavaThread "Compiler Class File Writer" daemon [_thread_blocked, id=25656, stack(0x0000009104000000,0x0000009104100000) (1024K)]
  0x00000263238ae1a0 JavaThread "Compiler Class File Writer" daemon [_thread_blocked, id=30408, stack(0x0000009104100000,0x0000009104200000) (1024K)]
  0x00000263238b0f90 JavaThread "Compiler Class File Writer" daemon [_thread_blocked, id=27452, stack(0x0000009104200000,0x0000009104300000) (1024K)]
  0x00000263238b0270 JavaThread "Compiler Class File Writer" daemon [_thread_blocked, id=15508, stack(0x0000009104300000,0x0000009104400000) (1024K)]
  0x00000263238ae830 JavaThread "Compiler Class File Writer" daemon [_thread_blocked, id=7640, stack(0x0000009104400000,0x0000009104500000) (1024K)]
  0x00000263238aeec0 JavaThread "Compiler Class File Writer" daemon [_thread_blocked, id=13832, stack(0x0000009104500000,0x0000009104600000) (1024K)]
  0x00000263238b0900 JavaThread "Compiler Class File Writer" daemon [_thread_blocked, id=13376, stack(0x0000009104600000,0x0000009104700000) (1024K)]
  0x00000263238afbe0 JavaThread "Compiler Class File Writer" daemon [_thread_blocked, id=5008, stack(0x0000009104700000,0x0000009104800000) (1024K)]
  0x00000263238adb10 JavaThread "Compiler Class File Writer" daemon [_thread_blocked, id=28544, stack(0x0000009104800000,0x0000009104900000) (1024K)]
  0x00000263238b3d80 JavaThread "Compiler Source File Reader" daemon [_thread_blocked, id=5256, stack(0x0000009104900000,0x0000009104a00000) (1024K)]
  0x00000263238b3060 JavaThread "ForkJoinPool.commonPool-worker-13" daemon [_thread_blocked, id=17900, stack(0x0000009104b00000,0x0000009104c00000) (1024K)]
  0x00000263238b4aa0 JavaThread "ForkJoinPool.commonPool-worker-12" daemon [_thread_blocked, id=25760, stack(0x0000009104c00000,0x0000009104d00000) (1024K)]
  0x0000026322d04ca0 JavaThread "ForkJoinPool.commonPool-worker-14" daemon [_thread_blocked, id=22708, stack(0x0000009104d00000,0x0000009104e00000) (1024K)]
  0x0000026322d06050 JavaThread "ForkJoinPool.commonPool-worker-15" daemon [_thread_blocked, id=26096, stack(0x0000009104e00000,0x0000009104f00000) (1024K)]
  0x0000026322d094d0 JavaThread "Cleaner-0"                  daemon [_thread_blocked, id=1452, stack(0x0000009104f00000,0x0000009105000000) (1024K)]
=>0x0000026315c2cdb0 JavaThread "C2 CompilerThread1"         daemon [_thread_in_native, id=6748, stack(0x0000009104a00000,0x0000009104b00000) (1024K)]
Total: 107

Other Threads:
  0x00000262bccc48e0 VMThread "VM Thread"                           [id=22364, stack(0x000000917d200000,0x000000917d300000) (1024K)]
  0x00000262bcda1270 WatcherThread "VM Periodic Task Thread"        [id=1448, stack(0x000000917d100000,0x000000917d200000) (1024K)]
  0x00000262bcd4ee10 WorkerThread "GC Thread#0"                     [id=9268, stack(0x000000917d000000,0x000000917d100000) (1024K)]
  0x000002631c155550 WorkerThread "GC Thread#1"                     [id=10944, stack(0x000000917e200000,0x000000917e300000) (1024K)]
  0x000002631c0a1e50 WorkerThread "GC Thread#2"                     [id=21644, stack(0x000000917e300000,0x000000917e400000) (1024K)]
  0x000002631c228b80 WorkerThread "GC Thread#3"                     [id=4044, stack(0x000000917e400000,0x000000917e500000) (1024K)]
  0x000002631c228f20 WorkerThread "GC Thread#4"                     [id=6972, stack(0x000000917e500000,0x000000917e600000) (1024K)]
  0x0000026317a95670 WorkerThread "GC Thread#5"                     [id=31308, stack(0x000000917e600000,0x000000917e700000) (1024K)]
  0x0000026317a95a10 WorkerThread "GC Thread#6"                     [id=20868, stack(0x000000917e700000,0x000000917e800000) (1024K)]
  0x0000026317bc8490 WorkerThread "GC Thread#7"                     [id=30948, stack(0x000000917e900000,0x000000917ea00000) (1024K)]
  0x000002631c097240 WorkerThread "GC Thread#8"                     [id=11632, stack(0x000000917ed00000,0x000000917ee00000) (1024K)]
  0x000002631c0975e0 WorkerThread "GC Thread#9"                     [id=31448, stack(0x000000917ee00000,0x000000917ef00000) (1024K)]
  0x000002631c0980c0 WorkerThread "GC Thread#10"                    [id=26876, stack(0x000000917ef00000,0x000000917f000000) (1024K)]
  0x000002631c097980 WorkerThread "GC Thread#11"                    [id=14696, stack(0x000000917f200000,0x000000917f300000) (1024K)]
  0x000002631c098800 WorkerThread "GC Thread#12"                    [id=10252, stack(0x000000917f400000,0x000000917f500000) (1024K)]
Total: 15

Threads with active compile tasks:
C2 CompilerThread0  23191 12388       4       org.eclipse.jdt.internal.compiler.lookup.LookupEnvironment::getTypeFromTypeSignature (770 bytes)
C2 CompilerThread1  23191 12356 % !   4       org.eclipse.jdt.internal.compiler.classfmt.ClassFileReader::<init> @ 81 (1968 bytes)
Total: 2

VM state: not at safepoint (normal execution)

VM Mutex/Monitor currently owned by a thread: None

Heap address: 0x0000000080000000, size: 2048 MB, Compressed Oops mode: 32-bit

CDS archive(s) mapped at: [0x00000262d4000000-0x00000262d4ba0000-0x00000262d4ba0000), size 12189696, SharedBaseAddress: 0x00000262d4000000, ArchiveRelocationMode: 1.
Compressed class space mapped at: 0x00000262d5000000-0x0000026315000000, reserved size: 1073741824
Narrow klass base: 0x00000262d4000000, Narrow klass shift: 0, Narrow klass range: 0x100000000

GC Precious Log:
 CardTable entry size: 512
 CPUs: 16 total, 16 available
 Memory: 5989M
 Large Page Support: Disabled
 NUMA Support: Disabled
 Compressed Oops: Enabled (32-bit)
 Alignments: Space 512K, Generation 512K, Heap 2M
 Heap Min Capacity: 100M
 Heap Initial Capacity: 100M
 Heap Max Capacity: 2G
 Pre-touch: Disabled
 Parallel Workers: 13

Heap:
 PSYoungGen      total 14848K, used 3297K [0x00000000d5580000, 0x00000000d7000000, 0x0000000100000000)
  eden space 11776K, 1% used [0x00000000d5580000,0x00000000d55b8c20,0x00000000d6100000)
  from space 3072K, 99% used [0x00000000d6700000,0x00000000d69ffab8,0x00000000d6a00000)
  to   space 6144K, 0% used [0x00000000d6100000,0x00000000d6100000,0x00000000d6700000)
 ParOldGen       total 68608K, used 66263K [0x0000000080000000, 0x0000000084300000, 0x00000000d5580000)
  object space 68608K, 96% used [0x0000000080000000,0x00000000840b5fc0,0x0000000084300000)
 Metaspace       used 70510K, committed 72128K, reserved 1114112K
  class space    used 7410K, committed 8128K, reserved 1048576K

Card table byte_map: [0x00000262bc6d0000,0x00000262bcae0000] _byte_map_base: 0x00000262bc2d0000

Marking Bits: (ParMarkBitMap*) 0x00007ffccb93a340
 Begin Bits: [0x00000262cf1d0000, 0x00000262d11d0000)
 End Bits:   [0x00000262d11d0000, 0x00000262d31d0000)

Polling page: 0x00000262ba900000

Metaspace:

Usage:
  Non-class:     61.62 MB used.
      Class:      7.24 MB used.
       Both:     68.86 MB used.

Virtual space:
  Non-class space:       64.00 MB reserved,      62.50 MB ( 98%) committed,  1 nodes.
      Class space:        1.00 GB reserved,       7.94 MB ( <1%) committed,  1 nodes.
             Both:        1.06 GB reserved,      70.44 MB (  6%) committed. 

Chunk freelists:
   Non-Class:  832.00 KB
       Class:  8.02 MB
        Both:  8.83 MB

MaxMetaspaceSize: unlimited
CompressedClassSpaceSize: 1.00 GB
Initial GC threshold: 21.00 MB
Current GC threshold: 97.31 MB
CDS: on
 - commit_granule_bytes: 65536.
 - commit_granule_words: 8192.
 - virtual_space_node_default_size: 8388608.
 - enlarge_chunks_in_place: 1.
 - use_allocation_guard: 0.


Internal statistics:

num_allocs_failed_limit: 11.
num_arena_births: 1310.
num_arena_deaths: 22.
num_vsnodes_births: 2.
num_vsnodes_deaths: 0.
num_space_committed: 1127.
num_space_uncommitted: 0.
num_chunks_returned_to_freelist: 35.
num_chunks_taken_from_freelist: 4850.
num_chunk_merges: 18.
num_chunk_splits: 2882.
num_chunks_enlarged: 1486.
num_inconsistent_stats: 0.

CodeHeap 'non-profiled nmethods': size=119168Kb used=5277Kb max_used=5277Kb free=113890Kb
 bounds [0x00000262c7ac0000, 0x00000262c7ff0000, 0x00000262cef20000]
CodeHeap 'profiled nmethods': size=119104Kb used=25668Kb max_used=25668Kb free=93435Kb
 bounds [0x00000262bff20000, 0x00000262c1840000, 0x00000262c7370000]
CodeHeap 'non-nmethods': size=7488Kb used=1462Kb max_used=3161Kb free=6025Kb
 bounds [0x00000262c7370000, 0x00000262c76a0000, 0x00000262c7ac0000]
CodeCache: size=245760Kb, used=32407Kb, max_used=34106Kb, free=213350Kb
 total_blobs=12474, nmethods=11692, adapters=685, full_count=0
Compilation: enabled, stopped_count=0, restarted_count=0

Compilation events (20 events):
Event: 21.787 Thread 0x0000026315b31a00 12493       2       java.util.ArrayList::forEach (74 bytes)
Event: 21.787 Thread 0x0000026315b31a00 nmethod 12493 0x00000262c1830690 code [0x00000262c1830880, 0x00000262c1830c28]
Event: 21.787 Thread 0x0000026315b31a00 12492       2       jdk.internal.misc.Unsafe::getAndBitwiseOrInt (27 bytes)
Event: 21.787 Thread 0x0000026315b31a00 nmethod 12492 0x00000262c1830e90 code [0x00000262c1831040, 0x00000262c1831220]
Event: 21.787 Thread 0x0000026315b31a00 12494       1       sun.reflect.generics.reflectiveObjects.TypeVariableImpl::getName (5 bytes)
Event: 21.787 Thread 0x0000026315b31a00 nmethod 12494 0x00000262c7fcc190 code [0x00000262c7fcc320, 0x00000262c7fcc3e8]
Event: 21.792 Thread 0x0000026315c2cdb0 nmethod 12425% 0x00000262c7fcc490 code [0x00000262c7fccb80, 0x00000262c7fd0758]
Event: 21.792 Thread 0x0000026315c2cdb0 12477       4       org.eclipse.jdt.internal.compiler.lookup.LookupEnvironment::getCachedType0 (112 bytes)
Event: 21.848 Thread 0x0000026315c2cdb0 nmethod 12477 0x00000262c7fd2b90 code [0x00000262c7fd2f40, 0x00000262c7fd52f8]
Event: 21.848 Thread 0x0000026315c2cdb0 12423       4       org.eclipse.jdt.internal.compiler.parser.Parser::consumeRule (7748 bytes)
Event: 22.027 Thread 0x0000026315c2cdb0 nmethod 12423 0x00000262c7fd6490 code [0x00000262c7fd9be0, 0x00000262c7fe0220]
Event: 22.027 Thread 0x0000026315c2cdb0 12439       4       java.util.HashSet::iterator (13 bytes)
Event: 22.037 Thread 0x0000026315c2cdb0 nmethod 12439 0x00000262c7fe5590 code [0x00000262c7fe5780, 0x00000262c7fe5df8]
Event: 22.037 Thread 0x0000026315c2cdb0 12387       4       org.eclipse.jdt.internal.core.util.HashtableOfArrayToObject::hashCode (35 bytes)
Event: 22.040 Thread 0x0000026315c2cdb0 nmethod 12387 0x00000262c7fe6190 code [0x00000262c7fe6340, 0x00000262c7fe6570]
Event: 22.040 Thread 0x0000026315c2cdb0 12482       4       org.eclipse.core.runtime.Path::computeLength (100 bytes)
Event: 22.044 Thread 0x0000026315c2cdb0 nmethod 12482 0x00000262c7fe6710 code [0x00000262c7fe68a0, 0x00000262c7fe6ae8]
Event: 22.044 Thread 0x0000026315c2cdb0 12446       4       org.eclipse.jdt.internal.compiler.util.HashtableOfType::get (68 bytes)
Event: 22.048 Thread 0x0000026315c2cdb0 nmethod 12446 0x00000262c7fe6c90 code [0x00000262c7fe6e60, 0x00000262c7fe7440]
Event: 22.048 Thread 0x0000026315c2cdb0 12356 % !   4       org.eclipse.jdt.internal.compiler.classfmt.ClassFileReader::<init> @ 81 (1968 bytes)

GC Heap History (20 events):
Event: 12.731 GC heap before
{Heap before GC invocations=54 (full 3):
 PSYoungGen      total 18944K, used 18434K [0x00000000d5580000, 0x00000000d6c80000, 0x0000000100000000)
  eden space 15872K, 100% used [0x00000000d5580000,0x00000000d6500000,0x00000000d6500000)
  from space 3072K, 83% used [0x00000000d6980000,0x00000000d6c008a8,0x00000000d6c80000)
  to   space 3072K, 0% used [0x00000000d6680000,0x00000000d6680000,0x00000000d6980000)
 ParOldGen       total 68608K, used 50351K [0x0000000080000000, 0x0000000084300000, 0x00000000d5580000)
  object space 68608K, 73% used [0x0000000080000000,0x000000008312bfc8,0x0000000084300000)
 Metaspace       used 66512K, committed 68096K, reserved 1114112K
  class space    used 7052K, committed 7744K, reserved 1048576K
}
Event: 12.737 GC heap after
{Heap after GC invocations=54 (full 3):
 PSYoungGen      total 18944K, used 2885K [0x00000000d5580000, 0x00000000d6b00000, 0x0000000100000000)
  eden space 15872K, 0% used [0x00000000d5580000,0x00000000d5580000,0x00000000d6500000)
  from space 3072K, 93% used [0x00000000d6680000,0x00000000d6951468,0x00000000d6980000)
  to   space 1536K, 0% used [0x00000000d6980000,0x00000000d6980000,0x00000000d6b00000)
 ParOldGen       total 68608K, used 51481K [0x0000000080000000, 0x0000000084300000, 0x00000000d5580000)
  object space 68608K, 75% used [0x0000000080000000,0x0000000083246708,0x0000000084300000)
 Metaspace       used 66512K, committed 68096K, reserved 1114112K
  class space    used 7052K, committed 7744K, reserved 1048576K
}
Event: 12.855 GC heap before
{Heap before GC invocations=55 (full 3):
 PSYoungGen      total 18944K, used 18757K [0x00000000d5580000, 0x00000000d6b00000, 0x0000000100000000)
  eden space 15872K, 100% used [0x00000000d5580000,0x00000000d6500000,0x00000000d6500000)
  from space 3072K, 93% used [0x00000000d6680000,0x00000000d6951468,0x00000000d6980000)
  to   space 1536K, 0% used [0x00000000d6980000,0x00000000d6980000,0x00000000d6b00000)
 ParOldGen       total 68608K, used 51481K [0x0000000080000000, 0x0000000084300000, 0x00000000d5580000)
  object space 68608K, 75% used [0x0000000080000000,0x0000000083246708,0x0000000084300000)
 Metaspace       used 66957K, committed 68544K, reserved 1114112K
  class space    used 7085K, committed 7808K, reserved 1048576K
}
Event: 12.860 GC heap after
{Heap after GC invocations=55 (full 3):
 PSYoungGen      total 16384K, used 1509K [0x00000000d5580000, 0x00000000d7000000, 0x0000000100000000)
  eden space 14848K, 0% used [0x00000000d5580000,0x00000000d5580000,0x00000000d6400000)
  from space 1536K, 98% used [0x00000000d6980000,0x00000000d6af9650,0x00000000d6b00000)
  to   space 5632K, 0% used [0x00000000d6400000,0x00000000d6400000,0x00000000d6980000)
 ParOldGen       total 68608K, used 55158K [0x0000000080000000, 0x0000000084300000, 0x00000000d5580000)
  object space 68608K, 80% used [0x0000000080000000,0x00000000835dd850,0x0000000084300000)
 Metaspace       used 66957K, committed 68544K, reserved 1114112K
  class space    used 7085K, committed 7808K, reserved 1048576K
}
Event: 12.963 GC heap before
{Heap before GC invocations=56 (full 3):
 PSYoungGen      total 16384K, used 16357K [0x00000000d5580000, 0x00000000d7000000, 0x0000000100000000)
  eden space 14848K, 100% used [0x00000000d5580000,0x00000000d6400000,0x00000000d6400000)
  from space 1536K, 98% used [0x00000000d6980000,0x00000000d6af9650,0x00000000d6b00000)
  to   space 5632K, 0% used [0x00000000d6400000,0x00000000d6400000,0x00000000d6980000)
 ParOldGen       total 68608K, used 55158K [0x0000000080000000, 0x0000000084300000, 0x00000000d5580000)
  object space 68608K, 80% used [0x0000000080000000,0x00000000835dd850,0x0000000084300000)
 Metaspace       used 67325K, committed 68928K, reserved 1114112K
  class space    used 7107K, committed 7808K, reserved 1048576K
}
Event: 12.967 GC heap after
{Heap after GC invocations=56 (full 3):
 PSYoungGen      total 17408K, used 2392K [0x00000000d5580000, 0x00000000d6b00000, 0x0000000100000000)
  eden space 14848K, 0% used [0x00000000d5580000,0x00000000d5580000,0x00000000d6400000)
  from space 2560K, 93% used [0x00000000d6400000,0x00000000d66562e0,0x00000000d6680000)
  to   space 3584K, 0% used [0x00000000d6780000,0x00000000d6780000,0x00000000d6b00000)
 ParOldGen       total 68608K, used 56297K [0x0000000080000000, 0x0000000084300000, 0x00000000d5580000)
  object space 68608K, 82% used [0x0000000080000000,0x00000000836fa500,0x0000000084300000)
 Metaspace       used 67325K, committed 68928K, reserved 1114112K
  class space    used 7107K, committed 7808K, reserved 1048576K
}
Event: 13.102 GC heap before
{Heap before GC invocations=57 (full 3):
 PSYoungGen      total 17408K, used 17240K [0x00000000d5580000, 0x00000000d6b00000, 0x0000000100000000)
  eden space 14848K, 100% used [0x00000000d5580000,0x00000000d6400000,0x00000000d6400000)
  from space 2560K, 93% used [0x00000000d6400000,0x00000000d66562e0,0x00000000d6680000)
  to   space 3584K, 0% used [0x00000000d6780000,0x00000000d6780000,0x00000000d6b00000)
 ParOldGen       total 68608K, used 56297K [0x0000000080000000, 0x0000000084300000, 0x00000000d5580000)
  object space 68608K, 82% used [0x0000000080000000,0x00000000836fa500,0x0000000084300000)
 Metaspace       used 67729K, committed 69312K, reserved 1114112K
  class space    used 7152K, committed 7872K, reserved 1048576K
}
Event: 13.107 GC heap after
{Heap after GC invocations=57 (full 3):
 PSYoungGen      total 17408K, used 2432K [0x00000000d5580000, 0x00000000d6a00000, 0x0000000100000000)
  eden space 14848K, 0% used [0x00000000d5580000,0x00000000d5580000,0x00000000d6400000)
  from space 2560K, 95% used [0x00000000d6780000,0x00000000d69e0020,0x00000000d6a00000)
  to   space 3072K, 0% used [0x00000000d6400000,0x00000000d6400000,0x00000000d6700000)
 ParOldGen       total 68608K, used 58498K [0x0000000080000000, 0x0000000084300000, 0x00000000d5580000)
  object space 68608K, 85% used [0x0000000080000000,0x0000000083920800,0x0000000084300000)
 Metaspace       used 67729K, committed 69312K, reserved 1114112K
  class space    used 7152K, committed 7872K, reserved 1048576K
}
Event: 13.376 GC heap before
{Heap before GC invocations=58 (full 3):
 PSYoungGen      total 17408K, used 17280K [0x00000000d5580000, 0x00000000d6a00000, 0x0000000100000000)
  eden space 14848K, 100% used [0x00000000d5580000,0x00000000d6400000,0x00000000d6400000)
  from space 2560K, 95% used [0x00000000d6780000,0x00000000d69e0020,0x00000000d6a00000)
  to   space 3072K, 0% used [0x00000000d6400000,0x00000000d6400000,0x00000000d6700000)
 ParOldGen       total 68608K, used 58498K [0x0000000080000000, 0x0000000084300000, 0x00000000d5580000)
  object space 68608K, 85% used [0x0000000080000000,0x0000000083920800,0x0000000084300000)
 Metaspace       used 68150K, committed 69760K, reserved 1114112K
  class space    used 7196K, committed 7936K, reserved 1048576K
}
Event: 13.381 GC heap after
{Heap after GC invocations=58 (full 3):
 PSYoungGen      total 17920K, used 2724K [0x00000000d5580000, 0x00000000d6a00000, 0x0000000100000000)
  eden space 14848K, 0% used [0x00000000d5580000,0x00000000d5580000,0x00000000d6400000)
  from space 3072K, 88% used [0x00000000d6400000,0x00000000d66a93b8,0x00000000d6700000)
  to   space 3072K, 0% used [0x00000000d6700000,0x00000000d6700000,0x00000000d6a00000)
 ParOldGen       total 68608K, used 59708K [0x0000000080000000, 0x0000000084300000, 0x00000000d5580000)
  object space 68608K, 87% used [0x0000000080000000,0x0000000083a4f340,0x0000000084300000)
 Metaspace       used 68150K, committed 69760K, reserved 1114112K
  class space    used 7196K, committed 7936K, reserved 1048576K
}
Event: 13.565 GC heap before
{Heap before GC invocations=59 (full 3):
 PSYoungGen      total 17920K, used 17572K [0x00000000d5580000, 0x00000000d6a00000, 0x0000000100000000)
  eden space 14848K, 100% used [0x00000000d5580000,0x00000000d6400000,0x00000000d6400000)
  from space 3072K, 88% used [0x00000000d6400000,0x00000000d66a93b8,0x00000000d6700000)
  to   space 3072K, 0% used [0x00000000d6700000,0x00000000d6700000,0x00000000d6a00000)
 ParOldGen       total 68608K, used 59708K [0x0000000080000000, 0x0000000084300000, 0x00000000d5580000)
  object space 68608K, 87% used [0x0000000080000000,0x0000000083a4f340,0x0000000084300000)
 Metaspace       used 68255K, committed 69888K, reserved 1114112K
  class space    used 7199K, committed 7936K, reserved 1048576K
}
Event: 13.569 GC heap after
{Heap after GC invocations=59 (full 3):
 PSYoungGen      total 17920K, used 2608K [0x00000000d5580000, 0x00000000d6a00000, 0x0000000100000000)
  eden space 14848K, 0% used [0x00000000d5580000,0x00000000d5580000,0x00000000d6400000)
  from space 3072K, 84% used [0x00000000d6700000,0x00000000d698c030,0x00000000d6a00000)
  to   space 3072K, 0% used [0x00000000d6400000,0x00000000d6400000,0x00000000d6700000)
 ParOldGen       total 68608K, used 60273K [0x0000000080000000, 0x0000000084300000, 0x00000000d5580000)
  object space 68608K, 87% used [0x0000000080000000,0x0000000083adc450,0x0000000084300000)
 Metaspace       used 68255K, committed 69888K, reserved 1114112K
  class space    used 7199K, committed 7936K, reserved 1048576K
}
Event: 13.851 GC heap before
{Heap before GC invocations=60 (full 3):
 PSYoungGen      total 17920K, used 17456K [0x00000000d5580000, 0x00000000d6a00000, 0x0000000100000000)
  eden space 14848K, 100% used [0x00000000d5580000,0x00000000d6400000,0x00000000d6400000)
  from space 3072K, 84% used [0x00000000d6700000,0x00000000d698c030,0x00000000d6a00000)
  to   space 3072K, 0% used [0x00000000d6400000,0x00000000d6400000,0x00000000d6700000)
 ParOldGen       total 68608K, used 60273K [0x0000000080000000, 0x0000000084300000, 0x00000000d5580000)
  object space 68608K, 87% used [0x0000000080000000,0x0000000083adc450,0x0000000084300000)
 Metaspace       used 69175K, committed 70720K, reserved 1114112K
  class space    used 7288K, committed 8000K, reserved 1048576K
}
Event: 13.855 GC heap after
{Heap after GC invocations=60 (full 3):
 PSYoungGen      total 16384K, used 1409K [0x00000000d5580000, 0x00000000d6800000, 0x0000000100000000)
  eden space 14848K, 0% used [0x00000000d5580000,0x00000000d5580000,0x00000000d6400000)
  from space 1536K, 91% used [0x00000000d6400000,0x00000000d65606b8,0x00000000d6580000)
  to   space 2048K, 0% used [0x00000000d6600000,0x00000000d6600000,0x00000000d6800000)
 ParOldGen       total 68608K, used 61964K [0x0000000080000000, 0x0000000084300000, 0x00000000d5580000)
  object space 68608K, 90% used [0x0000000080000000,0x0000000083c83200,0x0000000084300000)
 Metaspace       used 69175K, committed 70720K, reserved 1114112K
  class space    used 7288K, committed 8000K, reserved 1048576K
}
Event: 21.442 GC heap before
{Heap before GC invocations=61 (full 3):
 PSYoungGen      total 16384K, used 16257K [0x00000000d5580000, 0x00000000d6800000, 0x0000000100000000)
  eden space 14848K, 100% used [0x00000000d5580000,0x00000000d6400000,0x00000000d6400000)
  from space 1536K, 91% used [0x00000000d6400000,0x00000000d65606b8,0x00000000d6580000)
  to   space 2048K, 0% used [0x00000000d6600000,0x00000000d6600000,0x00000000d6800000)
 ParOldGen       total 68608K, used 61964K [0x0000000080000000, 0x0000000084300000, 0x00000000d5580000)
  object space 68608K, 90% used [0x0000000080000000,0x0000000083c83200,0x0000000084300000)
 Metaspace       used 69563K, committed 71232K, reserved 1114112K
  class space    used 7306K, committed 8000K, reserved 1048576K
}
Event: 21.444 GC heap after
{Heap after GC invocations=61 (full 3):
 PSYoungGen      total 15872K, used 672K [0x00000000d5580000, 0x00000000d6700000, 0x0000000100000000)
  eden space 14848K, 0% used [0x00000000d5580000,0x00000000d5580000,0x00000000d6400000)
  from space 1024K, 65% used [0x00000000d6600000,0x00000000d66a8000,0x00000000d6700000)
  to   space 1024K, 0% used [0x00000000d6500000,0x00000000d6500000,0x00000000d6600000)
 ParOldGen       total 68608K, used 62388K [0x0000000080000000, 0x0000000084300000, 0x00000000d5580000)
  object space 68608K, 90% used [0x0000000080000000,0x0000000083ced200,0x0000000084300000)
 Metaspace       used 69563K, committed 71232K, reserved 1114112K
  class space    used 7306K, committed 8000K, reserved 1048576K
}
Event: 21.620 GC heap before
{Heap before GC invocations=62 (full 3):
 PSYoungGen      total 15872K, used 15520K [0x00000000d5580000, 0x00000000d6700000, 0x0000000100000000)
  eden space 14848K, 100% used [0x00000000d5580000,0x00000000d6400000,0x00000000d6400000)
  from space 1024K, 65% used [0x00000000d6600000,0x00000000d66a8000,0x00000000d6700000)
  to   space 1024K, 0% used [0x00000000d6500000,0x00000000d6500000,0x00000000d6600000)
 ParOldGen       total 68608K, used 62388K [0x0000000080000000, 0x0000000084300000, 0x00000000d5580000)
  object space 68608K, 90% used [0x0000000080000000,0x0000000083ced200,0x0000000084300000)
 Metaspace       used 70030K, committed 71680K, reserved 1114112K
  class space    used 7363K, committed 8064K, reserved 1048576K
}
Event: 21.623 GC heap after
{Heap after GC invocations=62 (full 3):
 PSYoungGen      total 15872K, used 1020K [0x00000000d5580000, 0x00000000d6a00000, 0x0000000100000000)
  eden space 14848K, 0% used [0x00000000d5580000,0x00000000d5580000,0x00000000d6400000)
  from space 1024K, 99% used [0x00000000d6500000,0x00000000d65ff360,0x00000000d6600000)
  to   space 3072K, 0% used [0x00000000d6700000,0x00000000d6700000,0x00000000d6a00000)
 ParOldGen       total 68608K, used 63917K [0x0000000080000000, 0x0000000084300000, 0x00000000d5580000)
  object space 68608K, 93% used [0x0000000080000000,0x0000000083e6b580,0x0000000084300000)
 Metaspace       used 70030K, committed 71680K, reserved 1114112K
  class space    used 7363K, committed 8064K, reserved 1048576K
}
Event: 21.779 GC heap before
{Heap before GC invocations=63 (full 3):
 PSYoungGen      total 15872K, used 15868K [0x00000000d5580000, 0x00000000d6a00000, 0x0000000100000000)
  eden space 14848K, 100% used [0x00000000d5580000,0x00000000d6400000,0x00000000d6400000)
  from space 1024K, 99% used [0x00000000d6500000,0x00000000d65ff360,0x00000000d6600000)
  to   space 3072K, 0% used [0x00000000d6700000,0x00000000d6700000,0x00000000d6a00000)
 ParOldGen       total 68608K, used 63917K [0x0000000080000000, 0x0000000084300000, 0x00000000d5580000)
  object space 68608K, 93% used [0x0000000080000000,0x0000000083e6b580,0x0000000084300000)
 Metaspace       used 70508K, committed 72128K, reserved 1114112K
  class space    used 7410K, committed 8128K, reserved 1048576K
}
Event: 21.786 GC heap after
{Heap after GC invocations=63 (full 3):
 PSYoungGen      total 14848K, used 3070K [0x00000000d5580000, 0x00000000d7000000, 0x0000000100000000)
  eden space 11776K, 0% used [0x00000000d5580000,0x00000000d5580000,0x00000000d6100000)
  from space 3072K, 99% used [0x00000000d6700000,0x00000000d69ffab8,0x00000000d6a00000)
  to   space 6144K, 0% used [0x00000000d6100000,0x00000000d6100000,0x00000000d6700000)
 ParOldGen       total 68608K, used 66263K [0x0000000080000000, 0x0000000084300000, 0x00000000d5580000)
  object space 68608K, 96% used [0x0000000080000000,0x00000000840b5fc0,0x0000000084300000)
 Metaspace       used 70508K, committed 72128K, reserved 1114112K
  class space    used 7410K, committed 8128K, reserved 1048576K
}

Dll operation events (10 events):
Event: 0.022 Loaded shared library c:\Users\josuesitoe\.vscode\extensions\redhat.java-1.46.0-win32-x64\jre\21.0.8-win32-x86_64\bin\java.dll
Event: 0.153 Loaded shared library c:\Users\josuesitoe\.vscode\extensions\redhat.java-1.46.0-win32-x64\jre\21.0.8-win32-x86_64\bin\zip.dll
Event: 0.202 Loaded shared library C:\Users\josuesitoe\.vscode\extensions\redhat.java-1.46.0-win32-x64\jre\21.0.8-win32-x86_64\bin\instrument.dll
Event: 0.217 Loaded shared library C:\Users\josuesitoe\.vscode\extensions\redhat.java-1.46.0-win32-x64\jre\21.0.8-win32-x86_64\bin\net.dll
Event: 0.232 Loaded shared library C:\Users\josuesitoe\.vscode\extensions\redhat.java-1.46.0-win32-x64\jre\21.0.8-win32-x86_64\bin\nio.dll
Event: 0.243 Loaded shared library C:\Users\josuesitoe\.vscode\extensions\redhat.java-1.46.0-win32-x64\jre\21.0.8-win32-x86_64\bin\zip.dll
Event: 0.305 Loaded shared library C:\Users\josuesitoe\.vscode\extensions\redhat.java-1.46.0-win32-x64\jre\21.0.8-win32-x86_64\bin\jimage.dll
Event: 0.428 Loaded shared library c:\Users\josuesitoe\.vscode\extensions\redhat.java-1.46.0-win32-x64\jre\21.0.8-win32-x86_64\bin\verify.dll
Event: 1.794 Loaded shared library C:\Users\josuesitoe\AppData\Roaming\Code\User\globalStorage\redhat.java\1.46.0\config_win\org.eclipse.equinox.launcher\org.eclipse.equinox.launcher.win32.win32.x86_64_1.2.1400.v20250801-0854\eclipse_11916.dll
Event: 3.691 Loaded shared library C:\Users\josuesitoe\AppData\Local\Temp\jna--95111402\jna13688988901178102545.dll

Deoptimization events (20 events):
Event: 21.611 Thread 0x0000026322d06050 Uncommon trap: trap_request=0xffffff45 fr.pc=0x00000262c7ee0cc0 relative=0x0000000000002480
Event: 21.611 Thread 0x0000026322d06050 Uncommon trap: reason=unstable_if action=reinterpret pc=0x00000262c7ee0cc0 method=org.eclipse.jdt.internal.compiler.lookup.LookupEnvironment.getTypeFromCompoundName([[CZZ)Lorg/eclipse/jdt/internal/compiler/lookup/ReferenceBinding; @ 42 c2
Event: 21.611 Thread 0x0000026322d06050 DEOPT PACKING pc=0x00000262c7ee0cc0 sp=0x0000009104efd4e0
Event: 21.611 Thread 0x0000026322d06050 DEOPT UNPACKING pc=0x00000262c73c3aa2 sp=0x0000009104efd2c0 mode 2
Event: 21.647 Thread 0x0000026322d06050 DEOPT PACKING pc=0x00000262c0196ffb sp=0x0000009104efc780
Event: 21.648 Thread 0x0000026322d06050 DEOPT UNPACKING pc=0x00000262c73c4242 sp=0x0000009104efbcb8 mode 0
Event: 21.663 Thread 0x0000026322d06050 DEOPT PACKING pc=0x00000262c0869209 sp=0x0000009104ef8690
Event: 21.663 Thread 0x0000026322d06050 DEOPT UNPACKING pc=0x00000262c73c4242 sp=0x0000009104ef7c38 mode 0
Event: 21.721 Thread 0x0000026322d06050 Uncommon trap: trap_request=0xffffff45 fr.pc=0x00000262c7fba964 relative=0x0000000000000564
Event: 21.721 Thread 0x0000026322d06050 Uncommon trap: reason=unstable_if action=reinterpret pc=0x00000262c7fba964 method=java.util.regex.Pattern.newSlice([IIZ)Ljava/util/regex/Pattern$Node; @ 19 c2
Event: 21.721 Thread 0x0000026322d06050 DEOPT PACKING pc=0x00000262c7fba964 sp=0x0000009104efd6a0
Event: 21.721 Thread 0x0000026322d06050 DEOPT UNPACKING pc=0x00000262c73c3aa2 sp=0x0000009104efd630 mode 2
Event: 21.739 Thread 0x0000026322d06050 DEOPT PACKING pc=0x00000262c126198b sp=0x0000009104efdae0
Event: 21.739 Thread 0x0000026322d06050 DEOPT UNPACKING pc=0x00000262c73c4242 sp=0x0000009104efcfc8 mode 0
Event: 21.744 Thread 0x0000026322d06050 DEOPT PACKING pc=0x00000262c13daa42 sp=0x0000009104efdeb0
Event: 21.744 Thread 0x0000026322d06050 DEOPT UNPACKING pc=0x00000262c73c4242 sp=0x0000009104efd2d0 mode 0
Event: 21.766 Thread 0x000002631e5a3e70 DEOPT PACKING pc=0x00000262c123806d sp=0x0000009101afe940
Event: 21.766 Thread 0x000002631e5a3e70 DEOPT UNPACKING pc=0x00000262c73c4242 sp=0x0000009101afdee0 mode 0
Event: 21.776 Thread 0x000002631e5a5220 DEOPT PACKING pc=0x00000262c123806d sp=0x00000091018fed50
Event: 21.776 Thread 0x000002631e5a5220 DEOPT UNPACKING pc=0x00000262c73c4242 sp=0x00000091018fe2f0 mode 0

Classes loaded (20 events):
Event: 10.105 Loading class java/util/concurrent/CompletableFuture$UniExceptionally
Event: 10.106 Loading class java/util/concurrent/CompletableFuture$UniExceptionally done
Event: 10.159 Loading class java/util/Collections$SynchronizedRandomAccessList
Event: 10.159 Loading class java/util/Collections$SynchronizedList
Event: 10.159 Loading class java/util/Collections$SynchronizedList done
Event: 10.159 Loading class java/util/Collections$SynchronizedRandomAccessList done
Event: 10.192 Loading class java/util/concurrent/CompletableFuture$Signaller
Event: 10.193 Loading class java/util/concurrent/CompletableFuture$Signaller done
Event: 10.355 Loading class java/nio/charset/CharacterCodingException
Event: 10.355 Loading class java/nio/charset/CharacterCodingException done
Event: 10.355 Loading class java/io/SequenceInputStream
Event: 10.355 Loading class java/io/SequenceInputStream done
Event: 10.656 Loading class java/util/Hashtable$KeySet
Event: 10.656 Loading class java/util/Hashtable$KeySet done
Event: 11.840 Loading class java/lang/UnsupportedClassVersionError
Event: 11.841 Loading class java/lang/UnsupportedClassVersionError done
Event: 11.964 Loading class java/lang/invoke/MethodHandleImpl$CountingWrapper$1
Event: 11.966 Loading class java/lang/invoke/MethodHandleImpl$CountingWrapper$1 done
Event: 12.986 Loading class jdk/internal/ref/CleanerImpl$InnocuousThreadFactory
Event: 12.987 Loading class jdk/internal/ref/CleanerImpl$InnocuousThreadFactory done

Classes unloaded (11 events):
Event: 4.432 Thread 0x00000262bccc48e0 Unloading class 0x00000262d51a9800 'java/lang/invoke/LambdaForm$MH+0x00000262d51a9800'
Event: 4.432 Thread 0x00000262bccc48e0 Unloading class 0x00000262d51a9400 'java/lang/invoke/LambdaForm$MH+0x00000262d51a9400'
Event: 4.432 Thread 0x00000262bccc48e0 Unloading class 0x00000262d51a9000 'java/lang/invoke/LambdaForm$MH+0x00000262d51a9000'
Event: 4.432 Thread 0x00000262bccc48e0 Unloading class 0x00000262d51a8c00 'java/lang/invoke/LambdaForm$MH+0x00000262d51a8c00'
Event: 4.432 Thread 0x00000262bccc48e0 Unloading class 0x00000262d51a8800 'java/lang/invoke/LambdaForm$BMH+0x00000262d51a8800'
Event: 4.432 Thread 0x00000262bccc48e0 Unloading class 0x00000262d51a8400 'java/lang/invoke/LambdaForm$DMH+0x00000262d51a8400'
Event: 4.432 Thread 0x00000262bccc48e0 Unloading class 0x00000262d51a3000 'java/lang/invoke/LambdaForm$DMH+0x00000262d51a3000'
Event: 9.299 Thread 0x00000262bccc48e0 Unloading class 0x00000262d56b1400 'java/lang/invoke/LambdaForm$DMH+0x00000262d56b1400'
Event: 9.299 Thread 0x00000262bccc48e0 Unloading class 0x00000262d56b1000 'java/lang/invoke/LambdaForm$DMH+0x00000262d56b1000'
Event: 9.299 Thread 0x00000262bccc48e0 Unloading class 0x00000262d56b0400 'java/lang/invoke/LambdaForm$DMH+0x00000262d56b0400'
Event: 9.299 Thread 0x00000262bccc48e0 Unloading class 0x00000262d56b0800 'java/lang/invoke/LambdaForm$DMH+0x00000262d56b0800'

Classes redefined (0 events):
No events

Internal exceptions (20 events):
Event: 10.701 Thread 0x000002631c83fb90 Exception <a 'sun/nio/fs/WindowsException'{0x00000000d643d6f8}> (0x00000000d643d6f8) 
thrown [s\src\hotspot\share\prims\jni.cpp, line 520]
Event: 10.709 Thread 0x000002631c83fb90 Exception <a 'java/io/FileNotFoundException'{0x00000000d64b8530}> (0x00000000d64b8530) 
thrown [s\src\hotspot\share\prims\jni.cpp, line 520]
Event: 10.710 Thread 0x000002631c83fb90 Exception <a 'java/io/FileNotFoundException'{0x00000000d64b92d0}> (0x00000000d64b92d0) 
thrown [s\src\hotspot\share\prims\jni.cpp, line 520]
Event: 10.728 Thread 0x000002631c83fb90 Exception <a 'sun/nio/fs/WindowsException'{0x00000000d56d1e30}> (0x00000000d56d1e30) 
thrown [s\src\hotspot\share\prims\jni.cpp, line 520]
Event: 10.728 Thread 0x000002631c83fb90 Exception <a 'sun/nio/fs/WindowsException'{0x00000000d56d26c0}> (0x00000000d56d26c0) 
thrown [s\src\hotspot\share\prims\jni.cpp, line 520]
Event: 11.753 Thread 0x000002631c83e7e0 Exception <a 'java/lang/NoSuchMethodError'{0x00000000d5b69f50}: 'java.lang.Object java.lang.invoke.DirectMethodHandle$Holder.invokeSpecial(java.lang.Object, java.lang.Object, int, long)'> (0x00000000d5b69f50) 
thrown [s\src\hotspot\share\interpreter\linkResolver.cpp, line 773]
Event: 11.762 Thread 0x000002631c83fb90 Exception <a 'sun/nio/fs/WindowsException'{0x00000000d5cf2c50}> (0x00000000d5cf2c50) 
thrown [s\src\hotspot\share\prims\jni.cpp, line 520]
Event: 11.763 Thread 0x000002631c83fb90 Exception <a 'sun/nio/fs/WindowsException'{0x00000000d5cf34e0}> (0x00000000d5cf34e0) 
thrown [s\src\hotspot\share\prims\jni.cpp, line 520]
Event: 11.822 Thread 0x000002631e59fcd0 Exception <a 'java/lang/IncompatibleClassChangeError'{0x00000000d5695dd8}: Found class java.lang.Object, but interface was expected> (0x00000000d5695dd8) 
thrown [s\src\hotspot\share\interpreter\linkResolver.cpp, line 840]
Event: 11.858 Thread 0x000002631e5c8f10 Exception <a 'java/lang/IncompatibleClassChangeError'{0x00000000d588c740}: Found class java.lang.Object, but interface was expected> (0x00000000d588c740) 
thrown [s\src\hotspot\share\interpreter\linkResolver.cpp, line 840]
Event: 11.871 Thread 0x000002631e5a2ac0 Exception <a 'java/lang/NoSuchMethodError'{0x00000000d5c6fe90}: 'int java.lang.invoke.Invokers$Holder.invokeExact_MT(java.lang.Object, java.lang.Object)'> (0x00000000d5c6fe90) 
thrown [s\src\hotspot\share\interpreter\linkResolver.cpp, line 773]
Event: 12.047 Thread 0x000002631e5a4500 Exception <a 'sun/nio/fs/WindowsException'{0x00000000d62ccc30}> (0x00000000d62ccc30) 
thrown [s\src\hotspot\share\prims\jni.cpp, line 520]
Event: 12.047 Thread 0x000002631e5a4500 Exception <a 'sun/nio/fs/WindowsException'{0x00000000d63b9f78}> (0x00000000d63b9f78) 
thrown [s\src\hotspot\share\prims\jni.cpp, line 520]
Event: 12.048 Thread 0x000002631e5a4500 Exception <a 'sun/nio/fs/WindowsException'{0x00000000d63bb450}> (0x00000000d63bb450) 
thrown [s\src\hotspot\share\prims\jni.cpp, line 520]
Event: 12.048 Thread 0x000002631e5a4500 Exception <a 'sun/nio/fs/WindowsException'{0x00000000d64750f8}> (0x00000000d64750f8) 
thrown [s\src\hotspot\share\prims\jni.cpp, line 520]
Event: 12.049 Thread 0x000002631e5a4500 Exception <a 'sun/nio/fs/WindowsException'{0x00000000d64bea50}> (0x00000000d64bea50) 
thrown [s\src\hotspot\share\prims\jni.cpp, line 520]
Event: 12.049 Thread 0x000002631e5a4500 Exception <a 'sun/nio/fs/WindowsException'{0x00000000d64bf4a8}> (0x00000000d64bf4a8) 
thrown [s\src\hotspot\share\prims\jni.cpp, line 520]
Event: 12.059 Thread 0x000002631e5a4500 Exception <a 'sun/nio/fs/WindowsException'{0x00000000d59f7698}> (0x00000000d59f7698) 
thrown [s\src\hotspot\share\prims\jni.cpp, line 520]
Event: 12.060 Thread 0x000002631e5a4500 Exception <a 'sun/nio/fs/WindowsException'{0x00000000d5ad60e0}> (0x00000000d5ad60e0) 
thrown [s\src\hotspot\share\prims\jni.cpp, line 520]
Event: 13.352 Thread 0x000002631e5a3150 Exception <a 'java/lang/NoSuchMethodError'{0x00000000d6304d10}: 'void java.lang.invoke.DirectMethodHandle$Holder.invokeVirtual(java.lang.Object, java.lang.Object, java.lang.Object, java.lang.Object, java.lang.Object)'> (0x00000000d6304d10) 
thrown [s\src\hotspot\share\interpreter\linkResolver.cpp, line 773]

ZGC Phase Switch (0 events):
No events

VM Operations (20 events):
Event: 13.564 Executing VM operation: ParallelGCFailedAllocation (Allocation Failure)
Event: 13.569 Executing VM operation: ParallelGCFailedAllocation (Allocation Failure) done
Event: 13.851 Executing VM operation: ParallelGCFailedAllocation (Allocation Failure)
Event: 13.855 Executing VM operation: ParallelGCFailedAllocation (Allocation Failure) done
Event: 14.856 Executing VM operation: Cleanup
Event: 14.856 Executing VM operation: Cleanup done
Event: 16.856 Executing VM operation: Cleanup
Event: 16.856 Executing VM operation: Cleanup done
Event: 19.361 Executing VM operation: ICBufferFull
Event: 19.361 Executing VM operation: ICBufferFull done
Event: 21.361 Executing VM operation: Cleanup
Event: 21.362 Executing VM operation: Cleanup done
Event: 21.442 Executing VM operation: ParallelGCFailedAllocation (Allocation Failure)
Event: 21.444 Executing VM operation: ParallelGCFailedAllocation (Allocation Failure) done
Event: 21.583 Executing VM operation: HandshakeAllThreads (Deoptimize)
Event: 21.584 Executing VM operation: HandshakeAllThreads (Deoptimize) done
Event: 21.620 Executing VM operation: ParallelGCFailedAllocation (Allocation Failure)
Event: 21.623 Executing VM operation: ParallelGCFailedAllocation (Allocation Failure) done
Event: 21.779 Executing VM operation: ParallelGCFailedAllocation (Allocation Failure)
Event: 21.786 Executing VM operation: ParallelGCFailedAllocation (Allocation Failure) done

Memory protections (0 events):
No events

Nmethod flushes (20 events):
Event: 9.320 Thread 0x00000262bccc48e0 flushing  nmethod 0x00000262c082c890
Event: 9.320 Thread 0x00000262bccc48e0 flushing  nmethod 0x00000262c0830990
Event: 9.320 Thread 0x00000262bccc48e0 flushing  nmethod 0x00000262c0832110
Event: 9.320 Thread 0x00000262bccc48e0 flushing  nmethod 0x00000262c0850b10
Event: 9.320 Thread 0x00000262bccc48e0 flushing osr nmethod 0x00000262c089bb10
Event: 9.320 Thread 0x00000262bccc48e0 flushing  nmethod 0x00000262c08bd810
Event: 9.320 Thread 0x00000262bccc48e0 flushing  nmethod 0x00000262c08bdd90
Event: 9.320 Thread 0x00000262bccc48e0 flushing  nmethod 0x00000262c08c3210
Event: 9.320 Thread 0x00000262bccc48e0 flushing  nmethod 0x00000262c08ce990
Event: 9.320 Thread 0x00000262bccc48e0 flushing  nmethod 0x00000262c08d8990
Event: 9.320 Thread 0x00000262bccc48e0 flushing osr nmethod 0x00000262c08e1510
Event: 9.320 Thread 0x00000262bccc48e0 flushing  nmethod 0x00000262c0908210
Event: 9.320 Thread 0x00000262bccc48e0 flushing  nmethod 0x00000262c091be10
Event: 9.320 Thread 0x00000262bccc48e0 flushing  nmethod 0x00000262c091c910
Event: 9.320 Thread 0x00000262bccc48e0 flushing  nmethod 0x00000262c091e010
Event: 9.320 Thread 0x00000262bccc48e0 flushing  nmethod 0x00000262c091f190
Event: 9.320 Thread 0x00000262bccc48e0 flushing  nmethod 0x00000262c091f790
Event: 9.320 Thread 0x00000262bccc48e0 flushing  nmethod 0x00000262c0925690
Event: 9.320 Thread 0x00000262bccc48e0 flushing  nmethod 0x00000262c0981710
Event: 9.320 Thread 0x00000262bccc48e0 flushing  nmethod 0x00000262c099fc90

Events (20 events):
Event: 9.598 Thread 0x000002631c8408b0 Thread added: 0x00000263238b2340
Event: 9.640 Thread 0x00000263238b2340 Thread exited: 0x00000263238b2340
Event: 9.641 Thread 0x00000263238b4410 Thread exited: 0x00000263238b4410
Event: 9.641 Thread 0x00000263238b1cb0 Thread exited: 0x00000263238b1cb0
Event: 9.641 Thread 0x00000263238b1620 Thread exited: 0x00000263238b1620
Event: 9.641 Thread 0x00000263238b29d0 Thread exited: 0x00000263238b29d0
Event: 11.733 Thread 0x0000026315c2d450 Thread exited: 0x0000026315c2d450
Event: 11.734 Thread 0x0000026315dee230 Thread exited: 0x0000026315dee230
Event: 12.110 Thread 0x0000026315b31a00 Thread added: 0x000002631c473df0
Event: 12.298 Thread 0x000002631e5a37e0 Thread added: 0x00000263238b3060
Event: 12.298 Thread 0x000002631e5a0360 Thread added: 0x00000263238b4aa0
Event: 12.299 Thread 0x000002631e5a3e70 Thread added: 0x0000026322d04ca0
Event: 12.341 Thread 0x00000263238b4aa0 Thread added: 0x0000026322d06050
Event: 12.988 Thread 0x000002631e5a3150 Thread added: 0x0000026322d094d0
Event: 16.744 Thread 0x0000026315c52840 Thread exited: 0x0000026315c52840
Event: 20.840 Thread 0x0000026315b2eb00 Thread added: 0x0000026323b33610
Event: 21.423 Thread 0x0000026323b33610 Thread exited: 0x0000026323b33610
Event: 21.423 Thread 0x000002631c473df0 Thread exited: 0x000002631c473df0
Event: 21.423 Thread 0x0000026315c2cdb0 Thread exited: 0x0000026315c2cdb0
Event: 21.432 Thread 0x0000026315b31a00 Thread added: 0x0000026315c2cdb0


Dynamic libraries:
0x00007ff6c4070000 - 0x00007ff6c407e000 	c:\Users\josuesitoe\.vscode\extensions\redhat.java-1.46.0-win32-x64\jre\21.0.8-win32-x86_64\bin\java.exe
0x00007ffd91fa0000 - 0x00007ffd92208000 	C:\WINDOWS\SYSTEM32\ntdll.dll
0x00007ffd91220000 - 0x00007ffd912e9000 	C:\WINDOWS\System32\KERNEL32.DLL
0x00007ffd8f280000 - 0x00007ffd8f672000 	C:\WINDOWS\System32\KERNELBASE.dll
0x00007ffd8f7b0000 - 0x00007ffd8f8fb000 	C:\WINDOWS\System32\ucrtbase.dll
0x00007ffd6c2b0000 - 0x00007ffd6c2c8000 	c:\Users\josuesitoe\.vscode\extensions\redhat.java-1.46.0-win32-x64\jre\21.0.8-win32-x86_64\bin\jli.dll
0x00007ffd91680000 - 0x00007ffd91845000 	C:\WINDOWS\System32\USER32.dll
0x00007ffd8fbd0000 - 0x00007ffd8fbf7000 	C:\WINDOWS\System32\win32u.dll
0x00007ffd6e1f0000 - 0x00007ffd6e20e000 	c:\Users\josuesitoe\.vscode\extensions\redhat.java-1.46.0-win32-x64\jre\21.0.8-win32-x86_64\bin\VCRUNTIME140.dll
0x00007ffd90410000 - 0x00007ffd9043b000 	C:\WINDOWS\System32\GDI32.dll
0x00007ffd8e540000 - 0x00007ffd8e7d3000 	C:\WINDOWS\WinSxS\amd64_microsoft.windows.common-controls_6595b64144ccf1df_6.0.26100.6899_none_3e0efeeae32e88c1\COMCTL32.dll
0x00007ffd8f680000 - 0x00007ffd8f7ad000 	C:\WINDOWS\System32\gdi32full.dll
0x00007ffd90230000 - 0x00007ffd902d9000 	C:\WINDOWS\System32\msvcrt.dll
0x00007ffd8fa80000 - 0x00007ffd8fb23000 	C:\WINDOWS\System32\msvcp_win.dll
0x00007ffd91540000 - 0x00007ffd9156f000 	C:\WINDOWS\System32\IMM32.DLL
0x00007ffd718e0000 - 0x00007ffd718ec000 	c:\Users\josuesitoe\.vscode\extensions\redhat.java-1.46.0-win32-x64\jre\21.0.8-win32-x86_64\bin\vcruntime140_1.dll
0x00007ffd5c990000 - 0x00007ffd5ca1d000 	c:\Users\josuesitoe\.vscode\extensions\redhat.java-1.46.0-win32-x64\jre\21.0.8-win32-x86_64\bin\msvcp140.dll
0x00007ffccac80000 - 0x00007ffccba17000 	c:\Users\josuesitoe\.vscode\extensions\redhat.java-1.46.0-win32-x64\jre\21.0.8-win32-x86_64\bin\server\jvm.dll
0x00007ffd91e70000 - 0x00007ffd91f24000 	C:\WINDOWS\System32\ADVAPI32.dll
0x00007ffd91490000 - 0x00007ffd91536000 	C:\WINDOWS\System32\sechost.dll
0x00007ffd90990000 - 0x00007ffd90aa8000 	C:\WINDOWS\System32\RPCRT4.dll
0x00007ffd900f0000 - 0x00007ffd90164000 	C:\WINDOWS\System32\WS2_32.dll
0x00007ffd8ef90000 - 0x00007ffd8efee000 	C:\WINDOWS\SYSTEM32\POWRPROF.dll
0x00007ffd86350000 - 0x00007ffd86385000 	C:\WINDOWS\SYSTEM32\WINMM.dll
0x00007ffd86390000 - 0x00007ffd8639b000 	C:\WINDOWS\SYSTEM32\VERSION.dll
0x00007ffd8ef70000 - 0x00007ffd8ef84000 	C:\WINDOWS\SYSTEM32\UMPDC.dll
0x00007ffd8d590000 - 0x00007ffd8d5ab000 	C:\WINDOWS\SYSTEM32\kernel.appcore.dll
0x00007ffd70b20000 - 0x00007ffd70b2a000 	c:\Users\josuesitoe\.vscode\extensions\redhat.java-1.46.0-win32-x64\jre\21.0.8-win32-x86_64\bin\jimage.dll
0x00007ffd8e910000 - 0x00007ffd8eb52000 	C:\WINDOWS\SYSTEM32\DBGHELP.DLL
0x00007ffd8fd70000 - 0x00007ffd900eb000 	C:\WINDOWS\System32\combase.dll
0x00007ffd90330000 - 0x00007ffd90407000 	C:\WINDOWS\System32\OLEAUT32.dll
0x00007ffd8e7e0000 - 0x00007ffd8e81c000 	C:\WINDOWS\SYSTEM32\dbgcore.DLL
0x00007ffd8fb30000 - 0x00007ffd8fbc8000 	C:\WINDOWS\System32\bcryptPrimitives.dll
0x00007ffd89040000 - 0x00007ffd8904f000 	c:\Users\josuesitoe\.vscode\extensions\redhat.java-1.46.0-win32-x64\jre\21.0.8-win32-x86_64\bin\instrument.dll
0x00007ffd6c290000 - 0x00007ffd6c2af000 	c:\Users\josuesitoe\.vscode\extensions\redhat.java-1.46.0-win32-x64\jre\21.0.8-win32-x86_64\bin\java.dll
0x00007ffd90ab0000 - 0x00007ffd911fd000 	C:\WINDOWS\System32\SHELL32.dll
0x00007ffd8fc00000 - 0x00007ffd8fd6b000 	C:\WINDOWS\System32\wintypes.dll
0x00007ffd8c260000 - 0x00007ffd8cabd000 	C:\WINDOWS\SYSTEM32\windows.storage.dll
0x00007ffd90880000 - 0x00007ffd90972000 	C:\WINDOWS\System32\SHCORE.dll
0x00007ffd90810000 - 0x00007ffd90872000 	C:\WINDOWS\System32\shlwapi.dll
0x00007ffd8f050000 - 0x00007ffd8f079000 	C:\WINDOWS\SYSTEM32\profapi.dll
0x00007ffd6c170000 - 0x00007ffd6c188000 	c:\Users\josuesitoe\.vscode\extensions\redhat.java-1.46.0-win32-x64\jre\21.0.8-win32-x86_64\bin\zip.dll
0x00007ffd800a0000 - 0x00007ffd800b0000 	C:\Users\josuesitoe\.vscode\extensions\redhat.java-1.46.0-win32-x64\jre\21.0.8-win32-x86_64\bin\net.dll
0x00007ffd86560000 - 0x00007ffd8667f000 	C:\WINDOWS\SYSTEM32\WINHTTP.dll
0x00007ffd8daa0000 - 0x00007ffd8db0b000 	C:\WINDOWS\system32\mswsock.dll
0x00007ffd6bef0000 - 0x00007ffd6bf06000 	C:\Users\josuesitoe\.vscode\extensions\redhat.java-1.46.0-win32-x64\jre\21.0.8-win32-x86_64\bin\nio.dll
0x00007ffd6ecb0000 - 0x00007ffd6ecc0000 	c:\Users\josuesitoe\.vscode\extensions\redhat.java-1.46.0-win32-x64\jre\21.0.8-win32-x86_64\bin\verify.dll
0x00007ffd36420000 - 0x00007ffd36464000 	C:\Users\josuesitoe\AppData\Roaming\Code\User\globalStorage\redhat.java\1.46.0\config_win\org.eclipse.equinox.launcher\org.eclipse.equinox.launcher.win32.win32.x86_64_1.2.1400.v20250801-0854\eclipse_11916.dll
0x00007ffd912f0000 - 0x00007ffd91488000 	C:\WINDOWS\System32\ole32.dll
0x00007ffd8ec60000 - 0x00007ffd8ec7b000 	C:\WINDOWS\SYSTEM32\CRYPTSP.dll
0x00007ffd8df40000 - 0x00007ffd8df7b000 	C:\WINDOWS\system32\rsaenh.dll
0x00007ffd8db10000 - 0x00007ffd8db3b000 	C:\WINDOWS\SYSTEM32\USERENV.dll
0x00007ffd8f020000 - 0x00007ffd8f046000 	C:\WINDOWS\SYSTEM32\bcrypt.dll
0x00007ffd8df30000 - 0x00007ffd8df3c000 	C:\WINDOWS\SYSTEM32\CRYPTBASE.dll
0x00007ffd8cdc0000 - 0x00007ffd8cdf4000 	C:\WINDOWS\SYSTEM32\IPHLPAPI.DLL
0x00007ffd91d40000 - 0x00007ffd91d4a000 	C:\WINDOWS\System32\NSI.dll
0x00007ffd341b0000 - 0x00007ffd341f9000 	C:\Users\josuesitoe\AppData\Local\Temp\jna--95111402\jna13688988901178102545.dll
0x00007ffd90980000 - 0x00007ffd90988000 	C:\WINDOWS\System32\PSAPI.DLL
0x00007ffd87090000 - 0x00007ffd870ae000 	C:\WINDOWS\SYSTEM32\dhcpcsvc6.DLL
0x00007ffd86fd0000 - 0x00007ffd86ff3000 	C:\WINDOWS\SYSTEM32\dhcpcsvc.DLL
0x00007ffd8e8b0000 - 0x00007ffd8e8e6000 	C:\WINDOWS\SYSTEM32\ntmarta.dll

JVMTI agents:
c:\Users\josuesitoe\.vscode\extensions\redhat.java-1.46.0-win32-x64\lombok\lombok-1.18.39-4050.jar path:c:\Users\josuesitoe\.vscode\extensions\redhat.java-1.46.0-win32-x64\jre\21.0.8-win32-x86_64\bin\instrument.dll, loaded, initialized, instrumentlib options:none

dbghelp: loaded successfully - version: 4.0.5 - missing functions: none
symbol engine: initialized successfully - sym options: 0x614 - pdb path: .;c:\Users\josuesitoe\.vscode\extensions\redhat.java-1.46.0-win32-x64\jre\21.0.8-win32-x86_64\bin;C:\WINDOWS\SYSTEM32;C:\WINDOWS\WinSxS\amd64_microsoft.windows.common-controls_6595b64144ccf1df_6.0.26100.6899_none_3e0efeeae32e88c1;c:\Users\josuesitoe\.vscode\extensions\redhat.java-1.46.0-win32-x64\jre\21.0.8-win32-x86_64\bin\server;C:\Users\josuesitoe\AppData\Roaming\Code\User\globalStorage\redhat.java\1.46.0\config_win\org.eclipse.equinox.launcher\org.eclipse.equinox.launcher.win32.win32.x86_64_1.2.1400.v20250801-0854;C:\Users\josuesitoe\AppData\Local\Temp\jna--95111402

VM Arguments:
jvm_args: --add-modules=ALL-SYSTEM --add-opens=java.base/java.util=ALL-UNNAMED --add-opens=java.base/java.lang=ALL-UNNAMED --add-opens=java.base/sun.nio.fs=ALL-UNNAMED -Declipse.application=org.eclipse.jdt.ls.core.id1 -Dosgi.bundles.defaultStartLevel=4 -Declipse.product=org.eclipse.jdt.ls.core.product -Djava.import.generatesMetadataFilesAtProjectRoot=false -DDetectVMInstallationsJob.disabled=true -Dfile.encoding=utf8 -XX:+UseParallelGC -XX:GCTimeRatio=4 -XX:AdaptiveSizePolicyWeight=90 -Dsun.zip.disableMemoryMapping=true -Xmx2G -Xms100m -Xlog:disable -javaagent:c:\Users\josuesitoe\.vscode\extensions\redhat.java-1.46.0-win32-x64\lombok\lombok-1.18.39-4050.jar -XX:+HeapDumpOnOutOfMemoryError -XX:HeapDumpPath=c:\Users\josuesitoe\AppData\Roaming\Code\User\workspaceStorage\b6a6d4d9d6201c9de0d0fbad05277ae1\redhat.java -Daether.dependencyCollector.impl=bf 
java_command: c:\Users\josuesitoe\.vscode\extensions\redhat.java-1.46.0-win32-x64\server\plugins\org.eclipse.equinox.launcher_1.7.0.v20250519-0528.jar -configuration c:\Users\josuesitoe\AppData\Roaming\Code\User\globalStorage\redhat.java\1.46.0\config_win -data c:\Users\josuesitoe\AppData\Roaming\Code\User\workspaceStorage\b6a6d4d9d6201c9de0d0fbad05277ae1\redhat.java\jdt_ws --pipe=\\.\pipe\lsp-50e22009a25b89c6a55ddb06b7cf2f32-sock
java_class_path (initial): c:\Users\josuesitoe\.vscode\extensions\redhat.java-1.46.0-win32-x64\server\plugins\org.eclipse.equinox.launcher_1.7.0.v20250519-0528.jar
Launcher Type: SUN_STANDARD

[Global flags]
    uintx AdaptiveSizePolicyWeight                 = 90                                        {product} {command line}
     intx CICompilerCount                          = 12                                        {product} {ergonomic}
    uintx GCTimeRatio                              = 4                                         {product} {command line}
     bool HeapDumpOnOutOfMemoryError               = true                                   {manageable} {command line}
    ccstr HeapDumpPath                             = c:\Users\josuesitoe\AppData\Roaming\Code\User\workspaceStorage\b6a6d4d9d6201c9de0d0fbad05277ae1\redhat.java         {manageable} {command line}
   size_t InitialHeapSize                          = 104857600                                 {product} {command line}
   size_t MaxHeapSize                              = 2147483648                                {product} {command line}
   size_t MaxNewSize                               = 715653120                                 {product} {ergonomic}
   size_t MinHeapDeltaBytes                        = 524288                                    {product} {ergonomic}
   size_t MinHeapSize                              = 104857600                                 {product} {command line}
   size_t NewSize                                  = 34603008                                  {product} {ergonomic}
    uintx NonNMethodCodeHeapSize                   = 7602480                                {pd product} {ergonomic}
    uintx NonProfiledCodeHeapSize                  = 122027880                              {pd product} {ergonomic}
   size_t OldSize                                  = 70254592                                  {product} {ergonomic}
    uintx ProfiledCodeHeapSize                     = 122027880                              {pd product} {ergonomic}
    uintx ReservedCodeCacheSize                    = 251658240                              {pd product} {ergonomic}
     bool SegmentedCodeCache                       = true                                      {product} {ergonomic}
   size_t SoftMaxHeapSize                          = 2147483648                             {manageable} {ergonomic}
     bool UseCompressedOops                        = true                           {product lp64_product} {ergonomic}
     bool UseLargePagesIndividualAllocation        = false                                  {pd product} {ergonomic}
     bool UseParallelGC                            = true                                      {product} {command line}

Logging:
Log output configuration:
 #0: stdout all=off uptime,level,tags foldmultilines=false
 #1: stderr all=off uptime,level,tags foldmultilines=false

Environment Variables:
JAVA_HOME=C:\Program Files\Java\jdk-17
PATH=C:\Python313\Scripts\;C:\Python313\;C:\Program Files\Common Files\Oracle\Java\javapath;C:\Program Files (x86)\Common Files\Oracle\Java\java8path;C:\Program Files (x86)\Common Files\Oracle\Java\javapath;C:\WINDOWS\system32;C:\WINDOWS;C:\WINDOWS\System32\Wbem;C:\WINDOWS\System32\WindowsPowerShell\v1.0\;C:\WINDOWS\System32\OpenSSH\;C:\Program Files (x86)\Microsoft SQL Server\160\Tools\Binn\;C:\Program Files\Microsoft SQL Server\160\Tools\Binn\;C:\Program Files\Microsoft SQL Server\Client SDK\ODBC\170\Tools\Binn\;C:\Program Files\Microsoft SQL Server\160\DTS\Binn\;C:\Program Files\Git\cmd;C:\xampp\php;C:\ProgramData\ComposerSetup\bin;C:\Program Files (x86)\Incredibuild;C:\Program Files (x86)\Windows Kits\10\Windows Performance Toolkit\;C:\Users\josuesitoe\Downloads\platform-tools-latest-windows\platform-tools;C:\Program Files\nodejs\;C:\ProgramData\chocolatey\bin;C:\flutter\bin;C:\Program Files\dotnet\;C:\ProgramData\chocolatey\lib\maven\apache-maven-3.9.11\bin;C:\Program Files\Java\jdk-17\bin;C:\Python313\Scripts\;C:\Python313\;C:\Program Files\Common Files\Oracle\Java\javapath;C:\Program Files (x86)\Common Files\Oracle\Java\java8path;C:\Program Files (x86)\Common Files\Oracle\Java\javapath;C:\WINDOWS\system32;C:\WINDOWS;C:\WINDOWS\System32\Wbem;C:\WINDOWS\System32\WindowsPowerShell\v1.0\;C:\WINDOWS\System32\OpenSSH\;C:\Program Files (x86)\Microsoft SQL Server\160\Tools\Binn\;C:\Program Files\Microsoft SQL Server\160\Tools\Binn\;C:\Program Files\Microsoft SQL Server\Client SDK\ODBC\170\Tools\Binn\;C:\Program Files\Microsoft SQL Server\160\DTS\Binn\;C:\Program Files\Git\cmd;C:\xampp\php;C:\ProgramData\ComposerSetup\bin;C:\Program Files (x86)\Incredibuild;C:\Program Files (x86)\Windows Kits\10\Windows Performance Toolkit\;C:\Users\josuesitoe\Downloads\platform-tools-latest-windows\platform-tools;C:\Program Files\nodejs\;C:\ProgramData\chocolatey\bin;C:\flutter\bin;C:\Program Files\dotnet\;C:\Program Files\Java\jdk-17\bin;C:\Users\josuesitoe\AppData\Local\Programs\Microsoft VS Code\bin;C:\Users\josuesitoe\.dotnet\tools;C:\ProgramData\chocolatey\lib\maven\apache-maven-3.9.11\bin;C:\Users\josuesitoe\AppData\Local\Programs\Microsoft VS Code\bin;C:\Users\josuesitoe\.dotnet\tools;C:\ProgramData\chocolatey\lib\maven\apache-maven-3.9.11\bin
USERNAME=josuesitoe
OS=Windows_NT
PROCESSOR_IDENTIFIER=AMD64 Family 23 Model 104 Stepping 1, AuthenticAMD
TMP=C:\Users\JOSUES~1\AppData\Local\Temp
TEMP=C:\Users\JOSUES~1\AppData\Local\Temp




Periodic native trim disabled

---------------  S Y S T E M  ---------------

OS:
 Windows 11 , 64 bit Build 26100 (10.0.26100.6725)
OS uptime: 3 days 0:01 hours
Hyper-V role detected

CPU: total 16 (initial active 16) (16 cores per cpu, 2 threads per core) family 23 model 104 stepping 1 microcode 0x8608103, cx8, cmov, fxsr, ht, mmx, 3dnowpref, sse, sse2, sse3, ssse3, sse4a, sse4.1, sse4.2, popcnt, lzcnt, tsc, tscinvbit, avx, avx2, aes, clmul, bmi1, bmi2, adx, sha, fma, vzeroupper, clflush, clflushopt, hv, rdtscp, rdpid, f16c
Processor Information for the first 16 processors :
  Max Mhz: 1801, Current Mhz: 1801, Mhz Limit: 1801

Memory: 4k page, system-wide physical 5989M (407M free)
TotalPageFile size 24421M (AvailPageFile size 10M)
current process WorkingSet (physical memory assigned to process): 318M, peak: 323M
current process commit charge ("private bytes"): 417M, peak: 425M

vm_info: OpenJDK 64-Bit Server VM (21.0.8+9-LTS) for windows-amd64 JRE (21.0.8+9-LTS), built on 2025-07-15T00:00:00Z by "admin" with MS VC++ 17.7 (VS2022)

END.
