#
# There is insufficient memory for the Java Runtime Environment to continue.
# Native memory allocation (malloc) failed to allocate 2241136 bytes. Error detail: Chunk::new
# Possible reasons:
#   The system is out of physical RAM or swap space
#   This process is running with CompressedOops enabled, and the Java Heap may be blocking the growth of the native heap
# Possible solutions:
#   Reduce memory load on the system
#   Increase physical memory or swap space
#   Check if swap backing store is full
#   Decrease Java heap size (-Xmx/-Xms)
#   Decrease number of Java threads
#   Decrease Java thread stack sizes (-Xss)
#   Set larger code cache with -XX:ReservedCodeCacheSize=
#   JVM is running with Unscaled Compressed Oops mode in which the Java heap is
#     placed in the first 4GB address space. The Java Heap base address is the
#     maximum limit for the native heap growth. Please use -XX:HeapBaseMinAddress
#     to set the Java Heap base and to place the Java Heap above 4GB virtual address.
# This output file may be truncated or incomplete.
#
#  Out of Memory Error (arena.cpp:168), pid=11448, tid=14512
#
# JRE version: OpenJDK Runtime Environment Temurin-21.0.8+9 (21.0.8+9) (build 21.0.8+9-LTS)
# Java VM: OpenJDK 64-Bit Server VM Temurin-21.0.8+9 (21.0.8+9-LTS, mixed mode, sharing, tiered, compressed oops, compressed class ptrs, parallel gc, windows-amd64)
# No core dump will be written. Minidumps are not enabled by default on client versions of Windows
#

---------------  S U M M A R Y ------------

Command Line: --add-modules=ALL-SYSTEM --add-opens=java.base/java.util=ALL-UNNAMED --add-opens=java.base/java.lang=ALL-UNNAMED --add-opens=java.base/sun.nio.fs=ALL-UNNAMED -Declipse.application=org.eclipse.jdt.ls.core.id1 -Dosgi.bundles.defaultStartLevel=4 -Declipse.product=org.eclipse.jdt.ls.core.product -Djava.import.generatesMetadataFilesAtProjectRoot=false -DDetectVMInstallationsJob.disabled=true -Dfile.encoding=utf8 -XX:+UseParallelGC -XX:GCTimeRatio=4 -XX:AdaptiveSizePolicyWeight=90 -Dsun.zip.disableMemoryMapping=true -Xmx2G -Xms100m -Xlog:disable -javaagent:c:\Users\josuesitoe\.vscode\extensions\redhat.java-1.46.0-win32-x64\lombok\lombok-1.18.39-4050.jar -XX:+HeapDumpOnOutOfMemoryError -XX:HeapDumpPath=c:\Users\josuesitoe\AppData\Roaming\Code\User\workspaceStorage\b6a6d4d9d6201c9de0d0fbad05277ae1\redhat.java -Daether.dependencyCollector.impl=bf c:\Users\josuesitoe\.vscode\extensions\redhat.java-1.46.0-win32-x64\server\plugins\org.eclipse.equinox.launcher_1.7.0.v20250519-0528.jar -configuration c:\Users\josuesitoe\AppData\Roaming\Code\User\globalStorage\redhat.java\1.46.0\config_win -data c:\Users\josuesitoe\AppData\Roaming\Code\User\workspaceStorage\b6a6d4d9d6201c9de0d0fbad05277ae1\redhat.java\jdt_ws --pipe=\\.\pipe\lsp-c57b5e9800f278dd7d8ac57d4044512e-sock

Host: AMD Ryzen 7 5700U with Radeon Graphics         , 16 cores, 5G,  Windows 11 , 64 bit Build 26100 (10.0.26100.6725)
Time: Wed Oct 29 23:42:43 2025 South Africa Standard Time elapsed time: 15.594911 seconds (0d 0h 0m 15s)

---------------  T H R E A D  ---------------

Current thread (0x00000195c50ec310):  JavaThread "C2 CompilerThread2" daemon [_thread_in_native, id=14512, stack(0x0000000ea2a00000,0x0000000ea2b00000) (1024K)]


Current CompileTask:
C2:15594 4482       4       org.lombokweb.asm.ClassReader::readMethod (1070 bytes)

Stack: [0x0000000ea2a00000,0x0000000ea2b00000]
Native frames: (J=compiled Java code, j=interpreted, Vv=VM code, C=native code)
V  [jvm.dll+0x6d2449]
V  [jvm.dll+0x8ae341]
V  [jvm.dll+0x8b08be]
V  [jvm.dll+0x8b0fa3]
V  [jvm.dll+0x280c96]
V  [jvm.dll+0xc581d]
V  [jvm.dll+0xc5d53]
V  [jvm.dll+0x3b9162]
V  [jvm.dll+0x1e1409]
V  [jvm.dll+0x249022]
V  [jvm.dll+0x2484af]
V  [jvm.dll+0x1c89ee]
V  [jvm.dll+0x257d4d]
V  [jvm.dll+0x2562ea]
V  [jvm.dll+0x3f2d16]
V  [jvm.dll+0x857e6b]
V  [jvm.dll+0x6d0b0d]
C  [ucrtbase.dll+0x37b0]
C  [KERNEL32.DLL+0x2e8d7]
C  [ntdll.dll+0x8c53c]


---------------  P R O C E S S  ---------------

Threads class SMR info:
_java_thread_list=0x00000195c6d601f0, length=51, elements={
0x00000195e40b1e60, 0x00000195e4158370, 0x00000195e405e160, 0x00000195e415c160,
0x00000195e415cbb0, 0x00000195e4160320, 0x00000195e4165470, 0x00000195e4168200,
0x00000195fbe6a250, 0x00000195fbf428a0, 0x00000195fbf435c0, 0x00000195fbf43c50,
0x00000195fbf407d0, 0x00000195fbf40e60, 0x00000195fbf414f0, 0x00000195fbf41b80,
0x00000195fbf42210, 0x00000195fbf42f30, 0x00000195fd9aa170, 0x00000195fd9acf60,
0x00000195fd9aa800, 0x00000195fd9ae310, 0x00000195c550d9c0, 0x00000195fed95430,
0x00000195c50ed0b0, 0x00000195c50ec310, 0x00000195fd9ac8d0, 0x00000195fd9abbb0,
0x00000195c50ede50, 0x00000195fd9aae90, 0x00000195fd9ae9a0, 0x00000195fd9ab520,
0x00000195fd9ad5f0, 0x00000195fd9adc80, 0x00000195fd9af030, 0x00000195fd9af6c0,
0x00000195fd9ac240, 0x00000195fd9afd50, 0x00000195fd9b03e0, 0x00000195fd9b0a70,
0x00000195fd9b1100, 0x00000195fd9b1790, 0x00000195c7b94d90, 0x00000195c7b94070,
0x00000195c7b967d0, 0x00000195c7b95ab0, 0x00000195c7b96e60, 0x00000195c7b94700,
0x00000195c7b974f0, 0x00000195c7b97b80, 0x00000195c7b988a0
}

Java Threads: ( => current thread )
  0x00000195e40b1e60 JavaThread "main"                              [_thread_in_native, id=30872, stack(0x0000000ea0200000,0x0000000ea0300000) (1024K)]
  0x00000195e4158370 JavaThread "Reference Handler"          daemon [_thread_blocked, id=22244, stack(0x0000000ea0600000,0x0000000ea0700000) (1024K)]
  0x00000195e405e160 JavaThread "Finalizer"                  daemon [_thread_blocked, id=14680, stack(0x0000000ea0700000,0x0000000ea0800000) (1024K)]
  0x00000195e415c160 JavaThread "Signal Dispatcher"          daemon [_thread_blocked, id=10680, stack(0x0000000ea0800000,0x0000000ea0900000) (1024K)]
  0x00000195e415cbb0 JavaThread "Attach Listener"            daemon [_thread_blocked, id=18548, stack(0x0000000ea0900000,0x0000000ea0a00000) (1024K)]
  0x00000195e4160320 JavaThread "Service Thread"             daemon [_thread_blocked, id=13148, stack(0x0000000ea0a00000,0x0000000ea0b00000) (1024K)]
  0x00000195e4165470 JavaThread "Monitor Deflation Thread"   daemon [_thread_blocked, id=14760, stack(0x0000000ea0b00000,0x0000000ea0c00000) (1024K)]
  0x00000195e4168200 JavaThread "C2 CompilerThread0"         daemon [_thread_in_native, id=3688, stack(0x0000000ea0c00000,0x0000000ea0d00000) (1024K)]
  0x00000195fbe6a250 JavaThread "C1 CompilerThread0"         daemon [_thread_in_native, id=26016, stack(0x0000000ea0d00000,0x0000000ea0e00000) (1024K)]
  0x00000195fbf428a0 JavaThread "Common-Cleaner"             daemon [_thread_blocked, id=11704, stack(0x0000000ea0e00000,0x0000000ea0f00000) (1024K)]
  0x00000195fbf435c0 JavaThread "Notification Thread"        daemon [_thread_blocked, id=24460, stack(0x0000000ea1300000,0x0000000ea1400000) (1024K)]
  0x00000195fbf43c50 JavaThread "Active Thread: Equinox Container: b950f8b4-6d4a-43d5-8be1-6322d3e4c0e8"        [_thread_blocked, id=19156, stack(0x0000000ea1a00000,0x0000000ea1b00000) (1024K)]
  0x00000195fbf407d0 JavaThread "Refresh Thread: Equinox Container: b950f8b4-6d4a-43d5-8be1-6322d3e4c0e8" daemon [_thread_blocked, id=27924, stack(0x0000000ea1c00000,0x0000000ea1d00000) (1024K)]
  0x00000195fbf40e60 JavaThread "Framework Event Dispatcher: Equinox Container: b950f8b4-6d4a-43d5-8be1-6322d3e4c0e8" daemon [_thread_blocked, id=19888, stack(0x0000000ea1100000,0x0000000ea1200000) (1024K)]
  0x00000195fbf414f0 JavaThread "Start Level: Equinox Container: b950f8b4-6d4a-43d5-8be1-6322d3e4c0e8" daemon [_thread_blocked, id=27968, stack(0x0000000ea1d00000,0x0000000ea1e00000) (1024K)]
  0x00000195fbf41b80 JavaThread "Bundle File Closer"         daemon [_thread_blocked, id=2644, stack(0x0000000ea2100000,0x0000000ea2200000) (1024K)]
  0x00000195fbf42210 JavaThread "SCR Component Actor"        daemon [_thread_blocked, id=7640, stack(0x0000000ea2200000,0x0000000ea2300000) (1024K)]
  0x00000195fbf42f30 JavaThread "Worker-JM"                         [_thread_blocked, id=23452, stack(0x0000000ea2400000,0x0000000ea2500000) (1024K)]
  0x00000195fd9aa170 JavaThread "JNA Cleaner"                daemon [_thread_blocked, id=9232, stack(0x0000000ea0f00000,0x0000000ea1000000) (1024K)]
  0x00000195fd9acf60 JavaThread "Worker-0"                          [_thread_blocked, id=20384, stack(0x0000000ea1000000,0x0000000ea1100000) (1024K)]
  0x00000195fd9aa800 JavaThread "Worker-1: Repository registry initialization"        [_thread_in_vm, id=21588, stack(0x0000000ea1200000,0x0000000ea1300000) (1024K)]
  0x00000195fd9ae310 JavaThread "Worker-2: Java indexing... "        [_thread_blocked, id=20828, stack(0x0000000ea2700000,0x0000000ea2800000) (1024K)]
  0x00000195c550d9c0 JavaThread "C1 CompilerThread1"         daemon [_thread_in_vm, id=5184, stack(0x0000000ea2800000,0x0000000ea2900000) (1024K)]
  0x00000195fed95430 JavaThread "C1 CompilerThread2"         daemon [_thread_in_native, id=10916, stack(0x0000000ea2900000,0x0000000ea2a00000) (1024K)]
  0x00000195c50ed0b0 JavaThread "C2 CompilerThread1"         daemon [_thread_in_native, id=7448, stack(0x0000000ea2600000,0x0000000ea2700000) (1024K)]
=>0x00000195c50ec310 JavaThread "C2 CompilerThread2"         daemon [_thread_in_native, id=14512, stack(0x0000000ea2a00000,0x0000000ea2b00000) (1024K)]
  0x00000195fd9ac8d0 JavaThread "Java indexing"              daemon [_thread_in_native, id=11496, stack(0x0000000ea2b00000,0x0000000ea2c00000) (1024K)]
  0x00000195fd9abbb0 JavaThread "Worker-3: Building"                [_thread_in_Java, id=27452, stack(0x0000000ea2c00000,0x0000000ea2d00000) (1024K)]
  0x00000195c50ede50 JavaThread "C2 CompilerThread3"         daemon [_thread_in_native, id=29668, stack(0x0000000ea2d00000,0x0000000ea2e00000) (1024K)]
  0x00000195fd9aae90 JavaThread "Worker-4"                          [_thread_blocked, id=12964, stack(0x0000000ea2e00000,0x0000000ea2f00000) (1024K)]
  0x00000195fd9ae9a0 JavaThread "Worker-5"                          [_thread_blocked, id=26708, stack(0x0000000ea3100000,0x0000000ea3200000) (1024K)]
  0x00000195fd9ab520 JavaThread "Thread-1"                   daemon [_thread_in_native, id=25576, stack(0x0000000ea3200000,0x0000000ea3300000) (1024K)]
  0x00000195fd9ad5f0 JavaThread "Thread-2"                   daemon [_thread_in_native, id=28332, stack(0x0000000ea3300000,0x0000000ea3400000) (1024K)]
  0x00000195fd9adc80 JavaThread "Thread-3"                   daemon [_thread_in_native, id=16468, stack(0x0000000ea3400000,0x0000000ea3500000) (1024K)]
  0x00000195fd9af030 JavaThread "Thread-4"                   daemon [_thread_in_native, id=21972, stack(0x0000000ea3500000,0x0000000ea3600000) (1024K)]
  0x00000195fd9af6c0 JavaThread "Thread-5"                   daemon [_thread_in_native, id=15864, stack(0x0000000ea3600000,0x0000000ea3700000) (1024K)]
  0x00000195fd9ac240 JavaThread "Thread-6"                   daemon [_thread_in_native, id=27508, stack(0x0000000ea3700000,0x0000000ea3800000) (1024K)]
  0x00000195fd9afd50 JavaThread "Thread-7"                   daemon [_thread_in_native, id=28768, stack(0x0000000ea3800000,0x0000000ea3900000) (1024K)]
  0x00000195fd9b03e0 JavaThread "Thread-8"                   daemon [_thread_in_native, id=31668, stack(0x0000000ea3900000,0x0000000ea3a00000) (1024K)]
  0x00000195fd9b0a70 JavaThread "Thread-9"                   daemon [_thread_in_native, id=27080, stack(0x0000000ea3a00000,0x0000000ea3b00000) (1024K)]
  0x00000195fd9b1100 JavaThread "Thread-10"                  daemon [_thread_in_native, id=20812, stack(0x0000000ea3b00000,0x0000000ea3c00000) (1024K)]
  0x00000195fd9b1790 JavaThread "Thread-11"                  daemon [_thread_in_native, id=31620, stack(0x0000000ea3c00000,0x0000000ea3d00000) (1024K)]
  0x00000195c7b94d90 JavaThread "Thread-12"                  daemon [_thread_in_native, id=12808, stack(0x0000000ea3d00000,0x0000000ea3e00000) (1024K)]
  0x00000195c7b94070 JavaThread "Thread-13"                  daemon [_thread_in_native, id=21840, stack(0x0000000ea3e00000,0x0000000ea3f00000) (1024K)]
  0x00000195c7b967d0 JavaThread "Thread-14"                  daemon [_thread_in_native, id=29552, stack(0x0000000ea3f00000,0x0000000ea4000000) (1024K)]
  0x00000195c7b95ab0 JavaThread "Thread-15"                  daemon [_thread_in_native, id=30320, stack(0x0000000ea4000000,0x0000000ea4100000) (1024K)]
  0x00000195c7b96e60 JavaThread "Thread-16"                  daemon [_thread_in_native, id=20872, stack(0x0000000ea4100000,0x0000000ea4200000) (1024K)]
  0x00000195c7b94700 JavaThread "Thread-17"                  daemon [_thread_in_native, id=14052, stack(0x0000000ea4200000,0x0000000ea4300000) (1024K)]
  0x00000195c7b974f0 JavaThread "pool-2-thread-1"                   [_thread_blocked, id=28944, stack(0x0000000ea4300000,0x0000000ea4400000) (1024K)]
  0x00000195c7b97b80 JavaThread "WorkspaceEventsHandler"            [_thread_blocked, id=13876, stack(0x0000000ea4500000,0x0000000ea4600000) (1024K)]
  0x00000195c7b988a0 JavaThread "pool-1-thread-1"                   [_thread_in_Java, id=8972, stack(0x0000000ea4600000,0x0000000ea4700000) (1024K)]
Total: 51

Other Threads:
  0x00000195e4044070 VMThread "VM Thread"                           [id=29196, stack(0x0000000ea0500000,0x0000000ea0600000) (1024K)]
  0x00000195e3f3ca10 WatcherThread "VM Periodic Task Thread"        [id=27892, stack(0x0000000ea0400000,0x0000000ea0500000) (1024K)]
  0x00000195e40d1580 WorkerThread "GC Thread#0"                     [id=22664, stack(0x0000000ea0300000,0x0000000ea0400000) (1024K)]
  0x00000195fe090010 WorkerThread "GC Thread#1"                     [id=29480, stack(0x0000000ea1400000,0x0000000ea1500000) (1024K)]
  0x00000195fdf21170 WorkerThread "GC Thread#2"                     [id=13932, stack(0x0000000ea1500000,0x0000000ea1600000) (1024K)]
  0x00000195fdd72b50 WorkerThread "GC Thread#3"                     [id=27736, stack(0x0000000ea1600000,0x0000000ea1700000) (1024K)]
  0x00000195fdd72ef0 WorkerThread "GC Thread#4"                     [id=25488, stack(0x0000000ea1700000,0x0000000ea1800000) (1024K)]
  0x00000195fddc7900 WorkerThread "GC Thread#5"                     [id=30420, stack(0x0000000ea1800000,0x0000000ea1900000) (1024K)]
  0x00000195fd9d3280 WorkerThread "GC Thread#6"                     [id=30764, stack(0x0000000ea1900000,0x0000000ea1a00000) (1024K)]
  0x00000195fe20f840 WorkerThread "GC Thread#7"                     [id=13868, stack(0x0000000ea1b00000,0x0000000ea1c00000) (1024K)]
  0x00000195fe1029f0 WorkerThread "GC Thread#8"                     [id=28720, stack(0x0000000ea1e00000,0x0000000ea1f00000) (1024K)]
  0x00000195fe103130 WorkerThread "GC Thread#9"                     [id=30252, stack(0x0000000ea1f00000,0x0000000ea2000000) (1024K)]
  0x00000195fe1022b0 WorkerThread "GC Thread#10"                    [id=24452, stack(0x0000000ea2000000,0x0000000ea2100000) (1024K)]
  0x00000195fe1034d0 WorkerThread "GC Thread#11"                    [id=9740, stack(0x0000000ea2300000,0x0000000ea2400000) (1024K)]
  0x00000195fe102650 WorkerThread "GC Thread#12"                    [id=26312, stack(0x0000000ea2500000,0x0000000ea2600000) (1024K)]
Total: 15

Threads with active compile tasks:
C2 CompilerThread0  15629 5878       4       java.util.Properties::loadConvert (540 bytes)
C1 CompilerThread0  15629 5933       3       java.time.format.DateTimeFormatterBuilder$NumberPrinterParser::parse (609 bytes)
C1 CompilerThread1  15629 5929       3       java.time.temporal.ValueRange::checkValidIntValue (25 bytes)
C1 CompilerThread2  15629 5931       3       java.lang.Integer::parseInt (264 bytes)
C2 CompilerThread1  15629 5682       4       jdk.internal.jimage.ImageLocation::getFullName (109 bytes)
C2 CompilerThread2  15629 4482       4       org.lombokweb.asm.ClassReader::readMethod (1070 bytes)
C2 CompilerThread3  15629 5726       4       java.util.stream.StreamSpliterators$WrappingSpliterator::tryAdvance (36 bytes)
C1 CompilerThread3  15629 5958       2       java.io.PrintWriter::ensureOpen (18 bytes)
Total: 8

VM state: not at safepoint (normal execution)

VM Mutex/Monitor currently owned by a thread: None

Heap address: 0x0000000080000000, size: 2048 MB, Compressed Oops mode: 32-bit

CDS archive(s) mapped at: [0x0000019580000000-0x0000019580ba0000-0x0000019580ba0000), size 12189696, SharedBaseAddress: 0x0000019580000000, ArchiveRelocationMode: 1.
Compressed class space mapped at: 0x0000019581000000-0x00000195c1000000, reserved size: 1073741824
Narrow klass base: 0x0000019580000000, Narrow klass shift: 0, Narrow klass range: 0x100000000

GC Precious Log:
 CardTable entry size: 512
 CPUs: 16 total, 16 available
 Memory: 5989M
 Large Page Support: Disabled
 NUMA Support: Disabled
 Compressed Oops: Enabled (32-bit)
 Alignments: Space 512K, Generation 512K, Heap 2M
 Heap Min Capacity: 100M
 Heap Initial Capacity: 100M
 Heap Max Capacity: 2G
 Pre-touch: Disabled
 Parallel Workers: 13

Heap:
 PSYoungGen      total 23552K, used 16265K [0x00000000d5580000, 0x00000000d7300000, 0x0000000100000000)
  eden space 22016K, 67% used [0x00000000d5580000,0x00000000d63e8270,0x00000000d6b00000)
  from space 1536K, 98% used [0x00000000d6f00000,0x00000000d707a240,0x00000000d7080000)
  to   space 4096K, 0% used [0x00000000d6b00000,0x00000000d6b00000,0x00000000d6f00000)
 ParOldGen       total 68608K, used 24656K [0x0000000080000000, 0x0000000084300000, 0x00000000d5580000)
  object space 68608K, 35% used [0x0000000080000000,0x0000000081814348,0x0000000084300000)
 Metaspace       used 41690K, committed 42944K, reserved 1114112K
  class space    used 4433K, committed 4992K, reserved 1048576K

Card table byte_map: [0x00000195e3a50000,0x00000195e3e60000] _byte_map_base: 0x00000195e3650000

Marking Bits: (ParMarkBitMap*) 0x00007ffccb93a340
 Begin Bits: [0x00000195f6550000, 0x00000195f8550000)
 End Bits:   [0x00000195f8550000, 0x00000195fa550000)

Polling page: 0x00000195e1e70000

Metaspace:

Usage:
  Non-class:     36.38 MB used.
      Class:      4.33 MB used.
       Both:     40.71 MB used.

Virtual space:
  Non-class space:       64.00 MB reserved,      37.06 MB ( 58%) committed,  1 nodes.
      Class space:        1.00 GB reserved,       4.88 MB ( <1%) committed,  1 nodes.
             Both:        1.06 GB reserved,      41.94 MB (  4%) committed. 

Chunk freelists:
   Non-Class:  10.78 MB
       Class:  11.00 MB
        Both:  21.78 MB

MaxMetaspaceSize: unlimited
CompressedClassSpaceSize: 1.00 GB
Initial GC threshold: 21.00 MB
Current GC threshold: 58.38 MB
CDS: on
 - commit_granule_bytes: 65536.
 - commit_granule_words: 8192.
 - virtual_space_node_default_size: 8388608.
 - enlarge_chunks_in_place: 1.
 - use_allocation_guard: 0.


Internal statistics:

num_allocs_failed_limit: 8.
num_arena_births: 932.
num_arena_deaths: 14.
num_vsnodes_births: 2.
num_vsnodes_deaths: 0.
num_space_committed: 671.
num_space_uncommitted: 0.
num_chunks_returned_to_freelist: 22.
num_chunks_taken_from_freelist: 2902.
num_chunk_merges: 14.
num_chunk_splits: 1733.
num_chunks_enlarged: 872.
num_inconsistent_stats: 0.

CodeHeap 'non-profiled nmethods': size=119168Kb used=2233Kb max_used=2233Kb free=116934Kb
 bounds [0x00000195eee40000, 0x00000195ef0b0000, 0x00000195f62a0000]
CodeHeap 'profiled nmethods': size=119104Kb used=11402Kb max_used=11402Kb free=107701Kb
 bounds [0x00000195e72a0000, 0x00000195e7dd0000, 0x00000195ee6f0000]
CodeHeap 'non-nmethods': size=7488Kb used=3056Kb max_used=3118Kb free=4431Kb
 bounds [0x00000195ee6f0000, 0x00000195eea70000, 0x00000195eee40000]
CodeCache: size=245760Kb, used=16691Kb, max_used=16753Kb, free=229066Kb
 total_blobs=5996, nmethods=5328, adapters=571, full_count=0
Compilation: enabled, stopped_count=0, restarted_count=0

Compilation events (20 events):
Event: 14.540 Thread 0x00000195c50eb570 nmethod 5881% 0x00000195e7da7590 code [0x00000195e7da7780, 0x00000195e7da7d78]
Event: 14.540 Thread 0x00000195fbe6a250 nmethod 5883 0x00000195e7da8090 code [0x00000195e7da8260, 0x00000195e7da8460]
Event: 14.541 Thread 0x00000195c50eb570 5884 % !   3       org.eclipse.jdt.internal.compiler.parser.Parser::readTable @ 131 (173 bytes)
Event: 14.542 Thread 0x00000195fed95430 5885       3       java.lang.reflect.AnnotatedElement::isAnnotationPresent (16 bytes)
Event: 14.542 Thread 0x00000195fed95430 nmethod 5885 0x00000195e7da8510 code [0x00000195e7da86c0, 0x00000195e7da88d8]
Event: 14.543 Thread 0x00000195c50eb570 nmethod 5884% 0x00000195e7da8990 code [0x00000195e7da8c60, 0x00000195e7da9b10]
Event: 14.544 Thread 0x00000195c50eb570 5886       3       sun.net.www.URLConnection::<init> (22 bytes)
Event: 14.544 Thread 0x00000195fed95430 5887       3       sun.net.www.MessageHeader::<init> (6 bytes)
Event: 14.544 Thread 0x00000195fbe6a250 5888       3       sun.net.www.MessageHeader::<init> (14 bytes)
Event: 14.545 Thread 0x00000195e4168200 nmethod 5716 0x00000195eef09310 code [0x00000195eef09580, 0x00000195eef0a278]
Event: 14.545 Thread 0x00000195fbe6a250 nmethod 5888 0x00000195e7daa210 code [0x00000195e7daa3c0, 0x00000195e7daa558]
Event: 14.545 Thread 0x00000195fed95430 nmethod 5887 0x00000195e7daa610 code [0x00000195e7daa7c0, 0x00000195e7daa9b8]
Event: 14.545 Thread 0x00000195c50eb570 nmethod 5886 0x00000195e7daaa90 code [0x00000195e7daac60, 0x00000195e7daaf98]
Event: 14.546 Thread 0x00000195e4168200 5878       4       java.util.Properties::loadConvert (540 bytes)
Event: 14.550 Thread 0x00000195c50eb570 5890       1       java.lang.ClassLoader::findResource (2 bytes)
Event: 14.550 Thread 0x00000195c50ede50 nmethod 5717 0x00000195eef08410 code [0x00000195eef08620, 0x00000195eef08d68]
Event: 14.550 Thread 0x00000195c50eb570 nmethod 5890 0x00000195eef08110 code [0x00000195eef082a0, 0x00000195eef08370]
Event: 14.551 Thread 0x00000195c50ede50 5725       4       java.util.Spliterators$1Adapter::hasNext (23 bytes)
Event: 14.552 Thread 0x00000195c50ede50 nmethod 5725 0x00000195eef07c10 code [0x00000195eef07da0, 0x00000195eef07e68]
Event: 14.553 Thread 0x00000195c50ede50 5726       4       java.util.stream.StreamSpliterators$WrappingSpliterator::tryAdvance (36 bytes)

GC Heap History (20 events):
Event: 12.442 GC heap before
{Heap before GC invocations=11 (full 1):
 PSYoungGen      total 27648K, used 27222K [0x00000000d5580000, 0x00000000d7480000, 0x0000000100000000)
  eden space 23552K, 100% used [0x00000000d5580000,0x00000000d6c80000,0x00000000d6c80000)
  from space 4096K, 89% used [0x00000000d6e80000,0x00000000d7215988,0x00000000d7280000)
  to   space 2048K, 0% used [0x00000000d7280000,0x00000000d7280000,0x00000000d7480000)
 ParOldGen       total 68608K, used 12605K [0x0000000080000000, 0x0000000084300000, 0x00000000d5580000)
  object space 68608K, 18% used [0x0000000080000000,0x0000000080c4f6a0,0x0000000084300000)
 Metaspace       used 27752K, committed 28800K, reserved 1114112K
  class space    used 2740K, committed 3200K, reserved 1048576K
}
Event: 12.448 GC heap after
{Heap after GC invocations=11 (full 1):
 PSYoungGen      total 25088K, used 1668K [0x00000000d5580000, 0x00000000d7480000, 0x0000000100000000)
  eden space 23040K, 0% used [0x00000000d5580000,0x00000000d5580000,0x00000000d6c00000)
  from space 2048K, 81% used [0x00000000d7280000,0x00000000d74212e0,0x00000000d7480000)
  to   space 2560K, 0% used [0x00000000d6f80000,0x00000000d6f80000,0x00000000d7200000)
 ParOldGen       total 68608K, used 14409K [0x0000000080000000, 0x0000000084300000, 0x00000000d5580000)
  object space 68608K, 21% used [0x0000000080000000,0x0000000080e124c8,0x0000000084300000)
 Metaspace       used 27752K, committed 28800K, reserved 1114112K
  class space    used 2740K, committed 3200K, reserved 1048576K
}
Event: 12.869 GC heap before
{Heap before GC invocations=12 (full 1):
 PSYoungGen      total 25088K, used 24708K [0x00000000d5580000, 0x00000000d7480000, 0x0000000100000000)
  eden space 23040K, 100% used [0x00000000d5580000,0x00000000d6c00000,0x00000000d6c00000)
  from space 2048K, 81% used [0x00000000d7280000,0x00000000d74212e0,0x00000000d7480000)
  to   space 2560K, 0% used [0x00000000d6f80000,0x00000000d6f80000,0x00000000d7200000)
 ParOldGen       total 68608K, used 14409K [0x0000000080000000, 0x0000000084300000, 0x00000000d5580000)
  object space 68608K, 21% used [0x0000000080000000,0x0000000080e124c8,0x0000000084300000)
 Metaspace       used 31151K, committed 32256K, reserved 1114112K
  class space    used 3122K, committed 3648K, reserved 1048576K
}
Event: 12.877 GC heap after
{Heap after GC invocations=12 (full 1):
 PSYoungGen      total 24064K, used 1488K [0x00000000d5580000, 0x00000000d7300000, 0x0000000100000000)
  eden space 22528K, 0% used [0x00000000d5580000,0x00000000d5580000,0x00000000d6b80000)
  from space 1536K, 96% used [0x00000000d6f80000,0x00000000d70f4028,0x00000000d7100000)
  to   space 2048K, 0% used [0x00000000d7100000,0x00000000d7100000,0x00000000d7300000)
 ParOldGen       total 68608K, used 15712K [0x0000000080000000, 0x0000000084300000, 0x00000000d5580000)
  object space 68608K, 22% used [0x0000000080000000,0x0000000080f582d8,0x0000000084300000)
 Metaspace       used 31151K, committed 32256K, reserved 1114112K
  class space    used 3122K, committed 3648K, reserved 1048576K
}
Event: 13.517 GC heap before
{Heap before GC invocations=13 (full 1):
 PSYoungGen      total 24064K, used 24016K [0x00000000d5580000, 0x00000000d7300000, 0x0000000100000000)
  eden space 22528K, 100% used [0x00000000d5580000,0x00000000d6b80000,0x00000000d6b80000)
  from space 1536K, 96% used [0x00000000d6f80000,0x00000000d70f4028,0x00000000d7100000)
  to   space 2048K, 0% used [0x00000000d7100000,0x00000000d7100000,0x00000000d7300000)
 ParOldGen       total 68608K, used 15712K [0x0000000080000000, 0x0000000084300000, 0x00000000d5580000)
  object space 68608K, 22% used [0x0000000080000000,0x0000000080f582d8,0x0000000084300000)
 Metaspace       used 34074K, committed 35200K, reserved 1114112K
  class space    used 3518K, committed 4032K, reserved 1048576K
}
Event: 13.522 GC heap after
{Heap after GC invocations=13 (full 1):
 PSYoungGen      total 23552K, used 1440K [0x00000000d5580000, 0x00000000d7280000, 0x0000000100000000)
  eden space 22016K, 0% used [0x00000000d5580000,0x00000000d5580000,0x00000000d6b00000)
  from space 1536K, 93% used [0x00000000d7100000,0x00000000d7268020,0x00000000d7280000)
  to   space 1536K, 0% used [0x00000000d6f80000,0x00000000d6f80000,0x00000000d7100000)
 ParOldGen       total 68608K, used 16920K [0x0000000080000000, 0x0000000084300000, 0x00000000d5580000)
  object space 68608K, 24% used [0x0000000080000000,0x00000000810863f0,0x0000000084300000)
 Metaspace       used 34074K, committed 35200K, reserved 1114112K
  class space    used 3518K, committed 4032K, reserved 1048576K
}
Event: 13.652 GC heap before
{Heap before GC invocations=14 (full 1):
 PSYoungGen      total 23552K, used 9719K [0x00000000d5580000, 0x00000000d7280000, 0x0000000100000000)
  eden space 22016K, 37% used [0x00000000d5580000,0x00000000d5d95c30,0x00000000d6b00000)
  from space 1536K, 93% used [0x00000000d7100000,0x00000000d7268020,0x00000000d7280000)
  to   space 1536K, 0% used [0x00000000d6f80000,0x00000000d6f80000,0x00000000d7100000)
 ParOldGen       total 68608K, used 16920K [0x0000000080000000, 0x0000000084300000, 0x00000000d5580000)
  object space 68608K, 24% used [0x0000000080000000,0x00000000810863f0,0x0000000084300000)
 Metaspace       used 34706K, committed 35840K, reserved 1114112K
  class space    used 3595K, committed 4096K, reserved 1048576K
}
Event: 13.656 GC heap after
{Heap after GC invocations=14 (full 1):
 PSYoungGen      total 23040K, used 991K [0x00000000d5580000, 0x00000000d7180000, 0x0000000100000000)
  eden space 22016K, 0% used [0x00000000d5580000,0x00000000d5580000,0x00000000d6b00000)
  from space 1024K, 96% used [0x00000000d6f80000,0x00000000d7077fb8,0x00000000d7080000)
  to   space 1024K, 0% used [0x00000000d7080000,0x00000000d7080000,0x00000000d7180000)
 ParOldGen       total 68608K, used 18073K [0x0000000080000000, 0x0000000084300000, 0x00000000d5580000)
  object space 68608K, 26% used [0x0000000080000000,0x00000000811a6630,0x0000000084300000)
 Metaspace       used 34706K, committed 35840K, reserved 1114112K
  class space    used 3595K, committed 4096K, reserved 1048576K
}
Event: 13.656 GC heap before
{Heap before GC invocations=15 (full 2):
 PSYoungGen      total 23040K, used 991K [0x00000000d5580000, 0x00000000d7180000, 0x0000000100000000)
  eden space 22016K, 0% used [0x00000000d5580000,0x00000000d5580000,0x00000000d6b00000)
  from space 1024K, 96% used [0x00000000d6f80000,0x00000000d7077fb8,0x00000000d7080000)
  to   space 1024K, 0% used [0x00000000d7080000,0x00000000d7080000,0x00000000d7180000)
 ParOldGen       total 68608K, used 18073K [0x0000000080000000, 0x0000000084300000, 0x00000000d5580000)
  object space 68608K, 26% used [0x0000000080000000,0x00000000811a6630,0x0000000084300000)
 Metaspace       used 34706K, committed 35840K, reserved 1114112K
  class space    used 3595K, committed 4096K, reserved 1048576K
}
Event: 13.711 GC heap after
{Heap after GC invocations=15 (full 2):
 PSYoungGen      total 23040K, used 0K [0x00000000d5580000, 0x00000000d7180000, 0x0000000100000000)
  eden space 22016K, 0% used [0x00000000d5580000,0x00000000d5580000,0x00000000d6b00000)
  from space 1024K, 0% used [0x00000000d6f80000,0x00000000d6f80000,0x00000000d7080000)
  to   space 1024K, 0% used [0x00000000d7080000,0x00000000d7080000,0x00000000d7180000)
 ParOldGen       total 68608K, used 17930K [0x0000000080000000, 0x0000000084300000, 0x00000000d5580000)
  object space 68608K, 26% used [0x0000000080000000,0x0000000081182848,0x0000000084300000)
 Metaspace       used 34706K, committed 35840K, reserved 1114112K
  class space    used 3595K, committed 4096K, reserved 1048576K
}
Event: 13.957 GC heap before
{Heap before GC invocations=16 (full 2):
 PSYoungGen      total 23040K, used 22016K [0x00000000d5580000, 0x00000000d7180000, 0x0000000100000000)
  eden space 22016K, 100% used [0x00000000d5580000,0x00000000d6b00000,0x00000000d6b00000)
  from space 1024K, 0% used [0x00000000d6f80000,0x00000000d6f80000,0x00000000d7080000)
  to   space 1024K, 0% used [0x00000000d7080000,0x00000000d7080000,0x00000000d7180000)
 ParOldGen       total 68608K, used 17930K [0x0000000080000000, 0x0000000084300000, 0x00000000d5580000)
  object space 68608K, 26% used [0x0000000080000000,0x0000000081182848,0x0000000084300000)
 Metaspace       used 37025K, committed 38336K, reserved 1114112K
  class space    used 3863K, committed 4480K, reserved 1048576K
}
Event: 13.962 GC heap after
{Heap after GC invocations=16 (full 2):
 PSYoungGen      total 23040K, used 1004K [0x00000000d5580000, 0x00000000d7180000, 0x0000000100000000)
  eden space 22016K, 0% used [0x00000000d5580000,0x00000000d5580000,0x00000000d6b00000)
  from space 1024K, 98% used [0x00000000d7080000,0x00000000d717b118,0x00000000d7180000)
  to   space 1536K, 0% used [0x00000000d6e80000,0x00000000d6e80000,0x00000000d7000000)
 ParOldGen       total 68608K, used 18028K [0x0000000080000000, 0x0000000084300000, 0x00000000d5580000)
  object space 68608K, 26% used [0x0000000080000000,0x000000008119b2a8,0x0000000084300000)
 Metaspace       used 37025K, committed 38336K, reserved 1114112K
  class space    used 3863K, committed 4480K, reserved 1048576K
}
Event: 14.191 GC heap before
{Heap before GC invocations=17 (full 2):
 PSYoungGen      total 23040K, used 23020K [0x00000000d5580000, 0x00000000d7180000, 0x0000000100000000)
  eden space 22016K, 100% used [0x00000000d5580000,0x00000000d6b00000,0x00000000d6b00000)
  from space 1024K, 98% used [0x00000000d7080000,0x00000000d717b118,0x00000000d7180000)
  to   space 1536K, 0% used [0x00000000d6e80000,0x00000000d6e80000,0x00000000d7000000)
 ParOldGen       total 68608K, used 18028K [0x0000000080000000, 0x0000000084300000, 0x00000000d5580000)
  object space 68608K, 26% used [0x0000000080000000,0x000000008119b2a8,0x0000000084300000)
 Metaspace       used 38720K, committed 40000K, reserved 1114112K
  class space    used 4050K, committed 4608K, reserved 1048576K
}
Event: 14.197 GC heap after
{Heap after GC invocations=17 (full 2):
 PSYoungGen      total 23552K, used 1504K [0x00000000d5580000, 0x00000000d7200000, 0x0000000100000000)
  eden space 22016K, 0% used [0x00000000d5580000,0x00000000d5580000,0x00000000d6b00000)
  from space 1536K, 97% used [0x00000000d6e80000,0x00000000d6ff8030,0x00000000d7000000)
  to   space 2048K, 0% used [0x00000000d7000000,0x00000000d7000000,0x00000000d7200000)
 ParOldGen       total 68608K, used 19586K [0x0000000080000000, 0x0000000084300000, 0x00000000d5580000)
  object space 68608K, 28% used [0x0000000080000000,0x0000000081320880,0x0000000084300000)
 Metaspace       used 38720K, committed 40000K, reserved 1114112K
  class space    used 4050K, committed 4608K, reserved 1048576K
}
Event: 14.336 GC heap before
{Heap before GC invocations=18 (full 2):
 PSYoungGen      total 23552K, used 23520K [0x00000000d5580000, 0x00000000d7200000, 0x0000000100000000)
  eden space 22016K, 100% used [0x00000000d5580000,0x00000000d6b00000,0x00000000d6b00000)
  from space 1536K, 97% used [0x00000000d6e80000,0x00000000d6ff8030,0x00000000d7000000)
  to   space 2048K, 0% used [0x00000000d7000000,0x00000000d7000000,0x00000000d7200000)
 ParOldGen       total 68608K, used 19586K [0x0000000080000000, 0x0000000084300000, 0x00000000d5580000)
  object space 68608K, 28% used [0x0000000080000000,0x0000000081320880,0x0000000084300000)
 Metaspace       used 39232K, committed 40512K, reserved 1114112K
  class space    used 4120K, committed 4736K, reserved 1048576K
}
Event: 14.341 GC heap after
{Heap after GC invocations=18 (full 2):
 PSYoungGen      total 24064K, used 1973K [0x00000000d5580000, 0x00000000d7200000, 0x0000000100000000)
  eden space 22016K, 0% used [0x00000000d5580000,0x00000000d5580000,0x00000000d6b00000)
  from space 2048K, 96% used [0x00000000d7000000,0x00000000d71ed728,0x00000000d7200000)
  to   space 2560K, 0% used [0x00000000d6d00000,0x00000000d6d00000,0x00000000d6f80000)
 ParOldGen       total 68608K, used 21026K [0x0000000080000000, 0x0000000084300000, 0x00000000d5580000)
  object space 68608K, 30% used [0x0000000080000000,0x00000000814888b0,0x0000000084300000)
 Metaspace       used 39232K, committed 40512K, reserved 1114112K
  class space    used 4120K, committed 4736K, reserved 1048576K
}
Event: 14.423 GC heap before
{Heap before GC invocations=19 (full 2):
 PSYoungGen      total 24064K, used 23989K [0x00000000d5580000, 0x00000000d7200000, 0x0000000100000000)
  eden space 22016K, 100% used [0x00000000d5580000,0x00000000d6b00000,0x00000000d6b00000)
  from space 2048K, 96% used [0x00000000d7000000,0x00000000d71ed728,0x00000000d7200000)
  to   space 2560K, 0% used [0x00000000d6d00000,0x00000000d6d00000,0x00000000d6f80000)
 ParOldGen       total 68608K, used 21026K [0x0000000080000000, 0x0000000084300000, 0x00000000d5580000)
  object space 68608K, 30% used [0x0000000080000000,0x00000000814888b0,0x0000000084300000)
 Metaspace       used 40109K, committed 41344K, reserved 1114112K
  class space    used 4241K, committed 4800K, reserved 1048576K
}
Event: 14.429 GC heap after
{Heap after GC invocations=19 (full 2):
 PSYoungGen      total 24064K, used 1922K [0x00000000d5580000, 0x00000000d7080000, 0x0000000100000000)
  eden space 22016K, 0% used [0x00000000d5580000,0x00000000d5580000,0x00000000d6b00000)
  from space 2048K, 93% used [0x00000000d6d00000,0x00000000d6ee0800,0x00000000d6f00000)
  to   space 1536K, 0% used [0x00000000d6f00000,0x00000000d6f00000,0x00000000d7080000)
 ParOldGen       total 68608K, used 22726K [0x0000000080000000, 0x0000000084300000, 0x00000000d5580000)
  object space 68608K, 33% used [0x0000000080000000,0x0000000081631b48,0x0000000084300000)
 Metaspace       used 40109K, committed 41344K, reserved 1114112K
  class space    used 4241K, committed 4800K, reserved 1048576K
}
Event: 14.558 GC heap before
{Heap before GC invocations=20 (full 2):
 PSYoungGen      total 24064K, used 23927K [0x00000000d5580000, 0x00000000d7080000, 0x0000000100000000)
  eden space 22016K, 99% used [0x00000000d5580000,0x00000000d6afd408,0x00000000d6b00000)
  from space 2048K, 93% used [0x00000000d6d00000,0x00000000d6ee0800,0x00000000d6f00000)
  to   space 1536K, 0% used [0x00000000d6f00000,0x00000000d6f00000,0x00000000d7080000)
 ParOldGen       total 68608K, used 22726K [0x0000000080000000, 0x0000000084300000, 0x00000000d5580000)
  object space 68608K, 33% used [0x0000000080000000,0x0000000081631b48,0x0000000084300000)
 Metaspace       used 41542K, committed 42816K, reserved 1114112K
  class space    used 4417K, committed 4992K, reserved 1048576K
}
Event: 15.591 GC heap after
{Heap after GC invocations=20 (full 2):
 PSYoungGen      total 23552K, used 1512K [0x00000000d5580000, 0x00000000d7300000, 0x0000000100000000)
  eden space 22016K, 0% used [0x00000000d5580000,0x00000000d5580000,0x00000000d6b00000)
  from space 1536K, 98% used [0x00000000d6f00000,0x00000000d707a240,0x00000000d7080000)
  to   space 4096K, 0% used [0x00000000d6b00000,0x00000000d6b00000,0x00000000d6f00000)
 ParOldGen       total 68608K, used 24656K [0x0000000080000000, 0x0000000084300000, 0x00000000d5580000)
  object space 68608K, 35% used [0x0000000080000000,0x0000000081814348,0x0000000084300000)
 Metaspace       used 41542K, committed 42816K, reserved 1114112K
  class space    used 4417K, committed 4992K, reserved 1048576K
}

Dll operation events (10 events):
Event: 0.038 Loaded shared library c:\Users\josuesitoe\.vscode\extensions\redhat.java-1.46.0-win32-x64\jre\21.0.8-win32-x86_64\bin\java.dll
Event: 0.317 Loaded shared library c:\Users\josuesitoe\.vscode\extensions\redhat.java-1.46.0-win32-x64\jre\21.0.8-win32-x86_64\bin\zip.dll
Event: 0.350 Loaded shared library C:\Users\josuesitoe\.vscode\extensions\redhat.java-1.46.0-win32-x64\jre\21.0.8-win32-x86_64\bin\instrument.dll
Event: 0.359 Loaded shared library C:\Users\josuesitoe\.vscode\extensions\redhat.java-1.46.0-win32-x64\jre\21.0.8-win32-x86_64\bin\net.dll
Event: 0.364 Loaded shared library C:\Users\josuesitoe\.vscode\extensions\redhat.java-1.46.0-win32-x64\jre\21.0.8-win32-x86_64\bin\nio.dll
Event: 0.368 Loaded shared library C:\Users\josuesitoe\.vscode\extensions\redhat.java-1.46.0-win32-x64\jre\21.0.8-win32-x86_64\bin\zip.dll
Event: 0.395 Loaded shared library C:\Users\josuesitoe\.vscode\extensions\redhat.java-1.46.0-win32-x64\jre\21.0.8-win32-x86_64\bin\jimage.dll
Event: 0.599 Loaded shared library c:\Users\josuesitoe\.vscode\extensions\redhat.java-1.46.0-win32-x64\jre\21.0.8-win32-x86_64\bin\verify.dll
Event: 3.711 Loaded shared library C:\Users\josuesitoe\AppData\Roaming\Code\User\globalStorage\redhat.java\1.46.0\config_win\org.eclipse.equinox.launcher\org.eclipse.equinox.launcher.win32.win32.x86_64_1.2.1400.v20250801-0854\eclipse_11916.dll
Event: 9.756 Loaded shared library C:\Users\josuesitoe\AppData\Local\Temp\jna--95111402\jna11785268419776256466.dll

Deoptimization events (20 events):
Event: 14.504 Thread 0x00000195e40b1e60 Uncommon trap: trap_request=0xffffff45 fr.pc=0x00000195eee7b848 relative=0x00000000000000a8
Event: 14.504 Thread 0x00000195e40b1e60 Uncommon trap: reason=unstable_if action=reinterpret pc=0x00000195eee7b848 method=java.lang.CharacterDataLatin1.digit(II)I @ 7 c2
Event: 14.504 Thread 0x00000195e40b1e60 DEOPT PACKING pc=0x00000195eee7b848 sp=0x0000000ea02fe640
Event: 14.504 Thread 0x00000195e40b1e60 DEOPT UNPACKING pc=0x00000195ee743aa2 sp=0x0000000ea02fe5c0 mode 2
Event: 14.507 Thread 0x00000195c7b988a0 Uncommon trap: trap_request=0xffffff45 fr.pc=0x00000195eef1c484 relative=0x0000000000000144
Event: 14.507 Thread 0x00000195c7b988a0 Uncommon trap: reason=unstable_if action=reinterpret pc=0x00000195eef1c484 method=com.google.gson.stream.JsonReader.doPeek()I @ 731 c2
Event: 14.507 Thread 0x00000195c7b988a0 DEOPT PACKING pc=0x00000195eef1c484 sp=0x0000000ea46fe880
Event: 14.507 Thread 0x00000195c7b988a0 DEOPT UNPACKING pc=0x00000195ee743aa2 sp=0x0000000ea46fe800 mode 2
Event: 14.507 Thread 0x00000195c7b988a0 Uncommon trap: trap_request=0xffffff45 fr.pc=0x00000195eef66fd8 relative=0x00000000000000b8
Event: 14.507 Thread 0x00000195c7b988a0 Uncommon trap: reason=unstable_if action=reinterpret pc=0x00000195eef66fd8 method=com.google.gson.stream.JsonReader.peek()Lcom/google/gson/stream/JsonToken; @ 15 c2
Event: 14.507 Thread 0x00000195c7b988a0 DEOPT PACKING pc=0x00000195eef66fd8 sp=0x0000000ea46fe8b0
Event: 14.507 Thread 0x00000195c7b988a0 DEOPT UNPACKING pc=0x00000195ee743aa2 sp=0x0000000ea46fe838 mode 2
Event: 14.535 Thread 0x00000195fd9ac8d0 DEOPT PACKING pc=0x00000195e7c8be86 sp=0x0000000ea2bfe530
Event: 14.535 Thread 0x00000195fd9ac8d0 DEOPT UNPACKING pc=0x00000195ee744242 sp=0x0000000ea2bfda18 mode 0
Event: 14.536 Thread 0x00000195fd9ac8d0 DEOPT PACKING pc=0x00000195e7c8be86 sp=0x0000000ea2bfe530
Event: 14.536 Thread 0x00000195fd9ac8d0 DEOPT UNPACKING pc=0x00000195ee744242 sp=0x0000000ea2bfda18 mode 0
Event: 14.540 Thread 0x00000195c7b988a0 Uncommon trap: trap_request=0xffffff45 fr.pc=0x00000195eef0e65c relative=0x000000000000129c
Event: 14.540 Thread 0x00000195c7b988a0 Uncommon trap: reason=unstable_if action=reinterpret pc=0x00000195eef0e65c method=com.google.gson.stream.JsonReader.nextQuotedValue(C)Ljava/lang/String; @ 121 c2
Event: 14.541 Thread 0x00000195c7b988a0 DEOPT PACKING pc=0x00000195eef0e65c sp=0x0000000ea46fe2b0
Event: 14.541 Thread 0x00000195c7b988a0 DEOPT UNPACKING pc=0x00000195ee743aa2 sp=0x0000000ea46fe298 mode 2

Classes loaded (20 events):
Event: 14.332 Loading class sun/reflect/generics/tree/ArrayTypeSignature
Event: 14.333 Loading class sun/reflect/generics/tree/ArrayTypeSignature done
Event: 14.335 Loading class sun/reflect/generics/tree/BooleanSignature
Event: 14.335 Loading class sun/reflect/generics/tree/BooleanSignature done
Event: 14.487 Loading class java/nio/channels/Channels$ReadableByteChannelImpl
Event: 14.488 Loading class java/nio/channels/Channels$ReadableByteChannelImpl done
Event: 14.489 Loading class java/nio/channels/NonWritableChannelException
Event: 14.489 Loading class java/nio/channels/NonWritableChannelException done
Event: 14.497 Loading class jdk/internal/event/ThreadSleepEvent
Event: 14.497 Loading class jdk/internal/event/ThreadSleepEvent done
Event: 14.499 Loading class sun/nio/ch/PendingFuture
Event: 14.499 Loading class sun/nio/ch/PendingFuture done
Event: 14.499 Loading class sun/nio/ch/WindowsAsynchronousFileChannelImpl$ReadTask
Event: 14.499 Loading class sun/nio/ch/Iocp$ResultHandler
Event: 14.499 Loading class sun/nio/ch/Iocp$ResultHandler done
Event: 14.499 Loading class sun/nio/ch/WindowsAsynchronousFileChannelImpl$ReadTask done
Event: 14.502 Loading class java/text/ParsePosition
Event: 14.502 Loading class java/text/ParsePosition done
Event: 14.502 Loading class java/text/CalendarBuilder
Event: 14.503 Loading class java/text/CalendarBuilder done

Classes unloaded (7 events):
Event: 11.157 Thread 0x00000195e4044070 Unloading class 0x00000195811aac00 'java/lang/invoke/LambdaForm$MH+0x00000195811aac00'
Event: 11.157 Thread 0x00000195e4044070 Unloading class 0x00000195811aa800 'java/lang/invoke/LambdaForm$MH+0x00000195811aa800'
Event: 11.157 Thread 0x00000195e4044070 Unloading class 0x00000195811aa400 'java/lang/invoke/LambdaForm$MH+0x00000195811aa400'
Event: 11.157 Thread 0x00000195e4044070 Unloading class 0x00000195811aa000 'java/lang/invoke/LambdaForm$MH+0x00000195811aa000'
Event: 11.157 Thread 0x00000195e4044070 Unloading class 0x00000195811a9c00 'java/lang/invoke/LambdaForm$BMH+0x00000195811a9c00'
Event: 11.157 Thread 0x00000195e4044070 Unloading class 0x00000195811a9800 'java/lang/invoke/LambdaForm$DMH+0x00000195811a9800'
Event: 11.157 Thread 0x00000195e4044070 Unloading class 0x00000195811a8400 'java/lang/invoke/LambdaForm$DMH+0x00000195811a8400'

Classes redefined (0 events):
No events

Internal exceptions (20 events):
Event: 13.712 Thread 0x00000195e40b1e60 Exception <a 'java/lang/NoSuchMethodError'{0x00000000d5586510}: 'java.lang.Object java.lang.invoke.DirectMethodHandle$Holder.invokeStatic(java.lang.Object, long, java.lang.Object)'> (0x00000000d5586510) 
thrown [s\src\hotspot\share\interpreter\linkResolver.cpp, line 773]
Event: 13.715 Thread 0x00000195e40b1e60 Exception <a 'java/lang/NoSuchMethodError'{0x00000000d55ab1e8}: 'java.lang.Object java.lang.invoke.DirectMethodHandle$Holder.invokeStaticInit(java.lang.Object, long, java.lang.Object)'> (0x00000000d55ab1e8) 
thrown [s\src\hotspot\share\interpreter\linkResolver.cpp, line 773]
Event: 13.718 Thread 0x00000195e40b1e60 Exception <a 'java/lang/NoSuchMethodError'{0x00000000d55e9138}: 'java.lang.Object java.lang.invoke.DirectMethodHandle$Holder.newInvokeSpecial(java.lang.Object, long)'> (0x00000000d55e9138) 
thrown [s\src\hotspot\share\interpreter\linkResolver.cpp, line 773]
Event: 13.757 Thread 0x00000195fd9abbb0 Exception <a 'java/io/FileNotFoundException'{0x00000000d5988c40}> (0x00000000d5988c40) 
thrown [s\src\hotspot\share\prims\jni.cpp, line 520]
Event: 13.761 Thread 0x00000195fd9abbb0 Exception <a 'java/io/FileNotFoundException'{0x00000000d59d1718}> (0x00000000d59d1718) 
thrown [s\src\hotspot\share\prims\jni.cpp, line 520]
Event: 13.767 Thread 0x00000195fd9abbb0 Exception <a 'java/io/FileNotFoundException'{0x00000000d59d5d40}> (0x00000000d59d5d40) 
thrown [s\src\hotspot\share\prims\jni.cpp, line 520]
Event: 13.768 Thread 0x00000195fd9abbb0 Exception <a 'java/io/FileNotFoundException'{0x00000000d5aecfd0}> (0x00000000d5aecfd0) 
thrown [s\src\hotspot\share\prims\jni.cpp, line 520]
Event: 13.770 Thread 0x00000195fd9abbb0 Exception <a 'java/io/FileNotFoundException'{0x00000000d5aee018}> (0x00000000d5aee018) 
thrown [s\src\hotspot\share\prims\jni.cpp, line 520]
Event: 13.778 Thread 0x00000195fd9ae310 Exception <a 'java/lang/NoSuchMethodError'{0x00000000d5b5f978}: 'void java.lang.invoke.DirectMethodHandle$Holder.invokeStaticInit(java.lang.Object, java.lang.Object, java.lang.Object, java.lang.Object)'> (0x00000000d5b5f978) 
thrown [s\src\hotspot\share\interpreter\linkResolver.cpp, line 773]
Event: 13.946 Thread 0x00000195fd9abbb0 Implicit null exception at 0x00000195eefeb2f7 to 0x00000195eefeb568
Event: 13.950 Thread 0x00000195fd9abbb0 Exception <a 'java/lang/NoSuchMethodError'{0x00000000d6a0d9a0}: 'java.lang.Object java.lang.invoke.DelegatingMethodHandle$Holder.reinvoke_L(java.lang.Object, int, long, java.lang.Object, java.lang.Object, int, java.lang.Object)'> (0x00000000d6a0d9a0) 
thrown [s\src\hotspot\share\interpreter\linkResolver.cpp, line 773]
Event: 14.104 Thread 0x00000195fd9aae90 Exception <a 'java/io/FileNotFoundException'{0x00000000d62d97d0}> (0x00000000d62d97d0) 
thrown [s\src\hotspot\share\prims\jni.cpp, line 520]
Event: 14.105 Thread 0x00000195fd9aae90 Exception <a 'java/io/FileNotFoundException'{0x00000000d62daa98}> (0x00000000d62daa98) 
thrown [s\src\hotspot\share\prims\jni.cpp, line 520]
Event: 14.112 Thread 0x00000195fd9aae90 Exception <a 'java/lang/NoSuchMethodError'{0x00000000d632a8f8}: 'java.lang.Object java.lang.invoke.DirectMethodHandle$Holder.newInvokeSpecial(java.lang.Object, java.lang.Object, java.lang.Object, int)'> (0x00000000d632a8f8) 
thrown [s\src\hotspot\share\interpreter\linkResolver.cpp, line 773]
Event: 14.113 Thread 0x00000195fd9aae90 Exception <a 'java/lang/NoSuchMethodError'{0x00000000d632e5b0}: 'java.lang.Object java.lang.invoke.DirectMethodHandle$Holder.invokeSpecial(java.lang.Object, java.lang.Object, java.lang.Object, java.lang.Object, int)'> (0x00000000d632e5b0) 
thrown [s\src\hotspot\share\interpreter\linkResolver.cpp, line 773]
Event: 14.114 Thread 0x00000195fd9aae90 Exception <a 'java/lang/NoSuchMethodError'{0x00000000d6398e88}: 'java.lang.Object java.lang.invoke.Invokers$Holder.linkToTargetMethod(java.lang.Object, java.lang.Object, int, java.lang.Object)'> (0x00000000d6398e88) 
thrown [s\src\hotspot\share\interpreter\linkResolver.cpp, line 773]
Event: 14.117 Thread 0x00000195fd9aae90 Exception <a 'java/lang/NoSuchMethodError'{0x00000000d63bc4b0}: 'void java.lang.invoke.DirectMethodHandle$Holder.invokeStaticInit(java.lang.Object, java.lang.Object, java.lang.Object)'> (0x00000000d63bc4b0) 
thrown [s\src\hotspot\share\interpreter\linkResolver.cpp, line 773]
Event: 14.444 Thread 0x00000195e40b1e60 Exception <a 'java/lang/NoSuchMethodError'{0x00000000d564da08}: 'void java.lang.invoke.DirectMethodHandle$Holder.invokeSpecial(java.lang.Object, java.lang.Object, java.lang.Object, java.lang.Object, java.lang.Object, java.lang.Object)'> (0x00000000d564da08) 
thrown [s\src\hotspot\share\interpreter\linkResolver.cpp, line 773]
Event: 14.446 Thread 0x00000195e40b1e60 Exception <a 'java/lang/IncompatibleClassChangeError'{0x00000000d5694dd8}: Found class java.lang.Object, but interface was expected> (0x00000000d5694dd8) 
thrown [s\src\hotspot\share\interpreter\linkResolver.cpp, line 840]
Event: 14.447 Thread 0x00000195e40b1e60 Exception <a 'java/lang/IncompatibleClassChangeError'{0x00000000d5696c60}: Found class java.lang.Object, but interface was expected> (0x00000000d5696c60) 
thrown [s\src\hotspot\share\interpreter\linkResolver.cpp, line 840]

ZGC Phase Switch (0 events):
No events

VM Operations (20 events):
Event: 13.711 Executing VM operation: CollectForMetadataAllocation (Metadata GC Threshold)
Event: 13.712 Executing VM operation: CollectForMetadataAllocation (Metadata GC Threshold) done
Event: 13.882 Executing VM operation: HandshakeAllThreads (Deoptimize)
Event: 13.882 Executing VM operation: HandshakeAllThreads (Deoptimize) done
Event: 13.956 Executing VM operation: ParallelGCFailedAllocation (Allocation Failure)
Event: 13.962 Executing VM operation: ParallelGCFailedAllocation (Allocation Failure) done
Event: 14.004 Executing VM operation: HandshakeAllThreads (Deoptimize)
Event: 14.004 Executing VM operation: HandshakeAllThreads (Deoptimize) done
Event: 14.006 Executing VM operation: HandshakeAllThreads (Deoptimize)
Event: 14.007 Executing VM operation: HandshakeAllThreads (Deoptimize) done
Event: 14.057 Executing VM operation: HandshakeAllThreads (Deoptimize)
Event: 14.057 Executing VM operation: HandshakeAllThreads (Deoptimize) done
Event: 14.191 Executing VM operation: ParallelGCFailedAllocation (Allocation Failure)
Event: 14.197 Executing VM operation: ParallelGCFailedAllocation (Allocation Failure) done
Event: 14.335 Executing VM operation: ParallelGCFailedAllocation (Allocation Failure)
Event: 14.341 Executing VM operation: ParallelGCFailedAllocation (Allocation Failure) done
Event: 14.422 Executing VM operation: ParallelGCFailedAllocation (Allocation Failure)
Event: 14.429 Executing VM operation: ParallelGCFailedAllocation (Allocation Failure) done
Event: 14.557 Executing VM operation: ParallelGCFailedAllocation (Allocation Failure)
Event: 15.591 Executing VM operation: ParallelGCFailedAllocation (Allocation Failure) done

Memory protections (0 events):
No events

Nmethod flushes (20 events):
Event: 13.679 Thread 0x00000195e4044070 flushing  nmethod 0x00000195e7975c10
Event: 13.679 Thread 0x00000195e4044070 flushing  nmethod 0x00000195e7975f10
Event: 13.679 Thread 0x00000195e4044070 flushing  nmethod 0x00000195e79a5590
Event: 13.679 Thread 0x00000195e4044070 flushing  nmethod 0x00000195e79a6410
Event: 13.679 Thread 0x00000195e4044070 flushing  nmethod 0x00000195e79a6d10
Event: 13.679 Thread 0x00000195e4044070 flushing  nmethod 0x00000195e79a7f10
Event: 13.679 Thread 0x00000195e4044070 flushing  nmethod 0x00000195e79a8c90
Event: 13.679 Thread 0x00000195e4044070 flushing  nmethod 0x00000195e79aa510
Event: 13.679 Thread 0x00000195e4044070 flushing  nmethod 0x00000195e79aae10
Event: 13.679 Thread 0x00000195e4044070 flushing  nmethod 0x00000195e79ab310
Event: 13.679 Thread 0x00000195e4044070 flushing  nmethod 0x00000195e79ac010
Event: 13.679 Thread 0x00000195e4044070 flushing  nmethod 0x00000195e79acc90
Event: 13.679 Thread 0x00000195e4044070 flushing  nmethod 0x00000195e79f3590
Event: 13.679 Thread 0x00000195e4044070 flushing  nmethod 0x00000195e79f7790
Event: 13.679 Thread 0x00000195e4044070 flushing  nmethod 0x00000195e7a14390
Event: 13.679 Thread 0x00000195e4044070 flushing  nmethod 0x00000195e7a1be10
Event: 13.679 Thread 0x00000195e4044070 flushing  nmethod 0x00000195e7a6b710
Event: 13.679 Thread 0x00000195e4044070 flushing  nmethod 0x00000195e7a97310
Event: 13.679 Thread 0x00000195e4044070 flushing  nmethod 0x00000195e7acf610
Event: 13.679 Thread 0x00000195e4044070 flushing  nmethod 0x00000195e7acfa90

Events (20 events):
Event: 13.757 Thread 0x00000195e40b1e60 Thread added: 0x00000195fd9ad5f0
Event: 13.758 Thread 0x00000195e40b1e60 Thread added: 0x00000195fd9adc80
Event: 13.758 Thread 0x00000195e40b1e60 Thread added: 0x00000195fd9af030
Event: 13.759 Thread 0x00000195e40b1e60 Thread added: 0x00000195fd9af6c0
Event: 13.760 Thread 0x00000195e40b1e60 Thread added: 0x00000195fd9ac240
Event: 13.761 Thread 0x00000195e40b1e60 Thread added: 0x00000195fd9afd50
Event: 13.761 Thread 0x00000195e40b1e60 Thread added: 0x00000195fd9b03e0
Event: 13.762 Thread 0x00000195e40b1e60 Thread added: 0x00000195fd9b0a70
Event: 13.762 Thread 0x00000195e40b1e60 Thread added: 0x00000195fd9b1100
Event: 13.763 Thread 0x00000195e40b1e60 Thread added: 0x00000195fd9b1790
Event: 13.764 Thread 0x00000195e40b1e60 Thread added: 0x00000195c7b94d90
Event: 13.764 Thread 0x00000195e40b1e60 Thread added: 0x00000195c7b94070
Event: 13.764 Thread 0x00000195e40b1e60 Thread added: 0x00000195c7b967d0
Event: 13.764 Thread 0x00000195e40b1e60 Thread added: 0x00000195c7b95ab0
Event: 13.765 Thread 0x00000195e40b1e60 Thread added: 0x00000195c7b96e60
Event: 13.765 Thread 0x00000195e40b1e60 Thread added: 0x00000195c7b94700
Event: 13.871 Thread 0x00000195e40b1e60 Thread added: 0x00000195c7b974f0
Event: 13.895 Thread 0x00000195c550d9c0 Thread added: 0x00000195c50eb570
Event: 14.496 Thread 0x00000195e40b1e60 Thread added: 0x00000195c7b97b80
Event: 14.497 Thread 0x00000195e40b1e60 Thread added: 0x00000195c7b988a0


Dynamic libraries:
0x00007ff662b80000 - 0x00007ff662b8e000 	c:\Users\josuesitoe\.vscode\extensions\redhat.java-1.46.0-win32-x64\jre\21.0.8-win32-x86_64\bin\java.exe
0x00007ffd91fa0000 - 0x00007ffd92208000 	C:\WINDOWS\SYSTEM32\ntdll.dll
0x00007ffd91220000 - 0x00007ffd912e9000 	C:\WINDOWS\System32\KERNEL32.DLL
0x00007ffd8f280000 - 0x00007ffd8f672000 	C:\WINDOWS\System32\KERNELBASE.dll
0x00007ffd8f7b0000 - 0x00007ffd8f8fb000 	C:\WINDOWS\System32\ucrtbase.dll
0x00007ffd6c2b0000 - 0x00007ffd6c2c8000 	c:\Users\josuesitoe\.vscode\extensions\redhat.java-1.46.0-win32-x64\jre\21.0.8-win32-x86_64\bin\jli.dll
0x00007ffd6e1f0000 - 0x00007ffd6e20e000 	c:\Users\josuesitoe\.vscode\extensions\redhat.java-1.46.0-win32-x64\jre\21.0.8-win32-x86_64\bin\VCRUNTIME140.dll
0x00007ffd91680000 - 0x00007ffd91845000 	C:\WINDOWS\System32\USER32.dll
0x00007ffd8e540000 - 0x00007ffd8e7d3000 	C:\WINDOWS\WinSxS\amd64_microsoft.windows.common-controls_6595b64144ccf1df_6.0.26100.6899_none_3e0efeeae32e88c1\COMCTL32.dll
0x00007ffd8fbd0000 - 0x00007ffd8fbf7000 	C:\WINDOWS\System32\win32u.dll
0x00007ffd90230000 - 0x00007ffd902d9000 	C:\WINDOWS\System32\msvcrt.dll
0x00007ffd90410000 - 0x00007ffd9043b000 	C:\WINDOWS\System32\GDI32.dll
0x00007ffd8f680000 - 0x00007ffd8f7ad000 	C:\WINDOWS\System32\gdi32full.dll
0x00007ffd8fa80000 - 0x00007ffd8fb23000 	C:\WINDOWS\System32\msvcp_win.dll
0x00007ffd91540000 - 0x00007ffd9156f000 	C:\WINDOWS\System32\IMM32.DLL
0x00007ffd718e0000 - 0x00007ffd718ec000 	c:\Users\josuesitoe\.vscode\extensions\redhat.java-1.46.0-win32-x64\jre\21.0.8-win32-x86_64\bin\vcruntime140_1.dll
0x00007ffd5c990000 - 0x00007ffd5ca1d000 	c:\Users\josuesitoe\.vscode\extensions\redhat.java-1.46.0-win32-x64\jre\21.0.8-win32-x86_64\bin\msvcp140.dll
0x00007ffccac80000 - 0x00007ffccba17000 	c:\Users\josuesitoe\.vscode\extensions\redhat.java-1.46.0-win32-x64\jre\21.0.8-win32-x86_64\bin\server\jvm.dll
0x00007ffd91e70000 - 0x00007ffd91f24000 	C:\WINDOWS\System32\ADVAPI32.dll
0x00007ffd91490000 - 0x00007ffd91536000 	C:\WINDOWS\System32\sechost.dll
0x00007ffd90990000 - 0x00007ffd90aa8000 	C:\WINDOWS\System32\RPCRT4.dll
0x00007ffd900f0000 - 0x00007ffd90164000 	C:\WINDOWS\System32\WS2_32.dll
0x00007ffd86350000 - 0x00007ffd86385000 	C:\WINDOWS\SYSTEM32\WINMM.dll
0x00007ffd8ef90000 - 0x00007ffd8efee000 	C:\WINDOWS\SYSTEM32\POWRPROF.dll
0x00007ffd86390000 - 0x00007ffd8639b000 	C:\WINDOWS\SYSTEM32\VERSION.dll
0x00007ffd8ef70000 - 0x00007ffd8ef84000 	C:\WINDOWS\SYSTEM32\UMPDC.dll
0x00007ffd8d590000 - 0x00007ffd8d5ab000 	C:\WINDOWS\SYSTEM32\kernel.appcore.dll
0x00007ffd70b20000 - 0x00007ffd70b2a000 	c:\Users\josuesitoe\.vscode\extensions\redhat.java-1.46.0-win32-x64\jre\21.0.8-win32-x86_64\bin\jimage.dll
0x00007ffd8e910000 - 0x00007ffd8eb52000 	C:\WINDOWS\SYSTEM32\DBGHELP.DLL
0x00007ffd8fd70000 - 0x00007ffd900eb000 	C:\WINDOWS\System32\combase.dll
0x00007ffd90330000 - 0x00007ffd90407000 	C:\WINDOWS\System32\OLEAUT32.dll
0x00007ffd8e7e0000 - 0x00007ffd8e81c000 	C:\WINDOWS\SYSTEM32\dbgcore.DLL
0x00007ffd8fb30000 - 0x00007ffd8fbc8000 	C:\WINDOWS\System32\bcryptPrimitives.dll
0x00007ffd89040000 - 0x00007ffd8904f000 	c:\Users\josuesitoe\.vscode\extensions\redhat.java-1.46.0-win32-x64\jre\21.0.8-win32-x86_64\bin\instrument.dll
0x00007ffd6c290000 - 0x00007ffd6c2af000 	c:\Users\josuesitoe\.vscode\extensions\redhat.java-1.46.0-win32-x64\jre\21.0.8-win32-x86_64\bin\java.dll
0x00007ffd90ab0000 - 0x00007ffd911fd000 	C:\WINDOWS\System32\SHELL32.dll
0x00007ffd8fc00000 - 0x00007ffd8fd6b000 	C:\WINDOWS\System32\wintypes.dll
0x00007ffd8c260000 - 0x00007ffd8cabd000 	C:\WINDOWS\SYSTEM32\windows.storage.dll
0x00007ffd90880000 - 0x00007ffd90972000 	C:\WINDOWS\System32\SHCORE.dll
0x00007ffd90810000 - 0x00007ffd90872000 	C:\WINDOWS\System32\shlwapi.dll
0x00007ffd8f050000 - 0x00007ffd8f079000 	C:\WINDOWS\SYSTEM32\profapi.dll
0x00007ffd6c170000 - 0x00007ffd6c188000 	c:\Users\josuesitoe\.vscode\extensions\redhat.java-1.46.0-win32-x64\jre\21.0.8-win32-x86_64\bin\zip.dll
0x00007ffd800a0000 - 0x00007ffd800b0000 	C:\Users\josuesitoe\.vscode\extensions\redhat.java-1.46.0-win32-x64\jre\21.0.8-win32-x86_64\bin\net.dll
0x00007ffd86560000 - 0x00007ffd8667f000 	C:\WINDOWS\SYSTEM32\WINHTTP.dll
0x00007ffd8daa0000 - 0x00007ffd8db0b000 	C:\WINDOWS\system32\mswsock.dll
0x00007ffd6bef0000 - 0x00007ffd6bf06000 	C:\Users\josuesitoe\.vscode\extensions\redhat.java-1.46.0-win32-x64\jre\21.0.8-win32-x86_64\bin\nio.dll
0x00007ffd6ecb0000 - 0x00007ffd6ecc0000 	c:\Users\josuesitoe\.vscode\extensions\redhat.java-1.46.0-win32-x64\jre\21.0.8-win32-x86_64\bin\verify.dll
0x00007ffd58160000 - 0x00007ffd581a4000 	C:\Users\josuesitoe\AppData\Roaming\Code\User\globalStorage\redhat.java\1.46.0\config_win\org.eclipse.equinox.launcher\org.eclipse.equinox.launcher.win32.win32.x86_64_1.2.1400.v20250801-0854\eclipse_11916.dll
0x00007ffd912f0000 - 0x00007ffd91488000 	C:\WINDOWS\System32\ole32.dll
0x00007ffd8ec60000 - 0x00007ffd8ec7b000 	C:\WINDOWS\SYSTEM32\CRYPTSP.dll
0x00007ffd8df40000 - 0x00007ffd8df7b000 	C:\WINDOWS\system32\rsaenh.dll
0x00007ffd8db10000 - 0x00007ffd8db3b000 	C:\WINDOWS\SYSTEM32\USERENV.dll
0x00007ffd8f020000 - 0x00007ffd8f046000 	C:\WINDOWS\SYSTEM32\bcrypt.dll
0x00007ffd8df30000 - 0x00007ffd8df3c000 	C:\WINDOWS\SYSTEM32\CRYPTBASE.dll
0x00007ffd8cdc0000 - 0x00007ffd8cdf4000 	C:\WINDOWS\SYSTEM32\IPHLPAPI.DLL
0x00007ffd91d40000 - 0x00007ffd91d4a000 	C:\WINDOWS\System32\NSI.dll
0x00007ffd57110000 - 0x00007ffd57159000 	C:\Users\josuesitoe\AppData\Local\Temp\jna--95111402\jna11785268419776256466.dll
0x00007ffd90980000 - 0x00007ffd90988000 	C:\WINDOWS\System32\PSAPI.DLL
0x00007ffd87090000 - 0x00007ffd870ae000 	C:\WINDOWS\SYSTEM32\dhcpcsvc6.DLL
0x00007ffd86fd0000 - 0x00007ffd86ff3000 	C:\WINDOWS\SYSTEM32\dhcpcsvc.DLL

JVMTI agents:
c:\Users\josuesitoe\.vscode\extensions\redhat.java-1.46.0-win32-x64\lombok\lombok-1.18.39-4050.jar path:c:\Users\josuesitoe\.vscode\extensions\redhat.java-1.46.0-win32-x64\jre\21.0.8-win32-x86_64\bin\instrument.dll, loaded, initialized, instrumentlib options:none

dbghelp: loaded successfully - version: 4.0.5 - missing functions: none
symbol engine: initialized successfully - sym options: 0x614 - pdb path: .;c:\Users\josuesitoe\.vscode\extensions\redhat.java-1.46.0-win32-x64\jre\21.0.8-win32-x86_64\bin;C:\WINDOWS\SYSTEM32;C:\WINDOWS\WinSxS\amd64_microsoft.windows.common-controls_6595b64144ccf1df_6.0.26100.6899_none_3e0efeeae32e88c1;c:\Users\josuesitoe\.vscode\extensions\redhat.java-1.46.0-win32-x64\jre\21.0.8-win32-x86_64\bin\server;C:\Users\josuesitoe\AppData\Roaming\Code\User\globalStorage\redhat.java\1.46.0\config_win\org.eclipse.equinox.launcher\org.eclipse.equinox.launcher.win32.win32.x86_64_1.2.1400.v20250801-0854;C:\Users\josuesitoe\AppData\Local\Temp\jna--95111402

VM Arguments:
jvm_args: --add-modules=ALL-SYSTEM --add-opens=java.base/java.util=ALL-UNNAMED --add-opens=java.base/java.lang=ALL-UNNAMED --add-opens=java.base/sun.nio.fs=ALL-UNNAMED -Declipse.application=org.eclipse.jdt.ls.core.id1 -Dosgi.bundles.defaultStartLevel=4 -Declipse.product=org.eclipse.jdt.ls.core.product -Djava.import.generatesMetadataFilesAtProjectRoot=false -DDetectVMInstallationsJob.disabled=true -Dfile.encoding=utf8 -XX:+UseParallelGC -XX:GCTimeRatio=4 -XX:AdaptiveSizePolicyWeight=90 -Dsun.zip.disableMemoryMapping=true -Xmx2G -Xms100m -Xlog:disable -javaagent:c:\Users\josuesitoe\.vscode\extensions\redhat.java-1.46.0-win32-x64\lombok\lombok-1.18.39-4050.jar -XX:+HeapDumpOnOutOfMemoryError -XX:HeapDumpPath=c:\Users\josuesitoe\AppData\Roaming\Code\User\workspaceStorage\b6a6d4d9d6201c9de0d0fbad05277ae1\redhat.java -Daether.dependencyCollector.impl=bf 
java_command: c:\Users\josuesitoe\.vscode\extensions\redhat.java-1.46.0-win32-x64\server\plugins\org.eclipse.equinox.launcher_1.7.0.v20250519-0528.jar -configuration c:\Users\josuesitoe\AppData\Roaming\Code\User\globalStorage\redhat.java\1.46.0\config_win -data c:\Users\josuesitoe\AppData\Roaming\Code\User\workspaceStorage\b6a6d4d9d6201c9de0d0fbad05277ae1\redhat.java\jdt_ws --pipe=\\.\pipe\lsp-c57b5e9800f278dd7d8ac57d4044512e-sock
java_class_path (initial): c:\Users\josuesitoe\.vscode\extensions\redhat.java-1.46.0-win32-x64\server\plugins\org.eclipse.equinox.launcher_1.7.0.v20250519-0528.jar
Launcher Type: SUN_STANDARD

[Global flags]
    uintx AdaptiveSizePolicyWeight                 = 90                                        {product} {command line}
     intx CICompilerCount                          = 12                                        {product} {ergonomic}
    uintx GCTimeRatio                              = 4                                         {product} {command line}
     bool HeapDumpOnOutOfMemoryError               = true                                   {manageable} {command line}
    ccstr HeapDumpPath                             = c:\Users\josuesitoe\AppData\Roaming\Code\User\workspaceStorage\b6a6d4d9d6201c9de0d0fbad05277ae1\redhat.java         {manageable} {command line}
   size_t InitialHeapSize                          = 104857600                                 {product} {command line}
   size_t MaxHeapSize                              = 2147483648                                {product} {command line}
   size_t MaxNewSize                               = 715653120                                 {product} {ergonomic}
   size_t MinHeapDeltaBytes                        = 524288                                    {product} {ergonomic}
   size_t MinHeapSize                              = 104857600                                 {product} {command line}
   size_t NewSize                                  = 34603008                                  {product} {ergonomic}
    uintx NonNMethodCodeHeapSize                   = 7602480                                {pd product} {ergonomic}
    uintx NonProfiledCodeHeapSize                  = 122027880                              {pd product} {ergonomic}
   size_t OldSize                                  = 70254592                                  {product} {ergonomic}
    uintx ProfiledCodeHeapSize                     = 122027880                              {pd product} {ergonomic}
    uintx ReservedCodeCacheSize                    = 251658240                              {pd product} {ergonomic}
     bool SegmentedCodeCache                       = true                                      {product} {ergonomic}
   size_t SoftMaxHeapSize                          = 2147483648                             {manageable} {ergonomic}
     bool UseCompressedOops                        = true                           {product lp64_product} {ergonomic}
     bool UseLargePagesIndividualAllocation        = false                                  {pd product} {ergonomic}
     bool UseParallelGC                            = true                                      {product} {command line}

Logging:
Log output configuration:
 #0: stdout all=off uptime,level,tags foldmultilines=false
 #1: stderr all=off uptime,level,tags foldmultilines=false

Environment Variables:
JAVA_HOME=C:\Program Files\Java\jdk-17
PATH=C:\Python313\Scripts\;C:\Python313\;C:\Program Files\Common Files\Oracle\Java\javapath;C:\Program Files (x86)\Common Files\Oracle\Java\java8path;C:\Program Files (x86)\Common Files\Oracle\Java\javapath;C:\WINDOWS\system32;C:\WINDOWS;C:\WINDOWS\System32\Wbem;C:\WINDOWS\System32\WindowsPowerShell\v1.0\;C:\WINDOWS\System32\OpenSSH\;C:\Program Files (x86)\Microsoft SQL Server\160\Tools\Binn\;C:\Program Files\Microsoft SQL Server\160\Tools\Binn\;C:\Program Files\Microsoft SQL Server\Client SDK\ODBC\170\Tools\Binn\;C:\Program Files\Microsoft SQL Server\160\DTS\Binn\;C:\Program Files\Git\cmd;C:\xampp\php;C:\ProgramData\ComposerSetup\bin;C:\Program Files (x86)\Incredibuild;C:\Program Files (x86)\Windows Kits\10\Windows Performance Toolkit\;C:\Users\josuesitoe\Downloads\platform-tools-latest-windows\platform-tools;C:\Program Files\nodejs\;C:\ProgramData\chocolatey\bin;C:\flutter\bin;C:\Program Files\dotnet\;C:\ProgramData\chocolatey\lib\maven\apache-maven-3.9.11\bin;C:\Program Files\Java\jdk-17\bin;C:\Python313\Scripts\;C:\Python313\;C:\Program Files\Common Files\Oracle\Java\javapath;C:\Program Files (x86)\Common Files\Oracle\Java\java8path;C:\Program Files (x86)\Common Files\Oracle\Java\javapath;C:\WINDOWS\system32;C:\WINDOWS;C:\WINDOWS\System32\Wbem;C:\WINDOWS\System32\WindowsPowerShell\v1.0\;C:\WINDOWS\System32\OpenSSH\;C:\Program Files (x86)\Microsoft SQL Server\160\Tools\Binn\;C:\Program Files\Microsoft SQL Server\160\Tools\Binn\;C:\Program Files\Microsoft SQL Server\Client SDK\ODBC\170\Tools\Binn\;C:\Program Files\Microsoft SQL Server\160\DTS\Binn\;C:\Program Files\Git\cmd;C:\xampp\php;C:\ProgramData\ComposerSetup\bin;C:\Program Files (x86)\Incredibuild;C:\Program Files (x86)\Windows Kits\10\Windows Performance Toolkit\;C:\Users\josuesitoe\Downloads\platform-tools-latest-windows\platform-tools;C:\Program Files\nodejs\;C:\ProgramData\chocolatey\bin;C:\flutter\bin;C:\Program Files\dotnet\;C:\Program Files\Java\jdk-17\bin;C:\Users\josuesitoe\AppData\Local\Programs\Microsoft VS Code\bin;C:\Users\josuesitoe\.dotnet\tools;C:\ProgramData\chocolatey\lib\maven\apache-maven-3.9.11\bin;C:\Users\josuesitoe\AppData\Local\Programs\Microsoft VS Code\bin;C:\Users\josuesitoe\.dotnet\tools;C:\ProgramData\chocolatey\lib\maven\apache-maven-3.9.11\bin
USERNAME=josuesitoe
OS=Windows_NT
PROCESSOR_IDENTIFIER=AMD64 Family 23 Model 104 Stepping 1, AuthenticAMD
TMP=C:\Users\JOSUES~1\AppData\Local\Temp
TEMP=C:\Users\JOSUES~1\AppData\Local\Temp




Periodic native trim disabled

---------------  S Y S T E M  ---------------

OS:
 Windows 11 , 64 bit Build 26100 (10.0.26100.6725)
OS uptime: 3 days 0:04 hours
Hyper-V role detected

CPU: total 16 (initial active 16) (16 cores per cpu, 2 threads per core) family 23 model 104 stepping 1 microcode 0x8608103, cx8, cmov, fxsr, ht, mmx, 3dnowpref, sse, sse2, sse3, ssse3, sse4a, sse4.1, sse4.2, popcnt, lzcnt, tsc, tscinvbit, avx, avx2, aes, clmul, bmi1, bmi2, adx, sha, fma, vzeroupper, clflush, clflushopt, hv, rdtscp, rdpid, f16c
Processor Information for the first 16 processors :
  Max Mhz: 1801, Current Mhz: 1801, Mhz Limit: 1801

Memory: 4k page, system-wide physical 5989M (730M free)
TotalPageFile size 24421M (AvailPageFile size 26M)
current process WorkingSet (physical memory assigned to process): 232M, peak: 235M
current process commit charge ("private bytes"): 367M, peak: 371M

vm_info: OpenJDK 64-Bit Server VM (21.0.8+9-LTS) for windows-amd64 JRE (21.0.8+9-LTS), built on 2025-07-15T00:00:00Z by "admin" with MS VC++ 17.7 (VS2022)

END.
