#
# There is insufficient memory for the Java Runtime Environment to continue.
# Native memory allocation (malloc) failed to allocate 2467536 bytes for Chunk::new
# Possible reasons:
#   The system is out of physical RAM or swap space
#   The process is running with CompressedOops enabled, and the Java Heap may be blocking the growth of the native heap
# Possible solutions:
#   Reduce memory load on the system
#   Increase physical memory or swap space
#   Check if swap backing store is full
#   Decrease Java heap size (-Xmx/-Xms)
#   Decrease number of Java threads
#   Decrease Java thread stack sizes (-Xss)
#   Set larger code cache with -XX:ReservedCodeCacheSize=
#   JVM is running with Unscaled Compressed Oops mode in which the Java heap is
#     placed in the first 4GB address space. The Java Heap base address is the
#     maximum limit for the native heap growth. Please use -XX:HeapBaseMinAddress
#     to set the Java Heap base and to place the Java Heap above 4GB virtual address.
# This output file may be truncated or incomplete.
#
#  Out of Memory Error (arena.cpp:189), pid=8716, tid=26852
#
# JRE version: Java(TM) SE Runtime Environment (17.0.12+8) (build 17.0.12+8-LTS-286)
# Java VM: Java HotSpot(TM) 64-Bit Server VM (17.0.12+8-LTS-286, mixed mode, sharing, tiered, compressed oops, compressed class ptrs, g1 gc, windows-amd64)
# No core dump will be written. Minidumps are not enabled by default on client versions of Windows
#

---------------  S U M M A R Y ------------

Command Line: --enable-native-access=ALL-UNNAMED -Dclassworlds.conf=C:\ProgramData\chocolatey\lib\maven\apache-maven-3.9.11\bin\m2.conf -Dmaven.home=C:\ProgramData\chocolatey\lib\maven\apache-maven-3.9.11 -Dlibrary.jansi.path=C:\ProgramData\chocolatey\lib\maven\apache-maven-3.9.11\lib\jansi-native -Dmaven.multiModuleProjectDirectory=C:\Users\josuesitoe\Documents\Pessoal\AlvaroHilario_Project\banco-desktop org.codehaus.plexus.classworlds.launcher.Launcher clean compile

Host: AMD Ryzen 7 5700U with Radeon Graphics         , 16 cores, 5G,  Windows 11 , 64 bit Build 26100 (10.0.26100.6725)
Time: Tue Oct 28 17:10:01 2025 South Africa Standard Time elapsed time: 8.150829 seconds (0d 0h 0m 8s)

---------------  T H R E A D  ---------------

Current thread (0x0000019a0280c6e0):  JavaThread "C2 CompilerThread0" daemon [_thread_in_native, id=26852, stack(0x0000009552c00000,0x0000009552d00000)]


Current CompileTask:
C2:   8151 5078   !   4       com.sun.tools.javac.jvm.ClassReader::classSigToType (497 bytes)

Stack: [0x0000009552c00000,0x0000009552d00000]
Native frames: (J=compiled Java code, j=interpreted, Vv=VM code, C=native code)
V  [jvm.dll+0x67a04a]
V  [jvm.dll+0x7da4ed]
V  [jvm.dll+0x7dbe33]
V  [jvm.dll+0x7dc4a3]
V  [jvm.dll+0x24508f]
V  [jvm.dll+0xab773]
V  [jvm.dll+0xabd3c]
V  [jvm.dll+0x361bee]
V  [jvm.dll+0x32c431]
V  [jvm.dll+0x32b8ca]
V  [jvm.dll+0x21683f]
V  [jvm.dll+0x215c6f]
V  [jvm.dll+0x1a2960]
V  [jvm.dll+0x22610b]
V  [jvm.dll+0x2242ab]
V  [jvm.dll+0x79075c]
V  [jvm.dll+0x78abea]
V  [jvm.dll+0x678f35]
C  [ucrtbase.dll+0x37b0]
C  [KERNEL32.DLL+0x2e8d7]
C  [ntdll.dll+0x8c53c]


---------------  P R O C E S S  ---------------

Threads class SMR info:
_java_thread_list=0x0000019a4996cef0, length=16, elements={
0x0000019a64754060, 0x0000019a027ef9a0, 0x0000019a027f0560, 0x0000019a02809c00,
0x0000019a0280a5c0, 0x0000019a0280af80, 0x0000019a0280b940, 0x0000019a0280c6e0,
0x0000019a0280d930, 0x0000019a02821b00, 0x0000019a02aaa640, 0x0000019a02ab9930,
0x0000019a48fc15b0, 0x0000019a492b1b10, 0x0000019a494d88e0, 0x0000019a496451a0
}

Java Threads: ( => current thread )
  0x0000019a64754060 JavaThread "main" [_thread_blocked, id=22052, stack(0x0000009551f00000,0x0000009552000000)]
  0x0000019a027ef9a0 JavaThread "Reference Handler" daemon [_thread_blocked, id=6472, stack(0x0000009552600000,0x0000009552700000)]
  0x0000019a027f0560 JavaThread "Finalizer" daemon [_thread_blocked, id=22056, stack(0x0000009552700000,0x0000009552800000)]
  0x0000019a02809c00 JavaThread "Signal Dispatcher" daemon [_thread_blocked, id=29144, stack(0x0000009552800000,0x0000009552900000)]
  0x0000019a0280a5c0 JavaThread "Attach Listener" daemon [_thread_blocked, id=31128, stack(0x0000009552900000,0x0000009552a00000)]
  0x0000019a0280af80 JavaThread "Service Thread" daemon [_thread_blocked, id=31272, stack(0x0000009552a00000,0x0000009552b00000)]
  0x0000019a0280b940 JavaThread "Monitor Deflation Thread" daemon [_thread_blocked, id=27064, stack(0x0000009552b00000,0x0000009552c00000)]
=>0x0000019a0280c6e0 JavaThread "C2 CompilerThread0" daemon [_thread_in_native, id=26852, stack(0x0000009552c00000,0x0000009552d00000)]
  0x0000019a0280d930 JavaThread "C1 CompilerThread0" daemon [_thread_blocked, id=28876, stack(0x0000009552d00000,0x0000009552e00000)]
  0x0000019a02821b00 JavaThread "Sweeper thread" daemon [_thread_blocked, id=3544, stack(0x0000009552e00000,0x0000009552f00000)]
  0x0000019a02aaa640 JavaThread "Notification Thread" daemon [_thread_blocked, id=25904, stack(0x0000009553200000,0x0000009553300000)]
  0x0000019a02ab9930 JavaThread "Common-Cleaner" daemon [_thread_blocked, id=4744, stack(0x0000009553400000,0x0000009553500000)]
  0x0000019a48fc15b0 JavaThread "Thread-1" daemon [_thread_blocked, id=4468, stack(0x0000009553e00000,0x0000009553f00000)]
  0x0000019a492b1b10 JavaThread "C1 CompilerThread1" daemon [_thread_blocked, id=28748, stack(0x0000009552f00000,0x0000009553000000)]
  0x0000019a494d88e0 JavaThread "C2 CompilerThread1" daemon [_thread_blocked, id=26996, stack(0x0000009553500000,0x0000009553600000)]
  0x0000019a496451a0 JavaThread "C1 CompilerThread2" daemon [_thread_blocked, id=11404, stack(0x0000009554300000,0x0000009554400000)]

Other Threads:
  0x0000019a027e9750 VMThread "VM Thread" [stack: 0x0000009552500000,0x0000009552600000] [id=440]
  0x0000019a64802d50 WatcherThread [stack: 0x0000009553300000,0x0000009553400000] [id=5908]
  0x0000019a647a0a10 GCTaskThread "GC Thread#0" [stack: 0x0000009552000000,0x0000009552100000] [id=19284]
  0x0000019a02c739a0 GCTaskThread "GC Thread#1" [stack: 0x0000009553600000,0x0000009553700000] [id=7384]
  0x0000019a48637170 GCTaskThread "GC Thread#2" [stack: 0x0000009553700000,0x0000009553800000] [id=9952]
  0x0000019a48637430 GCTaskThread "GC Thread#3" [stack: 0x0000009553800000,0x0000009553900000] [id=15800]
  0x0000019a487090c0 GCTaskThread "GC Thread#4" [stack: 0x0000009553900000,0x0000009553a00000] [id=9444]
  0x0000019a48709380 GCTaskThread "GC Thread#5" [stack: 0x0000009553a00000,0x0000009553b00000] [id=28808]
  0x0000019a48709640 GCTaskThread "GC Thread#6" [stack: 0x0000009553b00000,0x0000009553c00000] [id=7868]
  0x0000019a4890b680 GCTaskThread "GC Thread#7" [stack: 0x0000009553c00000,0x0000009553d00000] [id=27740]
  0x0000019a4890b940 GCTaskThread "GC Thread#8" [stack: 0x0000009553d00000,0x0000009553e00000] [id=11012]
  0x0000019a492fbd40 GCTaskThread "GC Thread#9" [stack: 0x0000009553f00000,0x0000009554000000] [id=5304]
  0x0000019a492fc000 GCTaskThread "GC Thread#10" [stack: 0x0000009554000000,0x0000009554100000] [id=23720]
  0x0000019a492fc2c0 GCTaskThread "GC Thread#11" [stack: 0x0000009554100000,0x0000009554200000] [id=26056]
  0x0000019a492fe670 GCTaskThread "GC Thread#12" [stack: 0x0000009554200000,0x0000009554300000] [id=1972]
  0x0000019a647ad4a0 ConcurrentGCThread "G1 Main Marker" [stack: 0x0000009552100000,0x0000009552200000] [id=3456]
  0x0000019a647aeb80 ConcurrentGCThread "G1 Conc#0" [stack: 0x0000009552200000,0x0000009552300000] [id=24284]
  0x0000019a492fe930 ConcurrentGCThread "G1 Conc#1" [stack: 0x0000009553000000,0x0000009553100000] [id=18192]
  0x0000019a492fde30 ConcurrentGCThread "G1 Conc#2" [stack: 0x0000009553100000,0x0000009553200000] [id=25816]
  0x0000019a026a9100 ConcurrentGCThread "G1 Refine#0" [stack: 0x0000009552300000,0x0000009552400000] [id=5700]
  0x0000019a4a1a6040 ConcurrentGCThread "G1 Refine#1" [stack: 0x0000009554400000,0x0000009554500000] [id=26328]
  0x0000019a49df5ef0 ConcurrentGCThread "G1 Refine#2" [stack: 0x0000009554500000,0x0000009554600000] [id=28344]
  0x0000019a496153c0 ConcurrentGCThread "G1 Refine#3" [stack: 0x0000009554600000,0x0000009554700000] [id=24280]
  0x0000019a497cec60 ConcurrentGCThread "G1 Refine#4" [stack: 0x0000009554700000,0x0000009554800000] [id=4996]
  0x0000019a026a97e0 ConcurrentGCThread "G1 Service" [stack: 0x0000009552400000,0x0000009552500000] [id=4344]

Threads with active compile tasks:
C2 CompilerThread0     8181 5078   !   4       com.sun.tools.javac.jvm.ClassReader::classSigToType (497 bytes)
C1 CompilerThread1     8181 5550   !   3       java.nio.file.Files::exists (73 bytes)
C2 CompilerThread1     8181 5038       4       com.sun.tools.javac.util.SharedNameTable::fromUtf (174 bytes)
C1 CompilerThread2     8181 5551       3       com.sun.tools.javac.util.Convert::chars2utf (159 bytes)

VM state: at safepoint (normal execution)

VM Mutex/Monitor currently owned by a thread:  ([mutex/lock_event])
[0x0000019a647426f0] Threads_lock - owner thread: 0x0000019a027e9750
[0x0000019a64741190] Heap_lock - owner thread: 0x0000019a64754060

Heap address: 0x00000000a2600000, size: 1498 MB, Compressed Oops mode: 32-bit

CDS archive(s) mapped at: [0x0000019a03000000-0x0000019a03bd0000-0x0000019a03bd0000), size 12386304, SharedBaseAddress: 0x0000019a03000000, ArchiveRelocationMode: 1.
Compressed class space mapped at: 0x0000019a04000000-0x0000019a44000000, reserved size: 1073741824
Narrow klass base: 0x0000019a03000000, Narrow klass shift: 0, Narrow klass range: 0x100000000

GC Precious Log:
 CPUs: 16 total, 16 available
 Memory: 5989M
 Large Page Support: Disabled
 NUMA Support: Disabled
 Compressed Oops: Enabled (32-bit)
 Heap Region Size: 1M
 Heap Min Capacity: 8M
 Heap Initial Capacity: 94M
 Heap Max Capacity: 1498M
 Pre-touch: Disabled
 Parallel Workers: 13
 Concurrent Workers: 3
 Concurrent Refinement Workers: 13
 Periodic GC: Disabled

Heap:
 garbage-first heap   total 47104K, used 23552K [0x00000000a2600000, 0x0000000100000000)
  region size 1024K, 2 young (2048K), 2 survivors (2048K)
 Metaspace       used 26462K, committed 26752K, reserved 1114112K
  class space    used 3120K, committed 3264K, reserved 1048576K

Heap Regions: E=young(eden), S=young(survivor), O=old, HS=humongous(starts), HC=humongous(continues), CS=collection set, F=free, OA=open archive, CA=closed archive, TAMS=top-at-mark-start (previous, next)
|   0|0x00000000a2600000, 0x00000000a2700000, 0x00000000a2700000|100%| O|  |TAMS 0x00000000a2700000, 0x00000000a2600000| Untracked 
|   1|0x00000000a2700000, 0x00000000a2800000, 0x00000000a2800000|100%| O|  |TAMS 0x00000000a2800000, 0x00000000a2700000| Untracked 
|   2|0x00000000a2800000, 0x00000000a2900000, 0x00000000a2900000|100%| O|  |TAMS 0x00000000a2900000, 0x00000000a2800000| Untracked 
|   3|0x00000000a2900000, 0x00000000a2a00000, 0x00000000a2a00000|100%| O|  |TAMS 0x00000000a2999e00, 0x00000000a2900000| Untracked 
|   4|0x00000000a2a00000, 0x00000000a2b00000, 0x00000000a2b00000|100%| O|  |TAMS 0x00000000a2a00000, 0x00000000a2a00000| Untracked 
|   5|0x00000000a2b00000, 0x00000000a2c00000, 0x00000000a2c00000|100%| O|  |TAMS 0x00000000a2b00000, 0x00000000a2b00000| Untracked 
|   6|0x00000000a2c00000, 0x00000000a2d00000, 0x00000000a2d00000|100%| O|  |TAMS 0x00000000a2c00000, 0x00000000a2c00000| Untracked 
|   7|0x00000000a2d00000, 0x00000000a2e00000, 0x00000000a2e00000|100%| O|  |TAMS 0x00000000a2d00000, 0x00000000a2d00000| Untracked 
|   8|0x00000000a2e00000, 0x00000000a2f00000, 0x00000000a2f00000|100%| O|  |TAMS 0x00000000a2e00000, 0x00000000a2e00000| Untracked 
|   9|0x00000000a2f00000, 0x00000000a3000000, 0x00000000a3000000|100%|HS|  |TAMS 0x00000000a2f00000, 0x00000000a2f00000| Complete 
|  10|0x00000000a3000000, 0x00000000a3100000, 0x00000000a3100000|100%| O|  |TAMS 0x00000000a3000000, 0x00000000a3000000| Untracked 
|  11|0x00000000a3100000, 0x00000000a3200000, 0x00000000a3200000|100%| O|  |TAMS 0x00000000a3100000, 0x00000000a3100000| Untracked 
|  12|0x00000000a3200000, 0x00000000a3300000, 0x00000000a3300000|100%| O|  |TAMS 0x00000000a3200000, 0x00000000a3200000| Untracked 
|  13|0x00000000a3300000, 0x00000000a3400000, 0x00000000a3400000|100%| O|  |TAMS 0x00000000a3300000, 0x00000000a3300000| Untracked 
|  14|0x00000000a3400000, 0x00000000a3500000, 0x00000000a3500000|100%| O|  |TAMS 0x00000000a3400000, 0x00000000a3400000| Untracked 
|  15|0x00000000a3500000, 0x00000000a3500000, 0x00000000a3600000|  0%| F|  |TAMS 0x00000000a3500000, 0x00000000a3500000| Untracked 
|  16|0x00000000a3600000, 0x00000000a3600000, 0x00000000a3700000|  0%| F|  |TAMS 0x00000000a3600000, 0x00000000a3600000| Untracked 
|  17|0x00000000a3700000, 0x00000000a3700000, 0x00000000a3800000|  0%| F|  |TAMS 0x00000000a3700000, 0x00000000a3700000| Untracked 
|  18|0x00000000a3800000, 0x00000000a3900000, 0x00000000a3900000|100%| O|  |TAMS 0x00000000a3800000, 0x00000000a3800000| Untracked 
|  19|0x00000000a3900000, 0x00000000a3a00000, 0x00000000a3a00000|100%| O|  |TAMS 0x00000000a3900000, 0x00000000a3900000| Untracked 
|  20|0x00000000a3a00000, 0x00000000a3b00000, 0x00000000a3b00000|100%| O|  |TAMS 0x00000000a3a00000, 0x00000000a3a00000| Untracked 
|  21|0x00000000a3b00000, 0x00000000a3c00000, 0x00000000a3c00000|100%| O|  |TAMS 0x00000000a3b00000, 0x00000000a3b00000| Untracked 
|  22|0x00000000a3c00000, 0x00000000a3c00000, 0x00000000a3d00000|  0%| F|  |TAMS 0x00000000a3c00000, 0x00000000a3c00000| Untracked 
|  23|0x00000000a3d00000, 0x00000000a3d00000, 0x00000000a3e00000|  0%| F|  |TAMS 0x00000000a3d00000, 0x00000000a3d00000| Untracked 
|  24|0x00000000a3e00000, 0x00000000a3e00000, 0x00000000a3f00000|  0%| F|  |TAMS 0x00000000a3e00000, 0x00000000a3e00000| Untracked 
|  25|0x00000000a3f00000, 0x00000000a3f00000, 0x00000000a4000000|  0%| F|  |TAMS 0x00000000a3f00000, 0x00000000a3f00000| Untracked 
|  26|0x00000000a4000000, 0x00000000a4000000, 0x00000000a4100000|  0%| F|  |TAMS 0x00000000a4000000, 0x00000000a4000000| Untracked 
|  27|0x00000000a4100000, 0x00000000a4200000, 0x00000000a4200000|100%| S|CS|TAMS 0x00000000a4100000, 0x00000000a4100000| Complete 
|  28|0x00000000a4200000, 0x00000000a4300000, 0x00000000a4300000|100%| S|CS|TAMS 0x00000000a4200000, 0x00000000a4200000| Complete 
|  29|0x00000000a4300000, 0x00000000a4300000, 0x00000000a4400000|  0%| F|  |TAMS 0x00000000a4300000, 0x00000000a4300000| Untracked 
|  30|0x00000000a4400000, 0x00000000a4400000, 0x00000000a4500000|  0%| F|  |TAMS 0x00000000a4400000, 0x00000000a4400000| Untracked 
|  31|0x00000000a4500000, 0x00000000a4500000, 0x00000000a4600000|  0%| F|  |TAMS 0x00000000a4500000, 0x00000000a4500000| Untracked 
|  32|0x00000000a4600000, 0x00000000a4600000, 0x00000000a4700000|  0%| F|  |TAMS 0x00000000a4600000, 0x00000000a4600000| Untracked 
|  33|0x00000000a4700000, 0x00000000a4700000, 0x00000000a4800000|  0%| F|  |TAMS 0x00000000a4700000, 0x00000000a4700000| Untracked 
|  34|0x00000000a4800000, 0x00000000a4800000, 0x00000000a4900000|  0%| F|  |TAMS 0x00000000a4800000, 0x00000000a4800000| Untracked 
|  35|0x00000000a4900000, 0x00000000a4900000, 0x00000000a4a00000|  0%| F|  |TAMS 0x00000000a4900000, 0x00000000a4900000| Untracked 
|  36|0x00000000a4a00000, 0x00000000a4a00000, 0x00000000a4b00000|  0%| F|  |TAMS 0x00000000a4a00000, 0x00000000a4a00000| Untracked 
|  37|0x00000000a4b00000, 0x00000000a4b00000, 0x00000000a4c00000|  0%| F|  |TAMS 0x00000000a4b00000, 0x00000000a4b00000| Untracked 
|  38|0x00000000a4c00000, 0x00000000a4c00000, 0x00000000a4d00000|  0%| F|  |TAMS 0x00000000a4c00000, 0x00000000a4c00000| Untracked 
|  39|0x00000000a4d00000, 0x00000000a4d00000, 0x00000000a4e00000|  0%| F|  |TAMS 0x00000000a4d00000, 0x00000000a4d00000| Untracked 
|  40|0x00000000a4e00000, 0x00000000a4e00000, 0x00000000a4f00000|  0%| F|  |TAMS 0x00000000a4e00000, 0x00000000a4e00000| Untracked 
|  70|0x00000000a6c00000, 0x00000000a6c00000, 0x00000000a6d00000|  0%| F|  |TAMS 0x00000000a6c00000, 0x00000000a6c00000| Untracked 
|  71|0x00000000a6d00000, 0x00000000a6d00000, 0x00000000a6e00000|  0%| F|  |TAMS 0x00000000a6d00000, 0x00000000a6d00000| Untracked 
|  93|0x00000000a8300000, 0x00000000a8300000, 0x00000000a8400000|  0%| F|  |TAMS 0x00000000a8300000, 0x00000000a8300000| Untracked 
|1496|0x00000000ffe00000, 0x00000000fff00000, 0x00000000fff00000|100%| O|  |TAMS 0x00000000ffe00000, 0x00000000ffe00000| Untracked 
|1497|0x00000000fff00000, 0x0000000100000000, 0x0000000100000000|100%| O|  |TAMS 0x00000000fff00000, 0x00000000fff00000| Untracked 

Card table byte_map: [0x0000019a7c3a0000,0x0000019a7c690000] _byte_map_base: 0x0000019a7be8d000

Marking Bits (Prev, Next): (CMBitMap*) 0x0000019a647a1070, (CMBitMap*) 0x0000019a647a1030
 Prev Bits: [0x0000019a7e0f0000, 0x0000019a7f858000)
 Next Bits: [0x0000019a7c980000, 0x0000019a7e0e8000)

Polling page: 0x0000019a64820000

Metaspace:

Usage:
  Non-class:     22.80 MB used.
      Class:      3.05 MB used.
       Both:     25.84 MB used.

Virtual space:
  Non-class space:       64.00 MB reserved,      22.94 MB ( 36%) committed,  1 nodes.
      Class space:        1.00 GB reserved,       3.19 MB ( <1%) committed,  1 nodes.
             Both:        1.06 GB reserved,      26.12 MB (  2%) committed. 

Chunk freelists:
   Non-Class:  8.58 MB
       Class:  12.78 MB
        Both:  21.36 MB

MaxMetaspaceSize: unlimited
CompressedClassSpaceSize: 1.00 GB
Initial GC threshold: 21.00 MB
Current GC threshold: 35.31 MB
CDS: on
MetaspaceReclaimPolicy: balanced
 - commit_granule_bytes: 65536.
 - commit_granule_words: 8192.
 - virtual_space_node_default_size: 8388608.
 - enlarge_chunks_in_place: 1.
 - new_chunks_are_fully_committed: 0.
 - uncommit_free_chunks: 1.
 - use_allocation_guard: 0.
 - handle_deallocations: 1.


Internal statistics:

num_allocs_failed_limit: 3.
num_arena_births: 168.
num_arena_deaths: 0.
num_vsnodes_births: 2.
num_vsnodes_deaths: 0.
num_space_committed: 418.
num_space_uncommitted: 0.
num_chunks_returned_to_freelist: 3.
num_chunks_taken_from_freelist: 1085.
num_chunk_merges: 3.
num_chunk_splits: 783.
num_chunks_enlarged: 641.
num_inconsistent_stats: 0.

CodeHeap 'non-profiled nmethods': size=119168Kb used=2201Kb max_used=2201Kb free=116966Kb
 bounds [0x0000019a73ca0000, 0x0000019a73f10000, 0x0000019a7b100000]
CodeHeap 'profiled nmethods': size=119104Kb used=12118Kb max_used=12118Kb free=106986Kb
 bounds [0x0000019a6c100000, 0x0000019a6cce0000, 0x0000019a73550000]
CodeHeap 'non-nmethods': size=7488Kb used=2335Kb max_used=2916Kb free=5152Kb
 bounds [0x0000019a73550000, 0x0000019a73830000, 0x0000019a73ca0000]
 total_blobs=6020 nmethods=5509 adapters=421
 compilation: enabled
              stopped_count=0, restarted_count=0
 full_count=0

Compilation events (20 events):
Event: 7.107 Thread 0x0000019a496451a0 5542       3       com.sun.tools.javac.code.Types::subst (15 bytes)
Event: 7.107 Thread 0x0000019a496451a0 nmethod 5542 0x0000019a6ccccd90 code [0x0000019a6ccccf60, 0x0000019a6cccd458]
Event: 7.107 Thread 0x0000019a0280d930 nmethod 5540 0x0000019a6cccd610 code [0x0000019a6cccd820, 0x0000019a6ccce0b8]
Event: 7.108 Thread 0x0000019a0280d930 5543       3       com.sun.tools.javac.code.Scope::getSymbolsByName (10 bytes)
Event: 7.108 Thread 0x0000019a492b1b10 nmethod 5541 0x0000019a6ccce410 code [0x0000019a6ccce680, 0x0000019a6cccf3d8]
Event: 7.108 Thread 0x0000019a496451a0 5544       1       com.sun.tools.javac.comp.Resolve$MethodResolutionPhase::isBoxingRequired (5 bytes)
Event: 7.108 Thread 0x0000019a0280d930 nmethod 5543 0x0000019a6cccf890 code [0x0000019a6cccfa40, 0x0000019a6cccfc08]
Event: 7.108 Thread 0x0000019a496451a0 nmethod 5544 0x0000019a73ec6490 code [0x0000019a73ec6620, 0x0000019a73ec66f8]
Event: 7.108 Thread 0x0000019a0280d930 5546       3       com.sun.tools.javac.util.ListBuffer$1::next (39 bytes)
Event: 7.108 Thread 0x0000019a496451a0 5545       3       com.sun.tools.javac.util.Iterators$CompoundIterator::next (35 bytes)
Event: 7.108 Thread 0x0000019a0280d930 nmethod 5546 0x0000019a6cccfc90 code [0x0000019a6cccfe60, 0x0000019a6ccd01b8]
Event: 7.108 Thread 0x0000019a496451a0 nmethod 5545 0x0000019a6ccd0310 code [0x0000019a6ccd04e0, 0x0000019a6ccd0848]
Event: 7.109 Thread 0x0000019a496451a0 5547       3       com.sun.tools.javac.comp.Resolve::findMemberType (33 bytes)
Event: 7.110 Thread 0x0000019a496451a0 nmethod 5547 0x0000019a6ccd0990 code [0x0000019a6ccd0b40, 0x0000019a6ccd0d58]
Event: 7.110 Thread 0x0000019a0280d930 5548       3       com.sun.tools.javac.code.Types$Subst::visitClassType (10 bytes)
Event: 7.110 Thread 0x0000019a492b1b10 5549       3       com.sun.tools.javac.code.Types$Subst::visitClassType (83 bytes)
Event: 7.111 Thread 0x0000019a0280d930 nmethod 5548 0x0000019a6ccd0e90 code [0x0000019a6ccd1040, 0x0000019a6ccd12c8]
Event: 7.112 Thread 0x0000019a492b1b10 nmethod 5549 0x0000019a6ccd1390 code [0x0000019a6ccd1720, 0x0000019a6ccd34a8]
Event: 7.116 Thread 0x0000019a492b1b10 5550   !   3       java.nio.file.Files::exists (73 bytes)
Event: 7.117 Thread 0x0000019a496451a0 5551       3       com.sun.tools.javac.util.Convert::chars2utf (159 bytes)

GC Heap History (13 events):
Event: 1.251 GC heap before
{Heap before GC invocations=0 (full 0):
 garbage-first heap   total 96256K, used 23552K [0x00000000a2600000, 0x0000000100000000)
  region size 1024K, 23 young (23552K), 0 survivors (0K)
 Metaspace       used 5440K, committed 5632K, reserved 1114112K
  class space    used 655K, committed 768K, reserved 1048576K
}
Event: 1.260 GC heap after
{Heap after GC invocations=1 (full 0):
 garbage-first heap   total 96256K, used 3696K [0x00000000a2600000, 0x0000000100000000)
  region size 1024K, 3 young (3072K), 3 survivors (3072K)
 Metaspace       used 5440K, committed 5632K, reserved 1114112K
  class space    used 655K, committed 768K, reserved 1048576K
}
Event: 2.012 GC heap before
{Heap before GC invocations=1 (full 0):
 garbage-first heap   total 96256K, used 35440K [0x00000000a2600000, 0x0000000100000000)
  region size 1024K, 34 young (34816K), 3 survivors (3072K)
 Metaspace       used 9407K, committed 9600K, reserved 1114112K
  class space    used 1137K, committed 1216K, reserved 1048576K
}
Event: 2.022 GC heap after
{Heap after GC invocations=2 (full 0):
 garbage-first heap   total 96256K, used 5281K [0x00000000a2600000, 0x0000000100000000)
  region size 1024K, 2 young (2048K), 2 survivors (2048K)
 Metaspace       used 9407K, committed 9600K, reserved 1114112K
  class space    used 1137K, committed 1216K, reserved 1048576K
}
Event: 4.105 GC heap before
{Heap before GC invocations=2 (full 0):
 garbage-first heap   total 96256K, used 60577K [0x00000000a2600000, 0x0000000100000000)
  region size 1024K, 56 young (57344K), 2 survivors (2048K)
 Metaspace       used 16111K, committed 16320K, reserved 1114112K
  class space    used 1942K, committed 2048K, reserved 1048576K
}
Event: 4.118 GC heap after
{Heap after GC invocations=3 (full 0):
 garbage-first heap   total 96256K, used 9519K [0x00000000a2600000, 0x0000000100000000)
  region size 1024K, 6 young (6144K), 6 survivors (6144K)
 Metaspace       used 16111K, committed 16320K, reserved 1114112K
  class space    used 1942K, committed 2048K, reserved 1048576K
}
Event: 6.154 GC heap before
{Heap before GC invocations=3 (full 0):
 garbage-first heap   total 96256K, used 31023K [0x00000000a2600000, 0x0000000100000000)
  region size 1024K, 28 young (28672K), 6 survivors (6144K)
 Metaspace       used 21243K, committed 21504K, reserved 1114112K
  class space    used 2566K, committed 2688K, reserved 1048576K
}
Event: 6.166 GC heap after
{Heap after GC invocations=4 (full 0):
 garbage-first heap   total 96256K, used 11358K [0x00000000a2600000, 0x0000000100000000)
  region size 1024K, 2 young (2048K), 2 survivors (2048K)
 Metaspace       used 21243K, committed 21504K, reserved 1114112K
  class space    used 2566K, committed 2688K, reserved 1048576K
}
Event: 6.754 GC heap before
{Heap before GC invocations=5 (full 0):
 garbage-first heap   total 45056K, used 35934K [0x00000000a2600000, 0x0000000100000000)
  region size 1024K, 26 young (26624K), 2 survivors (2048K)
 Metaspace       used 25228K, committed 25536K, reserved 1114112K
  class space    used 2973K, committed 3136K, reserved 1048576K
}
Event: 6.769 GC heap after
{Heap after GC invocations=6 (full 0):
 garbage-first heap   total 47104K, used 19386K [0x00000000a2600000, 0x0000000100000000)
  region size 1024K, 4 young (4096K), 4 survivors (4096K)
 Metaspace       used 25228K, committed 25536K, reserved 1114112K
  class space    used 2973K, committed 3136K, reserved 1048576K
}
Event: 6.774 GC heap before
{Heap before GC invocations=6 (full 0):
 garbage-first heap   total 47104K, used 20410K [0x00000000a2600000, 0x0000000100000000)
  region size 1024K, 5 young (5120K), 4 survivors (4096K)
 Metaspace       used 25229K, committed 25536K, reserved 1114112K
  class space    used 2973K, committed 3136K, reserved 1048576K
}
Event: 6.781 GC heap after
{Heap after GC invocations=7 (full 0):
 garbage-first heap   total 47104K, used 20040K [0x00000000a2600000, 0x0000000100000000)
  region size 1024K, 1 young (1024K), 1 survivors (1024K)
 Metaspace       used 25229K, committed 25536K, reserved 1114112K
  class space    used 2973K, committed 3136K, reserved 1048576K
}
Event: 7.117 GC heap before
{Heap before GC invocations=7 (full 0):
 garbage-first heap   total 47104K, used 35400K [0x00000000a2600000, 0x0000000100000000)
  region size 1024K, 15 young (15360K), 1 survivors (1024K)
 Metaspace       used 26462K, committed 26752K, reserved 1114112K
  class space    used 3120K, committed 3264K, reserved 1048576K
}

Deoptimization events (20 events):
Event: 6.663 Thread 0x0000019a64754060 DEOPT PACKING pc=0x0000019a73e89d60 sp=0x0000009551ffc7b0
Event: 6.663 Thread 0x0000019a64754060 DEOPT UNPACKING pc=0x0000019a735a23a3 sp=0x0000009551ffc740 mode 2
Event: 6.694 Thread 0x0000019a64754060 Uncommon trap: trap_request=0xffffff45 fr.pc=0x0000019a73ea5ce0 relative=0x0000000000000820
Event: 6.694 Thread 0x0000019a64754060 Uncommon trap: reason=unstable_if action=reinterpret pc=0x0000019a73ea5ce0 method=jdk.internal.jimage.ImageStringsReader.stringFromByteBuffer(Ljava/nio/ByteBuffer;I)Ljava/lang/String; @ 7 c2
Event: 6.694 Thread 0x0000019a64754060 DEOPT PACKING pc=0x0000019a73ea5ce0 sp=0x0000009551ffc100
Event: 6.694 Thread 0x0000019a64754060 DEOPT UNPACKING pc=0x0000019a735a23a3 sp=0x0000009551ffc0b8 mode 2
Event: 6.944 Thread 0x0000019a64754060 DEOPT PACKING pc=0x0000019a6cc73e94 sp=0x0000009551ffbd10
Event: 6.945 Thread 0x0000019a64754060 DEOPT UNPACKING pc=0x0000019a735a2b43 sp=0x0000009551ffb268 mode 0
Event: 7.053 Thread 0x0000019a64754060 Uncommon trap: trap_request=0xffffffc6 fr.pc=0x0000019a73eae664 relative=0x0000000000000d04
Event: 7.053 Thread 0x0000019a64754060 Uncommon trap: reason=bimorphic_or_optimized_type_check action=maybe_recompile pc=0x0000019a73eae664 method=java.util.HashMap.putVal(ILjava/lang/Object;Ljava/lang/Object;ZZ)Ljava/lang/Object; @ 253 c2
Event: 7.053 Thread 0x0000019a64754060 DEOPT PACKING pc=0x0000019a73eae664 sp=0x0000009551ffd620
Event: 7.053 Thread 0x0000019a64754060 DEOPT UNPACKING pc=0x0000019a735a23a3 sp=0x0000009551ffd5b0 mode 2
Event: 7.056 Thread 0x0000019a64754060 Uncommon trap: trap_request=0xffffffc6 fr.pc=0x0000019a73eae664 relative=0x0000000000000d04
Event: 7.056 Thread 0x0000019a64754060 Uncommon trap: reason=bimorphic_or_optimized_type_check action=maybe_recompile pc=0x0000019a73eae664 method=java.util.HashMap.putVal(ILjava/lang/Object;Ljava/lang/Object;ZZ)Ljava/lang/Object; @ 253 c2
Event: 7.056 Thread 0x0000019a64754060 DEOPT PACKING pc=0x0000019a73eae664 sp=0x0000009551ffd610
Event: 7.056 Thread 0x0000019a64754060 DEOPT UNPACKING pc=0x0000019a735a23a3 sp=0x0000009551ffd5a0 mode 2
Event: 7.075 Thread 0x0000019a64754060 Uncommon trap: trap_request=0xffffff3d fr.pc=0x0000019a73eb0194 relative=0x0000000000000214
Event: 7.075 Thread 0x0000019a64754060 Uncommon trap: reason=unstable_fused_if action=reinterpret pc=0x0000019a73eb0194 method=com.sun.tools.javac.util.Convert.chars2utf([CI[BII)I @ 28 c2
Event: 7.075 Thread 0x0000019a64754060 DEOPT PACKING pc=0x0000019a73eb0194 sp=0x0000009551ffc900
Event: 7.075 Thread 0x0000019a64754060 DEOPT UNPACKING pc=0x0000019a735a23a3 sp=0x0000009551ffc860 mode 2

Classes unloaded (0 events):
No events

Classes redefined (0 events):
No events

Internal exceptions (20 events):
Event: 7.020 Thread 0x0000019a64754060 Exception <a 'sun/nio/fs/WindowsException'{0x00000000a44d1120}> (0x00000000a44d1120) 
thrown [s\open\src\hotspot\share\prims\jni.cpp, line 516]
Event: 7.020 Thread 0x0000019a64754060 Exception <a 'sun/nio/fs/WindowsException'{0x00000000a44d14a0}> (0x00000000a44d14a0) 
thrown [s\open\src\hotspot\share\prims\jni.cpp, line 516]
Event: 7.020 Thread 0x0000019a64754060 Exception <a 'sun/nio/fs/WindowsException'{0x00000000a44d2f28}> (0x00000000a44d2f28) 
thrown [s\open\src\hotspot\share\prims\jni.cpp, line 516]
Event: 7.020 Thread 0x0000019a64754060 Exception <a 'sun/nio/fs/WindowsException'{0x00000000a44d3338}> (0x00000000a44d3338) 
thrown [s\open\src\hotspot\share\prims\jni.cpp, line 516]
Event: 7.079 Thread 0x0000019a64754060 Exception <a 'sun/nio/fs/WindowsException'{0x00000000a439ee68}> (0x00000000a439ee68) 
thrown [s\open\src\hotspot\share\prims\jni.cpp, line 516]
Event: 7.079 Thread 0x0000019a64754060 Exception <a 'sun/nio/fs/WindowsException'{0x00000000a439f5d0}> (0x00000000a439f5d0) 
thrown [s\open\src\hotspot\share\prims\jni.cpp, line 516]
Event: 7.079 Thread 0x0000019a64754060 Exception <a 'sun/nio/fs/WindowsException'{0x00000000a439fd38}> (0x00000000a439fd38) 
thrown [s\open\src\hotspot\share\prims\jni.cpp, line 516]
Event: 7.079 Thread 0x0000019a64754060 Exception <a 'sun/nio/fs/WindowsException'{0x00000000a43a0490}> (0x00000000a43a0490) 
thrown [s\open\src\hotspot\share\prims\jni.cpp, line 516]
Event: 7.079 Thread 0x0000019a64754060 Exception <a 'sun/nio/fs/WindowsException'{0x00000000a43a07f0}> (0x00000000a43a07f0) 
thrown [s\open\src\hotspot\share\prims\jni.cpp, line 516]
Event: 7.079 Thread 0x0000019a64754060 Exception <a 'sun/nio/fs/WindowsException'{0x00000000a43a14b8}> (0x00000000a43a14b8) 
thrown [s\open\src\hotspot\share\prims\jni.cpp, line 516]
Event: 7.088 Thread 0x0000019a64754060 Exception <a 'sun/nio/fs/WindowsException'{0x00000000a43aa2b8}> (0x00000000a43aa2b8) 
thrown [s\open\src\hotspot\share\prims\jni.cpp, line 516]
Event: 7.088 Thread 0x0000019a64754060 Exception <a 'sun/nio/fs/WindowsException'{0x00000000a43aaa40}> (0x00000000a43aaa40) 
thrown [s\open\src\hotspot\share\prims\jni.cpp, line 516]
Event: 7.093 Thread 0x0000019a64754060 Exception <a 'sun/nio/fs/WindowsException'{0x00000000a43b1090}> (0x00000000a43b1090) 
thrown [s\open\src\hotspot\share\prims\jni.cpp, line 516]
Event: 7.093 Thread 0x0000019a64754060 Exception <a 'sun/nio/fs/WindowsException'{0x00000000a43b1810}> (0x00000000a43b1810) 
thrown [s\open\src\hotspot\share\prims\jni.cpp, line 516]
Event: 7.101 Thread 0x0000019a64754060 Exception <a 'sun/nio/fs/WindowsException'{0x00000000a43be0e8}> (0x00000000a43be0e8) 
thrown [s\open\src\hotspot\share\prims\jni.cpp, line 516]
Event: 7.101 Thread 0x0000019a64754060 Exception <a 'sun/nio/fs/WindowsException'{0x00000000a43be868}> (0x00000000a43be868) 
thrown [s\open\src\hotspot\share\prims\jni.cpp, line 516]
Event: 7.116 Thread 0x0000019a64754060 Exception <a 'sun/nio/fs/WindowsException'{0x00000000a43eed08}> (0x00000000a43eed08) 
thrown [s\open\src\hotspot\share\prims\jni.cpp, line 516]
Event: 7.116 Thread 0x0000019a64754060 Exception <a 'sun/nio/fs/WindowsException'{0x00000000a43ef0c0}> (0x00000000a43ef0c0) 
thrown [s\open\src\hotspot\share\prims\jni.cpp, line 516]
Event: 7.116 Thread 0x0000019a64754060 Exception <a 'sun/nio/fs/WindowsException'{0x00000000a43f5a38}> (0x00000000a43f5a38) 
thrown [s\open\src\hotspot\share\prims\jni.cpp, line 516]
Event: 7.116 Thread 0x0000019a64754060 Exception <a 'sun/nio/fs/WindowsException'{0x00000000a43f5d98}> (0x00000000a43f5d98) 
thrown [s\open\src\hotspot\share\prims\jni.cpp, line 516]

VM Operations (20 events):
Event: 6.672 Executing VM operation: ICBufferFull done
Event: 6.695 Executing VM operation: HandshakeAllThreads
Event: 6.695 Executing VM operation: HandshakeAllThreads done
Event: 6.753 Executing VM operation: G1CollectForAllocation
Event: 6.769 Executing VM operation: G1CollectForAllocation done
Event: 6.774 Executing VM operation: G1CollectForAllocation
Event: 6.782 Executing VM operation: G1CollectForAllocation done
Event: 6.910 Executing VM operation: HandshakeAllThreads
Event: 6.910 Executing VM operation: HandshakeAllThreads done
Event: 6.944 Executing VM operation: HandshakeAllThreads
Event: 6.944 Executing VM operation: HandshakeAllThreads done
Event: 6.957 Executing VM operation: HandshakeAllThreads
Event: 6.958 Executing VM operation: HandshakeAllThreads done
Event: 6.968 Executing VM operation: HandshakeAllThreads
Event: 6.968 Executing VM operation: HandshakeAllThreads done
Event: 7.023 Executing VM operation: ICBufferFull
Event: 7.023 Executing VM operation: ICBufferFull done
Event: 7.069 Executing VM operation: HandshakeAllThreads
Event: 7.069 Executing VM operation: HandshakeAllThreads done
Event: 7.117 Executing VM operation: G1CollectForAllocation

Events (20 events):
Event: 6.694 loading class jdk/internal/jimage/ImageReader$LinkNode
Event: 6.694 loading class jdk/internal/jimage/ImageReader$LinkNode done
Event: 6.909 loading class java/util/stream/ReduceOps$1
Event: 6.909 loading class java/util/stream/ReduceOps$1 done
Event: 6.910 loading class java/util/stream/ReduceOps$1ReducingSink
Event: 6.910 loading class java/util/stream/ReduceOps$1ReducingSink done
Event: 7.005 loading class java/util/EnumMap$EntrySet
Event: 7.006 loading class java/util/EnumMap$EntrySet done
Event: 7.006 loading class java/util/EnumMap$EntryIterator
Event: 7.006 loading class java/util/EnumMap$EnumMapIterator
Event: 7.006 loading class java/util/EnumMap$EnumMapIterator done
Event: 7.006 loading class java/util/EnumMap$EntryIterator done
Event: 7.006 loading class java/util/EnumMap$EntryIterator$Entry
Event: 7.006 loading class java/util/EnumMap$EntryIterator$Entry done
Event: 7.069 loading class java/util/function/ToIntBiFunction
Event: 7.070 loading class java/util/function/ToIntBiFunction done
Event: 7.074 loading class java/io/DataOutputStream
Event: 7.074 loading class java/io/DataOutputStream done
Event: 7.080 loading class java/nio/file/Path$1
Event: 7.080 loading class java/nio/file/Path$1 done


Dynamic libraries:
0x00007ff7cdf10000 - 0x00007ff7cdf20000 	C:\Program Files\Java\jdk-17\bin\java.exe
0x00007ffd91fa0000 - 0x00007ffd92208000 	C:\WINDOWS\SYSTEM32\ntdll.dll
0x00007ffd91220000 - 0x00007ffd912e9000 	C:\WINDOWS\System32\KERNEL32.DLL
0x00007ffd8f280000 - 0x00007ffd8f672000 	C:\WINDOWS\System32\KERNELBASE.dll
0x00007ffd8f7b0000 - 0x00007ffd8f8fb000 	C:\WINDOWS\System32\ucrtbase.dll
0x00007ffd80050000 - 0x00007ffd8006b000 	C:\Program Files\Java\jdk-17\bin\VCRUNTIME140.dll
0x00007ffd6bef0000 - 0x00007ffd6bf09000 	C:\Program Files\Java\jdk-17\bin\jli.dll
0x00007ffd91e70000 - 0x00007ffd91f24000 	C:\WINDOWS\System32\ADVAPI32.dll
0x00007ffd90230000 - 0x00007ffd902d9000 	C:\WINDOWS\System32\msvcrt.dll
0x00007ffd91490000 - 0x00007ffd91536000 	C:\WINDOWS\System32\sechost.dll
0x00007ffd90990000 - 0x00007ffd90aa8000 	C:\WINDOWS\System32\RPCRT4.dll
0x00007ffd91680000 - 0x00007ffd91845000 	C:\WINDOWS\System32\USER32.dll
0x00007ffd8fbd0000 - 0x00007ffd8fbf7000 	C:\WINDOWS\System32\win32u.dll
0x00007ffd8e540000 - 0x00007ffd8e7d3000 	C:\WINDOWS\WinSxS\amd64_microsoft.windows.common-controls_6595b64144ccf1df_6.0.26100.6899_none_3e0efeeae32e88c1\COMCTL32.dll
0x00007ffd90410000 - 0x00007ffd9043b000 	C:\WINDOWS\System32\GDI32.dll
0x00007ffd8f680000 - 0x00007ffd8f7ad000 	C:\WINDOWS\System32\gdi32full.dll
0x00007ffd8fa80000 - 0x00007ffd8fb23000 	C:\WINDOWS\System32\msvcp_win.dll
0x00007ffd86390000 - 0x00007ffd8639b000 	C:\WINDOWS\SYSTEM32\VERSION.dll
0x00007ffd91540000 - 0x00007ffd9156f000 	C:\WINDOWS\System32\IMM32.DLL
0x00007ffd80100000 - 0x00007ffd8010c000 	C:\Program Files\Java\jdk-17\bin\vcruntime140_1.dll
0x00007ffd36350000 - 0x00007ffd363de000 	C:\Program Files\Java\jdk-17\bin\msvcp140.dll
0x00007ffcbd800000 - 0x00007ffcbe3e0000 	C:\Program Files\Java\jdk-17\bin\server\jvm.dll
0x00007ffd90980000 - 0x00007ffd90988000 	C:\WINDOWS\System32\PSAPI.DLL
0x00007ffd831c0000 - 0x00007ffd831ca000 	C:\WINDOWS\SYSTEM32\WSOCK32.dll
0x00007ffd86350000 - 0x00007ffd86385000 	C:\WINDOWS\SYSTEM32\WINMM.dll
0x00007ffd900f0000 - 0x00007ffd90164000 	C:\WINDOWS\System32\WS2_32.dll
0x00007ffd8d590000 - 0x00007ffd8d5ab000 	C:\WINDOWS\SYSTEM32\kernel.appcore.dll
0x00007ffd7ffe0000 - 0x00007ffd7ffea000 	C:\Program Files\Java\jdk-17\bin\jimage.dll
0x00007ffd8e910000 - 0x00007ffd8eb52000 	C:\WINDOWS\SYSTEM32\DBGHELP.DLL
0x00007ffd8fd70000 - 0x00007ffd900eb000 	C:\WINDOWS\System32\combase.dll
0x00007ffd90330000 - 0x00007ffd90407000 	C:\WINDOWS\System32\OLEAUT32.dll
0x00007ffd8e7e0000 - 0x00007ffd8e81c000 	C:\WINDOWS\SYSTEM32\dbgcore.DLL
0x00007ffd8fb30000 - 0x00007ffd8fbc8000 	C:\WINDOWS\System32\bcryptPrimitives.dll
0x00007ffd70830000 - 0x00007ffd70855000 	C:\Program Files\Java\jdk-17\bin\java.dll
0x00007ffd3ebe0000 - 0x00007ffd3ecb7000 	C:\Program Files\Java\jdk-17\bin\jsvml.dll
0x00007ffd90ab0000 - 0x00007ffd911fd000 	C:\WINDOWS\System32\SHELL32.dll
0x00007ffd8fc00000 - 0x00007ffd8fd6b000 	C:\WINDOWS\System32\wintypes.dll
0x00007ffd8c260000 - 0x00007ffd8cabd000 	C:\WINDOWS\SYSTEM32\windows.storage.dll
0x00007ffd90880000 - 0x00007ffd90972000 	C:\WINDOWS\System32\SHCORE.dll
0x00007ffd90810000 - 0x00007ffd90872000 	C:\WINDOWS\System32\shlwapi.dll
0x00007ffd8f050000 - 0x00007ffd8f079000 	C:\WINDOWS\SYSTEM32\profapi.dll
0x00007ffd79980000 - 0x00007ffd79999000 	C:\Program Files\Java\jdk-17\bin\net.dll
0x00007ffd86560000 - 0x00007ffd8667f000 	C:\WINDOWS\SYSTEM32\WINHTTP.dll
0x00007ffd8daa0000 - 0x00007ffd8db0b000 	C:\WINDOWS\system32\mswsock.dll
0x00007ffd75c20000 - 0x00007ffd75c36000 	C:\Program Files\Java\jdk-17\bin\nio.dll
0x00007ffd74de0000 - 0x00007ffd74df8000 	C:\Program Files\Java\jdk-17\bin\zip.dll
0x00007ffd69d80000 - 0x00007ffd69da4000 	C:\ProgramData\chocolatey\lib\maven\apache-maven-3.9.11\lib\jansi-native\Windows\x86_64\jansi.dll
0x00007ffd7fe20000 - 0x00007ffd7fe30000 	C:\Program Files\Java\jdk-17\bin\verify.dll
0x00007ffd8e8b0000 - 0x00007ffd8e8e6000 	C:\WINDOWS\SYSTEM32\ntmarta.dll

dbghelp: loaded successfully - version: 4.0.5 - missing functions: none
symbol engine: initialized successfully - sym options: 0x614 - pdb path: .;C:\Program Files\Java\jdk-17\bin;C:\WINDOWS\SYSTEM32;C:\WINDOWS\WinSxS\amd64_microsoft.windows.common-controls_6595b64144ccf1df_6.0.26100.6899_none_3e0efeeae32e88c1;C:\Program Files\Java\jdk-17\bin\server;C:\ProgramData\chocolatey\lib\maven\apache-maven-3.9.11\lib\jansi-native\Windows\x86_64

VM Arguments:
jvm_args: --enable-native-access=ALL-UNNAMED -Dclassworlds.conf=C:\ProgramData\chocolatey\lib\maven\apache-maven-3.9.11\bin\m2.conf -Dmaven.home=C:\ProgramData\chocolatey\lib\maven\apache-maven-3.9.11 -Dlibrary.jansi.path=C:\ProgramData\chocolatey\lib\maven\apache-maven-3.9.11\lib\jansi-native -Dmaven.multiModuleProjectDirectory=C:\Users\josuesitoe\Documents\Pessoal\AlvaroHilario_Project\banco-desktop 
java_command: org.codehaus.plexus.classworlds.launcher.Launcher clean compile
java_class_path (initial): C:\ProgramData\chocolatey\lib\maven\apache-maven-3.9.11\boot\plexus-classworlds-2.9.0.jar
Launcher Type: SUN_STANDARD

[Global flags]
     intx CICompilerCount                          = 12                                        {product} {ergonomic}
     uint ConcGCThreads                            = 3                                         {product} {ergonomic}
     uint G1ConcRefinementThreads                  = 13                                        {product} {ergonomic}
   size_t G1HeapRegionSize                         = 1048576                                   {product} {ergonomic}
    uintx GCDrainStackTargetSize                   = 64                                        {product} {ergonomic}
   size_t InitialHeapSize                          = 98566144                                  {product} {ergonomic}
   size_t MarkStackSize                            = 4194304                                   {product} {ergonomic}
   size_t MaxHeapSize                              = 1570766848                                {product} {ergonomic}
   size_t MaxNewSize                               = 941621248                                 {product} {ergonomic}
   size_t MinHeapDeltaBytes                        = 1048576                                   {product} {ergonomic}
   size_t MinHeapSize                              = 8388608                                   {product} {ergonomic}
    uintx NonNMethodCodeHeapSize                   = 7602480                                {pd product} {ergonomic}
    uintx NonProfiledCodeHeapSize                  = 122027880                              {pd product} {ergonomic}
    uintx ProfiledCodeHeapSize                     = 122027880                              {pd product} {ergonomic}
    uintx ReservedCodeCacheSize                    = 251658240                              {pd product} {ergonomic}
     bool SegmentedCodeCache                       = true                                      {product} {ergonomic}
   size_t SoftMaxHeapSize                          = 1570766848                             {manageable} {ergonomic}
     bool UseCompressedClassPointers               = true                           {product lp64_product} {ergonomic}
     bool UseCompressedOops                        = true                           {product lp64_product} {ergonomic}
     bool UseG1GC                                  = true                                      {product} {ergonomic}
     bool UseLargePagesIndividualAllocation        = false                                  {pd product} {ergonomic}

Logging:
Log output configuration:
 #0: stdout all=warning uptime,level,tags
 #1: stderr all=off uptime,level,tags

Environment Variables:
JAVA_HOME=C:\Program Files\Java\jdk-17
PATH=C:\flutter\bin\cache\dart-sdk\bin\;C:\Python313\Scripts\;C:\Python313\;C:\Program Files\Common Files\Oracle\Java\javapath;C:\Program Files (x86)\Common Files\Oracle\Java\java8path;C:\Program Files (x86)\Common Files\Oracle\Java\javapath;C:\WINDOWS\system32;C:\WINDOWS;C:\WINDOWS\System32\Wbem;C:\WINDOWS\System32\WindowsPowerShell\v1.0\;C:\WINDOWS\System32\OpenSSH\;C:\Program Files (x86)\Microsoft SQL Server\160\Tools\Binn\;C:\Program Files\Microsoft SQL Server\160\Tools\Binn\;C:\Program Files\Microsoft SQL Server\Client SDK\ODBC\170\Tools\Binn\;C:\Program Files\Microsoft SQL Server\160\DTS\Binn\;C:\Program Files\Git\cmd;C:\xampp\php;C:\ProgramData\ComposerSetup\bin;C:\Program Files (x86)\Incredibuild;C:\Program Files (x86)\Windows Kits\10\Windows Performance Toolkit\;C:\Users\josuesitoe\Downloads\platform-tools-latest-windows\platform-tools;C:\Program Files\nodejs\;C:\ProgramData\chocolatey\bin;C:\flutter\bin;C:\Program Files\dotnet\;C:\ProgramData\chocolatey\lib\maven\apache-maven-3.9.11\bin;C:\Program Files\Java\jdk-17\bin;C:\Python313\Scripts\;C:\Python313\;C:\Program Files\Common Files\Oracle\Java\javapath;C:\Program Files (x86)\Common Files\Oracle\Java\java8path;C:\Program Files (x86)\Common Files\Oracle\Java\javapath;C:\WINDOWS\system32;C:\WINDOWS;C:\WINDOWS\System32\Wbem;C:\WINDOWS\System32\WindowsPowerShell\v1.0\;C:\WINDOWS\System32\OpenSSH\;C:\Program Files (x86)\Microsoft SQL Server\160\Tools\Binn\;C:\Program Files\Microsoft SQL Server\160\Tools\Binn\;C:\Program Files\Microsoft SQL Server\Client SDK\ODBC\170\Tools\Binn\;C:\Program Files\Microsoft SQL Server\160\DTS\Binn\;C:\Program Files\Git\cmd;C:\xampp\php;C:\ProgramData\ComposerSetup\bin;C:\Program Files (x86)\Incredibuild;C:\Program Files (x86)\Windows Kits\10\Windows Performance Toolkit\;C:\Users\josuesitoe\Downloads\platform-tools-latest-windows\platform-tools;C:\Program Files\nodejs\;C:\ProgramData\chocolatey\bin;C:\flutter\bin;C:\Program Files\dotnet\;C:\Program Files\Java\jdk-17\bin;C:\Users\josu
USERNAME=josuesitoe
LANG=en_US.UTF-8
OS=Windows_NT
PROCESSOR_IDENTIFIER=AMD64 Family 23 Model 104 Stepping 1, AuthenticAMD



---------------  S Y S T E M  ---------------

OS:
 Windows 11 , 64 bit Build 26100 (10.0.26100.6725)
OS uptime: 1 days 17:31 hours
Hyper-V role detected

CPU: total 16 (initial active 16) (16 cores per cpu, 2 threads per core) family 23 model 104 stepping 1 microcode 0x8608103, cx8, cmov, fxsr, ht, mmx, 3dnowpref, sse, sse2, sse3, ssse3, sse4a, sse4.1, sse4.2, popcnt, lzcnt, tsc, tscinvbit, avx, avx2, aes, clmul, bmi1, bmi2, adx, sha, fma, vzeroupper, clflush, clflushopt, hv

Memory: 4k page, system-wide physical 5989M (350M free)
TotalPageFile size 24421M (AvailPageFile size 19M)
current process WorkingSet (physical memory assigned to process): 181M, peak: 185M
current process commit charge ("private bytes"): 255M, peak: 258M

vm_info: Java HotSpot(TM) 64-Bit Server VM (17.0.12+8-LTS-286) for windows-amd64 JRE (17.0.12+8-LTS-286), built on Jun  5 2024 06:46:59 by "mach5one" with MS VC++ 17.6 (VS2022)

END.
