#
# There is insufficient memory for the Java Runtime Environment to continue.
# Native memory allocation (malloc) failed to allocate 1404656 bytes. Error detail: Chunk::new
# Possible reasons:
#   The system is out of physical RAM or swap space
#   This process is running with CompressedOops enabled, and the Java Heap may be blocking the growth of the native heap
# Possible solutions:
#   Reduce memory load on the system
#   Increase physical memory or swap space
#   Check if swap backing store is full
#   Decrease Java heap size (-Xmx/-Xms)
#   Decrease number of Java threads
#   Decrease Java thread stack sizes (-Xss)
#   Set larger code cache with -XX:ReservedCodeCacheSize=
#   JVM is running with Unscaled Compressed Oops mode in which the Java heap is
#     placed in the first 4GB address space. The Java Heap base address is the
#     maximum limit for the native heap growth. Please use -XX:HeapBaseMinAddress
#     to set the Java Heap base and to place the Java Heap above 4GB virtual address.
# This output file may be truncated or incomplete.
#
#  Out of Memory Error (arena.cpp:168), pid=29976, tid=28764
#
# JRE version: OpenJDK Runtime Environment Temurin-21.0.8+9 (21.0.8+9) (build 21.0.8+9-LTS)
# Java VM: OpenJDK 64-Bit Server VM Temurin-21.0.8+9 (21.0.8+9-LTS, mixed mode, sharing, tiered, compressed oops, compressed class ptrs, parallel gc, windows-amd64)
# No core dump will be written. Minidumps are not enabled by default on client versions of Windows
#

---------------  S U M M A R Y ------------

Command Line: --add-modules=ALL-SYSTEM --add-opens=java.base/java.util=ALL-UNNAMED --add-opens=java.base/java.lang=ALL-UNNAMED --add-opens=java.base/sun.nio.fs=ALL-UNNAMED -Declipse.application=org.eclipse.jdt.ls.core.id1 -Dosgi.bundles.defaultStartLevel=4 -Declipse.product=org.eclipse.jdt.ls.core.product -Djava.import.generatesMetadataFilesAtProjectRoot=false -DDetectVMInstallationsJob.disabled=true -Dfile.encoding=utf8 -XX:+UseParallelGC -XX:GCTimeRatio=4 -XX:AdaptiveSizePolicyWeight=90 -Dsun.zip.disableMemoryMapping=true -Xmx2G -Xms100m -Xlog:disable -javaagent:c:\Users\josuesitoe\.vscode\extensions\redhat.java-1.46.0-win32-x64\lombok\lombok-1.18.39-4050.jar -XX:+HeapDumpOnOutOfMemoryError -XX:HeapDumpPath=c:\Users\josuesitoe\AppData\Roaming\Code\User\workspaceStorage\b6a6d4d9d6201c9de0d0fbad05277ae1\redhat.java -Daether.dependencyCollector.impl=bf c:\Users\josuesitoe\.vscode\extensions\redhat.java-1.46.0-win32-x64\server\plugins\org.eclipse.equinox.launcher_1.7.0.v20250519-0528.jar -configuration c:\Users\josuesitoe\AppData\Roaming\Code\User\globalStorage\redhat.java\1.46.0\config_win -data c:\Users\josuesitoe\AppData\Roaming\Code\User\workspaceStorage\b6a6d4d9d6201c9de0d0fbad05277ae1\redhat.java\jdt_ws --pipe=\\.\pipe\lsp-e6c924b33baec3320821d7a61e5a2866-sock

Host: AMD Ryzen 7 5700U with Radeon Graphics         , 16 cores, 5G,  Windows 11 , 64 bit Build 26100 (10.0.26100.6725)
Time: Wed Oct 29 23:39:12 2025 South Africa Standard Time elapsed time: 34.779913 seconds (0d 0h 0m 34s)

---------------  T H R E A D  ---------------

Current thread (0x0000023c69efe7f0):  JavaThread "C2 CompilerThread0" daemon [_thread_in_native, id=28764, stack(0x0000003e3d800000,0x0000003e3d900000) (1024K)]


Current CompileTask:
C2:34779 9334   !   4       org.eclipse.osgi.internal.loader.classpath.ClasspathManager::findClassImpl (343 bytes)

Stack: [0x0000003e3d800000,0x0000003e3d900000]
Native frames: (J=compiled Java code, j=interpreted, Vv=VM code, C=native code)
V  [jvm.dll+0x6d2449]
V  [jvm.dll+0x8ae341]
V  [jvm.dll+0x8b08be]
V  [jvm.dll+0x8b0fa3]
V  [jvm.dll+0x280c96]
V  [jvm.dll+0xc581d]
V  [jvm.dll+0xc5d53]
V  [jvm.dll+0x3b9162]
V  [jvm.dll+0x1e1213]
V  [jvm.dll+0x249022]
V  [jvm.dll+0x2484af]
V  [jvm.dll+0x1c89ee]
V  [jvm.dll+0x257d4d]
V  [jvm.dll+0x2562ea]
V  [jvm.dll+0x3f2d16]
V  [jvm.dll+0x857e6b]
V  [jvm.dll+0x6d0b0d]
C  [ucrtbase.dll+0x37b0]
C  [KERNEL32.DLL+0x2e8d7]
C  [ntdll.dll+0x8c53c]


---------------  P R O C E S S  ---------------

Threads class SMR info:
_java_thread_list=0x0000023c49eff110, length=94, elements={
0x0000023c67acab80, 0x0000023c7c8edb00, 0x0000023c69ef4ac0, 0x0000023c69ef5d20,
0x0000023c69ef6aa0, 0x0000023c69ef9a00, 0x0000023c69efa4f0, 0x0000023c69efe7f0,
0x0000023c69f0def0, 0x0000023c7ddc20e0, 0x0000023c7ddc2770, 0x0000023c7ddc13c0,
0x0000023c7ddc3490, 0x0000023c7ddc2e00, 0x0000023c7ddc0010, 0x0000023c7ddc06a0,
0x0000023c497748d0, 0x0000023c7ddc1a50, 0x0000023c7f674e20, 0x0000023c7f6726c0,
0x0000023c7f673a70, 0x0000023c7f672d50, 0x0000023c7f672030, 0x0000023c7f6733e0,
0x0000023c7f677580, 0x0000023c7f6761d0, 0x0000023c7f676ef0, 0x0000023c7f674100,
0x0000023c7f677c10, 0x0000023c7f675b40, 0x0000023c7f6782a0, 0x0000023c7f678930,
0x0000023c7f6754b0, 0x0000023c7f678fc0, 0x0000023c4b413ce0, 0x0000023c4b4122a0,
0x0000023c4b410ef0, 0x0000023c4b414a00, 0x0000023c4b411580, 0x0000023c4b414370,
0x0000023c4b411c10, 0x0000023c4b412930, 0x0000023c4b412fc0, 0x0000023c4b415090,
0x0000023c4b415720, 0x0000023c4b416440, 0x0000023c4b416ad0, 0x0000023c4b415db0,
0x0000023c4b413650, 0x0000023c4b417e80, 0x0000023c4b417160, 0x0000023c4b4177f0,
0x0000023c4b418510, 0x0000023c4b492460, 0x0000023c4b4910b0, 0x0000023c4b493180,
0x0000023c4b491740, 0x0000023c4b493810, 0x0000023c4b494bc0, 0x0000023c4b495250,
0x0000023c4b493ea0, 0x0000023c4b494530, 0x0000023c4b492af0, 0x0000023c4b491dd0,
0x0000023c4b4986d0, 0x0000023c4b4979b0, 0x0000023c4b496600, 0x0000023c4b496c90,
0x0000023c4b498040, 0x0000023c4b497320, 0x0000023c4b495f70, 0x0000023c4b4958e0,
0x0000023c4a7adb00, 0x0000023c4a7aeeb0, 0x0000023c4a7ae820, 0x0000023c4a7af540,
0x0000023c4a7ae190, 0x0000023c4a7ad470, 0x0000023c4a7ac0c0, 0x0000023c4a7afbd0,
0x0000023c4a7ac750, 0x0000023c4a7b08f0, 0x0000023c4a7b36e0, 0x0000023c4a7b0f80,
0x0000023c4a7b3050, 0x0000023c4a7b0260, 0x0000023c4a7b1610, 0x0000023c4a7b1ca0,
0x0000023c4fca02d0, 0x0000023c4fc9d4e0, 0x0000023c4fc9db70, 0x0000023c4fc9e200,
0x0000023c4fc9e890, 0x0000023c4fc9ef20
}

Java Threads: ( => current thread )
  0x0000023c67acab80 JavaThread "main"                              [_thread_blocked, id=2300, stack(0x0000003e3ce00000,0x0000003e3cf00000) (1024K)]
  0x0000023c7c8edb00 JavaThread "Reference Handler"          daemon [_thread_blocked, id=29020, stack(0x0000003e3d200000,0x0000003e3d300000) (1024K)]
  0x0000023c69ef4ac0 JavaThread "Finalizer"                  daemon [_thread_blocked, id=29452, stack(0x0000003e3d300000,0x0000003e3d400000) (1024K)]
  0x0000023c69ef5d20 JavaThread "Signal Dispatcher"          daemon [_thread_blocked, id=26696, stack(0x0000003e3d400000,0x0000003e3d500000) (1024K)]
  0x0000023c69ef6aa0 JavaThread "Attach Listener"            daemon [_thread_blocked, id=14932, stack(0x0000003e3d500000,0x0000003e3d600000) (1024K)]
  0x0000023c69ef9a00 JavaThread "Service Thread"             daemon [_thread_blocked, id=12096, stack(0x0000003e3d600000,0x0000003e3d700000) (1024K)]
  0x0000023c69efa4f0 JavaThread "Monitor Deflation Thread"   daemon [_thread_blocked, id=26396, stack(0x0000003e3d700000,0x0000003e3d800000) (1024K)]
=>0x0000023c69efe7f0 JavaThread "C2 CompilerThread0"         daemon [_thread_in_native, id=28764, stack(0x0000003e3d800000,0x0000003e3d900000) (1024K)]
  0x0000023c69f0def0 JavaThread "C1 CompilerThread0"         daemon [_thread_blocked, id=18012, stack(0x0000003e3d900000,0x0000003e3da00000) (1024K)]
  0x0000023c7ddc20e0 JavaThread "Common-Cleaner"             daemon [_thread_blocked, id=27728, stack(0x0000003e3da00000,0x0000003e3db00000) (1024K)]
  0x0000023c7ddc2770 JavaThread "Notification Thread"        daemon [_thread_blocked, id=4360, stack(0x0000003e3df00000,0x0000003e3e000000) (1024K)]
  0x0000023c7ddc13c0 JavaThread "Active Thread: Equinox Container: b8503932-a935-4366-bc91-dec782aff034"        [_thread_in_Java, id=22016, stack(0x0000003e3de00000,0x0000003e3df00000) (1024K)]
  0x0000023c7ddc3490 JavaThread "Refresh Thread: Equinox Container: b8503932-a935-4366-bc91-dec782aff034" daemon [_thread_blocked, id=28552, stack(0x0000003e3dc00000,0x0000003e3dd00000) (1024K)]
  0x0000023c7ddc2e00 JavaThread "Framework Event Dispatcher: Equinox Container: b8503932-a935-4366-bc91-dec782aff034" daemon [_thread_blocked, id=24232, stack(0x0000003e3dd00000,0x0000003e3de00000) (1024K)]
  0x0000023c7ddc0010 JavaThread "Start Level: Equinox Container: b8503932-a935-4366-bc91-dec782aff034" daemon [_thread_blocked, id=14028, stack(0x0000003e3e000000,0x0000003e3e100000) (1024K)]
  0x0000023c7ddc06a0 JavaThread "Bundle File Closer"         daemon [_thread_blocked, id=21960, stack(0x0000003e3ea00000,0x0000003e3eb00000) (1024K)]
  0x0000023c497748d0 JavaThread "C1 CompilerThread1"         daemon [_thread_blocked, id=24924, stack(0x0000003e3eb00000,0x0000003e3ec00000) (1024K)]
  0x0000023c7ddc1a50 JavaThread "SCR Component Actor"        daemon [_thread_blocked, id=29556, stack(0x0000003e3ec00000,0x0000003e3ed00000) (1024K)]
  0x0000023c7f674e20 JavaThread "Worker-JM"                         [_thread_blocked, id=26964, stack(0x0000003e3ed00000,0x0000003e3ee00000) (1024K)]
  0x0000023c7f6726c0 JavaThread "JNA Cleaner"                daemon [_thread_blocked, id=18032, stack(0x0000003e3f000000,0x0000003e3f100000) (1024K)]
  0x0000023c7f673a70 JavaThread "Worker-0"                          [_thread_blocked, id=16548, stack(0x0000003e3f100000,0x0000003e3f200000) (1024K)]
  0x0000023c7f672d50 JavaThread "Worker-1"                          [_thread_blocked, id=3344, stack(0x0000003e3f200000,0x0000003e3f300000) (1024K)]
  0x0000023c7f672030 JavaThread "Worker-2"                          [_thread_blocked, id=23540, stack(0x0000003e3f300000,0x0000003e3f400000) (1024K)]
  0x0000023c7f6733e0 JavaThread "Java indexing"              daemon [_thread_blocked, id=13168, stack(0x0000003e3f400000,0x0000003e3f500000) (1024K)]
  0x0000023c7f677580 JavaThread "Worker-3: Building"                [_thread_in_vm, id=27096, stack(0x0000003e3f500000,0x0000003e3f600000) (1024K)]
  0x0000023c7f6761d0 JavaThread "Worker-4"                          [_thread_blocked, id=26520, stack(0x0000003e3f600000,0x0000003e3f700000) (1024K)]
  0x0000023c7f676ef0 JavaThread "Worker-5"                          [_thread_blocked, id=20724, stack(0x0000003e3fb00000,0x0000003e3fc00000) (1024K)]
  0x0000023c7f674100 JavaThread "Thread-1"                   daemon [_thread_in_native, id=5492, stack(0x0000003e3fc00000,0x0000003e3fd00000) (1024K)]
  0x0000023c7f677c10 JavaThread "Thread-2"                   daemon [_thread_in_native, id=14044, stack(0x0000003e3fd00000,0x0000003e3fe00000) (1024K)]
  0x0000023c7f675b40 JavaThread "Thread-3"                   daemon [_thread_in_native, id=20704, stack(0x0000003e3fe00000,0x0000003e3ff00000) (1024K)]
  0x0000023c7f6782a0 JavaThread "Thread-4"                   daemon [_thread_in_native, id=7876, stack(0x0000003e3ff00000,0x0000003e40000000) (1024K)]
  0x0000023c7f678930 JavaThread "Thread-5"                   daemon [_thread_in_native, id=18548, stack(0x0000003e40000000,0x0000003e40100000) (1024K)]
  0x0000023c7f6754b0 JavaThread "Thread-6"                   daemon [_thread_in_native, id=8392, stack(0x0000003e40100000,0x0000003e40200000) (1024K)]
  0x0000023c7f678fc0 JavaThread "Thread-7"                   daemon [_thread_in_native, id=27892, stack(0x0000003e40200000,0x0000003e40300000) (1024K)]
  0x0000023c4b413ce0 JavaThread "Thread-8"                   daemon [_thread_in_native, id=29196, stack(0x0000003e40300000,0x0000003e40400000) (1024K)]
  0x0000023c4b4122a0 JavaThread "Thread-9"                   daemon [_thread_in_native, id=10760, stack(0x0000003e40400000,0x0000003e40500000) (1024K)]
  0x0000023c4b410ef0 JavaThread "Thread-10"                  daemon [_thread_in_native, id=11312, stack(0x0000003e40500000,0x0000003e40600000) (1024K)]
  0x0000023c4b414a00 JavaThread "Thread-11"                  daemon [_thread_in_native, id=12620, stack(0x0000003e40600000,0x0000003e40700000) (1024K)]
  0x0000023c4b411580 JavaThread "Thread-12"                  daemon [_thread_in_native, id=10508, stack(0x0000003e40700000,0x0000003e40800000) (1024K)]
  0x0000023c4b414370 JavaThread "Thread-13"                  daemon [_thread_in_native, id=4192, stack(0x0000003e40800000,0x0000003e40900000) (1024K)]
  0x0000023c4b411c10 JavaThread "Thread-14"                  daemon [_thread_in_native, id=30592, stack(0x0000003e40900000,0x0000003e40a00000) (1024K)]
  0x0000023c4b412930 JavaThread "Thread-15"                  daemon [_thread_in_native, id=15444, stack(0x0000003e40a00000,0x0000003e40b00000) (1024K)]
  0x0000023c4b412fc0 JavaThread "Thread-16"                  daemon [_thread_in_native, id=11496, stack(0x0000003e40b00000,0x0000003e40c00000) (1024K)]
  0x0000023c4b415090 JavaThread "Thread-17"                  daemon [_thread_in_native, id=8832, stack(0x0000003e40c00000,0x0000003e40d00000) (1024K)]
  0x0000023c4b415720 JavaThread "pool-2-thread-1"                   [_thread_blocked, id=24452, stack(0x0000003e40d00000,0x0000003e40e00000) (1024K)]
  0x0000023c4b416440 JavaThread "WorkspaceEventsHandler"            [_thread_blocked, id=31068, stack(0x0000003e40e00000,0x0000003e40f00000) (1024K)]
  0x0000023c4b416ad0 JavaThread "pool-1-thread-1"                   [_thread_blocked, id=30208, stack(0x0000003e40f00000,0x0000003e41000000) (1024K)]
  0x0000023c4b415db0 JavaThread "LocalFile Deleter"          daemon [_thread_blocked, id=6160, stack(0x0000003e41100000,0x0000003e41200000) (1024K)]
  0x0000023c4b413650 JavaThread "LocalFile Deleter"          daemon [_thread_blocked, id=4920, stack(0x0000003e41200000,0x0000003e41300000) (1024K)]
  0x0000023c4b417e80 JavaThread "LocalFile Deleter"          daemon [_thread_blocked, id=17716, stack(0x0000003e41300000,0x0000003e41400000) (1024K)]
  0x0000023c4b417160 JavaThread "LocalFile Deleter"          daemon [_thread_blocked, id=30536, stack(0x0000003e41400000,0x0000003e41500000) (1024K)]
  0x0000023c4b4177f0 JavaThread "LocalFile Deleter"          daemon [_thread_blocked, id=11016, stack(0x0000003e41500000,0x0000003e41600000) (1024K)]
  0x0000023c4b418510 JavaThread "LocalFile Deleter"          daemon [_thread_blocked, id=27652, stack(0x0000003e41600000,0x0000003e41700000) (1024K)]
  0x0000023c4b492460 JavaThread "LocalFile Deleter"          daemon [_thread_blocked, id=20856, stack(0x0000003e41700000,0x0000003e41800000) (1024K)]
  0x0000023c4b4910b0 JavaThread "LocalFile Deleter"          daemon [_thread_blocked, id=23140, stack(0x0000003e41800000,0x0000003e41900000) (1024K)]
  0x0000023c4b493180 JavaThread "LocalFile Deleter"          daemon [_thread_blocked, id=30576, stack(0x0000003e41900000,0x0000003e41a00000) (1024K)]
  0x0000023c4b491740 JavaThread "LocalFile Deleter"          daemon [_thread_blocked, id=26332, stack(0x0000003e41a00000,0x0000003e41b00000) (1024K)]
  0x0000023c4b493810 JavaThread "LocalFile Deleter"          daemon [_thread_blocked, id=25756, stack(0x0000003e41b00000,0x0000003e41c00000) (1024K)]
  0x0000023c4b494bc0 JavaThread "LocalFile Deleter"          daemon [_thread_blocked, id=21696, stack(0x0000003e41c00000,0x0000003e41d00000) (1024K)]
  0x0000023c4b495250 JavaThread "LocalFile Deleter"          daemon [_thread_blocked, id=19188, stack(0x0000003e41d00000,0x0000003e41e00000) (1024K)]
  0x0000023c4b493ea0 JavaThread "LocalFile Deleter"          daemon [_thread_blocked, id=1592, stack(0x0000003e41e00000,0x0000003e41f00000) (1024K)]
  0x0000023c4b494530 JavaThread "LocalFile Deleter"          daemon [_thread_blocked, id=5308, stack(0x0000003e41f00000,0x0000003e42000000) (1024K)]
  0x0000023c4b492af0 JavaThread "LocalFile Deleter"          daemon [_thread_blocked, id=10740, stack(0x0000003e42000000,0x0000003e42100000) (1024K)]
  0x0000023c4b491dd0 JavaThread "Compiler Source File Reader" daemon [_thread_blocked, id=1448, stack(0x0000003e42100000,0x0000003e42200000) (1024K)]
  0x0000023c4b4986d0 JavaThread "Compiler Source File Reader" daemon [_thread_blocked, id=22364, stack(0x0000003e42200000,0x0000003e42300000) (1024K)]
  0x0000023c4b4979b0 JavaThread "Compiler Source File Reader" daemon [_thread_blocked, id=28700, stack(0x0000003e42300000,0x0000003e42400000) (1024K)]
  0x0000023c4b496600 JavaThread "Compiler Source File Reader" daemon [_thread_blocked, id=28476, stack(0x0000003e42400000,0x0000003e42500000) (1024K)]
  0x0000023c4b496c90 JavaThread "Compiler Source File Reader" daemon [_thread_blocked, id=9268, stack(0x0000003e42500000,0x0000003e42600000) (1024K)]
  0x0000023c4b498040 JavaThread "Compiler Source File Reader" daemon [_thread_blocked, id=9524, stack(0x0000003e42600000,0x0000003e42700000) (1024K)]
  0x0000023c4b497320 JavaThread "Compiler Source File Reader" daemon [_thread_blocked, id=5656, stack(0x0000003e42700000,0x0000003e42800000) (1024K)]
  0x0000023c4b495f70 JavaThread "Compiler Source File Reader" daemon [_thread_blocked, id=15972, stack(0x0000003e42800000,0x0000003e42900000) (1024K)]
  0x0000023c4b4958e0 JavaThread "Compiler Source File Reader" daemon [_thread_blocked, id=29276, stack(0x0000003e42900000,0x0000003e42a00000) (1024K)]
  0x0000023c4a7adb00 JavaThread "Compiler Source File Reader" daemon [_thread_blocked, id=22664, stack(0x0000003e42a00000,0x0000003e42b00000) (1024K)]
  0x0000023c4a7aeeb0 JavaThread "Compiler Source File Reader" daemon [_thread_blocked, id=22372, stack(0x0000003e42b00000,0x0000003e42c00000) (1024K)]
  0x0000023c4a7ae820 JavaThread "Compiler Source File Reader" daemon [_thread_blocked, id=17660, stack(0x0000003e42c00000,0x0000003e42d00000) (1024K)]
  0x0000023c4a7af540 JavaThread "Compiler Source File Reader" daemon [_thread_blocked, id=20896, stack(0x0000003e42d00000,0x0000003e42e00000) (1024K)]
  0x0000023c4a7ae190 JavaThread "Keep-Alive-Timer"           daemon [_thread_blocked, id=3016, stack(0x0000003e42e00000,0x0000003e42f00000) (1024K)]
  0x0000023c4a7ad470 JavaThread "Compiler Processing Task"   daemon [_thread_blocked, id=12656, stack(0x0000003e42f00000,0x0000003e43000000) (1024K)]
  0x0000023c4a7ac0c0 JavaThread "ForkJoinPool.commonPool-worker-1" daemon [_thread_blocked, id=31304, stack(0x0000003e43000000,0x0000003e43100000) (1024K)]
  0x0000023c4a7afbd0 JavaThread "Compiler Class File Writer" daemon [_thread_blocked, id=18872, stack(0x0000003e43100000,0x0000003e43200000) (1024K)]
  0x0000023c4a7ac750 JavaThread "Compiler Class File Writer" daemon [_thread_blocked, id=22224, stack(0x0000003e43200000,0x0000003e43300000) (1024K)]
  0x0000023c4a7b08f0 JavaThread "Compiler Class File Writer" daemon [_thread_blocked, id=21644, stack(0x0000003e43300000,0x0000003e43400000) (1024K)]
  0x0000023c4a7b36e0 JavaThread "Compiler Class File Writer" daemon [_thread_blocked, id=4044, stack(0x0000003e43400000,0x0000003e43500000) (1024K)]
  0x0000023c4a7b0f80 JavaThread "Compiler Class File Writer" daemon [_thread_blocked, id=6972, stack(0x0000003e43500000,0x0000003e43600000) (1024K)]
  0x0000023c4a7b3050 JavaThread "Compiler Class File Writer" daemon [_thread_blocked, id=31308, stack(0x0000003e43600000,0x0000003e43700000) (1024K)]
  0x0000023c4a7b0260 JavaThread "Compiler Class File Writer" daemon [_thread_blocked, id=20868, stack(0x0000003e43700000,0x0000003e43800000) (1024K)]
  0x0000023c4a7b1610 JavaThread "Compiler Class File Writer" daemon [_thread_blocked, id=25504, stack(0x0000003e43800000,0x0000003e43900000) (1024K)]
  0x0000023c4a7b1ca0 JavaThread "Compiler Class File Writer" daemon [_thread_blocked, id=28944, stack(0x0000003e43900000,0x0000003e43a00000) (1024K)]
  0x0000023c4fca02d0 JavaThread "Compiler Class File Writer" daemon [_thread_blocked, id=26324, stack(0x0000003e43a00000,0x0000003e43b00000) (1024K)]
  0x0000023c4fc9d4e0 JavaThread "Compiler Class File Writer" daemon [_thread_blocked, id=30948, stack(0x0000003e43b00000,0x0000003e43c00000) (1024K)]
  0x0000023c4fc9db70 JavaThread "Compiler Class File Writer" daemon [_thread_blocked, id=10944, stack(0x0000003e43c00000,0x0000003e43d00000) (1024K)]
  0x0000023c4fc9e200 JavaThread "Compiler Class File Writer" daemon [_thread_blocked, id=3380, stack(0x0000003e43d00000,0x0000003e43e00000) (1024K)]
  0x0000023c4fc9e890 JavaThread "Compiler Class File Writer" daemon [_thread_blocked, id=30220, stack(0x0000003e43e00000,0x0000003e43f00000) (1024K)]
  0x0000023c4fc9ef20 JavaThread "Compiler Source File Reader" daemon [_thread_blocked, id=22848, stack(0x0000003e43f00000,0x0000003e44000000) (1024K)]
Total: 94

Other Threads:
  0x0000023c7c8d40d0 VMThread "VM Thread"                           [id=12132, stack(0x0000003e3d100000,0x0000003e3d200000) (1024K)]
  0x0000023c7c7cca10 WatcherThread "VM Periodic Task Thread"        [id=24852, stack(0x0000003e3d000000,0x0000003e3d100000) (1024K)]
  0x0000023c69e70530 WorkerThread "GC Thread#0"                     [id=3828, stack(0x0000003e3cf00000,0x0000003e3d000000) (1024K)]
  0x0000023c491c8220 WorkerThread "GC Thread#1"                     [id=23772, stack(0x0000003e3db00000,0x0000003e3dc00000) (1024K)]
  0x0000023c7fcd7f40 WorkerThread "GC Thread#2"                     [id=7572, stack(0x0000003e3e100000,0x0000003e3e200000) (1024K)]
  0x0000023c7fcd82e0 WorkerThread "GC Thread#3"                     [id=28176, stack(0x0000003e3e200000,0x0000003e3e300000) (1024K)]
  0x0000023c7fcd8680 WorkerThread "GC Thread#4"                     [id=29848, stack(0x0000003e3e300000,0x0000003e3e400000) (1024K)]
  0x0000023c7fd07180 WorkerThread "GC Thread#5"                     [id=13252, stack(0x0000003e3e400000,0x0000003e3e500000) (1024K)]
  0x0000023c7fd07520 WorkerThread "GC Thread#6"                     [id=13256, stack(0x0000003e3e500000,0x0000003e3e600000) (1024K)]
  0x0000023c49162340 WorkerThread "GC Thread#7"                     [id=27020, stack(0x0000003e3e600000,0x0000003e3e700000) (1024K)]
  0x0000023c7fc46150 WorkerThread "GC Thread#8"                     [id=12584, stack(0x0000003e3e700000,0x0000003e3e800000) (1024K)]
  0x0000023c7dee2260 WorkerThread "GC Thread#9"                     [id=7860, stack(0x0000003e3e800000,0x0000003e3e900000) (1024K)]
  0x0000023c7dee1040 WorkerThread "GC Thread#10"                    [id=28496, stack(0x0000003e3e900000,0x0000003e3ea00000) (1024K)]
  0x0000023c7dee2600 WorkerThread "GC Thread#11"                    [id=11420, stack(0x0000003e3ee00000,0x0000003e3ef00000) (1024K)]
  0x0000023c7dee0ca0 WorkerThread "GC Thread#12"                    [id=5716, stack(0x0000003e3ef00000,0x0000003e3f000000) (1024K)]
Total: 15

Threads with active compile tasks:
C2 CompilerThread0  34828 9334   !   4       org.eclipse.osgi.internal.loader.classpath.ClasspathManager::findClassImpl (343 bytes)
C1 CompilerThread0  34828 10431   !   3       java.io.BufferedOutputStream::write (62 bytes)
Total: 2

VM state: not at safepoint (normal execution)

VM Mutex/Monitor currently owned by a thread: None

Heap address: 0x0000000080000000, size: 2048 MB, Compressed Oops mode: 32-bit

CDS archive(s) mapped at: [0x0000023c04000000-0x0000023c04ba0000-0x0000023c04ba0000), size 12189696, SharedBaseAddress: 0x0000023c04000000, ArchiveRelocationMode: 1.
Compressed class space mapped at: 0x0000023c05000000-0x0000023c45000000, reserved size: 1073741824
Narrow klass base: 0x0000023c04000000, Narrow klass shift: 0, Narrow klass range: 0x100000000

GC Precious Log:
 CardTable entry size: 512
 CPUs: 16 total, 16 available
 Memory: 5989M
 Large Page Support: Disabled
 NUMA Support: Disabled
 Compressed Oops: Enabled (32-bit)
 Alignments: Space 512K, Generation 512K, Heap 2M
 Heap Min Capacity: 100M
 Heap Initial Capacity: 100M
 Heap Max Capacity: 2G
 Pre-touch: Disabled
 Parallel Workers: 13

Heap:
 PSYoungGen      total 18944K, used 13267K [0x00000000d5580000, 0x00000000d6a80000, 0x0000000100000000)
  eden space 17408K, 68% used [0x00000000d5580000,0x00000000d6114c40,0x00000000d6680000)
  from space 1536K, 91% used [0x00000000d6900000,0x00000000d6a60000,0x00000000d6a80000)
  to   space 1536K, 0% used [0x00000000d6780000,0x00000000d6780000,0x00000000d6900000)
 ParOldGen       total 68608K, used 49564K [0x0000000080000000, 0x0000000084300000, 0x00000000d5580000)
  object space 68608K, 72% used [0x0000000080000000,0x00000000830671b0,0x0000000084300000)
 Metaspace       used 65056K, committed 66560K, reserved 1114112K
  class space    used 7036K, committed 7680K, reserved 1048576K

Card table byte_map: [0x0000023c697f0000,0x0000023c69c00000] _byte_map_base: 0x0000023c693f0000

Marking Bits: (ParMarkBitMap*) 0x00007ffccb93a340
 Begin Bits: [0x0000023c00000000, 0x0000023c02000000)
 End Bits:   [0x0000023c02000000, 0x0000023c04000000)

Polling page: 0x0000023c67ce0000

Metaspace:

Usage:
  Non-class:     56.66 MB used.
      Class:      6.87 MB used.
       Both:     63.53 MB used.

Virtual space:
  Non-class space:       64.00 MB reserved,      57.50 MB ( 90%) committed,  1 nodes.
      Class space:        1.00 GB reserved,       7.50 MB ( <1%) committed,  1 nodes.
             Both:        1.06 GB reserved,      65.00 MB (  6%) committed. 

Chunk freelists:
   Non-Class:  5.84 MB
       Class:  8.45 MB
        Both:  14.30 MB

MaxMetaspaceSize: unlimited
CompressedClassSpaceSize: 1.00 GB
Initial GC threshold: 21.00 MB
Current GC threshold: 97.31 MB
CDS: on
 - commit_granule_bytes: 65536.
 - commit_granule_words: 8192.
 - virtual_space_node_default_size: 8388608.
 - enlarge_chunks_in_place: 1.
 - use_allocation_guard: 0.


Internal statistics:

num_allocs_failed_limit: 9.
num_arena_births: 1188.
num_arena_deaths: 14.
num_vsnodes_births: 2.
num_vsnodes_deaths: 0.
num_space_committed: 1040.
num_space_uncommitted: 0.
num_chunks_returned_to_freelist: 23.
num_chunks_taken_from_freelist: 4258.
num_chunk_merges: 15.
num_chunk_splits: 2462.
num_chunks_enlarged: 1186.
num_inconsistent_stats: 0.

CodeHeap 'non-profiled nmethods': size=119168Kb used=2785Kb max_used=2785Kb free=116382Kb
 bounds [0x0000023c74be0000, 0x0000023c74ea0000, 0x0000023c7c040000]
CodeHeap 'profiled nmethods': size=119104Kb used=19708Kb max_used=19708Kb free=99395Kb
 bounds [0x0000023c6d040000, 0x0000023c6e380000, 0x0000023c74490000]
CodeHeap 'non-nmethods': size=7488Kb used=2020Kb max_used=2947Kb free=5467Kb
 bounds [0x0000023c74490000, 0x0000023c747f0000, 0x0000023c74be0000]
CodeCache: size=245760Kb, used=24513Kb, max_used=25440Kb, free=221244Kb
 total_blobs=10397, nmethods=9623, adapters=678, full_count=0
Compilation: enabled, stopped_count=0, restarted_count=0

Compilation events (20 events):
Event: 33.764 Thread 0x0000023c4a9f8730 nmethod 10336 0x0000023c6e356390 code [0x0000023c6e356520, 0x0000023c6e356630]
Event: 33.764 Thread 0x0000023c69f0def0 nmethod 10334 0x0000023c6e356710 code [0x0000023c6e3568c0, 0x0000023c6e3569f8]
Event: 33.765 Thread 0x0000023c497748d0 10337       2       org.eclipse.core.runtime.SubMonitor::internalWorked (33 bytes)
Event: 33.765 Thread 0x0000023c497748d0 nmethod 10337 0x0000023c6e356a90 code [0x0000023c6e356c60, 0x0000023c6e356e70]
Event: 33.766 Thread 0x0000023c4a9f8730 10338       1       org.eclipse.core.resources.FileInfoMatcherDescription::getId (5 bytes)
Event: 33.767 Thread 0x0000023c4a9f8730 nmethod 10338 0x0000023c74e96310 code [0x0000023c74e964a0, 0x0000023c74e96568]
Event: 33.767 Thread 0x0000023c69f0def0 10340       2       java.util.LinkedList::peek (18 bytes)
Event: 33.767 Thread 0x0000023c69f0def0 nmethod 10340 0x0000023c6e357010 code [0x0000023c6e3571c0, 0x0000023c6e357310]
Event: 33.767 Thread 0x0000023c69f0def0 10341  s    2       org.eclipse.core.internal.resources.ProjectDescription::getFilter (21 bytes)
Event: 33.768 Thread 0x0000023c4a9f8730 10342       2       org.eclipse.core.internal.localstore.UnifiedTree::addElementToQueue (10 bytes)
Event: 33.768 Thread 0x0000023c69f0def0 nmethod 10341 0x0000023c6e357410 code [0x0000023c6e3575c0, 0x0000023c6e357870]
Event: 33.768 Thread 0x0000023c4a9f8730 nmethod 10342 0x0000023c6e357990 code [0x0000023c6e357b40, 0x0000023c6e357c70]
Event: 33.772 Thread 0x0000023c69f0def0 10343       2       org.eclipse.core.internal.localstore.UnifiedTree::createNode (61 bytes)
Event: 33.772 Thread 0x0000023c69f0def0 nmethod 10343 0x0000023c6e357d90 code [0x0000023c6e357f40, 0x0000023c6e358268]
Event: 33.773 Thread 0x0000023c4a9f8730 10344       1       org.eclipse.core.internal.resources.ResourceInfo::getLocalSyncInfo (5 bytes)
Event: 33.773 Thread 0x0000023c4a9f8730 nmethod 10344 0x0000023c74e96610 code [0x0000023c74e967a0, 0x0000023c74e96870]
Event: 33.774 Thread 0x0000023c4a9f8730 10345       2       java.util.LinkedList::remove (5 bytes)
Event: 33.774 Thread 0x0000023c4a9f8730 nmethod 10345 0x0000023c6e358410 code [0x0000023c6e3585c0, 0x0000023c6e3587b8]
Event: 33.774 Thread 0x0000023c497748d0 10346       2       org.eclipse.core.internal.resources.Project::getProject (2 bytes)
Event: 33.774 Thread 0x0000023c497748d0 nmethod 10346 0x0000023c6e358910 code [0x0000023c6e358aa0, 0x0000023c6e358ba8]

GC Heap History (20 events):
Event: 29.421 GC heap before
{Heap before GC invocations=34 (full 2):
 PSYoungGen      total 19968K, used 9309K [0x00000000d5580000, 0x00000000d6b00000, 0x0000000100000000)
  eden space 18432K, 44% used [0x00000000d5580000,0x00000000d5d7e488,0x00000000d6780000)
  from space 1536K, 73% used [0x00000000d6800000,0x00000000d6919328,0x00000000d6980000)
  to   space 1536K, 0% used [0x00000000d6980000,0x00000000d6980000,0x00000000d6b00000)
 ParOldGen       total 68608K, used 43693K [0x0000000080000000, 0x0000000084300000, 0x00000000d5580000)
  object space 68608K, 63% used [0x0000000080000000,0x0000000082aab678,0x0000000084300000)
 Metaspace       used 58445K, committed 59776K, reserved 1114112K
  class space    used 6367K, committed 6976K, reserved 1048576K
}
Event: 29.426 GC heap after
{Heap after GC invocations=34 (full 2):
 PSYoungGen      total 18944K, used 1510K [0x00000000d5580000, 0x00000000d6d80000, 0x0000000100000000)
  eden space 17408K, 0% used [0x00000000d5580000,0x00000000d5580000,0x00000000d6680000)
  from space 1536K, 98% used [0x00000000d6980000,0x00000000d6af9ab0,0x00000000d6b00000)
  to   space 3072K, 0% used [0x00000000d6680000,0x00000000d6680000,0x00000000d6980000)
 ParOldGen       total 68608K, used 44691K [0x0000000080000000, 0x0000000084300000, 0x00000000d5580000)
  object space 68608K, 65% used [0x0000000080000000,0x0000000082ba4c90,0x0000000084300000)
 Metaspace       used 58445K, committed 59776K, reserved 1114112K
  class space    used 6367K, committed 6976K, reserved 1048576K
}
Event: 29.426 GC heap before
{Heap before GC invocations=35 (full 3):
 PSYoungGen      total 18944K, used 1510K [0x00000000d5580000, 0x00000000d6d80000, 0x0000000100000000)
  eden space 17408K, 0% used [0x00000000d5580000,0x00000000d5580000,0x00000000d6680000)
  from space 1536K, 98% used [0x00000000d6980000,0x00000000d6af9ab0,0x00000000d6b00000)
  to   space 3072K, 0% used [0x00000000d6680000,0x00000000d6680000,0x00000000d6980000)
 ParOldGen       total 68608K, used 44691K [0x0000000080000000, 0x0000000084300000, 0x00000000d5580000)
  object space 68608K, 65% used [0x0000000080000000,0x0000000082ba4c90,0x0000000084300000)
 Metaspace       used 58445K, committed 59776K, reserved 1114112K
  class space    used 6367K, committed 6976K, reserved 1048576K
}
Event: 29.530 GC heap after
{Heap after GC invocations=35 (full 3):
 PSYoungGen      total 18944K, used 0K [0x00000000d5580000, 0x00000000d6d80000, 0x0000000100000000)
  eden space 17408K, 0% used [0x00000000d5580000,0x00000000d5580000,0x00000000d6680000)
  from space 1536K, 0% used [0x00000000d6980000,0x00000000d6980000,0x00000000d6b00000)
  to   space 3072K, 0% used [0x00000000d6680000,0x00000000d6680000,0x00000000d6980000)
 ParOldGen       total 68608K, used 40654K [0x0000000080000000, 0x0000000084300000, 0x00000000d5580000)
  object space 68608K, 59% used [0x0000000080000000,0x00000000827b3818,0x0000000084300000)
 Metaspace       used 58445K, committed 59776K, reserved 1114112K
  class space    used 6367K, committed 6976K, reserved 1048576K
}
Event: 29.747 GC heap before
{Heap before GC invocations=36 (full 3):
 PSYoungGen      total 18944K, used 17408K [0x00000000d5580000, 0x00000000d6d80000, 0x0000000100000000)
  eden space 17408K, 100% used [0x00000000d5580000,0x00000000d6680000,0x00000000d6680000)
  from space 1536K, 0% used [0x00000000d6980000,0x00000000d6980000,0x00000000d6b00000)
  to   space 3072K, 0% used [0x00000000d6680000,0x00000000d6680000,0x00000000d6980000)
 ParOldGen       total 68608K, used 40654K [0x0000000080000000, 0x0000000084300000, 0x00000000d5580000)
  object space 68608K, 59% used [0x0000000080000000,0x00000000827b3818,0x0000000084300000)
 Metaspace       used 59398K, committed 60736K, reserved 1114112K
  class space    used 6479K, committed 7040K, reserved 1048576K
}
Event: 29.751 GC heap after
{Heap after GC invocations=36 (full 3):
 PSYoungGen      total 19456K, used 1992K [0x00000000d5580000, 0x00000000d6b80000, 0x0000000100000000)
  eden space 17408K, 0% used [0x00000000d5580000,0x00000000d5580000,0x00000000d6680000)
  from space 2048K, 97% used [0x00000000d6680000,0x00000000d6872020,0x00000000d6880000)
  to   space 2560K, 0% used [0x00000000d6900000,0x00000000d6900000,0x00000000d6b80000)
 ParOldGen       total 68608K, used 40662K [0x0000000080000000, 0x0000000084300000, 0x00000000d5580000)
  object space 68608K, 59% used [0x0000000080000000,0x00000000827b5818,0x0000000084300000)
 Metaspace       used 59398K, committed 60736K, reserved 1114112K
  class space    used 6479K, committed 7040K, reserved 1048576K
}
Event: 29.860 GC heap before
{Heap before GC invocations=37 (full 3):
 PSYoungGen      total 19456K, used 19400K [0x00000000d5580000, 0x00000000d6b80000, 0x0000000100000000)
  eden space 17408K, 100% used [0x00000000d5580000,0x00000000d6680000,0x00000000d6680000)
  from space 2048K, 97% used [0x00000000d6680000,0x00000000d6872020,0x00000000d6880000)
  to   space 2560K, 0% used [0x00000000d6900000,0x00000000d6900000,0x00000000d6b80000)
 ParOldGen       total 68608K, used 40662K [0x0000000080000000, 0x0000000084300000, 0x00000000d5580000)
  object space 68608K, 59% used [0x0000000080000000,0x00000000827b5818,0x0000000084300000)
 Metaspace       used 59748K, committed 61120K, reserved 1114112K
  class space    used 6519K, committed 7104K, reserved 1048576K
}
Event: 29.865 GC heap after
{Heap after GC invocations=37 (full 3):
 PSYoungGen      total 18432K, used 569K [0x00000000d5580000, 0x00000000d6a00000, 0x0000000100000000)
  eden space 17408K, 0% used [0x00000000d5580000,0x00000000d5580000,0x00000000d6680000)
  from space 1024K, 55% used [0x00000000d6900000,0x00000000d698e5e0,0x00000000d6a00000)
  to   space 1536K, 0% used [0x00000000d6700000,0x00000000d6700000,0x00000000d6880000)
 ParOldGen       total 68608K, used 42367K [0x0000000080000000, 0x0000000084300000, 0x00000000d5580000)
  object space 68608K, 61% used [0x0000000080000000,0x000000008295ff08,0x0000000084300000)
 Metaspace       used 59748K, committed 61120K, reserved 1114112K
  class space    used 6519K, committed 7104K, reserved 1048576K
}
Event: 30.008 GC heap before
{Heap before GC invocations=38 (full 3):
 PSYoungGen      total 18432K, used 17977K [0x00000000d5580000, 0x00000000d6a00000, 0x0000000100000000)
  eden space 17408K, 100% used [0x00000000d5580000,0x00000000d6680000,0x00000000d6680000)
  from space 1024K, 55% used [0x00000000d6900000,0x00000000d698e5e0,0x00000000d6a00000)
  to   space 1536K, 0% used [0x00000000d6700000,0x00000000d6700000,0x00000000d6880000)
 ParOldGen       total 68608K, used 42367K [0x0000000080000000, 0x0000000084300000, 0x00000000d5580000)
  object space 68608K, 61% used [0x0000000080000000,0x000000008295ff08,0x0000000084300000)
 Metaspace       used 60027K, committed 61376K, reserved 1114112K
  class space    used 6540K, committed 7104K, reserved 1048576K
}
Event: 30.012 GC heap after
{Heap after GC invocations=38 (full 3):
 PSYoungGen      total 18944K, used 1218K [0x00000000d5580000, 0x00000000d6980000, 0x0000000100000000)
  eden space 17408K, 0% used [0x00000000d5580000,0x00000000d5580000,0x00000000d6680000)
  from space 1536K, 79% used [0x00000000d6700000,0x00000000d6830ae8,0x00000000d6880000)
  to   space 1024K, 0% used [0x00000000d6880000,0x00000000d6880000,0x00000000d6980000)
 ParOldGen       total 68608K, used 42809K [0x0000000080000000, 0x0000000084300000, 0x00000000d5580000)
  object space 68608K, 62% used [0x0000000080000000,0x00000000829ce4e8,0x0000000084300000)
 Metaspace       used 60027K, committed 61376K, reserved 1114112K
  class space    used 6540K, committed 7104K, reserved 1048576K
}
Event: 30.126 GC heap before
{Heap before GC invocations=39 (full 3):
 PSYoungGen      total 18944K, used 18626K [0x00000000d5580000, 0x00000000d6980000, 0x0000000100000000)
  eden space 17408K, 100% used [0x00000000d5580000,0x00000000d6680000,0x00000000d6680000)
  from space 1536K, 79% used [0x00000000d6700000,0x00000000d6830ae8,0x00000000d6880000)
  to   space 1024K, 0% used [0x00000000d6880000,0x00000000d6880000,0x00000000d6980000)
 ParOldGen       total 68608K, used 42809K [0x0000000080000000, 0x0000000084300000, 0x00000000d5580000)
  object space 68608K, 62% used [0x0000000080000000,0x00000000829ce4e8,0x0000000084300000)
 Metaspace       used 60328K, committed 61632K, reserved 1114112K
  class space    used 6569K, committed 7104K, reserved 1048576K
}
Event: 30.132 GC heap after
{Heap after GC invocations=39 (full 3):
 PSYoungGen      total 18432K, used 810K [0x00000000d5580000, 0x00000000d6980000, 0x0000000100000000)
  eden space 17408K, 0% used [0x00000000d5580000,0x00000000d5580000,0x00000000d6680000)
  from space 1024K, 79% used [0x00000000d6880000,0x00000000d694aa08,0x00000000d6980000)
  to   space 1024K, 0% used [0x00000000d6780000,0x00000000d6780000,0x00000000d6880000)
 ParOldGen       total 68608K, used 43852K [0x0000000080000000, 0x0000000084300000, 0x00000000d5580000)
  object space 68608K, 63% used [0x0000000080000000,0x0000000082ad3218,0x0000000084300000)
 Metaspace       used 60328K, committed 61632K, reserved 1114112K
  class space    used 6569K, committed 7104K, reserved 1048576K
}
Event: 30.593 GC heap before
{Heap before GC invocations=40 (full 3):
 PSYoungGen      total 18432K, used 18218K [0x00000000d5580000, 0x00000000d6980000, 0x0000000100000000)
  eden space 17408K, 100% used [0x00000000d5580000,0x00000000d6680000,0x00000000d6680000)
  from space 1024K, 79% used [0x00000000d6880000,0x00000000d694aa08,0x00000000d6980000)
  to   space 1024K, 0% used [0x00000000d6780000,0x00000000d6780000,0x00000000d6880000)
 ParOldGen       total 68608K, used 43852K [0x0000000080000000, 0x0000000084300000, 0x00000000d5580000)
  object space 68608K, 63% used [0x0000000080000000,0x0000000082ad3218,0x0000000084300000)
 Metaspace       used 61192K, committed 62592K, reserved 1114112K
  class space    used 6665K, committed 7296K, reserved 1048576K
}
Event: 30.599 GC heap after
{Heap after GC invocations=40 (full 3):
 PSYoungGen      total 18432K, used 1024K [0x00000000d5580000, 0x00000000d6d80000, 0x0000000100000000)
  eden space 17408K, 0% used [0x00000000d5580000,0x00000000d5580000,0x00000000d6680000)
  from space 1024K, 100% used [0x00000000d6780000,0x00000000d6880000,0x00000000d6880000)
  to   space 3584K, 0% used [0x00000000d6a00000,0x00000000d6a00000,0x00000000d6d80000)
 ParOldGen       total 68608K, used 45797K [0x0000000080000000, 0x0000000084300000, 0x00000000d5580000)
  object space 68608K, 66% used [0x0000000080000000,0x0000000082cb94d8,0x0000000084300000)
 Metaspace       used 61192K, committed 62592K, reserved 1114112K
  class space    used 6665K, committed 7296K, reserved 1048576K
}
Event: 31.278 GC heap before
{Heap before GC invocations=41 (full 3):
 PSYoungGen      total 18432K, used 18432K [0x00000000d5580000, 0x00000000d6d80000, 0x0000000100000000)
  eden space 17408K, 100% used [0x00000000d5580000,0x00000000d6680000,0x00000000d6680000)
  from space 1024K, 100% used [0x00000000d6780000,0x00000000d6880000,0x00000000d6880000)
  to   space 3584K, 0% used [0x00000000d6a00000,0x00000000d6a00000,0x00000000d6d80000)
 ParOldGen       total 68608K, used 45797K [0x0000000080000000, 0x0000000084300000, 0x00000000d5580000)
  object space 68608K, 66% used [0x0000000080000000,0x0000000082cb94d8,0x0000000084300000)
 Metaspace       used 62775K, committed 64256K, reserved 1114112K
  class space    used 6782K, committed 7424K, reserved 1048576K
}
Event: 31.285 GC heap after
{Heap after GC invocations=41 (full 3):
 PSYoungGen      total 19968K, used 2210K [0x00000000d5580000, 0x00000000d6c80000, 0x0000000100000000)
  eden space 17408K, 0% used [0x00000000d5580000,0x00000000d5580000,0x00000000d6680000)
  from space 2560K, 86% used [0x00000000d6a00000,0x00000000d6c28828,0x00000000d6c80000)
  to   space 2560K, 0% used [0x00000000d6780000,0x00000000d6780000,0x00000000d6a00000)
 ParOldGen       total 68608K, used 46828K [0x0000000080000000, 0x0000000084300000, 0x00000000d5580000)
  object space 68608K, 68% used [0x0000000080000000,0x0000000082dbb170,0x0000000084300000)
 Metaspace       used 62775K, committed 64256K, reserved 1114112K
  class space    used 6782K, committed 7424K, reserved 1048576K
}
Event: 32.617 GC heap before
{Heap before GC invocations=42 (full 3):
 PSYoungGen      total 19968K, used 19618K [0x00000000d5580000, 0x00000000d6c80000, 0x0000000100000000)
  eden space 17408K, 100% used [0x00000000d5580000,0x00000000d6680000,0x00000000d6680000)
  from space 2560K, 86% used [0x00000000d6a00000,0x00000000d6c28828,0x00000000d6c80000)
  to   space 2560K, 0% used [0x00000000d6780000,0x00000000d6780000,0x00000000d6a00000)
 ParOldGen       total 68608K, used 46828K [0x0000000080000000, 0x0000000084300000, 0x00000000d5580000)
  object space 68608K, 68% used [0x0000000080000000,0x0000000082dbb170,0x0000000084300000)
 Metaspace       used 63496K, committed 64960K, reserved 1114112K
  class space    used 6861K, committed 7488K, reserved 1048576K
}
Event: 32.623 GC heap after
{Heap after GC invocations=42 (full 3):
 PSYoungGen      total 18944K, used 1216K [0x00000000d5580000, 0x00000000d6a80000, 0x0000000100000000)
  eden space 17408K, 0% used [0x00000000d5580000,0x00000000d5580000,0x00000000d6680000)
  from space 1536K, 79% used [0x00000000d6780000,0x00000000d68b0000,0x00000000d6900000)
  to   space 1536K, 0% used [0x00000000d6900000,0x00000000d6900000,0x00000000d6a80000)
 ParOldGen       total 68608K, used 48852K [0x0000000080000000, 0x0000000084300000, 0x00000000d5580000)
  object space 68608K, 71% used [0x0000000080000000,0x0000000082fb51b0,0x0000000084300000)
 Metaspace       used 63496K, committed 64960K, reserved 1114112K
  class space    used 6861K, committed 7488K, reserved 1048576K
}
Event: 33.271 GC heap before
{Heap before GC invocations=43 (full 3):
 PSYoungGen      total 18944K, used 18624K [0x00000000d5580000, 0x00000000d6a80000, 0x0000000100000000)
  eden space 17408K, 100% used [0x00000000d5580000,0x00000000d6680000,0x00000000d6680000)
  from space 1536K, 79% used [0x00000000d6780000,0x00000000d68b0000,0x00000000d6900000)
  to   space 1536K, 0% used [0x00000000d6900000,0x00000000d6900000,0x00000000d6a80000)
 ParOldGen       total 68608K, used 48852K [0x0000000080000000, 0x0000000084300000, 0x00000000d5580000)
  object space 68608K, 71% used [0x0000000080000000,0x0000000082fb51b0,0x0000000084300000)
 Metaspace       used 64314K, committed 65792K, reserved 1114112K
  class space    used 6970K, committed 7616K, reserved 1048576K
}
Event: 33.275 GC heap after
{Heap after GC invocations=43 (full 3):
 PSYoungGen      total 18944K, used 1408K [0x00000000d5580000, 0x00000000d6a80000, 0x0000000100000000)
  eden space 17408K, 0% used [0x00000000d5580000,0x00000000d5580000,0x00000000d6680000)
  from space 1536K, 91% used [0x00000000d6900000,0x00000000d6a60000,0x00000000d6a80000)
  to   space 1536K, 0% used [0x00000000d6780000,0x00000000d6780000,0x00000000d6900000)
 ParOldGen       total 68608K, used 49564K [0x0000000080000000, 0x0000000084300000, 0x00000000d5580000)
  object space 68608K, 72% used [0x0000000080000000,0x00000000830671b0,0x0000000084300000)
 Metaspace       used 64314K, committed 65792K, reserved 1114112K
  class space    used 6970K, committed 7616K, reserved 1048576K
}

Dll operation events (12 events):
Event: 0.025 Loaded shared library c:\Users\josuesitoe\.vscode\extensions\redhat.java-1.46.0-win32-x64\jre\21.0.8-win32-x86_64\bin\java.dll
Event: 0.187 Loaded shared library c:\Users\josuesitoe\.vscode\extensions\redhat.java-1.46.0-win32-x64\jre\21.0.8-win32-x86_64\bin\zip.dll
Event: 0.239 Loaded shared library C:\Users\josuesitoe\.vscode\extensions\redhat.java-1.46.0-win32-x64\jre\21.0.8-win32-x86_64\bin\instrument.dll
Event: 0.252 Loaded shared library C:\Users\josuesitoe\.vscode\extensions\redhat.java-1.46.0-win32-x64\jre\21.0.8-win32-x86_64\bin\net.dll
Event: 0.256 Loaded shared library C:\Users\josuesitoe\.vscode\extensions\redhat.java-1.46.0-win32-x64\jre\21.0.8-win32-x86_64\bin\nio.dll
Event: 0.263 Loaded shared library C:\Users\josuesitoe\.vscode\extensions\redhat.java-1.46.0-win32-x64\jre\21.0.8-win32-x86_64\bin\zip.dll
Event: 0.303 Loaded shared library C:\Users\josuesitoe\.vscode\extensions\redhat.java-1.46.0-win32-x64\jre\21.0.8-win32-x86_64\bin\jimage.dll
Event: 0.538 Loaded shared library c:\Users\josuesitoe\.vscode\extensions\redhat.java-1.46.0-win32-x64\jre\21.0.8-win32-x86_64\bin\verify.dll
Event: 12.242 Loaded shared library C:\Users\josuesitoe\AppData\Roaming\Code\User\globalStorage\redhat.java\1.46.0\config_win\org.eclipse.equinox.launcher\org.eclipse.equinox.launcher.win32.win32.x86_64_1.2.1400.v20250801-0854\eclipse_11916.dll
Event: 22.084 Loaded shared library C:\Users\josuesitoe\AppData\Local\Temp\jna--95111402\jna796222749732909544.dll
Event: 25.320 Loaded shared library C:\Users\josuesitoe\.vscode\extensions\redhat.java-1.46.0-win32-x64\jre\21.0.8-win32-x86_64\bin\sunmscapi.dll
Event: 26.372 Loaded shared library C:\Users\josuesitoe\.vscode\extensions\redhat.java-1.46.0-win32-x64\jre\21.0.8-win32-x86_64\bin\extnet.dll

Deoptimization events (20 events):
Event: 33.202 Thread 0x0000023c4fca0960 DEOPT PACKING pc=0x0000023c6e2b74a8 sp=0x0000003e444fe390
Event: 33.202 Thread 0x0000023c4fca0960 DEOPT UNPACKING pc=0x0000023c744e4242 sp=0x0000003e444fd8d8 mode 0
Event: 33.205 Thread 0x0000023c4fca0960 DEOPT PACKING pc=0x0000023c6d9d82b5 sp=0x0000003e444fe490
Event: 33.205 Thread 0x0000023c4fca0960 DEOPT UNPACKING pc=0x0000023c744e4242 sp=0x0000003e444fd9a0 mode 0
Event: 33.214 Thread 0x0000023c4fca2a30 DEOPT PACKING pc=0x0000023c6d9d82b5 sp=0x0000003e443fe470
Event: 33.215 Thread 0x0000023c4fca2a30 DEOPT UNPACKING pc=0x0000023c744e4242 sp=0x0000003e443fd980 mode 0
Event: 33.226 Thread 0x0000023c4fc9fc40 DEOPT PACKING pc=0x0000023c6e2b74a8 sp=0x0000003e441fe1b0
Event: 33.226 Thread 0x0000023c4fc9fc40 DEOPT UNPACKING pc=0x0000023c744e4242 sp=0x0000003e441fd6f8 mode 0
Event: 33.236 Thread 0x0000023c4fc9fc40 DEOPT PACKING pc=0x0000023c6e2b74a8 sp=0x0000003e441fdcf0
Event: 33.236 Thread 0x0000023c4fc9fc40 DEOPT UNPACKING pc=0x0000023c744e4242 sp=0x0000003e441fd238 mode 0
Event: 33.288 Thread 0x0000023c4fca2a30 DEOPT PACKING pc=0x0000023c6d9d82d6 sp=0x0000003e443fe770
Event: 33.288 Thread 0x0000023c4fca2a30 DEOPT UNPACKING pc=0x0000023c744e4242 sp=0x0000003e443fdc80 mode 0
Event: 33.296 Thread 0x0000023c4fc9f5b0 DEOPT PACKING pc=0x0000023c6d9d82b5 sp=0x0000003e440fe8a0
Event: 33.296 Thread 0x0000023c4fc9f5b0 DEOPT UNPACKING pc=0x0000023c744e4242 sp=0x0000003e440fddb0 mode 0
Event: 33.329 Thread 0x0000023c4fc9fc40 DEOPT PACKING pc=0x0000023c6e2b74a8 sp=0x0000003e441fdfe0
Event: 33.329 Thread 0x0000023c4fc9fc40 DEOPT UNPACKING pc=0x0000023c744e4242 sp=0x0000003e441fd528 mode 0
Event: 33.406 Thread 0x0000023c7f677580 Uncommon trap: trap_request=0xffffff6e fr.pc=0x0000023c74cd1f18 relative=0x0000000000000178
Event: 33.406 Thread 0x0000023c7f677580 Uncommon trap: reason=loop_limit_check action=maybe_recompile pc=0x0000023c74cd1f18 method=java.lang.StringLatin1.lastIndexOf([BII)I @ 19 c2
Event: 33.406 Thread 0x0000023c7f677580 DEOPT PACKING pc=0x0000023c74cd1f18 sp=0x0000003e3f5fcfc0
Event: 33.406 Thread 0x0000023c7f677580 DEOPT UNPACKING pc=0x0000023c744e3aa2 sp=0x0000003e3f5fce78 mode 2

Classes loaded (20 events):
Event: 29.806 Loading class java/util/regex/Pattern$Pos
Event: 29.807 Loading class java/util/regex/Pattern$Pos done
Event: 29.843 Loading class java/util/concurrent/ArrayBlockingQueue
Event: 29.844 Loading class java/util/concurrent/ArrayBlockingQueue done
Event: 29.875 Loading class sun/security/provider/MD5
Event: 29.876 Loading class sun/security/provider/MD5 done
Event: 29.877 Loading class sun/security/provider/ByteArrayAccess$LE
Event: 29.878 Loading class sun/security/provider/ByteArrayAccess$LE done
Event: 30.345 Loading class java/util/Hashtable$ValueCollection
Event: 30.346 Loading class java/util/Hashtable$ValueCollection done
Event: 30.354 Loading class java/util/concurrent/ConcurrentHashMap$KeySpliterator
Event: 30.355 Loading class java/util/concurrent/ConcurrentHashMap$KeySpliterator done
Event: 30.382 Loading class sun/nio/ch/ChannelOutputStream
Event: 30.384 Loading class sun/nio/ch/ChannelOutputStream done
Event: 30.519 Loading class sun/nio/fs/WindowsFileCopy
Event: 30.521 Loading class sun/nio/fs/WindowsFileCopy done
Event: 32.608 Loading class sun/nio/cs/ISO_8859_1$Decoder
Event: 32.609 Loading class sun/nio/cs/ISO_8859_1$Decoder done
Event: 33.650 Loading class java/nio/file/attribute/PosixFileAttributes
Event: 33.651 Loading class java/nio/file/attribute/PosixFileAttributes done

Classes unloaded (7 events):
Event: 23.093 Thread 0x0000023c7c8d40d0 Unloading class 0x0000023c051aac00 'java/lang/invoke/LambdaForm$MH+0x0000023c051aac00'
Event: 23.094 Thread 0x0000023c7c8d40d0 Unloading class 0x0000023c051aa800 'java/lang/invoke/LambdaForm$MH+0x0000023c051aa800'
Event: 23.094 Thread 0x0000023c7c8d40d0 Unloading class 0x0000023c051aa400 'java/lang/invoke/LambdaForm$MH+0x0000023c051aa400'
Event: 23.094 Thread 0x0000023c7c8d40d0 Unloading class 0x0000023c051aa000 'java/lang/invoke/LambdaForm$MH+0x0000023c051aa000'
Event: 23.094 Thread 0x0000023c7c8d40d0 Unloading class 0x0000023c051a9c00 'java/lang/invoke/LambdaForm$BMH+0x0000023c051a9c00'
Event: 23.094 Thread 0x0000023c7c8d40d0 Unloading class 0x0000023c051a9800 'java/lang/invoke/LambdaForm$DMH+0x0000023c051a9800'
Event: 23.094 Thread 0x0000023c7c8d40d0 Unloading class 0x0000023c051a8400 'java/lang/invoke/LambdaForm$DMH+0x0000023c051a8400'

Classes redefined (0 events):
No events

Internal exceptions (20 events):
Event: 30.973 Thread 0x0000023c7f677580 Exception <a 'sun/nio/fs/WindowsException'{0x00000000d5ff7b78}> (0x00000000d5ff7b78) 
thrown [s\src\hotspot\share\prims\jni.cpp, line 520]
Event: 30.973 Thread 0x0000023c7f677580 Exception <a 'sun/nio/fs/WindowsException'{0x00000000d5ff8408}> (0x00000000d5ff8408) 
thrown [s\src\hotspot\share\prims\jni.cpp, line 520]
Event: 31.199 Thread 0x0000023c7f677580 Exception <a 'java/lang/NoSuchMethodError'{0x00000000d6474d20}: 'void java.lang.invoke.DirectMethodHandle$Holder.invokeStatic(java.lang.Object, java.lang.Object, java.lang.Object, int)'> (0x00000000d6474d20) 
thrown [s\src\hotspot\share\interpreter\linkResolver.cpp, line 773]
Event: 31.211 Thread 0x0000023c7f677580 Exception <a 'java/lang/NoSuchMethodError'{0x00000000d64906d8}: 'void java.lang.invoke.DirectMethodHandle$Holder.invokeVirtual(java.lang.Object, java.lang.Object, int)'> (0x00000000d64906d8) 
thrown [s\src\hotspot\share\interpreter\linkResolver.cpp, line 773]
Event: 31.263 Thread 0x0000023c7f677580 Exception <a 'java/lang/NoSuchMethodError'{0x00000000d65e0668}: 'void java.lang.invoke.DirectMethodHandle$Holder.invokeInterface(java.lang.Object, java.lang.Object)'> (0x00000000d65e0668) 
thrown [s\src\hotspot\share\interpreter\linkResolver.cpp, line 773]
Event: 32.718 Thread 0x0000023c7f677580 Exception <a 'java/lang/NoSuchMethodError'{0x00000000d5870c28}: 'java.lang.Object java.lang.invoke.DirectMethodHandle$Holder.newInvokeSpecial(java.lang.Object, java.lang.Object, int, java.lang.Object, java.lang.Object)'> (0x00000000d5870c28) 
thrown [s\src\hotspot\share\interpreter\linkResolver.cpp, line 773]
Event: 32.718 Thread 0x0000023c7f677580 Exception <a 'java/lang/NoSuchMethodError'{0x00000000d5874750}: 'java.lang.Object java.lang.invoke.Invokers$Holder.linkToTargetMethod(java.lang.Object, int, java.lang.Object, java.lang.Object, java.lang.Object)'> (0x00000000d5874750) 
thrown [s\src\hotspot\share\interpreter\linkResolver.cpp, line 773]
Event: 32.730 Thread 0x0000023c7f677580 Exception <a 'java/lang/NoSuchMethodError'{0x00000000d5899b98}: 'java.lang.Object java.lang.invoke.DirectMethodHandle$Holder.invokeSpecial(java.lang.Object, java.lang.Object, java.lang.Object, int, java.lang.Object, java.lang.Object, java.lang.Object)'> (0x00000000d5899b98) 
thrown [s\src\hotspot\share\interpreter\linkResolver.cpp, line 773]
Event: 32.813 Thread 0x0000023c7f677580 Exception <a 'java/lang/NoSuchMethodError'{0x00000000d5adb200}: 'void java.lang.invoke.DirectMethodHandle$Holder.invokeStatic(java.lang.Object, int)'> (0x00000000d5adb200) 
thrown [s\src\hotspot\share\interpreter\linkResolver.cpp, line 773]
Event: 33.054 Thread 0x0000023c7f677580 Exception <a 'java/io/FileNotFoundException'{0x00000000d5f30d28}> (0x00000000d5f30d28) 
thrown [s\src\hotspot\share\prims\jni.cpp, line 520]
Event: 33.057 Thread 0x0000023c7f677580 Exception <a 'java/io/FileNotFoundException'{0x00000000d5f31ff0}> (0x00000000d5f31ff0) 
thrown [s\src\hotspot\share\prims\jni.cpp, line 520]
Event: 33.058 Thread 0x0000023c7f677580 Exception <a 'java/io/FileNotFoundException'{0x00000000d5f33008}> (0x00000000d5f33008) 
thrown [s\src\hotspot\share\prims\jni.cpp, line 520]
Event: 33.081 Thread 0x0000023c7f677580 Exception <a 'java/lang/NoSuchMethodError'{0x00000000d5f883e0}: 'int java.lang.invoke.DirectMethodHandle$Holder.invokeSpecialIFC(java.lang.Object, java.lang.Object, java.lang.Object, java.lang.Object)'> (0x00000000d5f883e0) 
thrown [s\src\hotspot\share\interpreter\linkResolver.cpp, line 773]
Event: 33.638 Thread 0x0000023c7f677580 Exception <a 'sun/nio/fs/WindowsException'{0x00000000d5da6b68}> (0x00000000d5da6b68) 
thrown [s\src\hotspot\share\prims\jni.cpp, line 520]
Event: 33.655 Thread 0x0000023c7f677580 Exception <a 'sun/nio/fs/WindowsException'{0x00000000d5dac350}> (0x00000000d5dac350) 
thrown [s\src\hotspot\share\prims\jni.cpp, line 520]
Event: 33.659 Thread 0x0000023c7f677580 Exception <a 'sun/nio/fs/WindowsException'{0x00000000d5dadeb0}> (0x00000000d5dadeb0) 
thrown [s\src\hotspot\share\prims\jni.cpp, line 520]
Event: 33.661 Thread 0x0000023c7f677580 Exception <a 'sun/nio/fs/WindowsException'{0x00000000d5dafa48}> (0x00000000d5dafa48) 
thrown [s\src\hotspot\share\prims\jni.cpp, line 520]
Event: 33.670 Thread 0x0000023c7f677580 Exception <a 'sun/nio/fs/WindowsException'{0x00000000d5db15a8}> (0x00000000d5db15a8) 
thrown [s\src\hotspot\share\prims\jni.cpp, line 520]
Event: 33.679 Thread 0x0000023c7f677580 Exception <a 'sun/nio/fs/WindowsException'{0x00000000d5db30e0}> (0x00000000d5db30e0) 
thrown [s\src\hotspot\share\prims\jni.cpp, line 520]
Event: 33.686 Thread 0x0000023c7f677580 Exception <a 'sun/nio/fs/WindowsException'{0x00000000d5db4c80}> (0x00000000d5db4c80) 
thrown [s\src\hotspot\share\prims\jni.cpp, line 520]

ZGC Phase Switch (0 events):
No events

VM Operations (20 events):
Event: 30.126 Executing VM operation: ParallelGCFailedAllocation (Allocation Failure)
Event: 30.132 Executing VM operation: ParallelGCFailedAllocation (Allocation Failure) done
Event: 30.520 Executing VM operation: HandshakeAllThreads (Deoptimize)
Event: 30.520 Executing VM operation: HandshakeAllThreads (Deoptimize) done
Event: 30.593 Executing VM operation: ParallelGCFailedAllocation (Allocation Failure)
Event: 30.599 Executing VM operation: ParallelGCFailedAllocation (Allocation Failure) done
Event: 30.751 Executing VM operation: ICBufferFull
Event: 30.751 Executing VM operation: ICBufferFull done
Event: 31.005 Executing VM operation: ICBufferFull
Event: 31.005 Executing VM operation: ICBufferFull done
Event: 31.023 Executing VM operation: HandshakeAllThreads (Deoptimize)
Event: 31.023 Executing VM operation: HandshakeAllThreads (Deoptimize) done
Event: 31.278 Executing VM operation: ParallelGCFailedAllocation (Allocation Failure)
Event: 31.285 Executing VM operation: ParallelGCFailedAllocation (Allocation Failure) done
Event: 32.617 Executing VM operation: ParallelGCFailedAllocation (Allocation Failure)
Event: 32.623 Executing VM operation: ParallelGCFailedAllocation (Allocation Failure) done
Event: 33.271 Executing VM operation: ParallelGCFailedAllocation (Allocation Failure)
Event: 33.275 Executing VM operation: ParallelGCFailedAllocation (Allocation Failure) done
Event: 34.276 Executing VM operation: Cleanup
Event: 34.276 Executing VM operation: Cleanup done

Memory protections (0 events):
No events

Nmethod flushes (20 events):
Event: 29.478 Thread 0x0000023c7c8d40d0 flushing  nmethod 0x0000023c6d80a710
Event: 29.478 Thread 0x0000023c7c8d40d0 flushing  nmethod 0x0000023c6d826410
Event: 29.478 Thread 0x0000023c7c8d40d0 flushing  nmethod 0x0000023c6d84bd10
Event: 29.478 Thread 0x0000023c7c8d40d0 flushing  nmethod 0x0000023c6d86a210
Event: 29.478 Thread 0x0000023c7c8d40d0 flushing  nmethod 0x0000023c6d86b010
Event: 29.478 Thread 0x0000023c7c8d40d0 flushing  nmethod 0x0000023c6d86c410
Event: 29.478 Thread 0x0000023c7c8d40d0 flushing  nmethod 0x0000023c6d86c710
Event: 29.478 Thread 0x0000023c7c8d40d0 flushing  nmethod 0x0000023c6d890890
Event: 29.478 Thread 0x0000023c7c8d40d0 flushing  nmethod 0x0000023c6d8c8110
Event: 29.478 Thread 0x0000023c7c8d40d0 flushing  nmethod 0x0000023c6d8e6a90
Event: 29.478 Thread 0x0000023c7c8d40d0 flushing  nmethod 0x0000023c6d8fc190
Event: 29.478 Thread 0x0000023c7c8d40d0 flushing  nmethod 0x0000023c6d920810
Event: 29.478 Thread 0x0000023c7c8d40d0 flushing  nmethod 0x0000023c6d932090
Event: 29.478 Thread 0x0000023c7c8d40d0 flushing  nmethod 0x0000023c6d93ed90
Event: 29.478 Thread 0x0000023c7c8d40d0 flushing osr nmethod 0x0000023c6d990190
Event: 29.478 Thread 0x0000023c7c8d40d0 flushing  nmethod 0x0000023c6da1db90
Event: 29.478 Thread 0x0000023c7c8d40d0 flushing  nmethod 0x0000023c6da45510
Event: 29.478 Thread 0x0000023c7c8d40d0 flushing  nmethod 0x0000023c6da4c790
Event: 29.478 Thread 0x0000023c7c8d40d0 flushing  nmethod 0x0000023c6da92e90
Event: 29.478 Thread 0x0000023c7c8d40d0 flushing  nmethod 0x0000023c6daa1410

Events (20 events):
Event: 31.274 Thread 0x0000023c7f677580 Thread added: 0x0000023c4fca0960
Event: 31.274 Thread 0x0000023c7f677580 Thread added: 0x0000023c4fca1d10
Event: 31.274 Thread 0x0000023c7f677580 Thread added: 0x0000023c4fca0ff0
Event: 31.275 Thread 0x0000023c7f677580 Thread added: 0x0000023c4fca1680
Event: 32.647 Thread 0x0000023c4fca0ff0 Thread exited: 0x0000023c4fca0ff0
Event: 32.647 Thread 0x0000023c4fca1d10 Thread exited: 0x0000023c4fca1d10
Event: 32.647 Thread 0x0000023c4fca0960 Thread exited: 0x0000023c4fca0960
Event: 32.647 Thread 0x0000023c4fc9ce50 Thread exited: 0x0000023c4fc9ce50
Event: 32.647 Thread 0x0000023c4fca1680 Thread exited: 0x0000023c4fca1680
Event: 33.165 Thread 0x0000023c7f677580 Thread added: 0x0000023c4fc9f5b0
Event: 33.166 Thread 0x0000023c7f677580 Thread added: 0x0000023c4fc9fc40
Event: 33.166 Thread 0x0000023c7f677580 Thread added: 0x0000023c4fc9ce50
Event: 33.166 Thread 0x0000023c7f677580 Thread added: 0x0000023c4fca2a30
Event: 33.166 Thread 0x0000023c7f677580 Thread added: 0x0000023c4fca0960
Event: 33.368 Thread 0x0000023c4fca0960 Thread exited: 0x0000023c4fca0960
Event: 33.368 Thread 0x0000023c4fc9f5b0 Thread exited: 0x0000023c4fc9f5b0
Event: 33.368 Thread 0x0000023c4fca2a30 Thread exited: 0x0000023c4fca2a30
Event: 33.368 Thread 0x0000023c4fc9ce50 Thread exited: 0x0000023c4fc9ce50
Event: 33.368 Thread 0x0000023c4fc9fc40 Thread exited: 0x0000023c4fc9fc40
Event: 34.440 Thread 0x0000023c4a9f8730 Thread exited: 0x0000023c4a9f8730


Dynamic libraries:
0x00007ff6c4070000 - 0x00007ff6c407e000 	c:\Users\josuesitoe\.vscode\extensions\redhat.java-1.46.0-win32-x64\jre\21.0.8-win32-x86_64\bin\java.exe
0x00007ffd91fa0000 - 0x00007ffd92208000 	C:\WINDOWS\SYSTEM32\ntdll.dll
0x00007ffd91220000 - 0x00007ffd912e9000 	C:\WINDOWS\System32\KERNEL32.DLL
0x00007ffd8f280000 - 0x00007ffd8f672000 	C:\WINDOWS\System32\KERNELBASE.dll
0x00007ffd8f7b0000 - 0x00007ffd8f8fb000 	C:\WINDOWS\System32\ucrtbase.dll
0x00007ffd6e1f0000 - 0x00007ffd6e20e000 	c:\Users\josuesitoe\.vscode\extensions\redhat.java-1.46.0-win32-x64\jre\21.0.8-win32-x86_64\bin\VCRUNTIME140.dll
0x00007ffd6c2b0000 - 0x00007ffd6c2c8000 	c:\Users\josuesitoe\.vscode\extensions\redhat.java-1.46.0-win32-x64\jre\21.0.8-win32-x86_64\bin\jli.dll
0x00007ffd91680000 - 0x00007ffd91845000 	C:\WINDOWS\System32\USER32.dll
0x00007ffd8e540000 - 0x00007ffd8e7d3000 	C:\WINDOWS\WinSxS\amd64_microsoft.windows.common-controls_6595b64144ccf1df_6.0.26100.6899_none_3e0efeeae32e88c1\COMCTL32.dll
0x00007ffd8fbd0000 - 0x00007ffd8fbf7000 	C:\WINDOWS\System32\win32u.dll
0x00007ffd90230000 - 0x00007ffd902d9000 	C:\WINDOWS\System32\msvcrt.dll
0x00007ffd90410000 - 0x00007ffd9043b000 	C:\WINDOWS\System32\GDI32.dll
0x00007ffd8f680000 - 0x00007ffd8f7ad000 	C:\WINDOWS\System32\gdi32full.dll
0x00007ffd8fa80000 - 0x00007ffd8fb23000 	C:\WINDOWS\System32\msvcp_win.dll
0x00007ffd91540000 - 0x00007ffd9156f000 	C:\WINDOWS\System32\IMM32.DLL
0x00007ffd718e0000 - 0x00007ffd718ec000 	c:\Users\josuesitoe\.vscode\extensions\redhat.java-1.46.0-win32-x64\jre\21.0.8-win32-x86_64\bin\vcruntime140_1.dll
0x00007ffd5c990000 - 0x00007ffd5ca1d000 	c:\Users\josuesitoe\.vscode\extensions\redhat.java-1.46.0-win32-x64\jre\21.0.8-win32-x86_64\bin\msvcp140.dll
0x00007ffccac80000 - 0x00007ffccba17000 	c:\Users\josuesitoe\.vscode\extensions\redhat.java-1.46.0-win32-x64\jre\21.0.8-win32-x86_64\bin\server\jvm.dll
0x00007ffd91e70000 - 0x00007ffd91f24000 	C:\WINDOWS\System32\ADVAPI32.dll
0x00007ffd91490000 - 0x00007ffd91536000 	C:\WINDOWS\System32\sechost.dll
0x00007ffd90990000 - 0x00007ffd90aa8000 	C:\WINDOWS\System32\RPCRT4.dll
0x00007ffd900f0000 - 0x00007ffd90164000 	C:\WINDOWS\System32\WS2_32.dll
0x00007ffd8ef90000 - 0x00007ffd8efee000 	C:\WINDOWS\SYSTEM32\POWRPROF.dll
0x00007ffd86350000 - 0x00007ffd86385000 	C:\WINDOWS\SYSTEM32\WINMM.dll
0x00007ffd86390000 - 0x00007ffd8639b000 	C:\WINDOWS\SYSTEM32\VERSION.dll
0x00007ffd8ef70000 - 0x00007ffd8ef84000 	C:\WINDOWS\SYSTEM32\UMPDC.dll
0x00007ffd8d590000 - 0x00007ffd8d5ab000 	C:\WINDOWS\SYSTEM32\kernel.appcore.dll
0x00007ffd70b20000 - 0x00007ffd70b2a000 	c:\Users\josuesitoe\.vscode\extensions\redhat.java-1.46.0-win32-x64\jre\21.0.8-win32-x86_64\bin\jimage.dll
0x00007ffd8e910000 - 0x00007ffd8eb52000 	C:\WINDOWS\SYSTEM32\DBGHELP.DLL
0x00007ffd8fd70000 - 0x00007ffd900eb000 	C:\WINDOWS\System32\combase.dll
0x00007ffd90330000 - 0x00007ffd90407000 	C:\WINDOWS\System32\OLEAUT32.dll
0x00007ffd8e7e0000 - 0x00007ffd8e81c000 	C:\WINDOWS\SYSTEM32\dbgcore.DLL
0x00007ffd8fb30000 - 0x00007ffd8fbc8000 	C:\WINDOWS\System32\bcryptPrimitives.dll
0x00007ffd89040000 - 0x00007ffd8904f000 	c:\Users\josuesitoe\.vscode\extensions\redhat.java-1.46.0-win32-x64\jre\21.0.8-win32-x86_64\bin\instrument.dll
0x00007ffd6c290000 - 0x00007ffd6c2af000 	c:\Users\josuesitoe\.vscode\extensions\redhat.java-1.46.0-win32-x64\jre\21.0.8-win32-x86_64\bin\java.dll
0x00007ffd90ab0000 - 0x00007ffd911fd000 	C:\WINDOWS\System32\SHELL32.dll
0x00007ffd8fc00000 - 0x00007ffd8fd6b000 	C:\WINDOWS\System32\wintypes.dll
0x00007ffd8c260000 - 0x00007ffd8cabd000 	C:\WINDOWS\SYSTEM32\windows.storage.dll
0x00007ffd90880000 - 0x00007ffd90972000 	C:\WINDOWS\System32\SHCORE.dll
0x00007ffd90810000 - 0x00007ffd90872000 	C:\WINDOWS\System32\shlwapi.dll
0x00007ffd8f050000 - 0x00007ffd8f079000 	C:\WINDOWS\SYSTEM32\profapi.dll
0x00007ffd6c170000 - 0x00007ffd6c188000 	c:\Users\josuesitoe\.vscode\extensions\redhat.java-1.46.0-win32-x64\jre\21.0.8-win32-x86_64\bin\zip.dll
0x00007ffd800a0000 - 0x00007ffd800b0000 	C:\Users\josuesitoe\.vscode\extensions\redhat.java-1.46.0-win32-x64\jre\21.0.8-win32-x86_64\bin\net.dll
0x00007ffd86560000 - 0x00007ffd8667f000 	C:\WINDOWS\SYSTEM32\WINHTTP.dll
0x00007ffd8daa0000 - 0x00007ffd8db0b000 	C:\WINDOWS\system32\mswsock.dll
0x00007ffd6bef0000 - 0x00007ffd6bf06000 	C:\Users\josuesitoe\.vscode\extensions\redhat.java-1.46.0-win32-x64\jre\21.0.8-win32-x86_64\bin\nio.dll
0x00007ffd6ecb0000 - 0x00007ffd6ecc0000 	c:\Users\josuesitoe\.vscode\extensions\redhat.java-1.46.0-win32-x64\jre\21.0.8-win32-x86_64\bin\verify.dll
0x00007ffd3cb00000 - 0x00007ffd3cb44000 	C:\Users\josuesitoe\AppData\Roaming\Code\User\globalStorage\redhat.java\1.46.0\config_win\org.eclipse.equinox.launcher\org.eclipse.equinox.launcher.win32.win32.x86_64_1.2.1400.v20250801-0854\eclipse_11916.dll
0x00007ffd912f0000 - 0x00007ffd91488000 	C:\WINDOWS\System32\ole32.dll
0x00007ffd8ec60000 - 0x00007ffd8ec7b000 	C:\WINDOWS\SYSTEM32\CRYPTSP.dll
0x00007ffd8df40000 - 0x00007ffd8df7b000 	C:\WINDOWS\system32\rsaenh.dll
0x00007ffd8db10000 - 0x00007ffd8db3b000 	C:\WINDOWS\SYSTEM32\USERENV.dll
0x00007ffd8f020000 - 0x00007ffd8f046000 	C:\WINDOWS\SYSTEM32\bcrypt.dll
0x00007ffd8df30000 - 0x00007ffd8df3c000 	C:\WINDOWS\SYSTEM32\CRYPTBASE.dll
0x00007ffd8cdc0000 - 0x00007ffd8cdf4000 	C:\WINDOWS\SYSTEM32\IPHLPAPI.DLL
0x00007ffd91d40000 - 0x00007ffd91d4a000 	C:\WINDOWS\System32\NSI.dll
0x00007ffd3c850000 - 0x00007ffd3c899000 	C:\Users\josuesitoe\AppData\Local\Temp\jna--95111402\jna796222749732909544.dll
0x00007ffd90980000 - 0x00007ffd90988000 	C:\WINDOWS\System32\PSAPI.DLL
0x00007ffd87090000 - 0x00007ffd870ae000 	C:\WINDOWS\SYSTEM32\dhcpcsvc6.DLL
0x00007ffd86fd0000 - 0x00007ffd86ff3000 	C:\WINDOWS\SYSTEM32\dhcpcsvc.DLL
0x00007ffd6c160000 - 0x00007ffd6c16e000 	C:\Users\josuesitoe\.vscode\extensions\redhat.java-1.46.0-win32-x64\jre\21.0.8-win32-x86_64\bin\sunmscapi.dll
0x00007ffd8f900000 - 0x00007ffd8fa77000 	C:\WINDOWS\System32\CRYPT32.dll
0x00007ffd8e1c0000 - 0x00007ffd8e1f0000 	C:\WINDOWS\SYSTEM32\ncrypt.dll
0x00007ffd8e170000 - 0x00007ffd8e1af000 	C:\WINDOWS\SYSTEM32\NTASN1.dll
0x00007ffd8ce00000 - 0x00007ffd8cf26000 	C:\WINDOWS\SYSTEM32\DNSAPI.dll
0x00007ffd85b80000 - 0x00007ffd85b8b000 	C:\Windows\System32\rasadhlp.dll
0x00007ffd875f0000 - 0x00007ffd87676000 	C:\WINDOWS\System32\fwpuclnt.dll
0x00007ffd6bf40000 - 0x00007ffd6bf49000 	C:\Users\josuesitoe\.vscode\extensions\redhat.java-1.46.0-win32-x64\jre\21.0.8-win32-x86_64\bin\extnet.dll
0x00007ffd8e8b0000 - 0x00007ffd8e8e6000 	C:\WINDOWS\SYSTEM32\ntmarta.dll

JVMTI agents:
c:\Users\josuesitoe\.vscode\extensions\redhat.java-1.46.0-win32-x64\lombok\lombok-1.18.39-4050.jar path:c:\Users\josuesitoe\.vscode\extensions\redhat.java-1.46.0-win32-x64\jre\21.0.8-win32-x86_64\bin\instrument.dll, loaded, initialized, instrumentlib options:none

dbghelp: loaded successfully - version: 4.0.5 - missing functions: none
symbol engine: initialized successfully - sym options: 0x614 - pdb path: .;c:\Users\josuesitoe\.vscode\extensions\redhat.java-1.46.0-win32-x64\jre\21.0.8-win32-x86_64\bin;C:\WINDOWS\SYSTEM32;C:\WINDOWS\WinSxS\amd64_microsoft.windows.common-controls_6595b64144ccf1df_6.0.26100.6899_none_3e0efeeae32e88c1;c:\Users\josuesitoe\.vscode\extensions\redhat.java-1.46.0-win32-x64\jre\21.0.8-win32-x86_64\bin\server;C:\Users\josuesitoe\AppData\Roaming\Code\User\globalStorage\redhat.java\1.46.0\config_win\org.eclipse.equinox.launcher\org.eclipse.equinox.launcher.win32.win32.x86_64_1.2.1400.v20250801-0854;C:\Users\josuesitoe\AppData\Local\Temp\jna--95111402

VM Arguments:
jvm_args: --add-modules=ALL-SYSTEM --add-opens=java.base/java.util=ALL-UNNAMED --add-opens=java.base/java.lang=ALL-UNNAMED --add-opens=java.base/sun.nio.fs=ALL-UNNAMED -Declipse.application=org.eclipse.jdt.ls.core.id1 -Dosgi.bundles.defaultStartLevel=4 -Declipse.product=org.eclipse.jdt.ls.core.product -Djava.import.generatesMetadataFilesAtProjectRoot=false -DDetectVMInstallationsJob.disabled=true -Dfile.encoding=utf8 -XX:+UseParallelGC -XX:GCTimeRatio=4 -XX:AdaptiveSizePolicyWeight=90 -Dsun.zip.disableMemoryMapping=true -Xmx2G -Xms100m -Xlog:disable -javaagent:c:\Users\josuesitoe\.vscode\extensions\redhat.java-1.46.0-win32-x64\lombok\lombok-1.18.39-4050.jar -XX:+HeapDumpOnOutOfMemoryError -XX:HeapDumpPath=c:\Users\josuesitoe\AppData\Roaming\Code\User\workspaceStorage\b6a6d4d9d6201c9de0d0fbad05277ae1\redhat.java -Daether.dependencyCollector.impl=bf 
java_command: c:\Users\josuesitoe\.vscode\extensions\redhat.java-1.46.0-win32-x64\server\plugins\org.eclipse.equinox.launcher_1.7.0.v20250519-0528.jar -configuration c:\Users\josuesitoe\AppData\Roaming\Code\User\globalStorage\redhat.java\1.46.0\config_win -data c:\Users\josuesitoe\AppData\Roaming\Code\User\workspaceStorage\b6a6d4d9d6201c9de0d0fbad05277ae1\redhat.java\jdt_ws --pipe=\\.\pipe\lsp-e6c924b33baec3320821d7a61e5a2866-sock
java_class_path (initial): c:\Users\josuesitoe\.vscode\extensions\redhat.java-1.46.0-win32-x64\server\plugins\org.eclipse.equinox.launcher_1.7.0.v20250519-0528.jar
Launcher Type: SUN_STANDARD

[Global flags]
    uintx AdaptiveSizePolicyWeight                 = 90                                        {product} {command line}
     intx CICompilerCount                          = 12                                        {product} {ergonomic}
    uintx GCTimeRatio                              = 4                                         {product} {command line}
     bool HeapDumpOnOutOfMemoryError               = true                                   {manageable} {command line}
    ccstr HeapDumpPath                             = c:\Users\josuesitoe\AppData\Roaming\Code\User\workspaceStorage\b6a6d4d9d6201c9de0d0fbad05277ae1\redhat.java         {manageable} {command line}
   size_t InitialHeapSize                          = 104857600                                 {product} {command line}
   size_t MaxHeapSize                              = 2147483648                                {product} {command line}
   size_t MaxNewSize                               = 715653120                                 {product} {ergonomic}
   size_t MinHeapDeltaBytes                        = 524288                                    {product} {ergonomic}
   size_t MinHeapSize                              = 104857600                                 {product} {command line}
   size_t NewSize                                  = 34603008                                  {product} {ergonomic}
    uintx NonNMethodCodeHeapSize                   = 7602480                                {pd product} {ergonomic}
    uintx NonProfiledCodeHeapSize                  = 122027880                              {pd product} {ergonomic}
   size_t OldSize                                  = 70254592                                  {product} {ergonomic}
    uintx ProfiledCodeHeapSize                     = 122027880                              {pd product} {ergonomic}
    uintx ReservedCodeCacheSize                    = 251658240                              {pd product} {ergonomic}
     bool SegmentedCodeCache                       = true                                      {product} {ergonomic}
   size_t SoftMaxHeapSize                          = 2147483648                             {manageable} {ergonomic}
     bool UseCompressedOops                        = true                           {product lp64_product} {ergonomic}
     bool UseLargePagesIndividualAllocation        = false                                  {pd product} {ergonomic}
     bool UseParallelGC                            = true                                      {product} {command line}

Logging:
Log output configuration:
 #0: stdout all=off uptime,level,tags foldmultilines=false
 #1: stderr all=off uptime,level,tags foldmultilines=false

Environment Variables:
JAVA_HOME=C:\Program Files\Java\jdk-17
PATH=C:\Python313\Scripts\;C:\Python313\;C:\Program Files\Common Files\Oracle\Java\javapath;C:\Program Files (x86)\Common Files\Oracle\Java\java8path;C:\Program Files (x86)\Common Files\Oracle\Java\javapath;C:\WINDOWS\system32;C:\WINDOWS;C:\WINDOWS\System32\Wbem;C:\WINDOWS\System32\WindowsPowerShell\v1.0\;C:\WINDOWS\System32\OpenSSH\;C:\Program Files (x86)\Microsoft SQL Server\160\Tools\Binn\;C:\Program Files\Microsoft SQL Server\160\Tools\Binn\;C:\Program Files\Microsoft SQL Server\Client SDK\ODBC\170\Tools\Binn\;C:\Program Files\Microsoft SQL Server\160\DTS\Binn\;C:\Program Files\Git\cmd;C:\xampp\php;C:\ProgramData\ComposerSetup\bin;C:\Program Files (x86)\Incredibuild;C:\Program Files (x86)\Windows Kits\10\Windows Performance Toolkit\;C:\Users\josuesitoe\Downloads\platform-tools-latest-windows\platform-tools;C:\Program Files\nodejs\;C:\ProgramData\chocolatey\bin;C:\flutter\bin;C:\Program Files\dotnet\;C:\ProgramData\chocolatey\lib\maven\apache-maven-3.9.11\bin;C:\Program Files\Java\jdk-17\bin;C:\Python313\Scripts\;C:\Python313\;C:\Program Files\Common Files\Oracle\Java\javapath;C:\Program Files (x86)\Common Files\Oracle\Java\java8path;C:\Program Files (x86)\Common Files\Oracle\Java\javapath;C:\WINDOWS\system32;C:\WINDOWS;C:\WINDOWS\System32\Wbem;C:\WINDOWS\System32\WindowsPowerShell\v1.0\;C:\WINDOWS\System32\OpenSSH\;C:\Program Files (x86)\Microsoft SQL Server\160\Tools\Binn\;C:\Program Files\Microsoft SQL Server\160\Tools\Binn\;C:\Program Files\Microsoft SQL Server\Client SDK\ODBC\170\Tools\Binn\;C:\Program Files\Microsoft SQL Server\160\DTS\Binn\;C:\Program Files\Git\cmd;C:\xampp\php;C:\ProgramData\ComposerSetup\bin;C:\Program Files (x86)\Incredibuild;C:\Program Files (x86)\Windows Kits\10\Windows Performance Toolkit\;C:\Users\josuesitoe\Downloads\platform-tools-latest-windows\platform-tools;C:\Program Files\nodejs\;C:\ProgramData\chocolatey\bin;C:\flutter\bin;C:\Program Files\dotnet\;C:\Program Files\Java\jdk-17\bin;C:\Users\josuesitoe\AppData\Local\Programs\Microsoft VS Code\bin;C:\Users\josuesitoe\.dotnet\tools;C:\ProgramData\chocolatey\lib\maven\apache-maven-3.9.11\bin;C:\Users\josuesitoe\AppData\Local\Programs\Microsoft VS Code\bin;C:\Users\josuesitoe\.dotnet\tools;C:\ProgramData\chocolatey\lib\maven\apache-maven-3.9.11\bin
USERNAME=josuesitoe
OS=Windows_NT
PROCESSOR_IDENTIFIER=AMD64 Family 23 Model 104 Stepping 1, AuthenticAMD
TMP=C:\Users\JOSUES~1\AppData\Local\Temp
TEMP=C:\Users\JOSUES~1\AppData\Local\Temp




Periodic native trim disabled

---------------  S Y S T E M  ---------------

OS:
 Windows 11 , 64 bit Build 26100 (10.0.26100.6725)
OS uptime: 3 days 0:00 hours
Hyper-V role detected

CPU: total 16 (initial active 16) (16 cores per cpu, 2 threads per core) family 23 model 104 stepping 1 microcode 0x8608103, cx8, cmov, fxsr, ht, mmx, 3dnowpref, sse, sse2, sse3, ssse3, sse4a, sse4.1, sse4.2, popcnt, lzcnt, tsc, tscinvbit, avx, avx2, aes, clmul, bmi1, bmi2, adx, sha, fma, vzeroupper, clflush, clflushopt, hv, rdtscp, rdpid, f16c
Processor Information for the first 16 processors :
  Max Mhz: 1801, Current Mhz: 1801, Mhz Limit: 1801

Memory: 4k page, system-wide physical 5989M (191M free)
TotalPageFile size 24421M (AvailPageFile size 31M)
current process WorkingSet (physical memory assigned to process): 245M, peak: 254M
current process commit charge ("private bytes"): 378M, peak: 380M

vm_info: OpenJDK 64-Bit Server VM (21.0.8+9-LTS) for windows-amd64 JRE (21.0.8+9-LTS), built on 2025-07-15T00:00:00Z by "admin" with MS VC++ 17.7 (VS2022)

END.
