#
# There is insufficient memory for the Java Runtime Environment to continue.
# Native memory allocation (malloc) failed to allocate 2018384 bytes. Error detail: Chunk::new
# Possible reasons:
#   The system is out of physical RAM or swap space
#   This process is running with CompressedOops enabled, and the Java Heap may be blocking the growth of the native heap
# Possible solutions:
#   Reduce memory load on the system
#   Increase physical memory or swap space
#   Check if swap backing store is full
#   Decrease Java heap size (-Xmx/-Xms)
#   Decrease number of Java threads
#   Decrease Java thread stack sizes (-Xss)
#   Set larger code cache with -XX:ReservedCodeCacheSize=
#   JVM is running with Unscaled Compressed Oops mode in which the Java heap is
#     placed in the first 4GB address space. The Java Heap base address is the
#     maximum limit for the native heap growth. Please use -XX:HeapBaseMinAddress
#     to set the Java Heap base and to place the Java Heap above 4GB virtual address.
# This output file may be truncated or incomplete.
#
#  Out of Memory Error (arena.cpp:168), pid=5160, tid=10680
#
# JRE version: OpenJDK Runtime Environment Temurin-21.0.8+9 (21.0.8+9) (build 21.0.8+9-LTS)
# Java VM: OpenJDK 64-Bit Server VM Temurin-21.0.8+9 (21.0.8+9-LTS, mixed mode, sharing, tiered, compressed oops, compressed class ptrs, parallel gc, windows-amd64)
# No core dump will be written. Minidumps are not enabled by default on client versions of Windows
#

---------------  S U M M A R Y ------------

Command Line: --add-modules=ALL-SYSTEM --add-opens=java.base/java.util=ALL-UNNAMED --add-opens=java.base/java.lang=ALL-UNNAMED --add-opens=java.base/sun.nio.fs=ALL-UNNAMED -Declipse.application=org.eclipse.jdt.ls.core.id1 -Dosgi.bundles.defaultStartLevel=4 -Declipse.product=org.eclipse.jdt.ls.core.product -Djava.import.generatesMetadataFilesAtProjectRoot=false -DDetectVMInstallationsJob.disabled=true -Dfile.encoding=utf8 -XX:+UseParallelGC -XX:GCTimeRatio=4 -XX:AdaptiveSizePolicyWeight=90 -Dsun.zip.disableMemoryMapping=true -Xmx2G -Xms100m -Xlog:disable -javaagent:c:\Users\josuesitoe\.vscode\extensions\redhat.java-1.46.0-win32-x64\lombok\lombok-1.18.39-4050.jar -XX:+HeapDumpOnOutOfMemoryError -XX:HeapDumpPath=c:\Users\josuesitoe\AppData\Roaming\Code\User\workspaceStorage\b6a6d4d9d6201c9de0d0fbad05277ae1\redhat.java -Daether.dependencyCollector.impl=bf c:\Users\josuesitoe\.vscode\extensions\redhat.java-1.46.0-win32-x64\server\plugins\org.eclipse.equinox.launcher_1.7.0.v20250519-0528.jar -configuration c:\Users\josuesitoe\AppData\Roaming\Code\User\globalStorage\redhat.java\1.46.0\config_win -data c:\Users\josuesitoe\AppData\Roaming\Code\User\workspaceStorage\b6a6d4d9d6201c9de0d0fbad05277ae1\redhat.java\jdt_ws --pipe=\\.\pipe\lsp-0729958468eb544d3f3a517cbb47731c-sock

Host: AMD Ryzen 7 5700U with Radeon Graphics         , 16 cores, 5G,  Windows 11 , 64 bit Build 26100 (10.0.26100.6725)
Time: Wed Oct 29 23:40:20 2025 South Africa Standard Time elapsed time: 17.323743 seconds (0d 0h 0m 17s)

---------------  T H R E A D  ---------------

Current thread (0x0000011cef862c30):  JavaThread "C2 CompilerThread1" daemon [_thread_in_native, id=10680, stack(0x0000001980800000,0x0000001980900000) (1024K)]


Current CompileTask:
C2:17323 9864   !   4       org.eclipse.osgi.internal.loader.classpath.ClasspathManager::defineClass (636 bytes)

Stack: [0x0000001980800000,0x0000001980900000]
Native frames: (J=compiled Java code, j=interpreted, Vv=VM code, C=native code)
V  [jvm.dll+0x6d2449]
V  [jvm.dll+0x8ae341]
V  [jvm.dll+0x8b08be]
V  [jvm.dll+0x8b0fa3]
V  [jvm.dll+0x280c96]
V  [jvm.dll+0xc581d]
V  [jvm.dll+0xc5d53]
V  [jvm.dll+0x3b919c]
V  [jvm.dll+0x1e1409]
V  [jvm.dll+0x249022]
V  [jvm.dll+0x2484af]
V  [jvm.dll+0x1c89ee]
V  [jvm.dll+0x257d4d]
V  [jvm.dll+0x2562ea]
V  [jvm.dll+0x3f2d16]
V  [jvm.dll+0x857e6b]
V  [jvm.dll+0x6d0b0d]
C  [ucrtbase.dll+0x37b0]
C  [KERNEL32.DLL+0x2e8d7]
C  [ntdll.dll+0x8c53c]


---------------  P R O C E S S  ---------------

Threads class SMR info:
_java_thread_list=0x0000011cf6130700, length=110, elements={
0x0000011ccf2ca4f0, 0x0000011cd16adbb0, 0x0000011cd17a42b0, 0x0000011cd17a8620,
0x0000011cd17a9270, 0x0000011cd17ae220, 0x0000011cd17b1420, 0x0000011cd17bd4c0,
0x0000011cd17be3b0, 0x0000011ce956f320, 0x0000011ce9572c30, 0x0000011ce9573a70,
0x0000011ce9715c90, 0x0000011cef040900, 0x0000011cef868fe0, 0x0000011cef85f660,
0x0000011cefa1b000, 0x0000011cefa19620, 0x0000011cefc71990, 0x0000011cf0310b30,
0x0000011cf0096c90, 0x0000011cf028dfb0, 0x0000011cf0308290, 0x0000011cf0309640,
0x0000011cf0307c00, 0x0000011cf0308920, 0x0000011cf030a9f0, 0x0000011cf0308fb0,
0x0000011cf0309cd0, 0x0000011cf030a360, 0x0000011cf0307570, 0x0000011cf1cccc20,
0x0000011cf1ccc590, 0x0000011cf1ccd2b0, 0x0000011cf1cc9e30, 0x0000011cf1ccb1e0,
0x0000011cf1cca4c0, 0x0000011cf1ccd940, 0x0000011cf1ccdfd0, 0x0000011cf1ccab50,
0x0000011cf1ccecf0, 0x0000011cf1ccbf00, 0x0000011cf1cce660, 0x0000011cf1ccb870,
0x0000011cf1cd0dc0, 0x0000011cf1cd1450, 0x0000011cef862c30, 0x0000011cf1ccfa10,
0x0000011cf1ccf380, 0x0000011cf1cd00a0, 0x0000011cf1cd0730, 0x0000011cf26c9f60,
0x0000011cf26ccd50, 0x0000011cf26cd3e0, 0x0000011cf26cda70, 0x0000011cf26cac80,
0x0000011cf26cb310, 0x0000011cf26ca5f0, 0x0000011cf26ce100, 0x0000011cf26ce790,
0x0000011cf26cee20, 0x0000011cf26cb9a0, 0x0000011cf26cf4b0, 0x0000011cf26cc030,
0x0000011cf26cfb40, 0x0000011cf26cc6c0, 0x0000011cf26d0ef0, 0x0000011cf26d0860,
0x0000011cf26d01d0, 0x0000011cf26d1580, 0x0000011cf038a1f0, 0x0000011cf038af10,
0x0000011cf038a880, 0x0000011cf038b5a0, 0x0000011cf038bc30, 0x0000011cf0388e40,
0x0000011cf038c950, 0x0000011cf03894d0, 0x0000011cf038cfe0, 0x0000011cf0389b60,
0x0000011cf038d670, 0x0000011cf038f0b0, 0x0000011cf038dd00, 0x0000011cf038fdd0,
0x0000011cf038ea20, 0x0000011cf038e390, 0x0000011cf038f740, 0x0000011cf0390460,
0x0000011cf0cca6b0, 0x0000011cf0ccce10, 0x0000011cf0ccad40, 0x0000011cf0ccb3d0,
0x0000011cf0ccba60, 0x0000011cf0cc9990, 0x0000011cf0ccd4a0, 0x0000011cf0cca020,
0x0000011cf0ccfc00, 0x0000011cf0cd0920, 0x0000011cf0cd0290, 0x0000011cf0cd0fb0,
0x0000011cf0cce850, 0x0000011cf0ccdb30, 0x0000011cf0cce1c0, 0x0000011cf0cceee0,
0x0000011cf6105350, 0x0000011cf6103910, 0x0000011cf6102bf0, 0x0000011cf6104cc0,
0x0000011cf6106700, 0x0000011cf6104630
}

Java Threads: ( => current thread )
  0x0000011ccf2ca4f0 JavaThread "main"                              [_thread_blocked, id=26940, stack(0x00000019fc800000,0x00000019fc900000) (1024K)]
  0x0000011cd16adbb0 JavaThread "Reference Handler"          daemon [_thread_blocked, id=29584, stack(0x00000019fcc00000,0x00000019fcd00000) (1024K)]
  0x0000011cd17a42b0 JavaThread "Finalizer"                  daemon [_thread_blocked, id=9312, stack(0x00000019fcd00000,0x00000019fce00000) (1024K)]
  0x0000011cd17a8620 JavaThread "Signal Dispatcher"          daemon [_thread_blocked, id=30924, stack(0x00000019fce00000,0x00000019fcf00000) (1024K)]
  0x0000011cd17a9270 JavaThread "Attach Listener"            daemon [_thread_blocked, id=296, stack(0x00000019fcf00000,0x00000019fd000000) (1024K)]
  0x0000011cd17ae220 JavaThread "Service Thread"             daemon [_thread_blocked, id=14932, stack(0x00000019fd000000,0x00000019fd100000) (1024K)]
  0x0000011cd17b1420 JavaThread "Monitor Deflation Thread"   daemon [_thread_blocked, id=16084, stack(0x00000019fd100000,0x00000019fd200000) (1024K)]
  0x0000011cd17bd4c0 JavaThread "C2 CompilerThread0"         daemon [_thread_in_native, id=29100, stack(0x00000019fd200000,0x00000019fd300000) (1024K)]
  0x0000011cd17be3b0 JavaThread "C1 CompilerThread0"         daemon [_thread_in_native, id=22516, stack(0x00000019fd300000,0x00000019fd400000) (1024K)]
  0x0000011ce956f320 JavaThread "Common-Cleaner"             daemon [_thread_blocked, id=11612, stack(0x00000019fd400000,0x00000019fd500000) (1024K)]
  0x0000011ce9572c30 JavaThread "C1 CompilerThread1"         daemon [_thread_blocked, id=25812, stack(0x00000019fd500000,0x00000019fd600000) (1024K)]
  0x0000011ce9573a70 JavaThread "C1 CompilerThread2"         daemon [_thread_blocked, id=26488, stack(0x00000019fd600000,0x00000019fd700000) (1024K)]
  0x0000011ce9715c90 JavaThread "C1 CompilerThread3"         daemon [_thread_in_vm, id=14704, stack(0x00000019fd800000,0x00000019fd900000) (1024K)]
  0x0000011cef040900 JavaThread "Notification Thread"        daemon [_thread_blocked, id=24368, stack(0x00000019fd900000,0x00000019fda00000) (1024K)]
  0x0000011cef868fe0 JavaThread "Active Thread: Equinox Container: f076f9c1-5217-486c-9df1-ca838ad854de"        [_thread_blocked, id=22744, stack(0x00000019fe000000,0x00000019fe100000) (1024K)]
  0x0000011cef85f660 JavaThread "Refresh Thread: Equinox Container: f076f9c1-5217-486c-9df1-ca838ad854de" daemon [_thread_blocked, id=28472, stack(0x00000019fe200000,0x00000019fe300000) (1024K)]
  0x0000011cefa1b000 JavaThread "Framework Event Dispatcher: Equinox Container: f076f9c1-5217-486c-9df1-ca838ad854de" daemon [_thread_blocked, id=25576, stack(0x00000019fe300000,0x00000019fe400000) (1024K)]
  0x0000011cefa19620 JavaThread "Start Level: Equinox Container: f076f9c1-5217-486c-9df1-ca838ad854de" daemon [_thread_blocked, id=31244, stack(0x00000019fe400000,0x00000019fe500000) (1024K)]
  0x0000011cefc71990 JavaThread "Bundle File Closer"         daemon [_thread_blocked, id=16256, stack(0x00000019fe800000,0x00000019fe900000) (1024K)]
  0x0000011cf0310b30 JavaThread "SCR Component Actor"        daemon [_thread_blocked, id=17656, stack(0x00000019fe900000,0x00000019fea00000) (1024K)]
  0x0000011cf0096c90 JavaThread "Worker-JM"                         [_thread_blocked, id=12676, stack(0x00000019fea00000,0x00000019feb00000) (1024K)]
  0x0000011cf028dfb0 JavaThread "JNA Cleaner"                daemon [_thread_blocked, id=13188, stack(0x00000019fd700000,0x00000019fd800000) (1024K)]
  0x0000011cf0308290 JavaThread "Worker-0"                          [_thread_blocked, id=28768, stack(0x00000019fed00000,0x00000019fee00000) (1024K)]
  0x0000011cf0309640 JavaThread "Worker-1"                          [_thread_blocked, id=28416, stack(0x00000019fee00000,0x00000019fef00000) (1024K)]
  0x0000011cf0307c00 JavaThread "Worker-2"                          [_thread_blocked, id=18436, stack(0x00000019ff000000,0x00000019ff100000) (1024K)]
  0x0000011cf0308920 JavaThread "Java indexing"              daemon [_thread_blocked, id=20472, stack(0x00000019fef00000,0x00000019ff000000) (1024K)]
  0x0000011cf030a9f0 JavaThread "Worker-3: Publish Diagnostics"        [_thread_in_Java, id=26848, stack(0x00000019ff100000,0x00000019ff200000) (1024K)]
  0x0000011cf0308fb0 JavaThread "Worker-4"                          [_thread_blocked, id=30308, stack(0x00000019ff200000,0x00000019ff300000) (1024K)]
  0x0000011cf0309cd0 JavaThread "Worker-5"                          [_thread_blocked, id=29044, stack(0x00000019ff600000,0x00000019ff700000) (1024K)]
  0x0000011cf030a360 JavaThread "Thread-1"                   daemon [_thread_in_native, id=30620, stack(0x00000019ff700000,0x00000019ff800000) (1024K)]
  0x0000011cf0307570 JavaThread "Thread-2"                   daemon [_thread_in_native, id=14052, stack(0x00000019ff800000,0x00000019ff900000) (1024K)]
  0x0000011cf1cccc20 JavaThread "Thread-3"                   daemon [_thread_in_native, id=14508, stack(0x00000019ff900000,0x00000019ffa00000) (1024K)]
  0x0000011cf1ccc590 JavaThread "Thread-4"                   daemon [_thread_in_native, id=1800, stack(0x00000019ffa00000,0x00000019ffb00000) (1024K)]
  0x0000011cf1ccd2b0 JavaThread "Thread-5"                   daemon [_thread_in_native, id=10828, stack(0x00000019ffb00000,0x00000019ffc00000) (1024K)]
  0x0000011cf1cc9e30 JavaThread "Thread-6"                   daemon [_thread_in_native, id=22784, stack(0x00000019ffc00000,0x00000019ffd00000) (1024K)]
  0x0000011cf1ccb1e0 JavaThread "Thread-7"                   daemon [_thread_in_native, id=24580, stack(0x00000019ffd00000,0x00000019ffe00000) (1024K)]
  0x0000011cf1cca4c0 JavaThread "Thread-8"                   daemon [_thread_in_native, id=14692, stack(0x00000019ffe00000,0x00000019fff00000) (1024K)]
  0x0000011cf1ccd940 JavaThread "Thread-9"                   daemon [_thread_in_native, id=20036, stack(0x00000019fff00000,0x0000001a00000000) (1024K)]
  0x0000011cf1ccdfd0 JavaThread "Thread-10"                  daemon [_thread_in_native, id=29380, stack(0x0000001980000000,0x0000001980100000) (1024K)]
  0x0000011cf1ccab50 JavaThread "Thread-11"                  daemon [_thread_in_native, id=23736, stack(0x0000001980100000,0x0000001980200000) (1024K)]
  0x0000011cf1ccecf0 JavaThread "Thread-12"                  daemon [_thread_in_native, id=22860, stack(0x0000001980200000,0x0000001980300000) (1024K)]
  0x0000011cf1ccbf00 JavaThread "Thread-13"                  daemon [_thread_in_native, id=25428, stack(0x0000001980300000,0x0000001980400000) (1024K)]
  0x0000011cf1cce660 JavaThread "Thread-14"                  daemon [_thread_in_native, id=7636, stack(0x0000001980400000,0x0000001980500000) (1024K)]
  0x0000011cf1ccb870 JavaThread "Thread-15"                  daemon [_thread_in_native, id=2084, stack(0x0000001980500000,0x0000001980600000) (1024K)]
  0x0000011cf1cd0dc0 JavaThread "Thread-16"                  daemon [_thread_in_native, id=30844, stack(0x0000001980600000,0x0000001980700000) (1024K)]
  0x0000011cf1cd1450 JavaThread "Thread-17"                  daemon [_thread_in_native, id=31688, stack(0x0000001980700000,0x0000001980800000) (1024K)]
=>0x0000011cef862c30 JavaThread "C2 CompilerThread1"         daemon [_thread_in_native, id=10680, stack(0x0000001980800000,0x0000001980900000) (1024K)]
  0x0000011cf1ccfa10 JavaThread "pool-2-thread-1"                   [_thread_blocked, id=7572, stack(0x0000001980900000,0x0000001980a00000) (1024K)]
  0x0000011cf1ccf380 JavaThread "ForkJoinPool.commonPool-worker-1" daemon [_thread_blocked, id=12096, stack(0x0000001980a00000,0x0000001980b00000) (1024K)]
  0x0000011cf1cd00a0 JavaThread "ForkJoinPool.commonPool-worker-2" daemon [_thread_blocked, id=28552, stack(0x0000001980b00000,0x0000001980c00000) (1024K)]
  0x0000011cf1cd0730 JavaThread "ForkJoinPool.commonPool-worker-3" daemon [_thread_blocked, id=13256, stack(0x0000001980c00000,0x0000001980d00000) (1024K)]
  0x0000011cf26c9f60 JavaThread "ForkJoinPool.commonPool-worker-4" daemon [_thread_blocked, id=13252, stack(0x0000001980d00000,0x0000001980e00000) (1024K)]
  0x0000011cf26ccd50 JavaThread "ForkJoinPool.commonPool-worker-5" daemon [_thread_blocked, id=4360, stack(0x0000001980e00000,0x0000001980f00000) (1024K)]
  0x0000011cf26cd3e0 JavaThread "ForkJoinPool.commonPool-worker-6" daemon [_thread_blocked, id=24232, stack(0x0000001980f00000,0x0000001981000000) (1024K)]
  0x0000011cf26cda70 JavaThread "ForkJoinPool.commonPool-worker-7" daemon [_thread_blocked, id=25756, stack(0x0000001981000000,0x0000001981100000) (1024K)]
  0x0000011cf26cac80 JavaThread "ForkJoinPool.commonPool-worker-8" daemon [_thread_blocked, id=7876, stack(0x0000001981100000,0x0000001981200000) (1024K)]
  0x0000011cf26cb310 JavaThread "ForkJoinPool.commonPool-worker-9" daemon [_thread_in_Java, id=18548, stack(0x0000001981200000,0x0000001981300000) (1024K)]
  0x0000011cf26ca5f0 JavaThread "WorkspaceEventsHandler"            [_thread_blocked, id=27892, stack(0x0000001981300000,0x0000001981400000) (1024K)]
  0x0000011cf26ce100 JavaThread "pool-1-thread-1"                   [_thread_blocked, id=29196, stack(0x0000001981400000,0x0000001981500000) (1024K)]
  0x0000011cf26ce790 JavaThread "LocalFile Deleter"          daemon [_thread_blocked, id=4192, stack(0x0000001981500000,0x0000001981600000) (1024K)]
  0x0000011cf26cee20 JavaThread "LocalFile Deleter"          daemon [_thread_blocked, id=30208, stack(0x0000001981600000,0x0000001981700000) (1024K)]
  0x0000011cf26cb9a0 JavaThread "LocalFile Deleter"          daemon [_thread_blocked, id=26520, stack(0x0000001981700000,0x0000001981800000) (1024K)]
  0x0000011cf26cf4b0 JavaThread "LocalFile Deleter"          daemon [_thread_blocked, id=19188, stack(0x0000001981800000,0x0000001981900000) (1024K)]
  0x0000011cf26cc030 JavaThread "LocalFile Deleter"          daemon [_thread_blocked, id=30576, stack(0x0000001981900000,0x0000001981a00000) (1024K)]
  0x0000011cf26cfb40 JavaThread "LocalFile Deleter"          daemon [_thread_blocked, id=26332, stack(0x0000001981a00000,0x0000001981b00000) (1024K)]
  0x0000011cf26cc6c0 JavaThread "LocalFile Deleter"          daemon [_thread_blocked, id=8392, stack(0x0000001981b00000,0x0000001981c00000) (1024K)]
  0x0000011cf26d0ef0 JavaThread "LocalFile Deleter"          daemon [_thread_blocked, id=26696, stack(0x0000001981c00000,0x0000001981d00000) (1024K)]
  0x0000011cf26d0860 JavaThread "LocalFile Deleter"          daemon [_thread_blocked, id=29452, stack(0x0000001981d00000,0x0000001981e00000) (1024K)]
  0x0000011cf26d01d0 JavaThread "LocalFile Deleter"          daemon [_thread_blocked, id=29020, stack(0x0000001981e00000,0x0000001981f00000) (1024K)]
  0x0000011cf26d1580 JavaThread "LocalFile Deleter"          daemon [_thread_blocked, id=3460, stack(0x0000001981f00000,0x0000001982000000) (1024K)]
  0x0000011cf038a1f0 JavaThread "LocalFile Deleter"          daemon [_thread_blocked, id=20848, stack(0x0000001982000000,0x0000001982100000) (1024K)]
  0x0000011cf038af10 JavaThread "LocalFile Deleter"          daemon [_thread_blocked, id=13216, stack(0x0000001982100000,0x0000001982200000) (1024K)]
  0x0000011cf038a880 JavaThread "LocalFile Deleter"          daemon [_thread_blocked, id=29220, stack(0x0000001982200000,0x0000001982300000) (1024K)]
  0x0000011cf038b5a0 JavaThread "LocalFile Deleter"          daemon [_thread_blocked, id=3832, stack(0x0000001982300000,0x0000001982400000) (1024K)]
  0x0000011cf038bc30 JavaThread "LocalFile Deleter"          daemon [_thread_blocked, id=19356, stack(0x0000001982400000,0x0000001982500000) (1024K)]
  0x0000011cf0388e40 JavaThread "Compiler Source File Reader" daemon [_thread_blocked, id=1264, stack(0x0000001982500000,0x0000001982600000) (1024K)]
  0x0000011cf038c950 JavaThread "Compiler Source File Reader" daemon [_thread_blocked, id=4920, stack(0x0000001982600000,0x0000001982700000) (1024K)]
  0x0000011cf03894d0 JavaThread "Compiler Source File Reader" daemon [_thread_blocked, id=31668, stack(0x0000001982700000,0x0000001982800000) (1024K)]
  0x0000011cf038cfe0 JavaThread "Compiler Source File Reader" daemon [_thread_blocked, id=6584, stack(0x0000001982800000,0x0000001982900000) (1024K)]
  0x0000011cf0389b60 JavaThread "Compiler Source File Reader" daemon [_thread_blocked, id=28944, stack(0x0000001982900000,0x0000001982a00000) (1024K)]
  0x0000011cf038d670 JavaThread "Compiler Source File Reader" daemon [_thread_blocked, id=17680, stack(0x0000001982a00000,0x0000001982b00000) (1024K)]
  0x0000011cf038f0b0 JavaThread "Compiler Source File Reader" daemon [_thread_blocked, id=11448, stack(0x0000001982b00000,0x0000001982c00000) (1024K)]
  0x0000011cf038dd00 JavaThread "Compiler Source File Reader" daemon [_thread_blocked, id=13868, stack(0x0000001982c00000,0x0000001982d00000) (1024K)]
  0x0000011cf038fdd0 JavaThread "Compiler Source File Reader" daemon [_thread_blocked, id=16700, stack(0x0000001982d00000,0x0000001982e00000) (1024K)]
  0x0000011cf038ea20 JavaThread "Compiler Source File Reader" daemon [_thread_blocked, id=11880, stack(0x0000001982e00000,0x0000001982f00000) (1024K)]
  0x0000011cf038e390 JavaThread "Compiler Source File Reader" daemon [_thread_blocked, id=7120, stack(0x0000001982f00000,0x0000001983000000) (1024K)]
  0x0000011cf038f740 JavaThread "Compiler Source File Reader" daemon [_thread_blocked, id=9008, stack(0x0000001983000000,0x0000001983100000) (1024K)]
  0x0000011cf0390460 JavaThread "Compiler Source File Reader" daemon [_thread_blocked, id=19208, stack(0x0000001983100000,0x0000001983200000) (1024K)]
  0x0000011cf0cca6b0 JavaThread "Compiler Processing Task"   daemon [_thread_blocked, id=13360, stack(0x0000001983200000,0x0000001983300000) (1024K)]
  0x0000011cf0ccce10 JavaThread "Compiler Class File Writer" daemon [_thread_blocked, id=27864, stack(0x0000001983300000,0x0000001983400000) (1024K)]
  0x0000011cf0ccad40 JavaThread "Compiler Class File Writer" daemon [_thread_blocked, id=9512, stack(0x0000001983400000,0x0000001983500000) (1024K)]
  0x0000011cf0ccb3d0 JavaThread "Compiler Class File Writer" daemon [_thread_blocked, id=28168, stack(0x0000001983500000,0x0000001983600000) (1024K)]
  0x0000011cf0ccba60 JavaThread "Compiler Class File Writer" daemon [_thread_blocked, id=8956, stack(0x0000001983600000,0x0000001983700000) (1024K)]
  0x0000011cf0cc9990 JavaThread "Compiler Class File Writer" daemon [_thread_blocked, id=13960, stack(0x0000001983700000,0x0000001983800000) (1024K)]
  0x0000011cf0ccd4a0 JavaThread "Compiler Class File Writer" daemon [_thread_blocked, id=6820, stack(0x0000001983800000,0x0000001983900000) (1024K)]
  0x0000011cf0cca020 JavaThread "Compiler Class File Writer" daemon [_thread_blocked, id=20972, stack(0x0000001983900000,0x0000001983a00000) (1024K)]
  0x0000011cf0ccfc00 JavaThread "Compiler Class File Writer" daemon [_thread_blocked, id=22424, stack(0x0000001983a00000,0x0000001983b00000) (1024K)]
  0x0000011cf0cd0920 JavaThread "Compiler Class File Writer" daemon [_thread_blocked, id=12472, stack(0x0000001983b00000,0x0000001983c00000) (1024K)]
  0x0000011cf0cd0290 JavaThread "Compiler Class File Writer" daemon [_thread_blocked, id=8692, stack(0x0000001983c00000,0x0000001983d00000) (1024K)]
  0x0000011cf0cd0fb0 JavaThread "Compiler Class File Writer" daemon [_thread_blocked, id=22848, stack(0x0000001983d00000,0x0000001983e00000) (1024K)]
  0x0000011cf0cce850 JavaThread "Compiler Class File Writer" daemon [_thread_blocked, id=27424, stack(0x0000001983e00000,0x0000001983f00000) (1024K)]
  0x0000011cf0ccdb30 JavaThread "Compiler Class File Writer" daemon [_thread_blocked, id=9220, stack(0x0000001983f00000,0x0000001984000000) (1024K)]
  0x0000011cf0cce1c0 JavaThread "Compiler Class File Writer" daemon [_thread_blocked, id=23096, stack(0x0000001984000000,0x0000001984100000) (1024K)]
  0x0000011cf0cceee0 JavaThread "Compiler Source File Reader" daemon [_thread_blocked, id=25840, stack(0x0000001984100000,0x0000001984200000) (1024K)]
  0x0000011cf6105350 JavaThread "ForkJoinPool.commonPool-worker-10" daemon [_thread_in_vm, id=11400, stack(0x0000001984200000,0x0000001984300000) (1024K)]
  0x0000011cf6103910 JavaThread "ForkJoinPool.commonPool-worker-11" daemon [_thread_blocked, id=3568, stack(0x0000001984300000,0x0000001984400000) (1024K)]
  0x0000011cf6102bf0 JavaThread "ForkJoinPool.commonPool-worker-12" daemon [_thread_blocked, id=20900, stack(0x0000001984400000,0x0000001984500000) (1024K)]
  0x0000011cf6104cc0 JavaThread "ForkJoinPool.commonPool-worker-13" daemon [_thread_blocked, id=11500, stack(0x0000001984500000,0x0000001984600000) (1024K)]
  0x0000011cf6106700 JavaThread "ForkJoinPool.commonPool-worker-15" daemon [_thread_blocked, id=30592, stack(0x0000001984600000,0x0000001984700000) (1024K)]
  0x0000011cf6104630 JavaThread "ForkJoinPool.commonPool-worker-14" daemon [_thread_blocked, id=23476, stack(0x0000001984700000,0x0000001984800000) (1024K)]
Total: 110

Other Threads:
  0x0000011cd1692de0 VMThread "VM Thread"                           [id=18884, stack(0x00000019fcb00000,0x00000019fcc00000) (1024K)]
  0x0000011cd158ba00 WatcherThread "VM Periodic Task Thread"        [id=4968, stack(0x00000019fca00000,0x00000019fcb00000) (1024K)]
  0x0000011cd17229b0 WorkerThread "GC Thread#0"                     [id=16364, stack(0x00000019fc900000,0x00000019fca00000) (1024K)]
  0x0000011cef8918e0 WorkerThread "GC Thread#1"                     [id=24800, stack(0x00000019fda00000,0x00000019fdb00000) (1024K)]
  0x0000011cef2752b0 WorkerThread "GC Thread#2"                     [id=23720, stack(0x00000019fdb00000,0x00000019fdc00000) (1024K)]
  0x0000011cef625ba0 WorkerThread "GC Thread#3"                     [id=27076, stack(0x00000019fdc00000,0x00000019fdd00000) (1024K)]
  0x0000011cef625f40 WorkerThread "GC Thread#4"                     [id=12576, stack(0x00000019fdd00000,0x00000019fde00000) (1024K)]
  0x0000011cef07dda0 WorkerThread "GC Thread#5"                     [id=7616, stack(0x00000019fde00000,0x00000019fdf00000) (1024K)]
  0x0000011cef079960 WorkerThread "GC Thread#6"                     [id=28420, stack(0x00000019fdf00000,0x00000019fe000000) (1024K)]
  0x0000011cef867d30 WorkerThread "GC Thread#7"                     [id=28880, stack(0x00000019fe100000,0x00000019fe200000) (1024K)]
  0x0000011cef968e80 WorkerThread "GC Thread#8"                     [id=29512, stack(0x00000019fe500000,0x00000019fe600000) (1024K)]
  0x0000011cef9695c0 WorkerThread "GC Thread#9"                     [id=19156, stack(0x00000019fe600000,0x00000019fe700000) (1024K)]
  0x0000011cef968000 WorkerThread "GC Thread#10"                    [id=3108, stack(0x00000019fe700000,0x00000019fe800000) (1024K)]
  0x0000011cef969960 WorkerThread "GC Thread#11"                    [id=1864, stack(0x00000019feb00000,0x00000019fec00000) (1024K)]
  0x0000011cef9683a0 WorkerThread "GC Thread#12"                    [id=28348, stack(0x00000019fec00000,0x00000019fed00000) (1024K)]
Total: 15

Threads with active compile tasks:
C2 CompilerThread0  17367 11030       4       org.eclipse.jdt.internal.compiler.lookup.BinaryTypeBinding::createMethod (1666 bytes)
C1 CompilerThread3  17368 11825       2       org.eclipse.jdt.internal.compiler.codegen.BranchLabel::trackStackDepth (315 bytes)
C2 CompilerThread1  17368 9864   !   4       org.eclipse.osgi.internal.loader.classpath.ClasspathManager::defineClass (636 bytes)
Total: 3

VM state: not at safepoint (normal execution)

VM Mutex/Monitor currently owned by a thread: None

Heap address: 0x0000000080000000, size: 2048 MB, Compressed Oops mode: 32-bit

CDS archive(s) mapped at: [0x0000011c80000000-0x0000011c80ba0000-0x0000011c80ba0000), size 12189696, SharedBaseAddress: 0x0000011c80000000, ArchiveRelocationMode: 1.
Compressed class space mapped at: 0x0000011c81000000-0x0000011cc1000000, reserved size: 1073741824
Narrow klass base: 0x0000011c80000000, Narrow klass shift: 0, Narrow klass range: 0x100000000

GC Precious Log:
 CardTable entry size: 512
 CPUs: 16 total, 16 available
 Memory: 5989M
 Large Page Support: Disabled
 NUMA Support: Disabled
 Compressed Oops: Enabled (32-bit)
 Alignments: Space 512K, Generation 512K, Heap 2M
 Heap Min Capacity: 100M
 Heap Initial Capacity: 100M
 Heap Max Capacity: 2G
 Pre-touch: Disabled
 Parallel Workers: 13

Heap:
 PSYoungGen      total 14848K, used 9365K [0x00000000d5580000, 0x00000000d7380000, 0x0000000100000000)
  eden space 11264K, 52% used [0x00000000d5580000,0x00000000d5b39d50,0x00000000d6080000)
  from space 3584K, 99% used [0x00000000d6800000,0x00000000d6b797e0,0x00000000d6b80000)
  to   space 7680K, 0% used [0x00000000d6080000,0x00000000d6080000,0x00000000d6800000)
 ParOldGen       total 68608K, used 67188K [0x0000000080000000, 0x0000000084300000, 0x00000000d5580000)
  object space 68608K, 97% used [0x0000000080000000,0x000000008419d340,0x0000000084300000)
 Metaspace       used 67571K, committed 69056K, reserved 1114112K
  class space    used 7110K, committed 7744K, reserved 1048576K

Card table byte_map: [0x0000011cd10a0000,0x0000011cd14b0000] _byte_map_base: 0x0000011cd0ca0000

Marking Bits: (ParMarkBitMap*) 0x00007ffccb93a340
 Begin Bits: [0x0000011ce3ba0000, 0x0000011ce5ba0000)
 End Bits:   [0x0000011ce5ba0000, 0x0000011ce7ba0000)

Polling page: 0x0000011cd0d20000

Metaspace:

Usage:
  Non-class:     59.05 MB used.
      Class:      6.94 MB used.
       Both:     65.99 MB used.

Virtual space:
  Non-class space:       64.00 MB reserved,      59.88 MB ( 94%) committed,  1 nodes.
      Class space:        1.00 GB reserved,       7.56 MB ( <1%) committed,  1 nodes.
             Both:        1.06 GB reserved,      67.44 MB (  6%) committed. 

Chunk freelists:
   Non-Class:  3.91 MB
       Class:  8.31 MB
        Both:  12.22 MB

MaxMetaspaceSize: unlimited
CompressedClassSpaceSize: 1.00 GB
Initial GC threshold: 21.00 MB
Current GC threshold: 97.31 MB
CDS: on
 - commit_granule_bytes: 65536.
 - commit_granule_words: 8192.
 - virtual_space_node_default_size: 8388608.
 - enlarge_chunks_in_place: 1.
 - use_allocation_guard: 0.


Internal statistics:

num_allocs_failed_limit: 9.
num_arena_births: 1262.
num_arena_deaths: 22.
num_vsnodes_births: 2.
num_vsnodes_deaths: 0.
num_space_committed: 1079.
num_space_uncommitted: 0.
num_chunks_returned_to_freelist: 34.
num_chunks_taken_from_freelist: 4655.
num_chunk_merges: 19.
num_chunk_splits: 2741.
num_chunks_enlarged: 1380.
num_inconsistent_stats: 0.

CodeHeap 'non-profiled nmethods': size=119168Kb used=4270Kb max_used=4270Kb free=114897Kb
 bounds [0x0000011cdc490000, 0x0000011cdc8c0000, 0x0000011ce38f0000]
CodeHeap 'profiled nmethods': size=119104Kb used=24068Kb max_used=24068Kb free=95035Kb
 bounds [0x0000011cd48f0000, 0x0000011cd6080000, 0x0000011cdbd40000]
CodeHeap 'non-nmethods': size=7488Kb used=3140Kb max_used=3185Kb free=4347Kb
 bounds [0x0000011cdbd40000, 0x0000011cdc070000, 0x0000011cdc490000]
CodeCache: size=245760Kb, used=31478Kb, max_used=31523Kb, free=214279Kb
 total_blobs=11753, nmethods=10981, adapters=673, full_count=0
Compilation: enabled, stopped_count=0, restarted_count=0

Compilation events (20 events):
Event: 16.139 Thread 0x0000011ce9715c90 11740       1       org.eclipse.jdt.internal.compiler.ast.AllocationExpression::arguments (5 bytes)
Event: 16.139 Thread 0x0000011ce9715c90 nmethod 11740 0x0000011cdc8ba090 code [0x0000011cdc8ba220, 0x0000011cdc8ba2e8]
Event: 16.139 Thread 0x0000011cd17be3b0 nmethod 11736 0x0000011cd6030210 code [0x0000011cd6030460, 0x0000011cd60309a0]
Event: 16.139 Thread 0x0000011ce9715c90 11741   !   3       org.eclipse.jdt.internal.core.JavaProject::getOption (43 bytes)
Event: 16.140 Thread 0x0000011cd17be3b0 11742   !   2       org.eclipse.jdt.ls.core.internal.CancellableProgressMonitor::isCanceled (33 bytes)
Event: 16.141 Thread 0x0000011ce9715c90 nmethod 11741 0x0000011cd6030b90 code [0x0000011cd6030d80, 0x0000011cd60311b0]
Event: 16.141 Thread 0x0000011cd17be3b0 nmethod 11742 0x0000011cd6031410 code [0x0000011cd60315e0, 0x0000011cd6031948]
Event: 16.142 Thread 0x0000011cd17be3b0 11743       3       org.eclipse.jdt.internal.core.JavaModelManager::getOption (159 bytes)
Event: 16.143 Thread 0x0000011ce9572c30 11744       2       org.eclipse.jdt.internal.compiler.lookup.TypeBinding::uncapture (2 bytes)
Event: 16.144 Thread 0x0000011ce9572c30 nmethod 11744 0x0000011cd6031c10 code [0x0000011cd6031da0, 0x0000011cd6031ea8]
Event: 16.145 Thread 0x0000011ce9573a70 nmethod 11735 0x0000011cd6031f10 code [0x0000011cd6032580, 0x0000011cd6035970]
Event: 16.145 Thread 0x0000011ce9715c90 11745       2       org.eclipse.jdt.internal.core.SearchableEnvironment::findType (114 bytes)
Event: 16.148 Thread 0x0000011ce9715c90 nmethod 11745 0x0000011cd6037090 code [0x0000011cd60372e0, 0x0000011cd60378a0]
Event: 16.149 Thread 0x0000011cd17be3b0 nmethod 11743 0x0000011cd6037b90 code [0x0000011cd6037f60, 0x0000011cd6039850]
Event: 16.152 Thread 0x0000011ce9715c90 11746       3       org.eclipse.jdt.internal.core.JavaProject::getEclipsePreferences (178 bytes)
Event: 16.155 Thread 0x0000011ce9715c90 nmethod 11746 0x0000011cd603a010 code [0x0000011cd603a480, 0x0000011cd603c658]
Event: 16.159 Thread 0x0000011ce9573a70 11748       2       org.eclipse.jdt.internal.compiler.SourceJavadocParser::checkDeprecation (60 bytes)
Event: 16.159 Thread 0x0000011ce9573a70 nmethod 11748 0x0000011cd603d410 code [0x0000011cd603d5c0, 0x0000011cd603d8a8]
Event: 16.159 Thread 0x0000011ce9715c90 11749       2       org.eclipse.jdt.internal.compiler.SourceElementParser::consumeMarkerAnnotation (66 bytes)
Event: 16.160 Thread 0x0000011ce9715c90 nmethod 11749 0x0000011cd603d990 code [0x0000011cd603db60, 0x0000011cd603dde8]

GC Heap History (20 events):
Event: 15.361 GC heap before
{Heap before GC invocations=70 (full 3):
 PSYoungGen      total 19456K, used 19328K [0x00000000d5580000, 0x00000000d6980000, 0x0000000100000000)
  eden space 18944K, 100% used [0x00000000d5580000,0x00000000d6800000,0x00000000d6800000)
  from space 512K, 75% used [0x00000000d6900000,0x00000000d6960000,0x00000000d6980000)
  to   space 512K, 0% used [0x00000000d6880000,0x00000000d6880000,0x00000000d6900000)
 ParOldGen       total 68608K, used 54753K [0x0000000080000000, 0x0000000084300000, 0x00000000d5580000)
  object space 68608K, 79% used [0x0000000080000000,0x0000000083578618,0x0000000084300000)
 Metaspace       used 64313K, committed 65792K, reserved 1114112K
  class space    used 6856K, committed 7488K, reserved 1048576K
}
Event: 15.362 GC heap after
{Heap after GC invocations=70 (full 3):
 PSYoungGen      total 19456K, used 416K [0x00000000d5580000, 0x00000000d6980000, 0x0000000100000000)
  eden space 18944K, 0% used [0x00000000d5580000,0x00000000d5580000,0x00000000d6800000)
  from space 512K, 81% used [0x00000000d6880000,0x00000000d68e8000,0x00000000d6900000)
  to   space 512K, 0% used [0x00000000d6900000,0x00000000d6900000,0x00000000d6980000)
 ParOldGen       total 68608K, used 54865K [0x0000000080000000, 0x0000000084300000, 0x00000000d5580000)
  object space 68608K, 79% used [0x0000000080000000,0x0000000083594618,0x0000000084300000)
 Metaspace       used 64313K, committed 65792K, reserved 1114112K
  class space    used 6856K, committed 7488K, reserved 1048576K
}
Event: 15.386 GC heap before
{Heap before GC invocations=71 (full 3):
 PSYoungGen      total 19456K, used 19360K [0x00000000d5580000, 0x00000000d6980000, 0x0000000100000000)
  eden space 18944K, 100% used [0x00000000d5580000,0x00000000d6800000,0x00000000d6800000)
  from space 512K, 81% used [0x00000000d6880000,0x00000000d68e8000,0x00000000d6900000)
  to   space 512K, 0% used [0x00000000d6900000,0x00000000d6900000,0x00000000d6980000)
 ParOldGen       total 68608K, used 54865K [0x0000000080000000, 0x0000000084300000, 0x00000000d5580000)
  object space 68608K, 79% used [0x0000000080000000,0x0000000083594618,0x0000000084300000)
 Metaspace       used 64316K, committed 65792K, reserved 1114112K
  class space    used 6856K, committed 7488K, reserved 1048576K
}
Event: 15.389 GC heap after
{Heap after GC invocations=71 (full 3):
 PSYoungGen      total 19456K, used 512K [0x00000000d5580000, 0x00000000d6a00000, 0x0000000100000000)
  eden space 18944K, 0% used [0x00000000d5580000,0x00000000d5580000,0x00000000d6800000)
  from space 512K, 100% used [0x00000000d6900000,0x00000000d6980000,0x00000000d6980000)
  to   space 1024K, 0% used [0x00000000d6800000,0x00000000d6800000,0x00000000d6900000)
 ParOldGen       total 68608K, used 55009K [0x0000000080000000, 0x0000000084300000, 0x00000000d5580000)
  object space 68608K, 80% used [0x0000000080000000,0x00000000835b8618,0x0000000084300000)
 Metaspace       used 64316K, committed 65792K, reserved 1114112K
  class space    used 6856K, committed 7488K, reserved 1048576K
}
Event: 15.408 GC heap before
{Heap before GC invocations=72 (full 3):
 PSYoungGen      total 19456K, used 19456K [0x00000000d5580000, 0x00000000d6a00000, 0x0000000100000000)
  eden space 18944K, 100% used [0x00000000d5580000,0x00000000d6800000,0x00000000d6800000)
  from space 512K, 100% used [0x00000000d6900000,0x00000000d6980000,0x00000000d6980000)
  to   space 1024K, 0% used [0x00000000d6800000,0x00000000d6800000,0x00000000d6900000)
 ParOldGen       total 68608K, used 55009K [0x0000000080000000, 0x0000000084300000, 0x00000000d5580000)
  object space 68608K, 80% used [0x0000000080000000,0x00000000835b8618,0x0000000084300000)
 Metaspace       used 64316K, committed 65792K, reserved 1114112K
  class space    used 6856K, committed 7488K, reserved 1048576K
}
Event: 15.409 GC heap after
{Heap after GC invocations=72 (full 3):
 PSYoungGen      total 19968K, used 480K [0x00000000d5580000, 0x00000000d6980000, 0x0000000100000000)
  eden space 18944K, 0% used [0x00000000d5580000,0x00000000d5580000,0x00000000d6800000)
  from space 1024K, 46% used [0x00000000d6800000,0x00000000d6878000,0x00000000d6900000)
  to   space 512K, 0% used [0x00000000d6900000,0x00000000d6900000,0x00000000d6980000)
 ParOldGen       total 68608K, used 55137K [0x0000000080000000, 0x0000000084300000, 0x00000000d5580000)
  object space 68608K, 80% used [0x0000000080000000,0x00000000835d8618,0x0000000084300000)
 Metaspace       used 64316K, committed 65792K, reserved 1114112K
  class space    used 6856K, committed 7488K, reserved 1048576K
}
Event: 15.430 GC heap before
{Heap before GC invocations=73 (full 3):
 PSYoungGen      total 19968K, used 19424K [0x00000000d5580000, 0x00000000d6980000, 0x0000000100000000)
  eden space 18944K, 100% used [0x00000000d5580000,0x00000000d6800000,0x00000000d6800000)
  from space 1024K, 46% used [0x00000000d6800000,0x00000000d6878000,0x00000000d6900000)
  to   space 512K, 0% used [0x00000000d6900000,0x00000000d6900000,0x00000000d6980000)
 ParOldGen       total 68608K, used 55137K [0x0000000080000000, 0x0000000084300000, 0x00000000d5580000)
  object space 68608K, 80% used [0x0000000080000000,0x00000000835d8618,0x0000000084300000)
 Metaspace       used 64317K, committed 65792K, reserved 1114112K
  class space    used 6856K, committed 7488K, reserved 1048576K
}
Event: 15.431 GC heap after
{Heap after GC invocations=73 (full 3):
 PSYoungGen      total 19456K, used 384K [0x00000000d5580000, 0x00000000d6980000, 0x0000000100000000)
  eden space 18944K, 0% used [0x00000000d5580000,0x00000000d5580000,0x00000000d6800000)
  from space 512K, 75% used [0x00000000d6900000,0x00000000d6960000,0x00000000d6980000)
  to   space 512K, 0% used [0x00000000d6880000,0x00000000d6880000,0x00000000d6900000)
 ParOldGen       total 68608K, used 55185K [0x0000000080000000, 0x0000000084300000, 0x00000000d5580000)
  object space 68608K, 80% used [0x0000000080000000,0x00000000835e4618,0x0000000084300000)
 Metaspace       used 64317K, committed 65792K, reserved 1114112K
  class space    used 6856K, committed 7488K, reserved 1048576K
}
Event: 15.455 GC heap before
{Heap before GC invocations=74 (full 3):
 PSYoungGen      total 19456K, used 19328K [0x00000000d5580000, 0x00000000d6980000, 0x0000000100000000)
  eden space 18944K, 100% used [0x00000000d5580000,0x00000000d6800000,0x00000000d6800000)
  from space 512K, 75% used [0x00000000d6900000,0x00000000d6960000,0x00000000d6980000)
  to   space 512K, 0% used [0x00000000d6880000,0x00000000d6880000,0x00000000d6900000)
 ParOldGen       total 68608K, used 55185K [0x0000000080000000, 0x0000000084300000, 0x00000000d5580000)
  object space 68608K, 80% used [0x0000000080000000,0x00000000835e4618,0x0000000084300000)
 Metaspace       used 64320K, committed 65792K, reserved 1114112K
  class space    used 6857K, committed 7488K, reserved 1048576K
}
Event: 15.457 GC heap after
{Heap after GC invocations=74 (full 3):
 PSYoungGen      total 19456K, used 448K [0x00000000d5580000, 0x00000000d6980000, 0x0000000100000000)
  eden space 18944K, 0% used [0x00000000d5580000,0x00000000d5580000,0x00000000d6800000)
  from space 512K, 87% used [0x00000000d6880000,0x00000000d68f0000,0x00000000d6900000)
  to   space 512K, 0% used [0x00000000d6900000,0x00000000d6900000,0x00000000d6980000)
 ParOldGen       total 68608K, used 55281K [0x0000000080000000, 0x0000000084300000, 0x00000000d5580000)
  object space 68608K, 80% used [0x0000000080000000,0x00000000835fc618,0x0000000084300000)
 Metaspace       used 64320K, committed 65792K, reserved 1114112K
  class space    used 6857K, committed 7488K, reserved 1048576K
}
Event: 15.610 GC heap before
{Heap before GC invocations=75 (full 3):
 PSYoungGen      total 19456K, used 19392K [0x00000000d5580000, 0x00000000d6980000, 0x0000000100000000)
  eden space 18944K, 100% used [0x00000000d5580000,0x00000000d6800000,0x00000000d6800000)
  from space 512K, 87% used [0x00000000d6880000,0x00000000d68f0000,0x00000000d6900000)
  to   space 512K, 0% used [0x00000000d6900000,0x00000000d6900000,0x00000000d6980000)
 ParOldGen       total 68608K, used 55281K [0x0000000080000000, 0x0000000084300000, 0x00000000d5580000)
  object space 68608K, 80% used [0x0000000080000000,0x00000000835fc618,0x0000000084300000)
 Metaspace       used 64858K, committed 66304K, reserved 1114112K
  class space    used 6926K, committed 7552K, reserved 1048576K
}
Event: 15.617 GC heap after
{Heap after GC invocations=75 (full 3):
 PSYoungGen      total 15872K, used 512K [0x00000000d5580000, 0x00000000d7100000, 0x0000000100000000)
  eden space 15360K, 0% used [0x00000000d5580000,0x00000000d5580000,0x00000000d6480000)
  from space 512K, 100% used [0x00000000d6900000,0x00000000d6980000,0x00000000d6980000)
  to   space 4608K, 0% used [0x00000000d6480000,0x00000000d6480000,0x00000000d6900000)
 ParOldGen       total 68608K, used 58722K [0x0000000080000000, 0x0000000084300000, 0x00000000d5580000)
  object space 68608K, 85% used [0x0000000080000000,0x0000000083958898,0x0000000084300000)
 Metaspace       used 64858K, committed 66304K, reserved 1114112K
  class space    used 6926K, committed 7552K, reserved 1048576K
}
Event: 15.742 GC heap before
{Heap before GC invocations=76 (full 3):
 PSYoungGen      total 15872K, used 15872K [0x00000000d5580000, 0x00000000d7100000, 0x0000000100000000)
  eden space 15360K, 100% used [0x00000000d5580000,0x00000000d6480000,0x00000000d6480000)
  from space 512K, 100% used [0x00000000d6900000,0x00000000d6980000,0x00000000d6980000)
  to   space 4608K, 0% used [0x00000000d6480000,0x00000000d6480000,0x00000000d6900000)
 ParOldGen       total 68608K, used 58722K [0x0000000080000000, 0x0000000084300000, 0x00000000d5580000)
  object space 68608K, 85% used [0x0000000080000000,0x0000000083958898,0x0000000084300000)
 Metaspace       used 65103K, committed 66560K, reserved 1114112K
  class space    used 6935K, committed 7552K, reserved 1048576K
}
Event: 15.747 GC heap after
{Heap after GC invocations=76 (full 3):
 PSYoungGen      total 19968K, used 4567K [0x00000000d5580000, 0x00000000d6e80000, 0x0000000100000000)
  eden space 15360K, 0% used [0x00000000d5580000,0x00000000d5580000,0x00000000d6480000)
  from space 4608K, 99% used [0x00000000d6480000,0x00000000d68f5c88,0x00000000d6900000)
  to   space 5120K, 0% used [0x00000000d6980000,0x00000000d6980000,0x00000000d6e80000)
 ParOldGen       total 68608K, used 59277K [0x0000000080000000, 0x0000000084300000, 0x00000000d5580000)
  object space 68608K, 86% used [0x0000000080000000,0x00000000839e36c8,0x0000000084300000)
 Metaspace       used 65103K, committed 66560K, reserved 1114112K
  class space    used 6935K, committed 7552K, reserved 1048576K
}
Event: 15.840 GC heap before
{Heap before GC invocations=77 (full 3):
 PSYoungGen      total 19968K, used 19927K [0x00000000d5580000, 0x00000000d6e80000, 0x0000000100000000)
  eden space 15360K, 100% used [0x00000000d5580000,0x00000000d6480000,0x00000000d6480000)
  from space 4608K, 99% used [0x00000000d6480000,0x00000000d68f5c88,0x00000000d6900000)
  to   space 5120K, 0% used [0x00000000d6980000,0x00000000d6980000,0x00000000d6e80000)
 ParOldGen       total 68608K, used 59277K [0x0000000080000000, 0x0000000084300000, 0x00000000d5580000)
  object space 68608K, 86% used [0x0000000080000000,0x00000000839e36c8,0x0000000084300000)
 Metaspace       used 65529K, committed 67008K, reserved 1114112K
  class space    used 6963K, committed 7616K, reserved 1048576K
}
Event: 15.847 GC heap after
{Heap after GC invocations=77 (full 3):
 PSYoungGen      total 16896K, used 1531K [0x00000000d5580000, 0x00000000d6b00000, 0x0000000100000000)
  eden space 15360K, 0% used [0x00000000d5580000,0x00000000d5580000,0x00000000d6480000)
  from space 1536K, 99% used [0x00000000d6980000,0x00000000d6afefb0,0x00000000d6b00000)
  to   space 3072K, 0% used [0x00000000d6500000,0x00000000d6500000,0x00000000d6800000)
 ParOldGen       total 68608K, used 62764K [0x0000000080000000, 0x0000000084300000, 0x00000000d5580000)
  object space 68608K, 91% used [0x0000000080000000,0x0000000083d4b338,0x0000000084300000)
 Metaspace       used 65529K, committed 67008K, reserved 1114112K
  class space    used 6963K, committed 7616K, reserved 1048576K
}
Event: 16.017 GC heap before
{Heap before GC invocations=78 (full 3):
 PSYoungGen      total 16896K, used 16891K [0x00000000d5580000, 0x00000000d6b00000, 0x0000000100000000)
  eden space 15360K, 100% used [0x00000000d5580000,0x00000000d6480000,0x00000000d6480000)
  from space 1536K, 99% used [0x00000000d6980000,0x00000000d6afefb0,0x00000000d6b00000)
  to   space 3072K, 0% used [0x00000000d6500000,0x00000000d6500000,0x00000000d6800000)
 ParOldGen       total 68608K, used 62764K [0x0000000080000000, 0x0000000084300000, 0x00000000d5580000)
  object space 68608K, 91% used [0x0000000080000000,0x0000000083d4b338,0x0000000084300000)
 Metaspace       used 66659K, committed 68096K, reserved 1114112K
  class space    used 7050K, committed 7680K, reserved 1048576K
}
Event: 16.023 GC heap after
{Heap after GC invocations=78 (full 3):
 PSYoungGen      total 18432K, used 3037K [0x00000000d5580000, 0x00000000d6b80000, 0x0000000100000000)
  eden space 15360K, 0% used [0x00000000d5580000,0x00000000d5580000,0x00000000d6480000)
  from space 3072K, 98% used [0x00000000d6500000,0x00000000d67f74c8,0x00000000d6800000)
  to   space 3584K, 0% used [0x00000000d6800000,0x00000000d6800000,0x00000000d6b80000)
 ParOldGen       total 68608K, used 64072K [0x0000000080000000, 0x0000000084300000, 0x00000000d5580000)
  object space 68608K, 93% used [0x0000000080000000,0x0000000083e92158,0x0000000084300000)
 Metaspace       used 66659K, committed 68096K, reserved 1114112K
  class space    used 7050K, committed 7680K, reserved 1048576K
}
Event: 16.162 GC heap before
{Heap before GC invocations=79 (full 3):
 PSYoungGen      total 18432K, used 18397K [0x00000000d5580000, 0x00000000d6b80000, 0x0000000100000000)
  eden space 15360K, 99% used [0x00000000d5580000,0x00000000d647fff0,0x00000000d6480000)
  from space 3072K, 98% used [0x00000000d6500000,0x00000000d67f74c8,0x00000000d6800000)
  to   space 3584K, 0% used [0x00000000d6800000,0x00000000d6800000,0x00000000d6b80000)
 ParOldGen       total 68608K, used 64072K [0x0000000080000000, 0x0000000084300000, 0x00000000d5580000)
  object space 68608K, 93% used [0x0000000080000000,0x0000000083e92158,0x0000000084300000)
 Metaspace       used 67320K, committed 68800K, reserved 1114112K
  class space    used 7099K, committed 7744K, reserved 1048576K
}
Event: 17.321 GC heap after
{Heap after GC invocations=79 (full 3):
 PSYoungGen      total 14848K, used 3557K [0x00000000d5580000, 0x00000000d7380000, 0x0000000100000000)
  eden space 11264K, 0% used [0x00000000d5580000,0x00000000d5580000,0x00000000d6080000)
  from space 3584K, 99% used [0x00000000d6800000,0x00000000d6b797e0,0x00000000d6b80000)
  to   space 7680K, 0% used [0x00000000d6080000,0x00000000d6080000,0x00000000d6800000)
 ParOldGen       total 68608K, used 67188K [0x0000000080000000, 0x0000000084300000, 0x00000000d5580000)
  object space 68608K, 97% used [0x0000000080000000,0x000000008419d340,0x0000000084300000)
 Metaspace       used 67320K, committed 68800K, reserved 1114112K
  class space    used 7099K, committed 7744K, reserved 1048576K
}

Dll operation events (10 events):
Event: 0.046 Loaded shared library c:\Users\josuesitoe\.vscode\extensions\redhat.java-1.46.0-win32-x64\jre\21.0.8-win32-x86_64\bin\java.dll
Event: 0.223 Loaded shared library c:\Users\josuesitoe\.vscode\extensions\redhat.java-1.46.0-win32-x64\jre\21.0.8-win32-x86_64\bin\zip.dll
Event: 0.269 Loaded shared library C:\Users\josuesitoe\.vscode\extensions\redhat.java-1.46.0-win32-x64\jre\21.0.8-win32-x86_64\bin\instrument.dll
Event: 0.277 Loaded shared library C:\Users\josuesitoe\.vscode\extensions\redhat.java-1.46.0-win32-x64\jre\21.0.8-win32-x86_64\bin\net.dll
Event: 0.288 Loaded shared library C:\Users\josuesitoe\.vscode\extensions\redhat.java-1.46.0-win32-x64\jre\21.0.8-win32-x86_64\bin\nio.dll
Event: 0.299 Loaded shared library C:\Users\josuesitoe\.vscode\extensions\redhat.java-1.46.0-win32-x64\jre\21.0.8-win32-x86_64\bin\zip.dll
Event: 0.327 Loaded shared library C:\Users\josuesitoe\.vscode\extensions\redhat.java-1.46.0-win32-x64\jre\21.0.8-win32-x86_64\bin\jimage.dll
Event: 0.452 Loaded shared library c:\Users\josuesitoe\.vscode\extensions\redhat.java-1.46.0-win32-x64\jre\21.0.8-win32-x86_64\bin\verify.dll
Event: 2.196 Loaded shared library C:\Users\josuesitoe\AppData\Roaming\Code\User\globalStorage\redhat.java\1.46.0\config_win\org.eclipse.equinox.launcher\org.eclipse.equinox.launcher.win32.win32.x86_64_1.2.1400.v20250801-0854\eclipse_11916.dll
Event: 4.639 Loaded shared library C:\Users\josuesitoe\AppData\Local\Temp\jna--95111402\jna2596704709841688262.dll

Deoptimization events (20 events):
Event: 16.118 Thread 0x0000011cf030a9f0 DEOPT PACKING pc=0x0000011cd57a27da sp=0x00000019ff1fd720
Event: 16.118 Thread 0x0000011cf030a9f0 DEOPT UNPACKING pc=0x0000011cdbd94242 sp=0x00000019ff1fcb98 mode 0
Event: 16.126 Thread 0x0000011cf26cb310 DEOPT PACKING pc=0x0000011cd57a27da sp=0x00000019812fdb40
Event: 16.126 Thread 0x0000011cf26cb310 DEOPT UNPACKING pc=0x0000011cdbd94242 sp=0x00000019812fcfb8 mode 0
Event: 16.148 Thread 0x0000011cf030a9f0 DEOPT PACKING pc=0x0000011cd57a27da sp=0x00000019ff1fc1a0
Event: 16.148 Thread 0x0000011cf030a9f0 DEOPT UNPACKING pc=0x0000011cdbd94242 sp=0x00000019ff1fb618 mode 0
Event: 16.150 Thread 0x0000011cf26cb310 DEOPT PACKING pc=0x0000011cd562cae7 sp=0x00000019812fd810
Event: 16.150 Thread 0x0000011cf26cb310 DEOPT UNPACKING pc=0x0000011cdbd94242 sp=0x00000019812fcd80 mode 0
Event: 16.153 Thread 0x0000011cf030a9f0 DEOPT PACKING pc=0x0000011cd57a27da sp=0x00000019ff1fbdc0
Event: 16.153 Thread 0x0000011cf030a9f0 DEOPT UNPACKING pc=0x0000011cdbd94242 sp=0x00000019ff1fb238 mode 0
Event: 16.155 Thread 0x0000011cf030a9f0 DEOPT PACKING pc=0x0000011cd57a27da sp=0x00000019ff1fc0a0
Event: 16.155 Thread 0x0000011cf030a9f0 DEOPT UNPACKING pc=0x0000011cdbd94242 sp=0x00000019ff1fb518 mode 0
Event: 16.157 Thread 0x0000011cf030a9f0 DEOPT PACKING pc=0x0000011cd57a27da sp=0x00000019ff1fb930
Event: 16.157 Thread 0x0000011cf030a9f0 DEOPT UNPACKING pc=0x0000011cdbd94242 sp=0x00000019ff1fada8 mode 0
Event: 16.158 Thread 0x0000011cf030a9f0 DEOPT PACKING pc=0x0000011cd57a27da sp=0x00000019ff1fc010
Event: 16.158 Thread 0x0000011cf030a9f0 DEOPT UNPACKING pc=0x0000011cdbd94242 sp=0x00000019ff1fb488 mode 0
Event: 16.158 Thread 0x0000011cf030a9f0 DEOPT PACKING pc=0x0000011cd57a27da sp=0x00000019ff1fbca0
Event: 16.158 Thread 0x0000011cf030a9f0 DEOPT UNPACKING pc=0x0000011cdbd94242 sp=0x00000019ff1fb118 mode 0
Event: 16.159 Thread 0x0000011cf030a9f0 DEOPT PACKING pc=0x0000011cd57a27da sp=0x00000019ff1fbca0
Event: 16.159 Thread 0x0000011cf030a9f0 DEOPT UNPACKING pc=0x0000011cdbd94242 sp=0x00000019ff1fb118 mode 0

Classes loaded (20 events):
Event: 12.916 Loading class java/util/concurrent/CompletableFuture$UniAccept
Event: 12.917 Loading class java/util/concurrent/CompletableFuture$UniAccept done
Event: 12.917 Loading class java/util/concurrent/CompletableFuture$UniExceptionally
Event: 12.917 Loading class java/util/concurrent/CompletableFuture$UniExceptionally done
Event: 12.993 Loading class java/util/Collections$SynchronizedRandomAccessList
Event: 12.994 Loading class java/util/Collections$SynchronizedList
Event: 12.994 Loading class java/util/Collections$SynchronizedList done
Event: 12.994 Loading class java/util/Collections$SynchronizedRandomAccessList done
Event: 13.038 Loading class java/util/concurrent/CompletableFuture$Signaller
Event: 13.041 Loading class java/util/concurrent/CompletableFuture$Signaller done
Event: 13.273 Loading class java/nio/charset/CharacterCodingException
Event: 13.274 Loading class java/nio/charset/CharacterCodingException done
Event: 13.274 Loading class java/io/SequenceInputStream
Event: 13.274 Loading class java/io/SequenceInputStream done
Event: 13.648 Loading class java/util/Hashtable$KeySet
Event: 13.650 Loading class java/util/Hashtable$KeySet done
Event: 13.937 Loading class java/lang/UnsupportedClassVersionError
Event: 13.937 Loading class java/lang/UnsupportedClassVersionError done
Event: 13.987 Loading class java/lang/invoke/MethodHandleImpl$CountingWrapper$1
Event: 13.988 Loading class java/lang/invoke/MethodHandleImpl$CountingWrapper$1 done

Classes unloaded (11 events):
Event: 5.363 Thread 0x0000011cd1692de0 Unloading class 0x0000011c811a4800 'java/lang/invoke/LambdaForm$MH+0x0000011c811a4800'
Event: 5.363 Thread 0x0000011cd1692de0 Unloading class 0x0000011c811a4400 'java/lang/invoke/LambdaForm$MH+0x0000011c811a4400'
Event: 5.363 Thread 0x0000011cd1692de0 Unloading class 0x0000011c811a4000 'java/lang/invoke/LambdaForm$MH+0x0000011c811a4000'
Event: 5.363 Thread 0x0000011cd1692de0 Unloading class 0x0000011c811a3c00 'java/lang/invoke/LambdaForm$MH+0x0000011c811a3c00'
Event: 5.363 Thread 0x0000011cd1692de0 Unloading class 0x0000011c811a3800 'java/lang/invoke/LambdaForm$BMH+0x0000011c811a3800'
Event: 5.363 Thread 0x0000011cd1692de0 Unloading class 0x0000011c811a3400 'java/lang/invoke/LambdaForm$DMH+0x0000011c811a3400'
Event: 5.363 Thread 0x0000011cd1692de0 Unloading class 0x0000011c811a2000 'java/lang/invoke/LambdaForm$DMH+0x0000011c811a2000'
Event: 11.730 Thread 0x0000011cd1692de0 Unloading class 0x0000011c816b9400 'java/lang/invoke/LambdaForm$DMH+0x0000011c816b9400'
Event: 11.730 Thread 0x0000011cd1692de0 Unloading class 0x0000011c816b8c00 'java/lang/invoke/LambdaForm$DMH+0x0000011c816b8c00'
Event: 11.730 Thread 0x0000011cd1692de0 Unloading class 0x0000011c816b9000 'java/lang/invoke/LambdaForm$DMH+0x0000011c816b9000'
Event: 11.730 Thread 0x0000011cd1692de0 Unloading class 0x0000011c816b8800 'java/lang/invoke/LambdaForm$DMH+0x0000011c816b8800'

Classes redefined (0 events):
No events

Internal exceptions (20 events):
Event: 13.720 Thread 0x0000011cf0308290 Exception <a 'sun/nio/fs/WindowsException'{0x00000000d6143080}> (0x00000000d6143080) 
thrown [s\src\hotspot\share\prims\jni.cpp, line 520]
Event: 13.767 Thread 0x0000011cf0308290 Exception <a 'sun/nio/fs/WindowsException'{0x00000000d6477b08}> (0x00000000d6477b08) 
thrown [s\src\hotspot\share\prims\jni.cpp, line 520]
Event: 13.768 Thread 0x0000011cf0308290 Exception <a 'sun/nio/fs/WindowsException'{0x00000000d6478398}> (0x00000000d6478398) 
thrown [s\src\hotspot\share\prims\jni.cpp, line 520]
Event: 13.854 Thread 0x0000011cf030a9f0 Exception <a 'java/lang/NoSuchMethodError'{0x00000000d57192f0}: 'java.lang.Object java.lang.invoke.DirectMethodHandle$Holder.invokeSpecial(java.lang.Object, java.lang.Object, int, long)'> (0x00000000d57192f0) 
thrown [s\src\hotspot\share\interpreter\linkResolver.cpp, line 773]
Event: 13.983 Thread 0x0000011cf26cd3e0 Exception <a 'java/lang/NoSuchMethodError'{0x00000000d6521960}: 'int java.lang.invoke.Invokers$Holder.invokeExact_MT(java.lang.Object, java.lang.Object)'> (0x00000000d6521960) 
thrown [s\src\hotspot\share\interpreter\linkResolver.cpp, line 773]
Event: 14.005 Thread 0x0000011cf26ce100 Exception <a 'java/lang/IncompatibleClassChangeError'{0x00000000d678f190}: Found class java.lang.Object, but interface was expected> (0x00000000d678f190) 
thrown [s\src\hotspot\share\interpreter\linkResolver.cpp, line 840]
Event: 14.132 Thread 0x0000011cf1cd0730 Exception <a 'sun/nio/fs/WindowsException'{0x00000000d5d7c638}> (0x00000000d5d7c638) 
thrown [s\src\hotspot\share\prims\jni.cpp, line 520]
Event: 14.132 Thread 0x0000011cf1cd0730 Exception <a 'sun/nio/fs/WindowsException'{0x00000000d5d7d198}> (0x00000000d5d7d198) 
thrown [s\src\hotspot\share\prims\jni.cpp, line 520]
Event: 14.134 Thread 0x0000011cf1cd0730 Exception <a 'sun/nio/fs/WindowsException'{0x00000000d5d9d870}> (0x00000000d5d9d870) 
thrown [s\src\hotspot\share\prims\jni.cpp, line 520]
Event: 14.134 Thread 0x0000011cf1cd0730 Exception <a 'sun/nio/fs/WindowsException'{0x00000000d5d9e3b0}> (0x00000000d5d9e3b0) 
thrown [s\src\hotspot\share\prims\jni.cpp, line 520]
Event: 14.137 Thread 0x0000011cf1cd0730 Exception <a 'sun/nio/fs/WindowsException'{0x00000000d5de7b10}> (0x00000000d5de7b10) 
thrown [s\src\hotspot\share\prims\jni.cpp, line 520]
Event: 14.137 Thread 0x0000011cf1cd0730 Exception <a 'sun/nio/fs/WindowsException'{0x00000000d5de8650}> (0x00000000d5de8650) 
thrown [s\src\hotspot\share\prims\jni.cpp, line 520]
Event: 14.148 Thread 0x0000011cf1cd0730 Exception <a 'sun/nio/fs/WindowsException'{0x00000000d5eade38}> (0x00000000d5eade38) 
thrown [s\src\hotspot\share\prims\jni.cpp, line 520]
Event: 14.148 Thread 0x0000011cf1cd0730 Exception <a 'sun/nio/fs/WindowsException'{0x00000000d5ed3b28}> (0x00000000d5ed3b28) 
thrown [s\src\hotspot\share\prims\jni.cpp, line 520]
Event: 14.887 Thread 0x0000011cf030a9f0 Implicit null exception at 0x0000011cdc6cb906 to 0x0000011cdc6cba31
Event: 14.899 Thread 0x0000011cf030a9f0 Implicit null exception at 0x0000011cdc710886 to 0x0000011cdc710990
Event: 15.086 Thread 0x0000011cf26cd3e0 Exception <a 'java/lang/IncompatibleClassChangeError'{0x00000000d5fcc758}: Found class java.lang.Object, but interface was expected> (0x00000000d5fcc758) 
thrown [s\src\hotspot\share\interpreter\linkResolver.cpp, line 840]
Event: 15.609 Thread 0x0000011cf1cd00a0 Exception <a 'java/lang/LinkageError'{0x00000000d6766e50}: loader lombok.launch.ShadowClassLoader @4de4297f attempted duplicate class definition for lombok.launch.PatchFixesHider$PatchFixes. (lombok.launch.PatchFixesHider$PatchFixes is in unnamed module of loader lombok.launch.ShadowClassLoader @4de4297f, parent loader org.eclipse.osgi.internal.loader.EquinoxClassLoader @111de42a)> (0x00000000d6766e50) 
thrown [s\src\hotspot\share\classfile\systemDictionary.cpp, line 1682]
Event: 15.617 Thread 0x0000011cf26cda70 Exception <a 'java/lang/LinkageError'{0x00000000d6929de0}: loader lombok.launch.ShadowClassLoader @4de4297f attempted duplicate class definition for lombok.launch.PatchFixesHider$PatchFixes. (lombok.launch.PatchFixesHider$PatchFixes is in unnamed module of loader lombok.launch.ShadowClassLoader @4de4297f, parent loader org.eclipse.osgi.internal.loader.EquinoxClassLoader @111de42a)> (0x00000000d6929de0) 
thrown [s\src\hotspot\share\classfile\systemDictionary.cpp, line 1682]
Event: 15.618 Thread 0x0000011cf26cac80 Exception <a 'java/lang/LinkageError'{0x00000000d55b2f18}: loader lombok.launch.ShadowClassLoader @4de4297f attempted duplicate class definition for lombok.launch.PatchFixesHider$PatchFixes. (lombok.launch.PatchFixesHider$PatchFixes is in unnamed module of loader lombok.launch.ShadowClassLoader @4de4297f, parent loader org.eclipse.osgi.internal.loader.EquinoxClassLoader @111de42a)> (0x00000000d55b2f18) 
thrown [s\src\hotspot\share\classfile\systemDictionary.cpp, line 1682]

ZGC Phase Switch (0 events):
No events

VM Operations (20 events):
Event: 15.610 Executing VM operation: ParallelGCFailedAllocation (Allocation Failure)
Event: 15.617 Executing VM operation: ParallelGCFailedAllocation (Allocation Failure) done
Event: 15.729 Executing VM operation: ICBufferFull
Event: 15.729 Executing VM operation: ICBufferFull done
Event: 15.741 Executing VM operation: ParallelGCFailedAllocation (Allocation Failure)
Event: 15.747 Executing VM operation: ParallelGCFailedAllocation (Allocation Failure) done
Event: 15.840 Executing VM operation: ParallelGCFailedAllocation (Allocation Failure)
Event: 15.847 Executing VM operation: ParallelGCFailedAllocation (Allocation Failure) done
Event: 15.918 Executing VM operation: HandshakeAllThreads (Deoptimize)
Event: 15.919 Executing VM operation: HandshakeAllThreads (Deoptimize) done
Event: 15.941 Executing VM operation: HandshakeAllThreads (Deoptimize)
Event: 15.942 Executing VM operation: HandshakeAllThreads (Deoptimize) done
Event: 15.954 Executing VM operation: HandshakeAllThreads (Deoptimize)
Event: 15.954 Executing VM operation: HandshakeAllThreads (Deoptimize) done
Event: 16.017 Executing VM operation: ParallelGCFailedAllocation (Allocation Failure)
Event: 16.023 Executing VM operation: ParallelGCFailedAllocation (Allocation Failure) done
Event: 16.038 Executing VM operation: HandshakeAllThreads (Deoptimize)
Event: 16.038 Executing VM operation: HandshakeAllThreads (Deoptimize) done
Event: 16.162 Executing VM operation: ParallelGCFailedAllocation (Allocation Failure)
Event: 17.321 Executing VM operation: ParallelGCFailedAllocation (Allocation Failure) done

Memory protections (0 events):
No events

Nmethod flushes (20 events):
Event: 11.751 Thread 0x0000011cd1692de0 flushing  nmethod 0x0000011cd5127090
Event: 11.751 Thread 0x0000011cd1692de0 flushing  nmethod 0x0000011cd5192f10
Event: 11.751 Thread 0x0000011cd1692de0 flushing  nmethod 0x0000011cd51b8310
Event: 11.751 Thread 0x0000011cd1692de0 flushing  nmethod 0x0000011cd51bea90
Event: 11.751 Thread 0x0000011cd1692de0 flushing  nmethod 0x0000011cd51bf510
Event: 11.751 Thread 0x0000011cd1692de0 flushing  nmethod 0x0000011cd51c3e90
Event: 11.751 Thread 0x0000011cd1692de0 flushing  nmethod 0x0000011cd51e1410
Event: 11.751 Thread 0x0000011cd1692de0 flushing  nmethod 0x0000011cd51faa10
Event: 11.751 Thread 0x0000011cd1692de0 flushing  nmethod 0x0000011cd51fc210
Event: 11.751 Thread 0x0000011cd1692de0 flushing  nmethod 0x0000011cd51fd890
Event: 11.751 Thread 0x0000011cd1692de0 flushing  nmethod 0x0000011cd5201b10
Event: 11.751 Thread 0x0000011cd1692de0 flushing osr nmethod 0x0000011cd526c590
Event: 11.751 Thread 0x0000011cd1692de0 flushing  nmethod 0x0000011cd528f490
Event: 11.751 Thread 0x0000011cd1692de0 flushing  nmethod 0x0000011cd5293690
Event: 11.751 Thread 0x0000011cd1692de0 flushing  nmethod 0x0000011cd52ec190
Event: 11.751 Thread 0x0000011cd1692de0 flushing  nmethod 0x0000011cd5309690
Event: 11.751 Thread 0x0000011cd1692de0 flushing  nmethod 0x0000011cd530b190
Event: 11.751 Thread 0x0000011cd1692de0 flushing  nmethod 0x0000011cd5319290
Event: 11.751 Thread 0x0000011cd1692de0 flushing  nmethod 0x0000011cd5322190
Event: 11.751 Thread 0x0000011cd1692de0 flushing  nmethod 0x0000011cd5359510

Events (20 events):
Event: 11.703 Thread 0x0000011cf150ced0 Thread exited: 0x0000011cf150ced0
Event: 11.703 Thread 0x0000011cf150f630 Thread exited: 0x0000011cf150f630
Event: 11.703 Thread 0x0000011cf1510350 Thread exited: 0x0000011cf1510350
Event: 11.704 Thread 0x0000011cf0ccf570 Thread exited: 0x0000011cf0ccf570
Event: 12.129 Thread 0x0000011cf0309640 Thread added: 0x0000011cf0ccf570
Event: 12.130 Thread 0x0000011cf0309640 Thread added: 0x0000011cf6078b10
Event: 12.130 Thread 0x0000011cf0309640 Thread added: 0x0000011cf607abe0
Event: 12.130 Thread 0x0000011cf0309640 Thread added: 0x0000011cf607bf90
Event: 12.131 Thread 0x0000011cf0309640 Thread added: 0x0000011cf607c620
Event: 12.209 Thread 0x0000011cf0ccf570 Thread exited: 0x0000011cf0ccf570
Event: 12.209 Thread 0x0000011cf6078b10 Thread exited: 0x0000011cf6078b10
Event: 12.209 Thread 0x0000011cf607c620 Thread exited: 0x0000011cf607c620
Event: 12.209 Thread 0x0000011cf607bf90 Thread exited: 0x0000011cf607bf90
Event: 12.209 Thread 0x0000011cf607abe0 Thread exited: 0x0000011cf607abe0
Event: 13.615 Thread 0x0000011cf1cd0730 Thread added: 0x0000011cf6105350
Event: 15.738 Thread 0x0000011cf26cac80 Thread added: 0x0000011cf6103910
Event: 15.741 Thread 0x0000011cf26ccd50 Thread added: 0x0000011cf6102bf0
Event: 15.741 Thread 0x0000011cf26c9f60 Thread added: 0x0000011cf6104cc0
Event: 15.748 Thread 0x0000011cf6102bf0 Thread added: 0x0000011cf6106700
Event: 15.748 Thread 0x0000011cf6103910 Thread added: 0x0000011cf6104630


Dynamic libraries:
0x00007ff6c4070000 - 0x00007ff6c407e000 	c:\Users\josuesitoe\.vscode\extensions\redhat.java-1.46.0-win32-x64\jre\21.0.8-win32-x86_64\bin\java.exe
0x00007ffd91fa0000 - 0x00007ffd92208000 	C:\WINDOWS\SYSTEM32\ntdll.dll
0x00007ffd91220000 - 0x00007ffd912e9000 	C:\WINDOWS\System32\KERNEL32.DLL
0x00007ffd8f280000 - 0x00007ffd8f672000 	C:\WINDOWS\System32\KERNELBASE.dll
0x00007ffd8f7b0000 - 0x00007ffd8f8fb000 	C:\WINDOWS\System32\ucrtbase.dll
0x00007ffd6e1f0000 - 0x00007ffd6e20e000 	c:\Users\josuesitoe\.vscode\extensions\redhat.java-1.46.0-win32-x64\jre\21.0.8-win32-x86_64\bin\VCRUNTIME140.dll
0x00007ffd6c2b0000 - 0x00007ffd6c2c8000 	c:\Users\josuesitoe\.vscode\extensions\redhat.java-1.46.0-win32-x64\jre\21.0.8-win32-x86_64\bin\jli.dll
0x00007ffd91680000 - 0x00007ffd91845000 	C:\WINDOWS\System32\USER32.dll
0x00007ffd8e540000 - 0x00007ffd8e7d3000 	C:\WINDOWS\WinSxS\amd64_microsoft.windows.common-controls_6595b64144ccf1df_6.0.26100.6899_none_3e0efeeae32e88c1\COMCTL32.dll
0x00007ffd8fbd0000 - 0x00007ffd8fbf7000 	C:\WINDOWS\System32\win32u.dll
0x00007ffd90230000 - 0x00007ffd902d9000 	C:\WINDOWS\System32\msvcrt.dll
0x00007ffd90410000 - 0x00007ffd9043b000 	C:\WINDOWS\System32\GDI32.dll
0x00007ffd8f680000 - 0x00007ffd8f7ad000 	C:\WINDOWS\System32\gdi32full.dll
0x00007ffd8fa80000 - 0x00007ffd8fb23000 	C:\WINDOWS\System32\msvcp_win.dll
0x00007ffd91540000 - 0x00007ffd9156f000 	C:\WINDOWS\System32\IMM32.DLL
0x00007ffd718e0000 - 0x00007ffd718ec000 	c:\Users\josuesitoe\.vscode\extensions\redhat.java-1.46.0-win32-x64\jre\21.0.8-win32-x86_64\bin\vcruntime140_1.dll
0x00007ffd5c990000 - 0x00007ffd5ca1d000 	c:\Users\josuesitoe\.vscode\extensions\redhat.java-1.46.0-win32-x64\jre\21.0.8-win32-x86_64\bin\msvcp140.dll
0x00007ffccac80000 - 0x00007ffccba17000 	c:\Users\josuesitoe\.vscode\extensions\redhat.java-1.46.0-win32-x64\jre\21.0.8-win32-x86_64\bin\server\jvm.dll
0x00007ffd91e70000 - 0x00007ffd91f24000 	C:\WINDOWS\System32\ADVAPI32.dll
0x00007ffd91490000 - 0x00007ffd91536000 	C:\WINDOWS\System32\sechost.dll
0x00007ffd90990000 - 0x00007ffd90aa8000 	C:\WINDOWS\System32\RPCRT4.dll
0x00007ffd900f0000 - 0x00007ffd90164000 	C:\WINDOWS\System32\WS2_32.dll
0x00007ffd8ef90000 - 0x00007ffd8efee000 	C:\WINDOWS\SYSTEM32\POWRPROF.dll
0x00007ffd86390000 - 0x00007ffd8639b000 	C:\WINDOWS\SYSTEM32\VERSION.dll
0x00007ffd86350000 - 0x00007ffd86385000 	C:\WINDOWS\SYSTEM32\WINMM.dll
0x00007ffd8ef70000 - 0x00007ffd8ef84000 	C:\WINDOWS\SYSTEM32\UMPDC.dll
0x00007ffd8d590000 - 0x00007ffd8d5ab000 	C:\WINDOWS\SYSTEM32\kernel.appcore.dll
0x00007ffd70b20000 - 0x00007ffd70b2a000 	c:\Users\josuesitoe\.vscode\extensions\redhat.java-1.46.0-win32-x64\jre\21.0.8-win32-x86_64\bin\jimage.dll
0x00007ffd8e910000 - 0x00007ffd8eb52000 	C:\WINDOWS\SYSTEM32\DBGHELP.DLL
0x00007ffd8fd70000 - 0x00007ffd900eb000 	C:\WINDOWS\System32\combase.dll
0x00007ffd90330000 - 0x00007ffd90407000 	C:\WINDOWS\System32\OLEAUT32.dll
0x00007ffd8e7e0000 - 0x00007ffd8e81c000 	C:\WINDOWS\SYSTEM32\dbgcore.DLL
0x00007ffd8fb30000 - 0x00007ffd8fbc8000 	C:\WINDOWS\System32\bcryptPrimitives.dll
0x00007ffd89040000 - 0x00007ffd8904f000 	c:\Users\josuesitoe\.vscode\extensions\redhat.java-1.46.0-win32-x64\jre\21.0.8-win32-x86_64\bin\instrument.dll
0x00007ffd6c290000 - 0x00007ffd6c2af000 	c:\Users\josuesitoe\.vscode\extensions\redhat.java-1.46.0-win32-x64\jre\21.0.8-win32-x86_64\bin\java.dll
0x00007ffd90ab0000 - 0x00007ffd911fd000 	C:\WINDOWS\System32\SHELL32.dll
0x00007ffd8fc00000 - 0x00007ffd8fd6b000 	C:\WINDOWS\System32\wintypes.dll
0x00007ffd8c260000 - 0x00007ffd8cabd000 	C:\WINDOWS\SYSTEM32\windows.storage.dll
0x00007ffd90880000 - 0x00007ffd90972000 	C:\WINDOWS\System32\SHCORE.dll
0x00007ffd90810000 - 0x00007ffd90872000 	C:\WINDOWS\System32\shlwapi.dll
0x00007ffd8f050000 - 0x00007ffd8f079000 	C:\WINDOWS\SYSTEM32\profapi.dll
0x00007ffd6c170000 - 0x00007ffd6c188000 	c:\Users\josuesitoe\.vscode\extensions\redhat.java-1.46.0-win32-x64\jre\21.0.8-win32-x86_64\bin\zip.dll
0x00007ffd800a0000 - 0x00007ffd800b0000 	C:\Users\josuesitoe\.vscode\extensions\redhat.java-1.46.0-win32-x64\jre\21.0.8-win32-x86_64\bin\net.dll
0x00007ffd86560000 - 0x00007ffd8667f000 	C:\WINDOWS\SYSTEM32\WINHTTP.dll
0x00007ffd8daa0000 - 0x00007ffd8db0b000 	C:\WINDOWS\system32\mswsock.dll
0x00007ffd6bef0000 - 0x00007ffd6bf06000 	C:\Users\josuesitoe\.vscode\extensions\redhat.java-1.46.0-win32-x64\jre\21.0.8-win32-x86_64\bin\nio.dll
0x00007ffd6ecb0000 - 0x00007ffd6ecc0000 	c:\Users\josuesitoe\.vscode\extensions\redhat.java-1.46.0-win32-x64\jre\21.0.8-win32-x86_64\bin\verify.dll
0x00007ffd36420000 - 0x00007ffd36464000 	C:\Users\josuesitoe\AppData\Roaming\Code\User\globalStorage\redhat.java\1.46.0\config_win\org.eclipse.equinox.launcher\org.eclipse.equinox.launcher.win32.win32.x86_64_1.2.1400.v20250801-0854\eclipse_11916.dll
0x00007ffd912f0000 - 0x00007ffd91488000 	C:\WINDOWS\System32\ole32.dll
0x00007ffd8ec60000 - 0x00007ffd8ec7b000 	C:\WINDOWS\SYSTEM32\CRYPTSP.dll
0x00007ffd8df40000 - 0x00007ffd8df7b000 	C:\WINDOWS\system32\rsaenh.dll
0x00007ffd8db10000 - 0x00007ffd8db3b000 	C:\WINDOWS\SYSTEM32\USERENV.dll
0x00007ffd8f020000 - 0x00007ffd8f046000 	C:\WINDOWS\SYSTEM32\bcrypt.dll
0x00007ffd8df30000 - 0x00007ffd8df3c000 	C:\WINDOWS\SYSTEM32\CRYPTBASE.dll
0x00007ffd8cdc0000 - 0x00007ffd8cdf4000 	C:\WINDOWS\SYSTEM32\IPHLPAPI.DLL
0x00007ffd91d40000 - 0x00007ffd91d4a000 	C:\WINDOWS\System32\NSI.dll
0x00007ffd34d60000 - 0x00007ffd34da9000 	C:\Users\josuesitoe\AppData\Local\Temp\jna--95111402\jna2596704709841688262.dll
0x00007ffd90980000 - 0x00007ffd90988000 	C:\WINDOWS\System32\PSAPI.DLL
0x00007ffd87090000 - 0x00007ffd870ae000 	C:\WINDOWS\SYSTEM32\dhcpcsvc6.DLL
0x00007ffd86fd0000 - 0x00007ffd86ff3000 	C:\WINDOWS\SYSTEM32\dhcpcsvc.DLL
0x00007ffd8e8b0000 - 0x00007ffd8e8e6000 	C:\WINDOWS\SYSTEM32\ntmarta.dll

JVMTI agents:
c:\Users\josuesitoe\.vscode\extensions\redhat.java-1.46.0-win32-x64\lombok\lombok-1.18.39-4050.jar path:c:\Users\josuesitoe\.vscode\extensions\redhat.java-1.46.0-win32-x64\jre\21.0.8-win32-x86_64\bin\instrument.dll, loaded, initialized, instrumentlib options:none

dbghelp: loaded successfully - version: 4.0.5 - missing functions: none
symbol engine: initialized successfully - sym options: 0x614 - pdb path: .;c:\Users\josuesitoe\.vscode\extensions\redhat.java-1.46.0-win32-x64\jre\21.0.8-win32-x86_64\bin;C:\WINDOWS\SYSTEM32;C:\WINDOWS\WinSxS\amd64_microsoft.windows.common-controls_6595b64144ccf1df_6.0.26100.6899_none_3e0efeeae32e88c1;c:\Users\josuesitoe\.vscode\extensions\redhat.java-1.46.0-win32-x64\jre\21.0.8-win32-x86_64\bin\server;C:\Users\josuesitoe\AppData\Roaming\Code\User\globalStorage\redhat.java\1.46.0\config_win\org.eclipse.equinox.launcher\org.eclipse.equinox.launcher.win32.win32.x86_64_1.2.1400.v20250801-0854;C:\Users\josuesitoe\AppData\Local\Temp\jna--95111402

VM Arguments:
jvm_args: --add-modules=ALL-SYSTEM --add-opens=java.base/java.util=ALL-UNNAMED --add-opens=java.base/java.lang=ALL-UNNAMED --add-opens=java.base/sun.nio.fs=ALL-UNNAMED -Declipse.application=org.eclipse.jdt.ls.core.id1 -Dosgi.bundles.defaultStartLevel=4 -Declipse.product=org.eclipse.jdt.ls.core.product -Djava.import.generatesMetadataFilesAtProjectRoot=false -DDetectVMInstallationsJob.disabled=true -Dfile.encoding=utf8 -XX:+UseParallelGC -XX:GCTimeRatio=4 -XX:AdaptiveSizePolicyWeight=90 -Dsun.zip.disableMemoryMapping=true -Xmx2G -Xms100m -Xlog:disable -javaagent:c:\Users\josuesitoe\.vscode\extensions\redhat.java-1.46.0-win32-x64\lombok\lombok-1.18.39-4050.jar -XX:+HeapDumpOnOutOfMemoryError -XX:HeapDumpPath=c:\Users\josuesitoe\AppData\Roaming\Code\User\workspaceStorage\b6a6d4d9d6201c9de0d0fbad05277ae1\redhat.java -Daether.dependencyCollector.impl=bf 
java_command: c:\Users\josuesitoe\.vscode\extensions\redhat.java-1.46.0-win32-x64\server\plugins\org.eclipse.equinox.launcher_1.7.0.v20250519-0528.jar -configuration c:\Users\josuesitoe\AppData\Roaming\Code\User\globalStorage\redhat.java\1.46.0\config_win -data c:\Users\josuesitoe\AppData\Roaming\Code\User\workspaceStorage\b6a6d4d9d6201c9de0d0fbad05277ae1\redhat.java\jdt_ws --pipe=\\.\pipe\lsp-0729958468eb544d3f3a517cbb47731c-sock
java_class_path (initial): c:\Users\josuesitoe\.vscode\extensions\redhat.java-1.46.0-win32-x64\server\plugins\org.eclipse.equinox.launcher_1.7.0.v20250519-0528.jar
Launcher Type: SUN_STANDARD

[Global flags]
    uintx AdaptiveSizePolicyWeight                 = 90                                        {product} {command line}
     intx CICompilerCount                          = 12                                        {product} {ergonomic}
    uintx GCTimeRatio                              = 4                                         {product} {command line}
     bool HeapDumpOnOutOfMemoryError               = true                                   {manageable} {command line}
    ccstr HeapDumpPath                             = c:\Users\josuesitoe\AppData\Roaming\Code\User\workspaceStorage\b6a6d4d9d6201c9de0d0fbad05277ae1\redhat.java         {manageable} {command line}
   size_t InitialHeapSize                          = 104857600                                 {product} {command line}
   size_t MaxHeapSize                              = 2147483648                                {product} {command line}
   size_t MaxNewSize                               = 715653120                                 {product} {ergonomic}
   size_t MinHeapDeltaBytes                        = 524288                                    {product} {ergonomic}
   size_t MinHeapSize                              = 104857600                                 {product} {command line}
   size_t NewSize                                  = 34603008                                  {product} {ergonomic}
    uintx NonNMethodCodeHeapSize                   = 7602480                                {pd product} {ergonomic}
    uintx NonProfiledCodeHeapSize                  = 122027880                              {pd product} {ergonomic}
   size_t OldSize                                  = 70254592                                  {product} {ergonomic}
    uintx ProfiledCodeHeapSize                     = 122027880                              {pd product} {ergonomic}
    uintx ReservedCodeCacheSize                    = 251658240                              {pd product} {ergonomic}
     bool SegmentedCodeCache                       = true                                      {product} {ergonomic}
   size_t SoftMaxHeapSize                          = 2147483648                             {manageable} {ergonomic}
     bool UseCompressedOops                        = true                           {product lp64_product} {ergonomic}
     bool UseLargePagesIndividualAllocation        = false                                  {pd product} {ergonomic}
     bool UseParallelGC                            = true                                      {product} {command line}

Logging:
Log output configuration:
 #0: stdout all=off uptime,level,tags foldmultilines=false
 #1: stderr all=off uptime,level,tags foldmultilines=false

Environment Variables:
JAVA_HOME=C:\Program Files\Java\jdk-17
PATH=C:\Python313\Scripts\;C:\Python313\;C:\Program Files\Common Files\Oracle\Java\javapath;C:\Program Files (x86)\Common Files\Oracle\Java\java8path;C:\Program Files (x86)\Common Files\Oracle\Java\javapath;C:\WINDOWS\system32;C:\WINDOWS;C:\WINDOWS\System32\Wbem;C:\WINDOWS\System32\WindowsPowerShell\v1.0\;C:\WINDOWS\System32\OpenSSH\;C:\Program Files (x86)\Microsoft SQL Server\160\Tools\Binn\;C:\Program Files\Microsoft SQL Server\160\Tools\Binn\;C:\Program Files\Microsoft SQL Server\Client SDK\ODBC\170\Tools\Binn\;C:\Program Files\Microsoft SQL Server\160\DTS\Binn\;C:\Program Files\Git\cmd;C:\xampp\php;C:\ProgramData\ComposerSetup\bin;C:\Program Files (x86)\Incredibuild;C:\Program Files (x86)\Windows Kits\10\Windows Performance Toolkit\;C:\Users\josuesitoe\Downloads\platform-tools-latest-windows\platform-tools;C:\Program Files\nodejs\;C:\ProgramData\chocolatey\bin;C:\flutter\bin;C:\Program Files\dotnet\;C:\ProgramData\chocolatey\lib\maven\apache-maven-3.9.11\bin;C:\Program Files\Java\jdk-17\bin;C:\Python313\Scripts\;C:\Python313\;C:\Program Files\Common Files\Oracle\Java\javapath;C:\Program Files (x86)\Common Files\Oracle\Java\java8path;C:\Program Files (x86)\Common Files\Oracle\Java\javapath;C:\WINDOWS\system32;C:\WINDOWS;C:\WINDOWS\System32\Wbem;C:\WINDOWS\System32\WindowsPowerShell\v1.0\;C:\WINDOWS\System32\OpenSSH\;C:\Program Files (x86)\Microsoft SQL Server\160\Tools\Binn\;C:\Program Files\Microsoft SQL Server\160\Tools\Binn\;C:\Program Files\Microsoft SQL Server\Client SDK\ODBC\170\Tools\Binn\;C:\Program Files\Microsoft SQL Server\160\DTS\Binn\;C:\Program Files\Git\cmd;C:\xampp\php;C:\ProgramData\ComposerSetup\bin;C:\Program Files (x86)\Incredibuild;C:\Program Files (x86)\Windows Kits\10\Windows Performance Toolkit\;C:\Users\josuesitoe\Downloads\platform-tools-latest-windows\platform-tools;C:\Program Files\nodejs\;C:\ProgramData\chocolatey\bin;C:\flutter\bin;C:\Program Files\dotnet\;C:\Program Files\Java\jdk-17\bin;C:\Users\josuesitoe\AppData\Local\Programs\Microsoft VS Code\bin;C:\Users\josuesitoe\.dotnet\tools;C:\ProgramData\chocolatey\lib\maven\apache-maven-3.9.11\bin;C:\Users\josuesitoe\AppData\Local\Programs\Microsoft VS Code\bin;C:\Users\josuesitoe\.dotnet\tools;C:\ProgramData\chocolatey\lib\maven\apache-maven-3.9.11\bin
USERNAME=josuesitoe
OS=Windows_NT
PROCESSOR_IDENTIFIER=AMD64 Family 23 Model 104 Stepping 1, AuthenticAMD
TMP=C:\Users\JOSUES~1\AppData\Local\Temp
TEMP=C:\Users\JOSUES~1\AppData\Local\Temp




Periodic native trim disabled

---------------  S Y S T E M  ---------------

OS:
 Windows 11 , 64 bit Build 26100 (10.0.26100.6725)
OS uptime: 3 days 0:01 hours
Hyper-V role detected

CPU: total 16 (initial active 16) (16 cores per cpu, 2 threads per core) family 23 model 104 stepping 1 microcode 0x8608103, cx8, cmov, fxsr, ht, mmx, 3dnowpref, sse, sse2, sse3, ssse3, sse4a, sse4.1, sse4.2, popcnt, lzcnt, tsc, tscinvbit, avx, avx2, aes, clmul, bmi1, bmi2, adx, sha, fma, vzeroupper, clflush, clflushopt, hv, rdtscp, rdpid, f16c
Processor Information for the first 16 processors :
  Max Mhz: 1801, Current Mhz: 1801, Mhz Limit: 1801

Memory: 4k page, system-wide physical 5989M (387M free)
TotalPageFile size 24421M (AvailPageFile size 111M)
current process WorkingSet (physical memory assigned to process): 303M, peak: 307M
current process commit charge ("private bytes"): 416M, peak: 417M

vm_info: OpenJDK 64-Bit Server VM (21.0.8+9-LTS) for windows-amd64 JRE (21.0.8+9-LTS), built on 2025-07-15T00:00:00Z by "admin" with MS VC++ 17.7 (VS2022)

END.
