#
# There is insufficient memory for the Java Runtime Environment to continue.
# Native memory allocation (malloc) failed to allocate 1114896 bytes. Error detail: Chunk::new
# Possible reasons:
#   The system is out of physical RAM or swap space
#   This process is running with CompressedOops enabled, and the Java Heap may be blocking the growth of the native heap
# Possible solutions:
#   Reduce memory load on the system
#   Increase physical memory or swap space
#   Check if swap backing store is full
#   Decrease Java heap size (-Xmx/-Xms)
#   Decrease number of Java threads
#   Decrease Java thread stack sizes (-Xss)
#   Set larger code cache with -XX:ReservedCodeCacheSize=
#   JVM is running with Unscaled Compressed Oops mode in which the Java heap is
#     placed in the first 4GB address space. The Java Heap base address is the
#     maximum limit for the native heap growth. Please use -XX:HeapBaseMinAddress
#     to set the Java Heap base and to place the Java Heap above 4GB virtual address.
# This output file may be truncated or incomplete.
#
#  Out of Memory Error (arena.cpp:168), pid=20784, tid=9012
#
# JRE version: OpenJDK Runtime Environment Temurin-21.0.8+9 (21.0.8+9) (build 21.0.8+9-LTS)
# Java VM: OpenJDK 64-Bit Server VM Temurin-21.0.8+9 (21.0.8+9-LTS, mixed mode, sharing, tiered, compressed oops, compressed class ptrs, parallel gc, windows-amd64)
# No core dump will be written. Minidumps are not enabled by default on client versions of Windows
#

---------------  S U M M A R Y ------------

Command Line: --add-modules=ALL-SYSTEM --add-opens=java.base/java.util=ALL-UNNAMED --add-opens=java.base/java.lang=ALL-UNNAMED --add-opens=java.base/sun.nio.fs=ALL-UNNAMED -Declipse.application=org.eclipse.jdt.ls.core.id1 -Dosgi.bundles.defaultStartLevel=4 -Declipse.product=org.eclipse.jdt.ls.core.product -Djava.import.generatesMetadataFilesAtProjectRoot=false -DDetectVMInstallationsJob.disabled=true -Dfile.encoding=utf8 -XX:+UseParallelGC -XX:GCTimeRatio=4 -XX:AdaptiveSizePolicyWeight=90 -Dsun.zip.disableMemoryMapping=true -Xmx2G -Xms100m -Xlog:disable -javaagent:c:\Users\josuesitoe\.vscode\extensions\redhat.java-1.46.0-win32-x64\lombok\lombok-1.18.39-4050.jar -XX:+HeapDumpOnOutOfMemoryError -XX:HeapDumpPath=c:\Users\josuesitoe\AppData\Roaming\Code\User\workspaceStorage\b6a6d4d9d6201c9de0d0fbad05277ae1\redhat.java -Daether.dependencyCollector.impl=bf c:\Users\josuesitoe\.vscode\extensions\redhat.java-1.46.0-win32-x64\server\plugins\org.eclipse.equinox.launcher_1.7.0.v20250519-0528.jar -configuration c:\Users\josuesitoe\AppData\Roaming\Code\User\globalStorage\redhat.java\1.46.0\config_win -data c:\Users\josuesitoe\AppData\Roaming\Code\User\workspaceStorage\b6a6d4d9d6201c9de0d0fbad05277ae1\redhat.java\jdt_ws --pipe=\\.\pipe\lsp-69ee1055ee8c2d6bd0363acf7a40f18f-sock

Host: AMD Ryzen 7 5700U with Radeon Graphics         , 16 cores, 5G,  Windows 11 , 64 bit Build 26100 (10.0.26100.6725)
Time: Wed Oct 29 23:42:57 2025 South Africa Standard Time elapsed time: 13.872313 seconds (0d 0h 0m 13s)

---------------  T H R E A D  ---------------

Current thread (0x0000015cd678b1c0):  JavaThread "C2 CompilerThread0" daemon [_thread_in_native, id=9012, stack(0x0000004b29b00000,0x0000004b29c00000) (1024K)]


Current CompileTask:
C2:13872 3387       4       java.lang.invoke.MethodType::makeImpl (109 bytes)

Stack: [0x0000004b29b00000,0x0000004b29c00000]
Native frames: (J=compiled Java code, j=interpreted, Vv=VM code, C=native code)
V  [jvm.dll+0x6d2449]
V  [jvm.dll+0x8ae341]
V  [jvm.dll+0x8b08be]
V  [jvm.dll+0x8b0fa3]
V  [jvm.dll+0x280c96]
V  [jvm.dll+0xc581d]
V  [jvm.dll+0xc5d53]
V  [jvm.dll+0x3b9162]
V  [jvm.dll+0x1e1409]
V  [jvm.dll+0x249022]
V  [jvm.dll+0x2484af]
V  [jvm.dll+0x1c89ee]
V  [jvm.dll+0x257d4d]
V  [jvm.dll+0x2562ea]
V  [jvm.dll+0x3f2d16]
V  [jvm.dll+0x857e6b]
V  [jvm.dll+0x6d0b0d]
C  [ucrtbase.dll+0x37b0]
C  [KERNEL32.DLL+0x2e8d7]
C  [ntdll.dll+0x8c53c]


---------------  P R O C E S S  ---------------

Threads class SMR info:
_java_thread_list=0x0000015cf55c17a0, length=25, elements={
0x0000015cd66d0970, 0x0000015cd667df70, 0x0000015cd6774410, 0x0000015cd67781a0,
0x0000015cd6778df0, 0x0000015cd677e410, 0x0000015cd6787690, 0x0000015cd678b1c0,
0x0000015cd678cf60, 0x0000015cee537790, 0x0000015cf4156720, 0x0000015cf48b83a0,
0x0000015cf48b7680, 0x0000015cf48bab00, 0x0000015cf48b90c0, 0x0000015cf48b7d10,
0x0000015cf4b37ed0, 0x0000015cf48b9750, 0x0000015cf48ba470, 0x0000015cee6c6430,
0x0000015cf40f4910, 0x0000015cf40f1b20, 0x0000015cf40f5630, 0x0000015cf471d540,
0x0000015cf40f3560
}

Java Threads: ( => current thread )
  0x0000015cd66d0970 JavaThread "main"                              [_thread_blocked, id=12024, stack(0x0000004b29100000,0x0000004b29200000) (1024K)]
  0x0000015cd667df70 JavaThread "Reference Handler"          daemon [_thread_blocked, id=23772, stack(0x0000004b29500000,0x0000004b29600000) (1024K)]
  0x0000015cd6774410 JavaThread "Finalizer"                  daemon [_thread_blocked, id=16816, stack(0x0000004b29600000,0x0000004b29700000) (1024K)]
  0x0000015cd67781a0 JavaThread "Signal Dispatcher"          daemon [_thread_blocked, id=27728, stack(0x0000004b29700000,0x0000004b29800000) (1024K)]
  0x0000015cd6778df0 JavaThread "Attach Listener"            daemon [_thread_blocked, id=10168, stack(0x0000004b29800000,0x0000004b29900000) (1024K)]
  0x0000015cd677e410 JavaThread "Service Thread"             daemon [_thread_blocked, id=5280, stack(0x0000004b29900000,0x0000004b29a00000) (1024K)]
  0x0000015cd6787690 JavaThread "Monitor Deflation Thread"   daemon [_thread_blocked, id=9592, stack(0x0000004b29a00000,0x0000004b29b00000) (1024K)]
=>0x0000015cd678b1c0 JavaThread "C2 CompilerThread0"         daemon [_thread_in_native, id=9012, stack(0x0000004b29b00000,0x0000004b29c00000) (1024K)]
  0x0000015cd678cf60 JavaThread "C1 CompilerThread0"         daemon [_thread_blocked, id=24416, stack(0x0000004b29c00000,0x0000004b29d00000) (1024K)]
  0x0000015cee537790 JavaThread "Common-Cleaner"             daemon [_thread_blocked, id=21968, stack(0x0000004b29d00000,0x0000004b29e00000) (1024K)]
  0x0000015cf4156720 JavaThread "Notification Thread"        daemon [_thread_blocked, id=25692, stack(0x0000004b2a200000,0x0000004b2a300000) (1024K)]
  0x0000015cf48b83a0 JavaThread "Active Thread: Equinox Container: 1fd90f7b-bcdb-4ff2-a4d8-d4d0d9f6a6cd"        [_thread_blocked, id=9008, stack(0x0000004b2ab00000,0x0000004b2ac00000) (1024K)]
  0x0000015cf48b7680 JavaThread "Refresh Thread: Equinox Container: 1fd90f7b-bcdb-4ff2-a4d8-d4d0d9f6a6cd" daemon [_thread_blocked, id=2284, stack(0x0000004b2aa00000,0x0000004b2ab00000) (1024K)]
  0x0000015cf48bab00 JavaThread "Framework Event Dispatcher: Equinox Container: 1fd90f7b-bcdb-4ff2-a4d8-d4d0d9f6a6cd" daemon [_thread_blocked, id=8276, stack(0x0000004b2ac00000,0x0000004b2ad00000) (1024K)]
  0x0000015cf48b90c0 JavaThread "Start Level: Equinox Container: 1fd90f7b-bcdb-4ff2-a4d8-d4d0d9f6a6cd" daemon [_thread_in_vm, id=11812, stack(0x0000004b2ad00000,0x0000004b2ae00000) (1024K)]
  0x0000015cf48b7d10 JavaThread "Bundle File Closer"         daemon [_thread_blocked, id=28168, stack(0x0000004b2b100000,0x0000004b2b200000) (1024K)]
  0x0000015cf4b37ed0 JavaThread "C1 CompilerThread1"         daemon [_thread_in_native, id=4968, stack(0x0000004b29e00000,0x0000004b29f00000) (1024K)]
  0x0000015cf48b9750 JavaThread "SCR Component Actor"        daemon [_thread_blocked, id=18884, stack(0x0000004b29f00000,0x0000004b2a000000) (1024K)]
  0x0000015cf48ba470 JavaThread "Worker-JM"                         [_thread_blocked, id=25812, stack(0x0000004b2b200000,0x0000004b2b300000) (1024K)]
  0x0000015cee6c6430 JavaThread "C1 CompilerThread2"         daemon [_thread_in_vm, id=27228, stack(0x0000004b2b300000,0x0000004b2b400000) (1024K)]
  0x0000015cf40f4910 JavaThread "JNA Cleaner"                daemon [_thread_blocked, id=29100, stack(0x0000004b2ae00000,0x0000004b2af00000) (1024K)]
  0x0000015cf40f1b20 JavaThread "Worker-0: Checking project encoding"        [_thread_blocked, id=27720, stack(0x0000004b2b600000,0x0000004b2b700000) (1024K)]
  0x0000015cf40f5630 JavaThread "Worker-1: Refreshing workspace"        [_thread_blocked, id=30592, stack(0x0000004b2b700000,0x0000004b2b800000) (1024K)]
  0x0000015cf471d540 JavaThread "C2 CompilerThread1"         daemon [_thread_in_native, id=23028, stack(0x0000004b2b800000,0x0000004b2b900000) (1024K)]
  0x0000015cf40f3560 JavaThread "Worker-2"                          [_thread_blocked, id=13960, stack(0x0000004b2b900000,0x0000004b2ba00000) (1024K)]
Total: 25

Other Threads:
  0x0000015cd66640e0 VMThread "VM Thread"                           [id=30684, stack(0x0000004b29400000,0x0000004b29500000) (1024K)]
  0x0000015cd6741a00 WatcherThread "VM Periodic Task Thread"        [id=13920, stack(0x0000004b29300000,0x0000004b29400000) (1024K)]
  0x0000015cd66eff90 WorkerThread "GC Thread#0"                     [id=12076, stack(0x0000004b29200000,0x0000004b29300000) (1024K)]
  0x0000015cf4080b80 WorkerThread "GC Thread#1"                     [id=17044, stack(0x0000004b2a400000,0x0000004b2a500000) (1024K)]
  0x0000015cf4304af0 WorkerThread "GC Thread#2"                     [id=28552, stack(0x0000004b2a500000,0x0000004b2a600000) (1024K)]
  0x0000015cf4304e90 WorkerThread "GC Thread#3"                     [id=23252, stack(0x0000004b2a600000,0x0000004b2a700000) (1024K)]
  0x0000015cf4305630 WorkerThread "GC Thread#4"                     [id=7784, stack(0x0000004b2a700000,0x0000004b2a800000) (1024K)]
  0x0000015cf4211420 WorkerThread "GC Thread#5"                     [id=31316, stack(0x0000004b2a800000,0x0000004b2a900000) (1024K)]
  0x0000015cf451a790 WorkerThread "GC Thread#6"                     [id=22096, stack(0x0000004b2a900000,0x0000004b2aa00000) (1024K)]
  0x0000015cf4518e30 WorkerThread "GC Thread#7"                     [id=23716, stack(0x0000004b2a300000,0x0000004b2a400000) (1024K)]
  0x0000015cf4519cb0 WorkerThread "GC Thread#8"                     [id=31652, stack(0x0000004b2a100000,0x0000004b2a200000) (1024K)]
  0x0000015cf45191d0 WorkerThread "GC Thread#9"                     [id=14300, stack(0x0000004b2af00000,0x0000004b2b000000) (1024K)]
  0x0000015cf451a050 WorkerThread "GC Thread#10"                    [id=13440, stack(0x0000004b2b000000,0x0000004b2b100000) (1024K)]
  0x0000015cf4519570 WorkerThread "GC Thread#11"                    [id=26060, stack(0x0000004b2a000000,0x0000004b2a100000) (1024K)]
  0x0000015cf50ec150 WorkerThread "GC Thread#12"                    [id=28420, stack(0x0000004b2b500000,0x0000004b2b600000) (1024K)]
Total: 15

Threads with active compile tasks:
C2 CompilerThread0  13894 3387       4       java.lang.invoke.MethodType::makeImpl (109 bytes)
C1 CompilerThread0  13894 3782       3       org.apache.felix.resolver.Packages$1::compute (8 bytes)
C1 CompilerThread1  13894 3774       3       java.lang.invoke.VarHandleGuards::guard_LL_V (123 bytes)
C1 CompilerThread2  13894 3775       3       org.apache.felix.resolver.PackageSpaces::mergeCandidatePackages (436 bytes)
C2 CompilerThread1  13894 3773       4       java.util.Collections$UnmodifiableCollection::size (10 bytes)
Total: 5

VM state: not at safepoint (normal execution)

VM Mutex/Monitor currently owned by a thread: None

Heap address: 0x0000000080000000, size: 2048 MB, Compressed Oops mode: 32-bit

CDS archive(s) mapped at: [0x0000015c80000000-0x0000015c80ba0000-0x0000015c80ba0000), size 12189696, SharedBaseAddress: 0x0000015c80000000, ArchiveRelocationMode: 1.
Compressed class space mapped at: 0x0000015c81000000-0x0000015cc1000000, reserved size: 1073741824
Narrow klass base: 0x0000015c80000000, Narrow klass shift: 0, Narrow klass range: 0x100000000

GC Precious Log:
 CardTable entry size: 512
 CPUs: 16 total, 16 available
 Memory: 5989M
 Large Page Support: Disabled
 NUMA Support: Disabled
 Compressed Oops: Enabled (32-bit)
 Alignments: Space 512K, Generation 512K, Heap 2M
 Heap Min Capacity: 100M
 Heap Initial Capacity: 100M
 Heap Max Capacity: 2G
 Pre-touch: Disabled
 Parallel Workers: 13

Heap:
 PSYoungGen      total 29696K, used 28709K [0x00000000d5580000, 0x00000000d7680000, 0x0000000100000000)
  eden space 25600K, 96% used [0x00000000d5580000,0x00000000d6d8e640,0x00000000d6e80000)
  from space 4096K, 99% used [0x00000000d6e80000,0x00000000d727af90,0x00000000d7280000)
  to   space 4096K, 0% used [0x00000000d7280000,0x00000000d7280000,0x00000000d7680000)
 ParOldGen       total 68608K, used 7754K [0x0000000080000000, 0x0000000084300000, 0x00000000d5580000)
  object space 68608K, 11% used [0x0000000080000000,0x0000000080792990,0x0000000084300000)
 Metaspace       used 18670K, committed 19392K, reserved 1114112K
  class space    used 1949K, committed 2240K, reserved 1048576K

Card table byte_map: [0x0000015cd6070000,0x0000015cd6480000] _byte_map_base: 0x0000015cd5c70000

Marking Bits: (ParMarkBitMap*) 0x00007ffccb93a340
 Begin Bits: [0x0000015ce8b70000, 0x0000015ceab70000)
 End Bits:   [0x0000015ceab70000, 0x0000015cecb70000)

Polling page: 0x0000015cd44e0000

Metaspace:

Usage:
  Non-class:     16.33 MB used.
      Class:      1.90 MB used.
       Both:     18.23 MB used.

Virtual space:
  Non-class space:       64.00 MB reserved,      16.75 MB ( 26%) committed,  1 nodes.
      Class space:        1.00 GB reserved,       2.19 MB ( <1%) committed,  1 nodes.
             Both:        1.06 GB reserved,      18.94 MB (  2%) committed. 

Chunk freelists:
   Non-Class:  14.92 MB
       Class:  13.63 MB
        Both:  28.55 MB

MaxMetaspaceSize: unlimited
CompressedClassSpaceSize: 1.00 GB
Initial GC threshold: 21.00 MB
Current GC threshold: 21.00 MB
CDS: on
 - commit_granule_bytes: 65536.
 - commit_granule_words: 8192.
 - virtual_space_node_default_size: 8388608.
 - enlarge_chunks_in_place: 1.
 - use_allocation_guard: 0.


Internal statistics:

num_allocs_failed_limit: 0.
num_arena_births: 558.
num_arena_deaths: 0.
num_vsnodes_births: 2.
num_vsnodes_deaths: 0.
num_space_committed: 303.
num_space_uncommitted: 0.
num_chunks_returned_to_freelist: 0.
num_chunks_taken_from_freelist: 1262.
num_chunk_merges: 0.
num_chunk_splits: 790.
num_chunks_enlarged: 512.
num_inconsistent_stats: 0.

CodeHeap 'non-profiled nmethods': size=119168Kb used=1495Kb max_used=1495Kb free=117673Kb
 bounds [0x0000015ce1460000, 0x0000015ce16d0000, 0x0000015ce88c0000]
CodeHeap 'profiled nmethods': size=119104Kb used=7906Kb max_used=7906Kb free=111198Kb
 bounds [0x0000015cd98c0000, 0x0000015cda080000, 0x0000015ce0d10000]
CodeHeap 'non-nmethods': size=7488Kb used=2404Kb max_used=2984Kb free=5083Kb
 bounds [0x0000015ce0d10000, 0x0000015ce1090000, 0x0000015ce1460000]
CodeCache: size=245760Kb, used=11805Kb, max_used=12385Kb, free=233954Kb
 total_blobs=4335, nmethods=3776, adapters=463, full_count=0
Compilation: enabled, stopped_count=0, restarted_count=0

Compilation events (20 events):
Event: 12.860 Thread 0x0000015cf441d900 nmethod 3744 0x0000015cda05e110 code [0x0000015cda05e320, 0x0000015cda05eac8]
Event: 12.860 Thread 0x0000015cd678cf60 3747       3       org.objectweb.asm.MethodVisitor::visitJumpInsn (17 bytes)
Event: 12.860 Thread 0x0000015cf441d900 3748       3       org.objectweb.asm.MethodWriter::visitJumpInsn (495 bytes)
Event: 12.860 Thread 0x0000015cee6c6430 nmethod 3746 0x0000015cda05ed90 code [0x0000015cda05ef80, 0x0000015cda05f398]
Event: 12.860 Thread 0x0000015cd678cf60 nmethod 3747 0x0000015cda05f590 code [0x0000015cda05f740, 0x0000015cda05f948]
Event: 12.862 Thread 0x0000015cf4b37ed0 nmethod 3736 0x0000015cda05fa10 code [0x0000015cda0601a0, 0x0000015cda064d88]
Event: 12.862 Thread 0x0000015cf441d900 nmethod 3748 0x0000015cda066310 code [0x0000015cda066660, 0x0000015cda067658]
Event: 12.863 Thread 0x0000015cf441d900 3750       3       java.net.URI::isOpaque (13 bytes)
Event: 12.863 Thread 0x0000015cf441d900 nmethod 3750 0x0000015cda067c90 code [0x0000015cda067e20, 0x0000015cda067f80]
Event: 12.865 Thread 0x0000015cee6c6430 3752       1       org.apache.aries.spifly.weaver.TCCLSetterVisitor::access$800 (5 bytes)
Event: 12.865 Thread 0x0000015cd678cf60 3753       3       org.objectweb.asm.MethodWriter::putFrame (549 bytes)
Event: 12.865 Thread 0x0000015cee6c6430 nmethod 3752 0x0000015ce15d1e10 code [0x0000015ce15d1fa0, 0x0000015ce15d2050]
Event: 12.866 Thread 0x0000015cf471d540 nmethod 3718 0x0000015ce15d2110 code [0x0000015ce15d2300, 0x0000015ce15d2cb0]
Event: 12.866 Thread 0x0000015cf471d540 3749       4       org.objectweb.asm.ClassReader::readUTF8 (23 bytes)
Event: 12.867 Thread 0x0000015cd678cf60 nmethod 3753 0x0000015cda068010 code [0x0000015cda0684a0, 0x0000015cda069f00]
Event: 12.869 Thread 0x0000015cf471d540 nmethod 3749 0x0000015ce15d3210 code [0x0000015ce15d33c0, 0x0000015ce15d3698]
Event: 12.869 Thread 0x0000015cf471d540 3719       4       org.objectweb.asm.ByteVector::putShort (52 bytes)
Event: 12.871 Thread 0x0000015cf471d540 nmethod 3719 0x0000015ce15d3910 code [0x0000015ce15d3ac0, 0x0000015ce15d3c80]
Event: 12.871 Thread 0x0000015cf471d540 3751       4       org.objectweb.asm.tree.InsnList::add (62 bytes)
Event: 12.872 Thread 0x0000015cf471d540 nmethod 3751 0x0000015ce15d3e10 code [0x0000015ce15d3fa0, 0x0000015ce15d40b8]

GC Heap History (10 events):
Event: 1.049 GC heap before
{Heap before GC invocations=1 (full 0):
 PSYoungGen      total 29696K, used 25600K [0x00000000d5580000, 0x00000000d7680000, 0x0000000100000000)
  eden space 25600K, 100% used [0x00000000d5580000,0x00000000d6e80000,0x00000000d6e80000)
  from space 4096K, 0% used [0x00000000d7280000,0x00000000d7280000,0x00000000d7680000)
  to   space 4096K, 0% used [0x00000000d6e80000,0x00000000d6e80000,0x00000000d7280000)
 ParOldGen       total 68608K, used 0K [0x0000000080000000, 0x0000000084300000, 0x00000000d5580000)
  object space 68608K, 0% used [0x0000000080000000,0x0000000080000000,0x0000000084300000)
 Metaspace       used 4137K, committed 4416K, reserved 1114112K
  class space    used 451K, committed 576K, reserved 1048576K
}
Event: 1.060 GC heap after
{Heap after GC invocations=1 (full 0):
 PSYoungGen      total 29696K, used 3691K [0x00000000d5580000, 0x00000000d7680000, 0x0000000100000000)
  eden space 25600K, 0% used [0x00000000d5580000,0x00000000d5580000,0x00000000d6e80000)
  from space 4096K, 90% used [0x00000000d6e80000,0x00000000d721ad90,0x00000000d7280000)
  to   space 4096K, 0% used [0x00000000d7280000,0x00000000d7280000,0x00000000d7680000)
 ParOldGen       total 68608K, used 16K [0x0000000080000000, 0x0000000084300000, 0x00000000d5580000)
  object space 68608K, 0% used [0x0000000080000000,0x0000000080004000,0x0000000084300000)
 Metaspace       used 4137K, committed 4416K, reserved 1114112K
  class space    used 451K, committed 576K, reserved 1048576K
}
Event: 2.071 GC heap before
{Heap before GC invocations=2 (full 0):
 PSYoungGen      total 29696K, used 29291K [0x00000000d5580000, 0x00000000d7680000, 0x0000000100000000)
  eden space 25600K, 100% used [0x00000000d5580000,0x00000000d6e80000,0x00000000d6e80000)
  from space 4096K, 90% used [0x00000000d6e80000,0x00000000d721ad90,0x00000000d7280000)
  to   space 4096K, 0% used [0x00000000d7280000,0x00000000d7280000,0x00000000d7680000)
 ParOldGen       total 68608K, used 16K [0x0000000080000000, 0x0000000084300000, 0x00000000d5580000)
  object space 68608K, 0% used [0x0000000080000000,0x0000000080004000,0x0000000084300000)
 Metaspace       used 7830K, committed 8128K, reserved 1114112K
  class space    used 811K, committed 960K, reserved 1048576K
}
Event: 2.083 GC heap after
{Heap after GC invocations=2 (full 0):
 PSYoungGen      total 29696K, used 4093K [0x00000000d5580000, 0x00000000d7680000, 0x0000000100000000)
  eden space 25600K, 0% used [0x00000000d5580000,0x00000000d5580000,0x00000000d6e80000)
  from space 4096K, 99% used [0x00000000d7280000,0x00000000d767f4d0,0x00000000d7680000)
  to   space 4096K, 0% used [0x00000000d6e80000,0x00000000d6e80000,0x00000000d7280000)
 ParOldGen       total 68608K, used 1626K [0x0000000080000000, 0x0000000084300000, 0x00000000d5580000)
  object space 68608K, 2% used [0x0000000080000000,0x0000000080196958,0x0000000084300000)
 Metaspace       used 7830K, committed 8128K, reserved 1114112K
  class space    used 811K, committed 960K, reserved 1048576K
}
Event: 3.687 GC heap before
{Heap before GC invocations=3 (full 0):
 PSYoungGen      total 29696K, used 29693K [0x00000000d5580000, 0x00000000d7680000, 0x0000000100000000)
  eden space 25600K, 100% used [0x00000000d5580000,0x00000000d6e80000,0x00000000d6e80000)
  from space 4096K, 99% used [0x00000000d7280000,0x00000000d767f4d0,0x00000000d7680000)
  to   space 4096K, 0% used [0x00000000d6e80000,0x00000000d6e80000,0x00000000d7280000)
 ParOldGen       total 68608K, used 1626K [0x0000000080000000, 0x0000000084300000, 0x00000000d5580000)
  object space 68608K, 2% used [0x0000000080000000,0x0000000080196958,0x0000000084300000)
 Metaspace       used 9456K, committed 9792K, reserved 1114112K
  class space    used 1006K, committed 1152K, reserved 1048576K
}
Event: 3.694 GC heap after
{Heap after GC invocations=3 (full 0):
 PSYoungGen      total 29696K, used 4090K [0x00000000d5580000, 0x00000000d7680000, 0x0000000100000000)
  eden space 25600K, 0% used [0x00000000d5580000,0x00000000d5580000,0x00000000d6e80000)
  from space 4096K, 99% used [0x00000000d6e80000,0x00000000d727eb48,0x00000000d7280000)
  to   space 4096K, 0% used [0x00000000d7280000,0x00000000d7280000,0x00000000d7680000)
 ParOldGen       total 68608K, used 4021K [0x0000000080000000, 0x0000000084300000, 0x00000000d5580000)
  object space 68608K, 5% used [0x0000000080000000,0x00000000803ed5b8,0x0000000084300000)
 Metaspace       used 9456K, committed 9792K, reserved 1114112K
  class space    used 1006K, committed 1152K, reserved 1048576K
}
Event: 7.511 GC heap before
{Heap before GC invocations=4 (full 0):
 PSYoungGen      total 29696K, used 29690K [0x00000000d5580000, 0x00000000d7680000, 0x0000000100000000)
  eden space 25600K, 100% used [0x00000000d5580000,0x00000000d6e80000,0x00000000d6e80000)
  from space 4096K, 99% used [0x00000000d6e80000,0x00000000d727eb48,0x00000000d7280000)
  to   space 4096K, 0% used [0x00000000d7280000,0x00000000d7280000,0x00000000d7680000)
 ParOldGen       total 68608K, used 4021K [0x0000000080000000, 0x0000000084300000, 0x00000000d5580000)
  object space 68608K, 5% used [0x0000000080000000,0x00000000803ed5b8,0x0000000084300000)
 Metaspace       used 11767K, committed 12160K, reserved 1114112K
  class space    used 1248K, committed 1408K, reserved 1048576K
}
Event: 7.519 GC heap after
{Heap after GC invocations=4 (full 0):
 PSYoungGen      total 29696K, used 4071K [0x00000000d5580000, 0x00000000d7680000, 0x0000000100000000)
  eden space 25600K, 0% used [0x00000000d5580000,0x00000000d5580000,0x00000000d6e80000)
  from space 4096K, 99% used [0x00000000d7280000,0x00000000d7679f28,0x00000000d7680000)
  to   space 4096K, 0% used [0x00000000d6e80000,0x00000000d6e80000,0x00000000d7280000)
 ParOldGen       total 68608K, used 6065K [0x0000000080000000, 0x0000000084300000, 0x00000000d5580000)
  object space 68608K, 8% used [0x0000000080000000,0x00000000805ec6f8,0x0000000084300000)
 Metaspace       used 11767K, committed 12160K, reserved 1114112K
  class space    used 1248K, committed 1408K, reserved 1048576K
}
Event: 9.212 GC heap before
{Heap before GC invocations=5 (full 0):
 PSYoungGen      total 29696K, used 29671K [0x00000000d5580000, 0x00000000d7680000, 0x0000000100000000)
  eden space 25600K, 100% used [0x00000000d5580000,0x00000000d6e80000,0x00000000d6e80000)
  from space 4096K, 99% used [0x00000000d7280000,0x00000000d7679f28,0x00000000d7680000)
  to   space 4096K, 0% used [0x00000000d6e80000,0x00000000d6e80000,0x00000000d7280000)
 ParOldGen       total 68608K, used 6065K [0x0000000080000000, 0x0000000084300000, 0x00000000d5580000)
  object space 68608K, 8% used [0x0000000080000000,0x00000000805ec6f8,0x0000000084300000)
 Metaspace       used 15640K, committed 16320K, reserved 1114112K
  class space    used 1617K, committed 1920K, reserved 1048576K
}
Event: 11.225 GC heap after
{Heap after GC invocations=5 (full 0):
 PSYoungGen      total 29696K, used 4075K [0x00000000d5580000, 0x00000000d7680000, 0x0000000100000000)
  eden space 25600K, 0% used [0x00000000d5580000,0x00000000d5580000,0x00000000d6e80000)
  from space 4096K, 99% used [0x00000000d6e80000,0x00000000d727af90,0x00000000d7280000)
  to   space 4096K, 0% used [0x00000000d7280000,0x00000000d7280000,0x00000000d7680000)
 ParOldGen       total 68608K, used 7754K [0x0000000080000000, 0x0000000084300000, 0x00000000d5580000)
  object space 68608K, 11% used [0x0000000080000000,0x0000000080792990,0x0000000084300000)
 Metaspace       used 15640K, committed 16320K, reserved 1114112K
  class space    used 1617K, committed 1920K, reserved 1048576K
}

Dll operation events (10 events):
Event: 0.018 Loaded shared library c:\Users\josuesitoe\.vscode\extensions\redhat.java-1.46.0-win32-x64\jre\21.0.8-win32-x86_64\bin\java.dll
Event: 0.135 Loaded shared library c:\Users\josuesitoe\.vscode\extensions\redhat.java-1.46.0-win32-x64\jre\21.0.8-win32-x86_64\bin\zip.dll
Event: 0.163 Loaded shared library C:\Users\josuesitoe\.vscode\extensions\redhat.java-1.46.0-win32-x64\jre\21.0.8-win32-x86_64\bin\instrument.dll
Event: 0.169 Loaded shared library C:\Users\josuesitoe\.vscode\extensions\redhat.java-1.46.0-win32-x64\jre\21.0.8-win32-x86_64\bin\net.dll
Event: 0.184 Loaded shared library C:\Users\josuesitoe\.vscode\extensions\redhat.java-1.46.0-win32-x64\jre\21.0.8-win32-x86_64\bin\nio.dll
Event: 0.188 Loaded shared library C:\Users\josuesitoe\.vscode\extensions\redhat.java-1.46.0-win32-x64\jre\21.0.8-win32-x86_64\bin\zip.dll
Event: 0.211 Loaded shared library C:\Users\josuesitoe\.vscode\extensions\redhat.java-1.46.0-win32-x64\jre\21.0.8-win32-x86_64\bin\jimage.dll
Event: 0.326 Loaded shared library c:\Users\josuesitoe\.vscode\extensions\redhat.java-1.46.0-win32-x64\jre\21.0.8-win32-x86_64\bin\verify.dll
Event: 2.305 Loaded shared library C:\Users\josuesitoe\AppData\Roaming\Code\User\globalStorage\redhat.java\1.46.0\config_win\org.eclipse.equinox.launcher\org.eclipse.equinox.launcher.win32.win32.x86_64_1.2.1400.v20250801-0854\eclipse_11916.dll
Event: 11.495 Loaded shared library C:\Users\josuesitoe\AppData\Local\Temp\jna--95111402\jna4474416486327962685.dll

Deoptimization events (20 events):
Event: 11.330 Thread 0x0000015cf48b90c0 Uncommon trap: trap_request=0xffffff45 fr.pc=0x0000015ce1497a98 relative=0x0000000000000678
Event: 11.330 Thread 0x0000015cf48b90c0 Uncommon trap: reason=unstable_if action=reinterpret pc=0x0000015ce1497a98 method=java.lang.String.replace(Ljava/lang/CharSequence;Ljava/lang/CharSequence;)Ljava/lang/String; @ 42 c2
Event: 11.330 Thread 0x0000015cf48b90c0 DEOPT PACKING pc=0x0000015ce1497a98 sp=0x0000004b2adf7210
Event: 11.331 Thread 0x0000015cf48b90c0 DEOPT UNPACKING pc=0x0000015ce0d63aa2 sp=0x0000004b2adf7190 mode 2
Event: 11.549 Thread 0x0000015cf48b90c0 Uncommon trap: trap_request=0xffffff45 fr.pc=0x0000015ce15b80ac relative=0x000000000000094c
Event: 11.549 Thread 0x0000015cf48b90c0 Uncommon trap: reason=unstable_if action=reinterpret pc=0x0000015ce15b80ac method=java.util.concurrent.ConcurrentHashMap.putVal(Ljava/lang/Object;Ljava/lang/Object;Z)Ljava/lang/Object; @ 401 c2
Event: 11.549 Thread 0x0000015cf48b90c0 DEOPT PACKING pc=0x0000015ce15b80ac sp=0x0000004b2adf70d0
Event: 11.549 Thread 0x0000015cf48b90c0 DEOPT UNPACKING pc=0x0000015ce0d63aa2 sp=0x0000004b2adf7040 mode 2
Event: 11.586 Thread 0x0000015cf48b90c0 Uncommon trap: trap_request=0xffffff45 fr.pc=0x0000015ce15ab2a4 relative=0x0000000000000084
Event: 11.586 Thread 0x0000015cf48b90c0 Uncommon trap: reason=unstable_if action=reinterpret pc=0x0000015ce15ab2a4 method=java.lang.ref.SoftReference.get()Ljava/lang/Object; @ 6 c2
Event: 11.586 Thread 0x0000015cf48b90c0 DEOPT PACKING pc=0x0000015ce15ab2a4 sp=0x0000004b2adf9390
Event: 11.586 Thread 0x0000015cf48b90c0 DEOPT UNPACKING pc=0x0000015ce0d63aa2 sp=0x0000004b2adf9328 mode 2
Event: 12.774 Thread 0x0000015cf48b90c0 Uncommon trap: trap_request=0xffffff45 fr.pc=0x0000015ce1499ec8 relative=0x0000000000000308
Event: 12.774 Thread 0x0000015cf48b90c0 Uncommon trap: reason=unstable_if action=reinterpret pc=0x0000015ce1499ec8 method=java.util.HashMap$HashIterator.<init>(Ljava/util/HashMap;)V @ 45 c2
Event: 12.774 Thread 0x0000015cf48b90c0 DEOPT PACKING pc=0x0000015ce1499ec8 sp=0x0000004b2adf2730
Event: 12.775 Thread 0x0000015cf48b90c0 DEOPT UNPACKING pc=0x0000015ce0d63aa2 sp=0x0000004b2adf25f8 mode 2
Event: 12.822 Thread 0x0000015cf48b90c0 Uncommon trap: trap_request=0xffffff45 fr.pc=0x0000015ce159cf38 relative=0x00000000000000d8
Event: 12.822 Thread 0x0000015cf48b90c0 Uncommon trap: reason=unstable_if action=reinterpret pc=0x0000015ce159cf38 method=java.util.WeakHashMap.expungeStaleEntries()V @ 9 c2
Event: 12.822 Thread 0x0000015cf48b90c0 DEOPT PACKING pc=0x0000015ce159cf38 sp=0x0000004b2adf3430
Event: 12.822 Thread 0x0000015cf48b90c0 DEOPT UNPACKING pc=0x0000015ce0d63aa2 sp=0x0000004b2adf3388 mode 2

Classes loaded (20 events):
Event: 11.579 Loading class java/lang/ThreadDeath
Event: 11.579 Loading class java/lang/ThreadDeath done
Event: 11.592 Loading class java/util/stream/SortedOps$SizedRefSortingSink
Event: 11.592 Loading class java/util/stream/SortedOps$SizedRefSortingSink done
Event: 12.623 Loading class java/util/concurrent/atomic/Striped64$1
Event: 12.623 Loading class java/util/concurrent/atomic/Striped64$1 done
Event: 12.703 Loading class java/util/BitSet
Event: 12.703 Loading class java/util/BitSet done
Event: 12.710 Loading class sun/net/www/protocol/jrt/JavaRuntimeURLConnection
Event: 12.710 Loading class sun/net/www/protocol/jrt/JavaRuntimeURLConnection done
Event: 12.711 Loading class sun/net/www/protocol/jrt/JavaRuntimeURLConnection$1
Event: 12.711 Loading class sun/net/www/protocol/jrt/JavaRuntimeURLConnection$1 done
Event: 12.735 Loading class java/util/function/UnaryOperator
Event: 12.735 Loading class java/util/function/UnaryOperator done
Event: 12.737 Loading class java/util/ServiceConfigurationError
Event: 12.737 Loading class java/util/ServiceConfigurationError done
Event: 12.756 Loading class java/lang/InheritableThreadLocal
Event: 12.756 Loading class java/lang/InheritableThreadLocal done
Event: 12.816 Loading class java/security/AccessControlException
Event: 12.816 Loading class java/security/AccessControlException done

Classes unloaded (0 events):
No events

Classes redefined (0 events):
No events

Internal exceptions (20 events):
Event: 11.285 Thread 0x0000015cf48b90c0 Exception <a 'java/lang/NoSuchMethodError'{0x00000000d5816460}: 'java.lang.Object java.lang.invoke.DirectMethodHandle$Holder.invokeStaticInit(java.lang.Object, int)'> (0x00000000d5816460) 
thrown [s\src\hotspot\share\interpreter\linkResolver.cpp, line 773]
Event: 11.335 Thread 0x0000015cf48b90c0 Exception <a 'java/lang/NoSuchMethodError'{0x00000000d5a828f8}: 'java.lang.Object java.lang.invoke.DirectMethodHandle$Holder.invokeStaticInit(java.lang.Object, int, int, int, int)'> (0x00000000d5a828f8) 
thrown [s\src\hotspot\share\interpreter\linkResolver.cpp, line 773]
Event: 11.370 Thread 0x0000015cf48b90c0 Exception <a 'java/lang/NoSuchMethodError'{0x00000000d5be0b00}: 'java.lang.Object java.lang.invoke.DirectMethodHandle$Holder.invokeStaticInit(java.lang.Object, java.lang.Object, int, int, int, int)'> (0x00000000d5be0b00) 
thrown [s\src\hotspot\share\interpreter\linkResolver.cpp, line 773]
Event: 11.525 Thread 0x0000015cf48b90c0 Exception <a 'java/lang/NoSuchMethodError'{0x00000000d5cf38b8}: 'void java.lang.invoke.DirectMethodHandle$Holder.invokeSpecial(java.lang.Object, java.lang.Object, java.lang.Object, int)'> (0x00000000d5cf38b8) 
thrown [s\src\hotspot\share\interpreter\linkResolver.cpp, line 773]
Event: 11.526 Thread 0x0000015cf48b90c0 Exception <a 'java/lang/NoSuchMethodError'{0x00000000d5cf7248}: 'void java.lang.invoke.DelegatingMethodHandle$Holder.reinvoke_L(java.lang.Object, java.lang.Object, int)'> (0x00000000d5cf7248) 
thrown [s\src\hotspot\share\interpreter\linkResolver.cpp, line 773]
Event: 11.527 Thread 0x0000015cf48b90c0 Exception <a 'java/lang/NoSuchMethodError'{0x00000000d5cfdf30}: 'int java.lang.invoke.Invokers$Holder.invokeExact_MT(java.lang.Object, java.lang.Object, java.lang.Object)'> (0x00000000d5cfdf30) 
thrown [s\src\hotspot\share\interpreter\linkResolver.cpp, line 773]
Event: 11.551 Thread 0x0000015cf48b90c0 Exception <a 'java/lang/NoSuchMethodError'{0x00000000d5e1b290}: 'void java.lang.invoke.Invokers$Holder.invokeExact_MT(java.lang.Object, java.lang.Object, int, java.lang.Object)'> (0x00000000d5e1b290) 
thrown [s\src\hotspot\share\interpreter\linkResolver.cpp, line 773]
Event: 11.575 Thread 0x0000015cf48b90c0 Exception <a 'java/lang/NoSuchMethodError'{0x00000000d5f28230}: 'java.lang.Object java.lang.invoke.DirectMethodHandle$Holder.invokeSpecial(java.lang.Object, java.lang.Object, java.lang.Object, long, java.lang.Object)'> (0x00000000d5f28230) 
thrown [s\src\hotspot\share\interpreter\linkResolver.cpp, line 773]
Event: 11.576 Thread 0x0000015cf48b90c0 Exception <a 'java/lang/NoSuchMethodError'{0x00000000d5f2fa78}: 'java.lang.Object java.lang.invoke.DirectMethodHandle$Holder.newInvokeSpecial(java.lang.Object, java.lang.Object, java.lang.Object, long)'> (0x00000000d5f2fa78) 
thrown [s\src\hotspot\share\interpreter\linkResolver.cpp, line 773]
Event: 11.577 Thread 0x0000015cf48b90c0 Exception <a 'java/lang/NoSuchMethodError'{0x00000000d5f33da8}: 'java.lang.Object java.lang.invoke.DirectMethodHandle$Holder.invokeSpecial(java.lang.Object, java.lang.Object, java.lang.Object, java.lang.Object, long)'> (0x00000000d5f33da8) 
thrown [s\src\hotspot\share\interpreter\linkResolver.cpp, line 773]
Event: 11.577 Thread 0x0000015cf48b90c0 Exception <a 'java/lang/NoSuchMethodError'{0x00000000d5f379c8}: 'java.lang.Object java.lang.invoke.Invokers$Holder.linkToTargetMethod(java.lang.Object, java.lang.Object, long, java.lang.Object)'> (0x00000000d5f379c8) 
thrown [s\src\hotspot\share\interpreter\linkResolver.cpp, line 773]
Event: 11.588 Thread 0x0000015cf48b90c0 Exception <a 'java/lang/NoSuchMethodError'{0x00000000d5f99468}: 'int java.lang.invoke.DirectMethodHandle$Holder.invokeStaticInit(java.lang.Object, java.lang.Object, java.lang.Object)'> (0x00000000d5f99468) 
thrown [s\src\hotspot\share\interpreter\linkResolver.cpp, line 773]
Event: 12.601 Thread 0x0000015cf48b90c0 Exception <a 'java/lang/IncompatibleClassChangeError'{0x00000000d6054bd0}: Found class java.lang.Object, but interface was expected> (0x00000000d6054bd0) 
thrown [s\src\hotspot\share\interpreter\linkResolver.cpp, line 840]
Event: 12.604 Thread 0x0000015cf48b90c0 Exception <a 'java/lang/NoSuchMethodError'{0x00000000d60647d0}: 'java.lang.Object java.lang.invoke.DirectMethodHandle$Holder.invokeSpecial(java.lang.Object, java.lang.Object, java.lang.Object, int, java.lang.Object, java.lang.Object)'> (0x00000000d60647d0) 
thrown [s\src\hotspot\share\interpreter\linkResolver.cpp, line 773]
Event: 12.605 Thread 0x0000015cf48b90c0 Exception <a 'java/lang/NoSuchMethodError'{0x00000000d606c260}: 'java.lang.Object java.lang.invoke.DirectMethodHandle$Holder.newInvokeSpecial(java.lang.Object, java.lang.Object, java.lang.Object, int, java.lang.Object)'> (0x00000000d606c260) 
thrown [s\src\hotspot\share\interpreter\linkResolver.cpp, line 773]
Event: 12.605 Thread 0x0000015cf48b90c0 Exception <a 'java/lang/NoSuchMethodError'{0x00000000d6070220}: 'java.lang.Object java.lang.invoke.DirectMethodHandle$Holder.invokeSpecial(java.lang.Object, java.lang.Object, java.lang.Object, java.lang.Object, int, java.lang.Object)'> (0x00000000d6070220) 
thrown [s\src\hotspot\share\interpreter\linkResolver.cpp, line 773]
Event: 12.606 Thread 0x0000015cf48b90c0 Exception <a 'java/lang/NoSuchMethodError'{0x00000000d6073d60}: 'java.lang.Object java.lang.invoke.Invokers$Holder.linkToTargetMethod(java.lang.Object, java.lang.Object, int, java.lang.Object, java.lang.Object)'> (0x00000000d6073d60) 
thrown [s\src\hotspot\share\interpreter\linkResolver.cpp, line 773]
Event: 12.606 Thread 0x0000015cf40f1b20 Exception <a 'java/lang/NoSuchMethodError'{0x00000000d5fa0658}: 'java.lang.Object java.lang.invoke.DirectMethodHandle$Holder.invokeSpecial(java.lang.Object, java.lang.Object, int, java.lang.Object, java.lang.Object)'> (0x00000000d5fa0658) 
thrown [s\src\hotspot\share\interpreter\linkResolver.cpp, line 773]
Event: 12.626 Thread 0x0000015cf48b90c0 Exception <a 'java/lang/NoSuchMethodError'{0x00000000d617af50}: 'void java.lang.invoke.DirectMethodHandle$Holder.invokeSpecial(java.lang.Object, java.lang.Object, java.lang.Object, java.lang.Object, java.lang.Object)'> (0x00000000d617af50) 
thrown [s\src\hotspot\share\interpreter\linkResolver.cpp, line 773]
Event: 12.821 Thread 0x0000015cf48b90c0 Exception <a 'java/lang/NoSuchMethodError'{0x00000000d696f6d0}: 'java.lang.Object java.lang.invoke.DirectMethodHandle$Holder.invokeInterface(java.lang.Object, java.lang.Object, java.lang.Object)'> (0x00000000d696f6d0) 
thrown [s\src\hotspot\share\interpreter\linkResolver.cpp, line 773]

ZGC Phase Switch (0 events):
No events

VM Operations (20 events):
Event: 7.519 Executing VM operation: ParallelGCFailedAllocation (Allocation Failure) done
Event: 8.098 Executing VM operation: HandshakeAllThreads (Deoptimize)
Event: 8.098 Executing VM operation: HandshakeAllThreads (Deoptimize) done
Event: 8.124 Executing VM operation: ICBufferFull
Event: 8.124 Executing VM operation: ICBufferFull done
Event: 9.212 Executing VM operation: ParallelGCFailedAllocation (Allocation Failure)
Event: 11.225 Executing VM operation: ParallelGCFailedAllocation (Allocation Failure) done
Event: 11.358 Executing VM operation: HandshakeAllThreads (Deoptimize)
Event: 11.358 Executing VM operation: HandshakeAllThreads (Deoptimize) done
Event: 11.506 Executing VM operation: HandshakeAllThreads (Deoptimize)
Event: 11.506 Executing VM operation: HandshakeAllThreads (Deoptimize) done
Event: 12.506 Executing VM operation: Cleanup
Event: 12.594 Executing VM operation: Cleanup done
Event: 12.712 Executing VM operation: HandshakeAllThreads (Deoptimize)
Event: 12.712 Executing VM operation: HandshakeAllThreads (Deoptimize) done
Event: 12.763 Executing VM operation: HandshakeAllThreads (Deoptimize)
Event: 12.763 Executing VM operation: HandshakeAllThreads (Deoptimize) done
Event: 12.772 Executing VM operation: HandshakeAllThreads (Deoptimize)
Event: 12.773 Executing VM operation: HandshakeAllThreads (Deoptimize) done
Event: 13.772 Executing VM operation: Cleanup

Memory protections (0 events):
No events

Nmethod flushes (0 events):
No events

Events (20 events):
Event: 2.345 Thread 0x0000015cd66d0970 Thread added: 0x0000015cf48b90c0
Event: 2.535 Thread 0x0000015cd678cf60 Thread added: 0x0000015cf4b37ed0
Event: 3.678 Thread 0x0000015cee6b48f0 Thread exited: 0x0000015cee6b48f0
Event: 3.864 Thread 0x0000015cf48b90c0 Thread added: 0x0000015cf48b7d10
Event: 4.088 Thread 0x0000015cf4b37ed0 Thread exited: 0x0000015cf4b37ed0
Event: 6.181 Thread 0x0000015cee544d70 Thread exited: 0x0000015cee544d70
Event: 6.181 Thread 0x0000015cee5403a0 Thread exited: 0x0000015cee5403a0
Event: 7.301 Thread 0x0000015cd678cf60 Thread added: 0x0000015cf4b37ed0
Event: 7.418 Thread 0x0000015cf48b90c0 Thread added: 0x0000015cf48b9750
Event: 7.486 Thread 0x0000015cee587c50 Thread exited: 0x0000015cee587c50
Event: 7.582 Thread 0x0000015cd678b1c0 Thread added: 0x0000015cf4af2290
Event: 7.886 Thread 0x0000015cf48b90c0 Thread added: 0x0000015cf48ba470
Event: 7.965 Thread 0x0000015cd678cf60 Thread added: 0x0000015cee6c6430
Event: 8.180 Thread 0x0000015cf4b37ed0 Thread added: 0x0000015cf441d900
Event: 11.500 Thread 0x0000015cf4af2290 Thread exited: 0x0000015cf4af2290
Event: 11.536 Thread 0x0000015cf48b90c0 Thread added: 0x0000015cf40f4910
Event: 11.581 Thread 0x0000015cf48b90c0 Thread added: 0x0000015cf40f1b20
Event: 12.606 Thread 0x0000015cf48b90c0 Thread added: 0x0000015cf40f5630
Event: 12.714 Thread 0x0000015cd678cf60 Thread added: 0x0000015cf471d540
Event: 12.858 Thread 0x0000015cf40f5630 Thread added: 0x0000015cf40f3560


Dynamic libraries:
0x00007ff662b80000 - 0x00007ff662b8e000 	c:\Users\josuesitoe\.vscode\extensions\redhat.java-1.46.0-win32-x64\jre\21.0.8-win32-x86_64\bin\java.exe
0x00007ffd91fa0000 - 0x00007ffd92208000 	C:\WINDOWS\SYSTEM32\ntdll.dll
0x00007ffd91220000 - 0x00007ffd912e9000 	C:\WINDOWS\System32\KERNEL32.DLL
0x00007ffd8f280000 - 0x00007ffd8f672000 	C:\WINDOWS\System32\KERNELBASE.dll
0x00007ffd8f7b0000 - 0x00007ffd8f8fb000 	C:\WINDOWS\System32\ucrtbase.dll
0x00007ffd6e1f0000 - 0x00007ffd6e20e000 	c:\Users\josuesitoe\.vscode\extensions\redhat.java-1.46.0-win32-x64\jre\21.0.8-win32-x86_64\bin\VCRUNTIME140.dll
0x00007ffd6c2b0000 - 0x00007ffd6c2c8000 	c:\Users\josuesitoe\.vscode\extensions\redhat.java-1.46.0-win32-x64\jre\21.0.8-win32-x86_64\bin\jli.dll
0x00007ffd91680000 - 0x00007ffd91845000 	C:\WINDOWS\System32\USER32.dll
0x00007ffd8fbd0000 - 0x00007ffd8fbf7000 	C:\WINDOWS\System32\win32u.dll
0x00007ffd90410000 - 0x00007ffd9043b000 	C:\WINDOWS\System32\GDI32.dll
0x00007ffd8e540000 - 0x00007ffd8e7d3000 	C:\WINDOWS\WinSxS\amd64_microsoft.windows.common-controls_6595b64144ccf1df_6.0.26100.6899_none_3e0efeeae32e88c1\COMCTL32.dll
0x00007ffd90230000 - 0x00007ffd902d9000 	C:\WINDOWS\System32\msvcrt.dll
0x00007ffd8f680000 - 0x00007ffd8f7ad000 	C:\WINDOWS\System32\gdi32full.dll
0x00007ffd8fa80000 - 0x00007ffd8fb23000 	C:\WINDOWS\System32\msvcp_win.dll
0x00007ffd91540000 - 0x00007ffd9156f000 	C:\WINDOWS\System32\IMM32.DLL
0x00007ffd718e0000 - 0x00007ffd718ec000 	c:\Users\josuesitoe\.vscode\extensions\redhat.java-1.46.0-win32-x64\jre\21.0.8-win32-x86_64\bin\vcruntime140_1.dll
0x00007ffd5c990000 - 0x00007ffd5ca1d000 	c:\Users\josuesitoe\.vscode\extensions\redhat.java-1.46.0-win32-x64\jre\21.0.8-win32-x86_64\bin\msvcp140.dll
0x00007ffccac80000 - 0x00007ffccba17000 	c:\Users\josuesitoe\.vscode\extensions\redhat.java-1.46.0-win32-x64\jre\21.0.8-win32-x86_64\bin\server\jvm.dll
0x00007ffd91e70000 - 0x00007ffd91f24000 	C:\WINDOWS\System32\ADVAPI32.dll
0x00007ffd91490000 - 0x00007ffd91536000 	C:\WINDOWS\System32\sechost.dll
0x00007ffd90990000 - 0x00007ffd90aa8000 	C:\WINDOWS\System32\RPCRT4.dll
0x00007ffd900f0000 - 0x00007ffd90164000 	C:\WINDOWS\System32\WS2_32.dll
0x00007ffd8ef90000 - 0x00007ffd8efee000 	C:\WINDOWS\SYSTEM32\POWRPROF.dll
0x00007ffd86390000 - 0x00007ffd8639b000 	C:\WINDOWS\SYSTEM32\VERSION.dll
0x00007ffd86350000 - 0x00007ffd86385000 	C:\WINDOWS\SYSTEM32\WINMM.dll
0x00007ffd8ef70000 - 0x00007ffd8ef84000 	C:\WINDOWS\SYSTEM32\UMPDC.dll
0x00007ffd8d590000 - 0x00007ffd8d5ab000 	C:\WINDOWS\SYSTEM32\kernel.appcore.dll
0x00007ffd70b20000 - 0x00007ffd70b2a000 	c:\Users\josuesitoe\.vscode\extensions\redhat.java-1.46.0-win32-x64\jre\21.0.8-win32-x86_64\bin\jimage.dll
0x00007ffd8e910000 - 0x00007ffd8eb52000 	C:\WINDOWS\SYSTEM32\DBGHELP.DLL
0x00007ffd8fd70000 - 0x00007ffd900eb000 	C:\WINDOWS\System32\combase.dll
0x00007ffd90330000 - 0x00007ffd90407000 	C:\WINDOWS\System32\OLEAUT32.dll
0x00007ffd8e7e0000 - 0x00007ffd8e81c000 	C:\WINDOWS\SYSTEM32\dbgcore.DLL
0x00007ffd8fb30000 - 0x00007ffd8fbc8000 	C:\WINDOWS\System32\bcryptPrimitives.dll
0x00007ffd89040000 - 0x00007ffd8904f000 	c:\Users\josuesitoe\.vscode\extensions\redhat.java-1.46.0-win32-x64\jre\21.0.8-win32-x86_64\bin\instrument.dll
0x00007ffd6c290000 - 0x00007ffd6c2af000 	c:\Users\josuesitoe\.vscode\extensions\redhat.java-1.46.0-win32-x64\jre\21.0.8-win32-x86_64\bin\java.dll
0x00007ffd90ab0000 - 0x00007ffd911fd000 	C:\WINDOWS\System32\SHELL32.dll
0x00007ffd8fc00000 - 0x00007ffd8fd6b000 	C:\WINDOWS\System32\wintypes.dll
0x00007ffd8c260000 - 0x00007ffd8cabd000 	C:\WINDOWS\SYSTEM32\windows.storage.dll
0x00007ffd90880000 - 0x00007ffd90972000 	C:\WINDOWS\System32\SHCORE.dll
0x00007ffd90810000 - 0x00007ffd90872000 	C:\WINDOWS\System32\shlwapi.dll
0x00007ffd8f050000 - 0x00007ffd8f079000 	C:\WINDOWS\SYSTEM32\profapi.dll
0x00007ffd6c170000 - 0x00007ffd6c188000 	c:\Users\josuesitoe\.vscode\extensions\redhat.java-1.46.0-win32-x64\jre\21.0.8-win32-x86_64\bin\zip.dll
0x00007ffd800a0000 - 0x00007ffd800b0000 	C:\Users\josuesitoe\.vscode\extensions\redhat.java-1.46.0-win32-x64\jre\21.0.8-win32-x86_64\bin\net.dll
0x00007ffd86560000 - 0x00007ffd8667f000 	C:\WINDOWS\SYSTEM32\WINHTTP.dll
0x00007ffd8daa0000 - 0x00007ffd8db0b000 	C:\WINDOWS\system32\mswsock.dll
0x00007ffd6bef0000 - 0x00007ffd6bf06000 	C:\Users\josuesitoe\.vscode\extensions\redhat.java-1.46.0-win32-x64\jre\21.0.8-win32-x86_64\bin\nio.dll
0x00007ffd6ecb0000 - 0x00007ffd6ecc0000 	c:\Users\josuesitoe\.vscode\extensions\redhat.java-1.46.0-win32-x64\jre\21.0.8-win32-x86_64\bin\verify.dll
0x00007ffd58160000 - 0x00007ffd581a4000 	C:\Users\josuesitoe\AppData\Roaming\Code\User\globalStorage\redhat.java\1.46.0\config_win\org.eclipse.equinox.launcher\org.eclipse.equinox.launcher.win32.win32.x86_64_1.2.1400.v20250801-0854\eclipse_11916.dll
0x00007ffd912f0000 - 0x00007ffd91488000 	C:\WINDOWS\System32\ole32.dll
0x00007ffd8ec60000 - 0x00007ffd8ec7b000 	C:\WINDOWS\SYSTEM32\CRYPTSP.dll
0x00007ffd8df40000 - 0x00007ffd8df7b000 	C:\WINDOWS\system32\rsaenh.dll
0x00007ffd8db10000 - 0x00007ffd8db3b000 	C:\WINDOWS\SYSTEM32\USERENV.dll
0x00007ffd8f020000 - 0x00007ffd8f046000 	C:\WINDOWS\SYSTEM32\bcrypt.dll
0x00007ffd8df30000 - 0x00007ffd8df3c000 	C:\WINDOWS\SYSTEM32\CRYPTBASE.dll
0x00007ffd8cdc0000 - 0x00007ffd8cdf4000 	C:\WINDOWS\SYSTEM32\IPHLPAPI.DLL
0x00007ffd91d40000 - 0x00007ffd91d4a000 	C:\WINDOWS\System32\NSI.dll
0x00007ffd57110000 - 0x00007ffd57159000 	C:\Users\josuesitoe\AppData\Local\Temp\jna--95111402\jna4474416486327962685.dll
0x00007ffd90980000 - 0x00007ffd90988000 	C:\WINDOWS\System32\PSAPI.DLL

JVMTI agents:
c:\Users\josuesitoe\.vscode\extensions\redhat.java-1.46.0-win32-x64\lombok\lombok-1.18.39-4050.jar path:c:\Users\josuesitoe\.vscode\extensions\redhat.java-1.46.0-win32-x64\jre\21.0.8-win32-x86_64\bin\instrument.dll, loaded, initialized, instrumentlib options:none

dbghelp: loaded successfully - version: 4.0.5 - missing functions: none
symbol engine: initialized successfully - sym options: 0x614 - pdb path: .;c:\Users\josuesitoe\.vscode\extensions\redhat.java-1.46.0-win32-x64\jre\21.0.8-win32-x86_64\bin;C:\WINDOWS\SYSTEM32;C:\WINDOWS\WinSxS\amd64_microsoft.windows.common-controls_6595b64144ccf1df_6.0.26100.6899_none_3e0efeeae32e88c1;c:\Users\josuesitoe\.vscode\extensions\redhat.java-1.46.0-win32-x64\jre\21.0.8-win32-x86_64\bin\server;C:\Users\josuesitoe\AppData\Roaming\Code\User\globalStorage\redhat.java\1.46.0\config_win\org.eclipse.equinox.launcher\org.eclipse.equinox.launcher.win32.win32.x86_64_1.2.1400.v20250801-0854;C:\Users\josuesitoe\AppData\Local\Temp\jna--95111402

VM Arguments:
jvm_args: --add-modules=ALL-SYSTEM --add-opens=java.base/java.util=ALL-UNNAMED --add-opens=java.base/java.lang=ALL-UNNAMED --add-opens=java.base/sun.nio.fs=ALL-UNNAMED -Declipse.application=org.eclipse.jdt.ls.core.id1 -Dosgi.bundles.defaultStartLevel=4 -Declipse.product=org.eclipse.jdt.ls.core.product -Djava.import.generatesMetadataFilesAtProjectRoot=false -DDetectVMInstallationsJob.disabled=true -Dfile.encoding=utf8 -XX:+UseParallelGC -XX:GCTimeRatio=4 -XX:AdaptiveSizePolicyWeight=90 -Dsun.zip.disableMemoryMapping=true -Xmx2G -Xms100m -Xlog:disable -javaagent:c:\Users\josuesitoe\.vscode\extensions\redhat.java-1.46.0-win32-x64\lombok\lombok-1.18.39-4050.jar -XX:+HeapDumpOnOutOfMemoryError -XX:HeapDumpPath=c:\Users\josuesitoe\AppData\Roaming\Code\User\workspaceStorage\b6a6d4d9d6201c9de0d0fbad05277ae1\redhat.java -Daether.dependencyCollector.impl=bf 
java_command: c:\Users\josuesitoe\.vscode\extensions\redhat.java-1.46.0-win32-x64\server\plugins\org.eclipse.equinox.launcher_1.7.0.v20250519-0528.jar -configuration c:\Users\josuesitoe\AppData\Roaming\Code\User\globalStorage\redhat.java\1.46.0\config_win -data c:\Users\josuesitoe\AppData\Roaming\Code\User\workspaceStorage\b6a6d4d9d6201c9de0d0fbad05277ae1\redhat.java\jdt_ws --pipe=\\.\pipe\lsp-69ee1055ee8c2d6bd0363acf7a40f18f-sock
java_class_path (initial): c:\Users\josuesitoe\.vscode\extensions\redhat.java-1.46.0-win32-x64\server\plugins\org.eclipse.equinox.launcher_1.7.0.v20250519-0528.jar
Launcher Type: SUN_STANDARD

[Global flags]
    uintx AdaptiveSizePolicyWeight                 = 90                                        {product} {command line}
     intx CICompilerCount                          = 12                                        {product} {ergonomic}
    uintx GCTimeRatio                              = 4                                         {product} {command line}
     bool HeapDumpOnOutOfMemoryError               = true                                   {manageable} {command line}
    ccstr HeapDumpPath                             = c:\Users\josuesitoe\AppData\Roaming\Code\User\workspaceStorage\b6a6d4d9d6201c9de0d0fbad05277ae1\redhat.java         {manageable} {command line}
   size_t InitialHeapSize                          = 104857600                                 {product} {command line}
   size_t MaxHeapSize                              = 2147483648                                {product} {command line}
   size_t MaxNewSize                               = 715653120                                 {product} {ergonomic}
   size_t MinHeapDeltaBytes                        = 524288                                    {product} {ergonomic}
   size_t MinHeapSize                              = 104857600                                 {product} {command line}
   size_t NewSize                                  = 34603008                                  {product} {ergonomic}
    uintx NonNMethodCodeHeapSize                   = 7602480                                {pd product} {ergonomic}
    uintx NonProfiledCodeHeapSize                  = 122027880                              {pd product} {ergonomic}
   size_t OldSize                                  = 70254592                                  {product} {ergonomic}
    uintx ProfiledCodeHeapSize                     = 122027880                              {pd product} {ergonomic}
    uintx ReservedCodeCacheSize                    = 251658240                              {pd product} {ergonomic}
     bool SegmentedCodeCache                       = true                                      {product} {ergonomic}
   size_t SoftMaxHeapSize                          = 2147483648                             {manageable} {ergonomic}
     bool UseCompressedOops                        = true                           {product lp64_product} {ergonomic}
     bool UseLargePagesIndividualAllocation        = false                                  {pd product} {ergonomic}
     bool UseParallelGC                            = true                                      {product} {command line}

Logging:
Log output configuration:
 #0: stdout all=off uptime,level,tags foldmultilines=false
 #1: stderr all=off uptime,level,tags foldmultilines=false

Environment Variables:
JAVA_HOME=C:\Program Files\Java\jdk-17
PATH=C:\Python313\Scripts\;C:\Python313\;C:\Program Files\Common Files\Oracle\Java\javapath;C:\Program Files (x86)\Common Files\Oracle\Java\java8path;C:\Program Files (x86)\Common Files\Oracle\Java\javapath;C:\WINDOWS\system32;C:\WINDOWS;C:\WINDOWS\System32\Wbem;C:\WINDOWS\System32\WindowsPowerShell\v1.0\;C:\WINDOWS\System32\OpenSSH\;C:\Program Files (x86)\Microsoft SQL Server\160\Tools\Binn\;C:\Program Files\Microsoft SQL Server\160\Tools\Binn\;C:\Program Files\Microsoft SQL Server\Client SDK\ODBC\170\Tools\Binn\;C:\Program Files\Microsoft SQL Server\160\DTS\Binn\;C:\Program Files\Git\cmd;C:\xampp\php;C:\ProgramData\ComposerSetup\bin;C:\Program Files (x86)\Incredibuild;C:\Program Files (x86)\Windows Kits\10\Windows Performance Toolkit\;C:\Users\josuesitoe\Downloads\platform-tools-latest-windows\platform-tools;C:\Program Files\nodejs\;C:\ProgramData\chocolatey\bin;C:\flutter\bin;C:\Program Files\dotnet\;C:\ProgramData\chocolatey\lib\maven\apache-maven-3.9.11\bin;C:\Program Files\Java\jdk-17\bin;C:\Python313\Scripts\;C:\Python313\;C:\Program Files\Common Files\Oracle\Java\javapath;C:\Program Files (x86)\Common Files\Oracle\Java\java8path;C:\Program Files (x86)\Common Files\Oracle\Java\javapath;C:\WINDOWS\system32;C:\WINDOWS;C:\WINDOWS\System32\Wbem;C:\WINDOWS\System32\WindowsPowerShell\v1.0\;C:\WINDOWS\System32\OpenSSH\;C:\Program Files (x86)\Microsoft SQL Server\160\Tools\Binn\;C:\Program Files\Microsoft SQL Server\160\Tools\Binn\;C:\Program Files\Microsoft SQL Server\Client SDK\ODBC\170\Tools\Binn\;C:\Program Files\Microsoft SQL Server\160\DTS\Binn\;C:\Program Files\Git\cmd;C:\xampp\php;C:\ProgramData\ComposerSetup\bin;C:\Program Files (x86)\Incredibuild;C:\Program Files (x86)\Windows Kits\10\Windows Performance Toolkit\;C:\Users\josuesitoe\Downloads\platform-tools-latest-windows\platform-tools;C:\Program Files\nodejs\;C:\ProgramData\chocolatey\bin;C:\flutter\bin;C:\Program Files\dotnet\;C:\Program Files\Java\jdk-17\bin;C:\Users\josuesitoe\AppData\Local\Programs\Microsoft VS Code\bin;C:\Users\josuesitoe\.dotnet\tools;C:\ProgramData\chocolatey\lib\maven\apache-maven-3.9.11\bin;C:\Users\josuesitoe\AppData\Local\Programs\Microsoft VS Code\bin;C:\Users\josuesitoe\.dotnet\tools;C:\ProgramData\chocolatey\lib\maven\apache-maven-3.9.11\bin
USERNAME=josuesitoe
OS=Windows_NT
PROCESSOR_IDENTIFIER=AMD64 Family 23 Model 104 Stepping 1, AuthenticAMD
TMP=C:\Users\JOSUES~1\AppData\Local\Temp
TEMP=C:\Users\JOSUES~1\AppData\Local\Temp




Periodic native trim disabled

---------------  S Y S T E M  ---------------

OS:
 Windows 11 , 64 bit Build 26100 (10.0.26100.6725)
OS uptime: 3 days 0:04 hours
Hyper-V role detected

CPU: total 16 (initial active 16) (16 cores per cpu, 2 threads per core) family 23 model 104 stepping 1 microcode 0x8608103, cx8, cmov, fxsr, ht, mmx, 3dnowpref, sse, sse2, sse3, ssse3, sse4a, sse4.1, sse4.2, popcnt, lzcnt, tsc, tscinvbit, avx, avx2, aes, clmul, bmi1, bmi2, adx, sha, fma, vzeroupper, clflush, clflushopt, hv, rdtscp, rdpid, f16c
Processor Information for the first 16 processors :
  Max Mhz: 1801, Current Mhz: 1801, Mhz Limit: 1801

Memory: 4k page, system-wide physical 5989M (490M free)
TotalPageFile size 24421M (AvailPageFile size 10M)
current process WorkingSet (physical memory assigned to process): 143M, peak: 143M
current process commit charge ("private bytes"): 295M, peak: 296M

vm_info: OpenJDK 64-Bit Server VM (21.0.8+9-LTS) for windows-amd64 JRE (21.0.8+9-LTS), built on 2025-07-15T00:00:00Z by "admin" with MS VC++ 17.7 (VS2022)

END.
