#
# There is insufficient memory for the Java Runtime Environment to continue.
# Native memory allocation (malloc) failed to allocate 1048576 bytes. Error detail: AllocateHeap
# Possible reasons:
#   The system is out of physical RAM or swap space
#   This process is running with CompressedOops enabled, and the Java Heap may be blocking the growth of the native heap
# Possible solutions:
#   Reduce memory load on the system
#   Increase physical memory or swap space
#   Check if swap backing store is full
#   Decrease Java heap size (-Xmx/-Xms)
#   Decrease number of Java threads
#   Decrease Java thread stack sizes (-Xss)
#   Set larger code cache with -XX:ReservedCodeCacheSize=
#   JVM is running with Unscaled Compressed Oops mode in which the Java heap is
#     placed in the first 4GB address space. The Java Heap base address is the
#     maximum limit for the native heap growth. Please use -XX:HeapBaseMinAddress
#     to set the Java Heap base and to place the Java Heap above 4GB virtual address.
# This output file may be truncated or incomplete.
#
#  Out of Memory Error (allocation.cpp:44), pid=4504, tid=29468
#
# JRE version: OpenJDK Runtime Environment Temurin-21.0.8+9 (21.0.8+9) (build 21.0.8+9-LTS)
# Java VM: OpenJDK 64-Bit Server VM Temurin-21.0.8+9 (21.0.8+9-LTS, mixed mode, sharing, tiered, compressed oops, compressed class ptrs, parallel gc, windows-amd64)
# No core dump will be written. Minidumps are not enabled by default on client versions of Windows
#

---------------  S U M M A R Y ------------

Command Line: --add-modules=ALL-SYSTEM --add-opens=java.base/java.util=ALL-UNNAMED --add-opens=java.base/java.lang=ALL-UNNAMED --add-opens=java.base/sun.nio.fs=ALL-UNNAMED -Declipse.application=org.eclipse.jdt.ls.core.id1 -Dosgi.bundles.defaultStartLevel=4 -Declipse.product=org.eclipse.jdt.ls.core.product -Djava.import.generatesMetadataFilesAtProjectRoot=false -DDetectVMInstallationsJob.disabled=true -Dfile.encoding=utf8 -XX:+UseParallelGC -XX:GCTimeRatio=4 -XX:AdaptiveSizePolicyWeight=90 -Dsun.zip.disableMemoryMapping=true -Xmx2G -Xms100m -Xlog:disable -javaagent:c:\Users\josuesitoe\.vscode\extensions\redhat.java-1.46.0-win32-x64\lombok\lombok-1.18.39-4050.jar -XX:+HeapDumpOnOutOfMemoryError -XX:HeapDumpPath=c:\Users\josuesitoe\AppData\Roaming\Code\User\workspaceStorage\b6a6d4d9d6201c9de0d0fbad05277ae1\redhat.java -Daether.dependencyCollector.impl=bf c:\Users\josuesitoe\.vscode\extensions\redhat.java-1.46.0-win32-x64\server\plugins\org.eclipse.equinox.launcher_1.7.0.v20250519-0528.jar -configuration c:\Users\josuesitoe\AppData\Roaming\Code\User\globalStorage\redhat.java\1.46.0\config_win -data c:\Users\josuesitoe\AppData\Roaming\Code\User\workspaceStorage\b6a6d4d9d6201c9de0d0fbad05277ae1\redhat.java\jdt_ws --pipe=\\.\pipe\lsp-10e260ac333058257c821b61069cac96-sock

Host: AMD Ryzen 7 5700U with Radeon Graphics         , 16 cores, 5G,  Windows 11 , 64 bit Build 26100 (10.0.26100.6725)
Time: Wed Oct 29 23:38:36 2025 South Africa Standard Time elapsed time: 2792.236424 seconds (0d 0h 46m 32s)

---------------  T H R E A D  ---------------

Current thread (0x0000029492775d50):  JavaThread "Attach Listener" daemon [_thread_in_vm, id=29468, stack(0x000000d074300000,0x000000d074400000) (1024K)]

Stack: [0x000000d074300000,0x000000d074400000]
Native frames: (J=compiled Java code, j=interpreted, Vv=VM code, C=native code)
V  [jvm.dll+0x6d2449]
V  [jvm.dll+0x8ae341]
V  [jvm.dll+0x8b08be]
V  [jvm.dll+0x8b0fa3]
V  [jvm.dll+0x280c96]
V  [jvm.dll+0xc0347]
V  [jvm.dll+0x6d2cf9]
V  [jvm.dll+0x131116]
V  [jvm.dll+0x3f2d16]
V  [jvm.dll+0x857e6b]
V  [jvm.dll+0x6d0b0d]
C  [ucrtbase.dll+0x37b0]
C  [KERNEL32.DLL+0x2e8d7]
C  [ntdll.dll+0x8c53c]


---------------  P R O C E S S  ---------------

Threads class SMR info:
_java_thread_list=0x00000294f7dfd160, length=58, elements={
0x00000294926d47d0, 0x00000294ea1fc530, 0x00000294ea1fd440, 0x0000029492774ea0,
0x0000029492775d50, 0x000002949277e610, 0x000002949277c420, 0x000002949278b990,
0x000002949278e7d0, 0x00000294eb6d2830, 0x00000294f1023b40, 0x00000294f1a8c5f0,
0x00000294f18b5ee0, 0x00000294f1084420, 0x00000294f108d3e0, 0x00000294f191a670,
0x00000294f144dac0, 0x00000294f1850490, 0x00000294f1e3c870, 0x00000294f1e94c90,
0x00000294f1e938e0, 0x00000294f1e91ea0, 0x00000294f1e95320, 0x00000294f5458260,
0x00000294f5456820, 0x00000294f5457540, 0x00000294f54588f0, 0x00000294f5458f80,
0x00000294f5456eb0, 0x00000294f5457bd0, 0x00000294f5455b00, 0x00000294f5456190,
0x00000294f545b6e0, 0x00000294f545a9c0, 0x00000294f545ca90, 0x00000294f545bd70,
0x00000294f545c400, 0x00000294f5459ca0, 0x00000294f545b050, 0x00000294f545d120,
0x00000294f545a330, 0x00000294f7e0d5c0, 0x00000294f1f7cd50, 0x00000294f1f7f4b0,
0x00000294f1f7c030, 0x00000294f1f7fb40, 0x00000294f1f822a0, 0x00000294f1f81c10,
0x00000294f1e92bc0, 0x00000294f1e92530, 0x00000294f1e93250, 0x00000294f1f7c6c0,
0x00000294fb4d9280, 0x00000294fb4d71b0, 0x00000294fb4d7ed0, 0x00000294fb4d6490,
0x00000294f7361740, 0x00000294f735f670
}

Java Threads: ( => current thread )
  0x00000294926d47d0 JavaThread "main"                              [_thread_blocked, id=4048, stack(0x000000d073c00000,0x000000d073d00000) (1024K)]
  0x00000294ea1fc530 JavaThread "Reference Handler"          daemon [_thread_blocked, id=28880, stack(0x000000d074000000,0x000000d074100000) (1024K)]
  0x00000294ea1fd440 JavaThread "Finalizer"                  daemon [_thread_blocked, id=23452, stack(0x000000d074100000,0x000000d074200000) (1024K)]
  0x0000029492774ea0 JavaThread "Signal Dispatcher"          daemon [_thread_blocked, id=28472, stack(0x000000d074200000,0x000000d074300000) (1024K)]
=>0x0000029492775d50 JavaThread "Attach Listener"            daemon [_thread_in_vm, id=29468, stack(0x000000d074300000,0x000000d074400000) (1024K)]
  0x000002949277e610 JavaThread "Service Thread"             daemon [_thread_blocked, id=22444, stack(0x000000d074400000,0x000000d074500000) (1024K)]
  0x000002949277c420 JavaThread "Monitor Deflation Thread"   daemon [_thread_blocked, id=24924, stack(0x000000d074500000,0x000000d074600000) (1024K)]
  0x000002949278b990 JavaThread "C2 CompilerThread0"         daemon [_thread_blocked, id=29556, stack(0x000000d074600000,0x000000d074700000) (1024K)]
  0x000002949278e7d0 JavaThread "C1 CompilerThread0"         daemon [_thread_blocked, id=27076, stack(0x000000d074700000,0x000000d074800000) (1024K)]
  0x00000294eb6d2830 JavaThread "Common-Cleaner"             daemon [_thread_blocked, id=26412, stack(0x000000d074800000,0x000000d074900000) (1024K)]
  0x00000294f1023b40 JavaThread "Notification Thread"        daemon [_thread_blocked, id=18256, stack(0x000000d074d00000,0x000000d074e00000) (1024K)]
  0x00000294f1a8c5f0 JavaThread "Active Thread: Equinox Container: 7d08a1df-cb43-4d30-9863-e4b044fb7b58"        [_thread_blocked, id=28260, stack(0x000000d074c00000,0x000000d074d00000) (1024K)]
  0x00000294f18b5ee0 JavaThread "Refresh Thread: Equinox Container: 7d08a1df-cb43-4d30-9863-e4b044fb7b58" daemon [_thread_blocked, id=14508, stack(0x000000d074900000,0x000000d074a00000) (1024K)]
  0x00000294f1084420 JavaThread "Framework Event Dispatcher: Equinox Container: 7d08a1df-cb43-4d30-9863-e4b044fb7b58" daemon [_thread_blocked, id=13696, stack(0x000000d074a00000,0x000000d074b00000) (1024K)]
  0x00000294f108d3e0 JavaThread "Start Level: Equinox Container: 7d08a1df-cb43-4d30-9863-e4b044fb7b58" daemon [_thread_blocked, id=27440, stack(0x000000d074b00000,0x000000d074c00000) (1024K)]
  0x00000294f191a670 JavaThread "Bundle File Closer"         daemon [_thread_blocked, id=19272, stack(0x000000d075800000,0x000000d075900000) (1024K)]
  0x00000294f144dac0 JavaThread "SCR Component Actor"        daemon [_thread_blocked, id=28332, stack(0x000000d075a00000,0x000000d075b00000) (1024K)]
  0x00000294f1850490 JavaThread "Worker-JM"                         [_thread_blocked, id=31556, stack(0x000000d075e00000,0x000000d075f00000) (1024K)]
  0x00000294f1e3c870 JavaThread "JNA Cleaner"                daemon [_thread_blocked, id=3484, stack(0x000000d075d00000,0x000000d075e00000) (1024K)]
  0x00000294f1e94c90 JavaThread "Worker-1"                          [_thread_blocked, id=29288, stack(0x000000d076100000,0x000000d076200000) (1024K)]
  0x00000294f1e938e0 JavaThread "Java indexing"              daemon [_thread_blocked, id=11420, stack(0x000000d076500000,0x000000d076600000) (1024K)]
  0x00000294f1e91ea0 JavaThread "Thread-1"                   daemon [_thread_in_native, id=5716, stack(0x000000d076f00000,0x000000d077000000) (1024K)]
  0x00000294f1e95320 JavaThread "Thread-2"                   daemon [_thread_in_native, id=17248, stack(0x000000d077000000,0x000000d077100000) (1024K)]
  0x00000294f5458260 JavaThread "Thread-3"                   daemon [_thread_in_native, id=7736, stack(0x000000d077100000,0x000000d077200000) (1024K)]
  0x00000294f5456820 JavaThread "Thread-4"                   daemon [_thread_in_native, id=26752, stack(0x000000d077200000,0x000000d077300000) (1024K)]
  0x00000294f5457540 JavaThread "Thread-5"                   daemon [_thread_in_native, id=30620, stack(0x000000d077300000,0x000000d077400000) (1024K)]
  0x00000294f54588f0 JavaThread "Thread-6"                   daemon [_thread_in_native, id=11452, stack(0x000000d077400000,0x000000d077500000) (1024K)]
  0x00000294f5458f80 JavaThread "Thread-7"                   daemon [_thread_in_native, id=22824, stack(0x000000d077500000,0x000000d077600000) (1024K)]
  0x00000294f5456eb0 JavaThread "Thread-8"                   daemon [_thread_in_native, id=5416, stack(0x000000d077600000,0x000000d077700000) (1024K)]
  0x00000294f5457bd0 JavaThread "Thread-9"                   daemon [_thread_in_native, id=29044, stack(0x000000d077700000,0x000000d077800000) (1024K)]
  0x00000294f5455b00 JavaThread "Thread-10"                  daemon [_thread_in_native, id=18032, stack(0x000000d077800000,0x000000d077900000) (1024K)]
  0x00000294f5456190 JavaThread "Thread-11"                  daemon [_thread_in_native, id=5060, stack(0x000000d077900000,0x000000d077a00000) (1024K)]
  0x00000294f545b6e0 JavaThread "Thread-12"                  daemon [_thread_in_native, id=16548, stack(0x000000d077a00000,0x000000d077b00000) (1024K)]
  0x00000294f545a9c0 JavaThread "Thread-13"                  daemon [_thread_in_native, id=3344, stack(0x000000d077b00000,0x000000d077c00000) (1024K)]
  0x00000294f545ca90 JavaThread "Thread-14"                  daemon [_thread_in_native, id=25488, stack(0x000000d077c00000,0x000000d077d00000) (1024K)]
  0x00000294f545bd70 JavaThread "Thread-15"                  daemon [_thread_in_native, id=8668, stack(0x000000d077d00000,0x000000d077e00000) (1024K)]
  0x00000294f545c400 JavaThread "Thread-16"                  daemon [_thread_in_native, id=23804, stack(0x000000d077e00000,0x000000d077f00000) (1024K)]
  0x00000294f5459ca0 JavaThread "Thread-17"                  daemon [_thread_in_native, id=18112, stack(0x000000d077f00000,0x000000d078000000) (1024K)]
  0x00000294f545b050 JavaThread "pool-2-thread-1"                   [_thread_blocked, id=23540, stack(0x000000d078000000,0x000000d078100000) (1024K)]
  0x00000294f545d120 JavaThread "WorkspaceEventsHandler"            [_thread_blocked, id=10020, stack(0x000000d078100000,0x000000d078200000) (1024K)]
  0x00000294f545a330 JavaThread "pool-1-thread-1"                   [_thread_blocked, id=10724, stack(0x000000d078200000,0x000000d078300000) (1024K)]
  0x00000294f7e0d5c0 JavaThread "Cleaner-0"                  daemon [_thread_blocked, id=13168, stack(0x000000d076e00000,0x000000d076f00000) (1024K)]
  0x00000294f1f7cd50 JavaThread "Worker-6"                          [_thread_blocked, id=21444, stack(0x000000d073900000,0x000000d073a00000) (1024K)]
  0x00000294f1f7f4b0 JavaThread "ForkJoinPool.commonPool-worker-21" daemon [_thread_blocked, id=7816, stack(0x000000d073b00000,0x000000d073c00000) (1024K)]
  0x00000294f1f7c030 JavaThread "ForkJoinPool.commonPool-worker-23" daemon [_thread_blocked, id=27724, stack(0x000000d075c00000,0x000000d075d00000) (1024K)]
  0x00000294f1f7fb40 JavaThread "ForkJoinPool.commonPool-worker-24" daemon [_thread_blocked, id=31020, stack(0x000000d076000000,0x000000d076100000) (1024K)]
  0x00000294f1f822a0 JavaThread "ForkJoinPool.commonPool-worker-25" daemon [_thread_blocked, id=26520, stack(0x000000d076800000,0x000000d076900000) (1024K)]
  0x00000294f1f81c10 JavaThread "ForkJoinPool.commonPool-worker-26" daemon [_thread_blocked, id=31364, stack(0x000000d076900000,0x000000d076a00000) (1024K)]
  0x00000294f1e92bc0 JavaThread "ForkJoinPool.commonPool-worker-27" daemon [_thread_blocked, id=30308, stack(0x000000d076300000,0x000000d076400000) (1024K)]
  0x00000294f1e92530 JavaThread "ForkJoinPool.commonPool-worker-28" daemon [_thread_blocked, id=5424, stack(0x000000d076200000,0x000000d076300000) (1024K)]
  0x00000294f1e93250 JavaThread "ForkJoinPool.commonPool-worker-29" daemon [_thread_blocked, id=25076, stack(0x000000d076400000,0x000000d076500000) (1024K)]
  0x00000294f1f7c6c0 JavaThread "ForkJoinPool.commonPool-worker-31" daemon [_thread_blocked, id=29496, stack(0x000000d075900000,0x000000d075a00000) (1024K)]
  0x00000294fb4d9280 JavaThread "ForkJoinPool.commonPool-worker-30" daemon [_thread_blocked, id=30828, stack(0x000000d076600000,0x000000d076700000) (1024K)]
  0x00000294fb4d71b0 JavaThread "ForkJoinPool.commonPool-worker-32" daemon [_thread_blocked, id=9180, stack(0x000000d076700000,0x000000d076800000) (1024K)]
  0x00000294fb4d7ed0 JavaThread "ForkJoinPool.commonPool-worker-33" daemon [_thread_blocked, id=27096, stack(0x000000d076a00000,0x000000d076b00000) (1024K)]
  0x00000294fb4d6490 JavaThread "ForkJoinPool.commonPool-worker-34" daemon [_thread_blocked, id=7084, stack(0x000000d076b00000,0x000000d076c00000) (1024K)]
  0x00000294f7361740 JavaThread "ForkJoinPool.commonPool-worker-35" daemon [_thread_blocked, id=20916, stack(0x000000d073a00000,0x000000d073b00000) (1024K)]
  0x00000294f735f670 JavaThread "ForkJoinPool.commonPool-worker-36" daemon [_thread_blocked, id=18436, stack(0x000000d076c00000,0x000000d076d00000) (1024K)]
Total: 58

Other Threads:
  0x00000294ea1e4190 VMThread "VM Thread"                           [id=21864, stack(0x000000d073f00000,0x000000d074000000) (1024K)]
  0x00000294ea0dba00 WatcherThread "VM Periodic Task Thread"        [id=28076, stack(0x000000d073e00000,0x000000d073f00000) (1024K)]
  0x00000294926f2d10 WorkerThread "GC Thread#0"                     [id=22440, stack(0x000000d073d00000,0x000000d073e00000) (1024K)]
  0x00000294f18bec90 WorkerThread "GC Thread#1"                     [id=9964, stack(0x000000d074e00000,0x000000d074f00000) (1024K)]
  0x00000294f10fea20 WorkerThread "GC Thread#2"                     [id=7784, stack(0x000000d074f00000,0x000000d075000000) (1024K)]
  0x00000294f18bf030 WorkerThread "GC Thread#3"                     [id=8696, stack(0x000000d075000000,0x000000d075100000) (1024K)]
  0x00000294f12bd910 WorkerThread "GC Thread#4"                     [id=26964, stack(0x000000d075100000,0x000000d075200000) (1024K)]
  0x00000294f126a440 WorkerThread "GC Thread#5"                     [id=21032, stack(0x000000d075200000,0x000000d075300000) (1024K)]
  0x00000294f126abf0 WorkerThread "GC Thread#6"                     [id=16268, stack(0x000000d075300000,0x000000d075400000) (1024K)]
  0x00000294f192fbd0 WorkerThread "GC Thread#7"                     [id=1800, stack(0x000000d075400000,0x000000d075500000) (1024K)]
  0x00000294f14c7f90 WorkerThread "GC Thread#8"                     [id=14052, stack(0x000000d075500000,0x000000d075600000) (1024K)]
  0x00000294f108ecc0 WorkerThread "GC Thread#9"                     [id=20472, stack(0x000000d075600000,0x000000d075700000) (1024K)]
  0x00000294eb7c9300 WorkerThread "GC Thread#10"                    [id=25664, stack(0x000000d075700000,0x000000d075800000) (1024K)]
  0x00000294eb7c7d40 WorkerThread "GC Thread#11"                    [id=26868, stack(0x000000d075b00000,0x000000d075c00000) (1024K)]
  0x00000294eb7c96a0 WorkerThread "GC Thread#12"                    [id=24044, stack(0x000000d075f00000,0x000000d076000000) (1024K)]
Total: 15

Threads with active compile tasks:
Total: 0

VM state: not at safepoint (normal execution)

VM Mutex/Monitor currently owned by a thread: None

Heap address: 0x0000000080000000, size: 2048 MB, Compressed Oops mode: 32-bit

CDS archive(s) mapped at: [0x00000294a9000000-0x00000294a9ba0000-0x00000294a9ba0000), size 12189696, SharedBaseAddress: 0x00000294a9000000, ArchiveRelocationMode: 1.
Compressed class space mapped at: 0x00000294aa000000-0x00000294ea000000, reserved size: 1073741824
Narrow klass base: 0x00000294a9000000, Narrow klass shift: 0, Narrow klass range: 0x100000000

GC Precious Log:
 CardTable entry size: 512
 CPUs: 16 total, 16 available
 Memory: 5989M
 Large Page Support: Disabled
 NUMA Support: Disabled
 Compressed Oops: Enabled (32-bit)
 Alignments: Space 512K, Generation 512K, Heap 2M
 Heap Min Capacity: 100M
 Heap Initial Capacity: 100M
 Heap Max Capacity: 2G
 Pre-touch: Disabled
 Parallel Workers: 13

Heap:
 PSYoungGen      total 3584K, used 1924K [0x00000000d5580000, 0x00000000d5b00000, 0x0000000100000000)
  eden space 3072K, 53% used [0x00000000d5580000,0x00000000d5719160,0x00000000d5880000)
  from space 512K, 56% used [0x00000000d5a80000,0x00000000d5ac8000,0x00000000d5b00000)
  to   space 512K, 0% used [0x00000000d5a00000,0x00000000d5a00000,0x00000000d5a80000)
 ParOldGen       total 303104K, used 302601K [0x0000000080000000, 0x0000000092800000, 0x00000000d5580000)
  object space 303104K, 99% used [0x0000000080000000,0x0000000092782438,0x0000000092800000)
 Metaspace       used 83396K, committed 84928K, reserved 1179648K
  class space    used 8598K, committed 9280K, reserved 1048576K

Card table byte_map: [0x0000029492070000,0x0000029492480000] _byte_map_base: 0x0000029491c70000

Marking Bits: (ParMarkBitMap*) 0x00007ffccb93a340
 Begin Bits: [0x00000294a4b70000, 0x00000294a6b70000)
 End Bits:   [0x00000294a6b70000, 0x00000294a8b70000)

Polling page: 0x0000029490580000

Metaspace:

Usage:
  Non-class:     73.04 MB used.
      Class:      8.40 MB used.
       Both:     81.44 MB used.

Virtual space:
  Non-class space:      128.00 MB reserved,      73.88 MB ( 58%) committed,  2 nodes.
      Class space:        1.00 GB reserved,       9.06 MB ( <1%) committed,  1 nodes.
             Both:        1.12 GB reserved,      82.94 MB (  7%) committed. 

Chunk freelists:
   Non-Class:  6.13 MB
       Class:  7.06 MB
        Both:  13.19 MB

MaxMetaspaceSize: unlimited
CompressedClassSpaceSize: 1.00 GB
Initial GC threshold: 21.00 MB
Current GC threshold: 135.00 MB
CDS: on
 - commit_granule_bytes: 65536.
 - commit_granule_words: 8192.
 - virtual_space_node_default_size: 8388608.
 - enlarge_chunks_in_place: 1.
 - use_allocation_guard: 0.


Internal statistics:

num_allocs_failed_limit: 13.
num_arena_births: 1654.
num_arena_deaths: 446.
num_vsnodes_births: 3.
num_vsnodes_deaths: 0.
num_space_committed: 1327.
num_space_uncommitted: 0.
num_chunks_returned_to_freelist: 560.
num_chunks_taken_from_freelist: 5877.
num_chunk_merges: 149.
num_chunk_splits: 3380.
num_chunks_enlarged: 1813.
num_inconsistent_stats: 0.

CodeHeap 'non-profiled nmethods': size=119168Kb used=16625Kb max_used=16625Kb free=102542Kb
 bounds [0x000002949d460000, 0x000002949e4a0000, 0x00000294a48c0000]
CodeHeap 'profiled nmethods': size=119104Kb used=41313Kb max_used=41313Kb free=77790Kb
 bounds [0x00000294958c0000, 0x0000029498120000, 0x000002949cd10000]
CodeHeap 'non-nmethods': size=7488Kb used=1502Kb max_used=3254Kb free=5985Kb
 bounds [0x000002949cd10000, 0x000002949d080000, 0x000002949d460000]
CodeCache: size=245760Kb, used=59440Kb, max_used=61192Kb, free=186317Kb
 total_blobs=17756, nmethods=16930, adapters=726, full_count=0
Compilation: enabled, stopped_count=0, restarted_count=0

Compilation events (20 events):
Event: 2751.618 Thread 0x00000294f1bf4560 nmethod 18356 0x000002949810f710 code [0x000002949810f9a0, 0x0000029498110720]
Event: 2751.618 Thread 0x00000294f1bf2a20 nmethod 18357 0x0000029498110b90 code [0x0000029498110e20, 0x0000029498111b60]
Event: 2751.618 Thread 0x00000294f1bf2a20 18360       3       java.lang.invoke.LambdaForm$MH/0x00000294aa7c6400::invoke (42 bytes)
Event: 2751.618 Thread 0x00000294f1bf3e90 18363       3       java.lang.invoke.LambdaForm$MH/0x00000294aa769800::invoke (42 bytes)
Event: 2751.618 Thread 0x000002949278e7d0 nmethod 18359 0x0000029498111f90 code [0x0000029498112220, 0x0000029498112fa0]
Event: 2751.618 Thread 0x000002949278e7d0 18362       3       java.lang.invoke.LambdaForm$MH/0x00000294aa7c4800::invoke (42 bytes)
Event: 2751.618 Thread 0x00000294f1bf4560 18361       3       java.lang.invoke.LambdaForm$MH/0x00000294aa7c5800::invoke (42 bytes)
Event: 2751.619 Thread 0x00000294f1bf3e90 nmethod 18363 0x0000029498113410 code [0x0000029498113660, 0x0000029498114100]
Event: 2751.619 Thread 0x00000294f1bf4560 nmethod 18361 0x0000029498114410 code [0x00000294981146a0, 0x0000029498115420]
Event: 2751.620 Thread 0x000002949278e7d0 nmethod 18362 0x0000029498115890 code [0x0000029498115b20, 0x00000294981168a0]
Event: 2751.620 Thread 0x00000294f1bf2a20 nmethod 18360 0x0000029498116d10 code [0x0000029498116fa0, 0x0000029498117d20]
Event: 2751.634 Thread 0x000002949278b990 nmethod 18340 0x000002949e493710 code [0x000002949e4939a0, 0x000002949e4955c8]
Event: 2751.635 Thread 0x000002949278b990 18339       4       org.eclipse.jdt.internal.compiler.lookup.TypeBinding::findSuperTypeOriginatingFrom (754 bytes)
Event: 2751.800 Thread 0x000002949278b990 nmethod 18339 0x000002949e496390 code [0x000002949e4969a0, 0x000002949e499ac8]
Event: 2751.800 Thread 0x000002949278b990 18348       4       org.eclipse.jdt.core.dom.DefaultASTVisitor::visit (6 bytes)
Event: 2751.801 Thread 0x000002949278b990 nmethod 18348 0x000002949e49bf10 code [0x000002949e49c0a0, 0x000002949e49c150]
Event: 2751.801 Thread 0x000002949278b990 18349       4       org.eclipse.jdt.core.dom.DefaultASTVisitor::endVisit (6 bytes)
Event: 2751.801 Thread 0x000002949278b990 nmethod 18349 0x000002949e49c210 code [0x000002949e49c3a0, 0x000002949e49c450]
Event: 2762.698 Thread 0x000002949278e7d0 18364       3       java.util.logging.LogManager$LoggerContext::getGlobalLogger (6 bytes)
Event: 2762.698 Thread 0x000002949278e7d0 nmethod 18364 0x0000029498118190 code [0x0000029498118320, 0x0000029498118438]

GC Heap History (20 events):
Event: 2750.853 GC heap before
{Heap before GC invocations=701 (full 4):
 PSYoungGen      total 3584K, used 3557K [0x00000000d5580000, 0x00000000d6400000, 0x0000000100000000)
  eden space 3072K, 99% used [0x00000000d5580000,0x00000000d587ff98,0x00000000d5880000)
  from space 512K, 94% used [0x00000000d5d80000,0x00000000d5df97c8,0x00000000d5e00000)
  to   space 5120K, 0% used [0x00000000d5880000,0x00000000d5880000,0x00000000d5d80000)
 ParOldGen       total 301056K, used 300756K [0x0000000080000000, 0x0000000092600000, 0x00000000d5580000)
  object space 301056K, 99% used [0x0000000080000000,0x00000000925b5110,0x0000000092600000)
 Metaspace       used 83363K, committed 84928K, reserved 1179648K
  class space    used 8598K, committed 9280K, reserved 1048576K
}
Event: 2750.856 GC heap after
{Heap after GC invocations=701 (full 4):
 PSYoungGen      total 5632K, used 2155K [0x00000000d5580000, 0x00000000d5e80000, 0x0000000100000000)
  eden space 3072K, 0% used [0x00000000d5580000,0x00000000d5580000,0x00000000d5880000)
  from space 2560K, 84% used [0x00000000d5880000,0x00000000d5a9af90,0x00000000d5b00000)
  to   space 3072K, 0% used [0x00000000d5b80000,0x00000000d5b80000,0x00000000d5e80000)
 ParOldGen       total 301056K, used 300820K [0x0000000080000000, 0x0000000092600000, 0x00000000d5580000)
  object space 301056K, 99% used [0x0000000080000000,0x00000000925c5110,0x0000000092600000)
 Metaspace       used 83363K, committed 84928K, reserved 1179648K
  class space    used 8598K, committed 9280K, reserved 1048576K
}
Event: 2751.248 GC heap before
{Heap before GC invocations=702 (full 4):
 PSYoungGen      total 5632K, used 5227K [0x00000000d5580000, 0x00000000d5e80000, 0x0000000100000000)
  eden space 3072K, 100% used [0x00000000d5580000,0x00000000d5880000,0x00000000d5880000)
  from space 2560K, 84% used [0x00000000d5880000,0x00000000d5a9af90,0x00000000d5b00000)
  to   space 3072K, 0% used [0x00000000d5b80000,0x00000000d5b80000,0x00000000d5e80000)
 ParOldGen       total 301056K, used 300820K [0x0000000080000000, 0x0000000092600000, 0x00000000d5580000)
  object space 301056K, 99% used [0x0000000080000000,0x00000000925c5110,0x0000000092600000)
 Metaspace       used 83363K, committed 84928K, reserved 1179648K
  class space    used 8598K, committed 9280K, reserved 1048576K
}
Event: 2751.251 GC heap after
{Heap after GC invocations=702 (full 4):
 PSYoungGen      total 3584K, used 352K [0x00000000d5580000, 0x00000000d5c00000, 0x0000000100000000)
  eden space 3072K, 0% used [0x00000000d5580000,0x00000000d5580000,0x00000000d5880000)
  from space 512K, 68% used [0x00000000d5b80000,0x00000000d5bd8000,0x00000000d5c00000)
  to   space 1536K, 0% used [0x00000000d5900000,0x00000000d5900000,0x00000000d5a80000)
 ParOldGen       total 301056K, used 300900K [0x0000000080000000, 0x0000000092600000, 0x00000000d5580000)
  object space 301056K, 99% used [0x0000000080000000,0x00000000925d9110,0x0000000092600000)
 Metaspace       used 83363K, committed 84928K, reserved 1179648K
  class space    used 8598K, committed 9280K, reserved 1048576K
}
Event: 2751.573 GC heap before
{Heap before GC invocations=703 (full 4):
 PSYoungGen      total 3584K, used 3424K [0x00000000d5580000, 0x00000000d5c00000, 0x0000000100000000)
  eden space 3072K, 100% used [0x00000000d5580000,0x00000000d5880000,0x00000000d5880000)
  from space 512K, 68% used [0x00000000d5b80000,0x00000000d5bd8000,0x00000000d5c00000)
  to   space 1536K, 0% used [0x00000000d5900000,0x00000000d5900000,0x00000000d5a80000)
 ParOldGen       total 301056K, used 300900K [0x0000000080000000, 0x0000000092600000, 0x00000000d5580000)
  object space 301056K, 99% used [0x0000000080000000,0x00000000925d9110,0x0000000092600000)
 Metaspace       used 83372K, committed 84928K, reserved 1179648K
  class space    used 8598K, committed 9280K, reserved 1048576K
}
Event: 2751.576 GC heap after
{Heap after GC invocations=703 (full 4):
 PSYoungGen      total 4608K, used 704K [0x00000000d5580000, 0x00000000d5c00000, 0x0000000100000000)
  eden space 3072K, 0% used [0x00000000d5580000,0x00000000d5580000,0x00000000d5880000)
  from space 1536K, 45% used [0x00000000d5900000,0x00000000d59b0000,0x00000000d5a80000)
  to   space 1024K, 0% used [0x00000000d5b00000,0x00000000d5b00000,0x00000000d5c00000)
 ParOldGen       total 301056K, used 300948K [0x0000000080000000, 0x0000000092600000, 0x00000000d5580000)
  object space 301056K, 99% used [0x0000000080000000,0x00000000925e5110,0x0000000092600000)
 Metaspace       used 83372K, committed 84928K, reserved 1179648K
  class space    used 8598K, committed 9280K, reserved 1048576K
}
Event: 2751.606 GC heap before
{Heap before GC invocations=704 (full 4):
 PSYoungGen      total 4608K, used 3776K [0x00000000d5580000, 0x00000000d5c00000, 0x0000000100000000)
  eden space 3072K, 100% used [0x00000000d5580000,0x00000000d5880000,0x00000000d5880000)
  from space 1536K, 45% used [0x00000000d5900000,0x00000000d59b0000,0x00000000d5a80000)
  to   space 1024K, 0% used [0x00000000d5b00000,0x00000000d5b00000,0x00000000d5c00000)
 ParOldGen       total 301056K, used 300948K [0x0000000080000000, 0x0000000092600000, 0x00000000d5580000)
  object space 301056K, 99% used [0x0000000080000000,0x00000000925e5110,0x0000000092600000)
 Metaspace       used 83377K, committed 84928K, reserved 1179648K
  class space    used 8598K, committed 9280K, reserved 1048576K
}
Event: 2751.609 GC heap after
{Heap after GC invocations=704 (full 4):
 PSYoungGen      total 4096K, used 1010K [0x00000000d5580000, 0x00000000d5c80000, 0x0000000100000000)
  eden space 3072K, 0% used [0x00000000d5580000,0x00000000d5580000,0x00000000d5880000)
  from space 1024K, 98% used [0x00000000d5b00000,0x00000000d5bfcb28,0x00000000d5c00000)
  to   space 2048K, 0% used [0x00000000d5880000,0x00000000d5880000,0x00000000d5a80000)
 ParOldGen       total 302080K, used 301612K [0x0000000080000000, 0x0000000092700000, 0x00000000d5580000)
  object space 302080K, 99% used [0x0000000080000000,0x000000009268b180,0x0000000092700000)
 Metaspace       used 83377K, committed 84928K, reserved 1179648K
  class space    used 8598K, committed 9280K, reserved 1048576K
}
Event: 2753.799 GC heap before
{Heap before GC invocations=705 (full 4):
 PSYoungGen      total 4096K, used 4082K [0x00000000d5580000, 0x00000000d5c80000, 0x0000000100000000)
  eden space 3072K, 99% used [0x00000000d5580000,0x00000000d587fff0,0x00000000d5880000)
  from space 1024K, 98% used [0x00000000d5b00000,0x00000000d5bfcb28,0x00000000d5c00000)
  to   space 2048K, 0% used [0x00000000d5880000,0x00000000d5880000,0x00000000d5a80000)
 ParOldGen       total 302080K, used 301612K [0x0000000080000000, 0x0000000092700000, 0x00000000d5580000)
  object space 302080K, 99% used [0x0000000080000000,0x000000009268b180,0x0000000092700000)
 Metaspace       used 83395K, committed 84928K, reserved 1179648K
  class space    used 8598K, committed 9280K, reserved 1048576K
}
Event: 2753.801 GC heap after
{Heap after GC invocations=705 (full 4):
 PSYoungGen      total 5120K, used 320K [0x00000000d5580000, 0x00000000d5b80000, 0x0000000100000000)
  eden space 3072K, 0% used [0x00000000d5580000,0x00000000d5580000,0x00000000d5880000)
  from space 2048K, 15% used [0x00000000d5880000,0x00000000d58d0000,0x00000000d5a80000)
  to   space 1024K, 0% used [0x00000000d5a80000,0x00000000d5a80000,0x00000000d5b80000)
 ParOldGen       total 302592K, used 302521K [0x0000000080000000, 0x0000000092780000, 0x00000000d5580000)
  object space 302592K, 99% used [0x0000000080000000,0x000000009276e438,0x0000000092780000)
 Metaspace       used 83395K, committed 84928K, reserved 1179648K
  class space    used 8598K, committed 9280K, reserved 1048576K
}
Event: 2754.099 GC heap before
{Heap before GC invocations=706 (full 4):
 PSYoungGen      total 5120K, used 3392K [0x00000000d5580000, 0x00000000d5b80000, 0x0000000100000000)
  eden space 3072K, 100% used [0x00000000d5580000,0x00000000d5880000,0x00000000d5880000)
  from space 2048K, 15% used [0x00000000d5880000,0x00000000d58d0000,0x00000000d5a80000)
  to   space 1024K, 0% used [0x00000000d5a80000,0x00000000d5a80000,0x00000000d5b80000)
 ParOldGen       total 302592K, used 302521K [0x0000000080000000, 0x0000000092780000, 0x00000000d5580000)
  object space 302592K, 99% used [0x0000000080000000,0x000000009276e438,0x0000000092780000)
 Metaspace       used 83395K, committed 84928K, reserved 1179648K
  class space    used 8598K, committed 9280K, reserved 1048576K
}
Event: 2754.101 GC heap after
{Heap after GC invocations=706 (full 4):
 PSYoungGen      total 3584K, used 192K [0x00000000d5580000, 0x00000000d5b00000, 0x0000000100000000)
  eden space 3072K, 0% used [0x00000000d5580000,0x00000000d5580000,0x00000000d5880000)
  from space 512K, 37% used [0x00000000d5a80000,0x00000000d5ab0000,0x00000000d5b00000)
  to   space 512K, 0% used [0x00000000d5a00000,0x00000000d5a00000,0x00000000d5a80000)
 ParOldGen       total 303104K, used 302601K [0x0000000080000000, 0x0000000092800000, 0x00000000d5580000)
  object space 303104K, 99% used [0x0000000080000000,0x0000000092782438,0x0000000092800000)
 Metaspace       used 83395K, committed 84928K, reserved 1179648K
  class space    used 8598K, committed 9280K, reserved 1048576K
}
Event: 2754.607 GC heap before
{Heap before GC invocations=707 (full 4):
 PSYoungGen      total 3584K, used 3264K [0x00000000d5580000, 0x00000000d5b00000, 0x0000000100000000)
  eden space 3072K, 100% used [0x00000000d5580000,0x00000000d5880000,0x00000000d5880000)
  from space 512K, 37% used [0x00000000d5a80000,0x00000000d5ab0000,0x00000000d5b00000)
  to   space 512K, 0% used [0x00000000d5a00000,0x00000000d5a00000,0x00000000d5a80000)
 ParOldGen       total 303104K, used 302601K [0x0000000080000000, 0x0000000092800000, 0x00000000d5580000)
  object space 303104K, 99% used [0x0000000080000000,0x0000000092782438,0x0000000092800000)
 Metaspace       used 83395K, committed 84928K, reserved 1179648K
  class space    used 8598K, committed 9280K, reserved 1048576K
}
Event: 2754.609 GC heap after
{Heap after GC invocations=707 (full 4):
 PSYoungGen      total 3584K, used 256K [0x00000000d5580000, 0x00000000d5b00000, 0x0000000100000000)
  eden space 3072K, 0% used [0x00000000d5580000,0x00000000d5580000,0x00000000d5880000)
  from space 512K, 50% used [0x00000000d5a00000,0x00000000d5a40000,0x00000000d5a80000)
  to   space 512K, 0% used [0x00000000d5a80000,0x00000000d5a80000,0x00000000d5b00000)
 ParOldGen       total 303104K, used 302601K [0x0000000080000000, 0x0000000092800000, 0x00000000d5580000)
  object space 303104K, 99% used [0x0000000080000000,0x0000000092782438,0x0000000092800000)
 Metaspace       used 83395K, committed 84928K, reserved 1179648K
  class space    used 8598K, committed 9280K, reserved 1048576K
}
Event: 2755.682 GC heap before
{Heap before GC invocations=708 (full 4):
 PSYoungGen      total 3584K, used 3328K [0x00000000d5580000, 0x00000000d5b00000, 0x0000000100000000)
  eden space 3072K, 100% used [0x00000000d5580000,0x00000000d5880000,0x00000000d5880000)
  from space 512K, 50% used [0x00000000d5a00000,0x00000000d5a40000,0x00000000d5a80000)
  to   space 512K, 0% used [0x00000000d5a80000,0x00000000d5a80000,0x00000000d5b00000)
 ParOldGen       total 303104K, used 302601K [0x0000000080000000, 0x0000000092800000, 0x00000000d5580000)
  object space 303104K, 99% used [0x0000000080000000,0x0000000092782438,0x0000000092800000)
 Metaspace       used 83395K, committed 84928K, reserved 1179648K
  class space    used 8598K, committed 9280K, reserved 1048576K
}
Event: 2755.684 GC heap after
{Heap after GC invocations=708 (full 4):
 PSYoungGen      total 3584K, used 288K [0x00000000d5580000, 0x00000000d5b00000, 0x0000000100000000)
  eden space 3072K, 0% used [0x00000000d5580000,0x00000000d5580000,0x00000000d5880000)
  from space 512K, 56% used [0x00000000d5a80000,0x00000000d5ac8000,0x00000000d5b00000)
  to   space 512K, 0% used [0x00000000d5a00000,0x00000000d5a00000,0x00000000d5a80000)
 ParOldGen       total 303104K, used 302601K [0x0000000080000000, 0x0000000092800000, 0x00000000d5580000)
  object space 303104K, 99% used [0x0000000080000000,0x0000000092782438,0x0000000092800000)
 Metaspace       used 83395K, committed 84928K, reserved 1179648K
  class space    used 8598K, committed 9280K, reserved 1048576K
}
Event: 2756.116 GC heap before
{Heap before GC invocations=709 (full 4):
 PSYoungGen      total 3584K, used 3360K [0x00000000d5580000, 0x00000000d5b00000, 0x0000000100000000)
  eden space 3072K, 100% used [0x00000000d5580000,0x00000000d5880000,0x00000000d5880000)
  from space 512K, 56% used [0x00000000d5a80000,0x00000000d5ac8000,0x00000000d5b00000)
  to   space 512K, 0% used [0x00000000d5a00000,0x00000000d5a00000,0x00000000d5a80000)
 ParOldGen       total 303104K, used 302601K [0x0000000080000000, 0x0000000092800000, 0x00000000d5580000)
  object space 303104K, 99% used [0x0000000080000000,0x0000000092782438,0x0000000092800000)
 Metaspace       used 83395K, committed 84928K, reserved 1179648K
  class space    used 8598K, committed 9280K, reserved 1048576K
}
Event: 2756.118 GC heap after
{Heap after GC invocations=709 (full 4):
 PSYoungGen      total 3584K, used 192K [0x00000000d5580000, 0x00000000d5b00000, 0x0000000100000000)
  eden space 3072K, 0% used [0x00000000d5580000,0x00000000d5580000,0x00000000d5880000)
  from space 512K, 37% used [0x00000000d5a00000,0x00000000d5a30000,0x00000000d5a80000)
  to   space 512K, 0% used [0x00000000d5a80000,0x00000000d5a80000,0x00000000d5b00000)
 ParOldGen       total 303104K, used 302601K [0x0000000080000000, 0x0000000092800000, 0x00000000d5580000)
  object space 303104K, 99% used [0x0000000080000000,0x0000000092782438,0x0000000092800000)
 Metaspace       used 83395K, committed 84928K, reserved 1179648K
  class space    used 8598K, committed 9280K, reserved 1048576K
}
Event: 2788.423 GC heap before
{Heap before GC invocations=710 (full 4):
 PSYoungGen      total 3584K, used 3264K [0x00000000d5580000, 0x00000000d5b00000, 0x0000000100000000)
  eden space 3072K, 100% used [0x00000000d5580000,0x00000000d5880000,0x00000000d5880000)
  from space 512K, 37% used [0x00000000d5a00000,0x00000000d5a30000,0x00000000d5a80000)
  to   space 512K, 0% used [0x00000000d5a80000,0x00000000d5a80000,0x00000000d5b00000)
 ParOldGen       total 303104K, used 302601K [0x0000000080000000, 0x0000000092800000, 0x00000000d5580000)
  object space 303104K, 99% used [0x0000000080000000,0x0000000092782438,0x0000000092800000)
 Metaspace       used 83396K, committed 84928K, reserved 1179648K
  class space    used 8598K, committed 9280K, reserved 1048576K
}
Event: 2788.496 GC heap after
{Heap after GC invocations=710 (full 4):
 PSYoungGen      total 3584K, used 288K [0x00000000d5580000, 0x00000000d5b00000, 0x0000000100000000)
  eden space 3072K, 0% used [0x00000000d5580000,0x00000000d5580000,0x00000000d5880000)
  from space 512K, 56% used [0x00000000d5a80000,0x00000000d5ac8000,0x00000000d5b00000)
  to   space 512K, 0% used [0x00000000d5a00000,0x00000000d5a00000,0x00000000d5a80000)
 ParOldGen       total 303104K, used 302601K [0x0000000080000000, 0x0000000092800000, 0x00000000d5580000)
  object space 303104K, 99% used [0x0000000080000000,0x0000000092782438,0x0000000092800000)
 Metaspace       used 83396K, committed 84928K, reserved 1179648K
  class space    used 8598K, committed 9280K, reserved 1048576K
}

Dll operation events (12 events):
Event: 0.016 Loaded shared library c:\Users\josuesitoe\.vscode\extensions\redhat.java-1.46.0-win32-x64\jre\21.0.8-win32-x86_64\bin\java.dll
Event: 0.111 Loaded shared library c:\Users\josuesitoe\.vscode\extensions\redhat.java-1.46.0-win32-x64\jre\21.0.8-win32-x86_64\bin\zip.dll
Event: 0.138 Loaded shared library C:\Users\josuesitoe\.vscode\extensions\redhat.java-1.46.0-win32-x64\jre\21.0.8-win32-x86_64\bin\instrument.dll
Event: 0.144 Loaded shared library C:\Users\josuesitoe\.vscode\extensions\redhat.java-1.46.0-win32-x64\jre\21.0.8-win32-x86_64\bin\net.dll
Event: 0.148 Loaded shared library C:\Users\josuesitoe\.vscode\extensions\redhat.java-1.46.0-win32-x64\jre\21.0.8-win32-x86_64\bin\nio.dll
Event: 0.154 Loaded shared library C:\Users\josuesitoe\.vscode\extensions\redhat.java-1.46.0-win32-x64\jre\21.0.8-win32-x86_64\bin\zip.dll
Event: 0.181 Loaded shared library C:\Users\josuesitoe\.vscode\extensions\redhat.java-1.46.0-win32-x64\jre\21.0.8-win32-x86_64\bin\jimage.dll
Event: 0.304 Loaded shared library c:\Users\josuesitoe\.vscode\extensions\redhat.java-1.46.0-win32-x64\jre\21.0.8-win32-x86_64\bin\verify.dll
Event: 12.742 Loaded shared library C:\Users\josuesitoe\AppData\Roaming\Code\User\globalStorage\redhat.java\1.46.0\config_win\org.eclipse.equinox.launcher\org.eclipse.equinox.launcher.win32.win32.x86_64_1.2.1400.v20250801-0854\eclipse_11916.dll
Event: 30.481 Loaded shared library C:\Users\josuesitoe\AppData\Local\Temp\jna--95111402\jna17739607256588978034.dll
Event: 33.393 Loaded shared library C:\Users\josuesitoe\.vscode\extensions\redhat.java-1.46.0-win32-x64\jre\21.0.8-win32-x86_64\bin\sunmscapi.dll
Event: 33.528 Loaded shared library C:\Users\josuesitoe\.vscode\extensions\redhat.java-1.46.0-win32-x64\jre\21.0.8-win32-x86_64\bin\extnet.dll

Deoptimization events (20 events):
Event: 2750.723 Thread 0x00000294fb4d71b0 DEOPT PACKING pc=0x000002949d6f183c sp=0x000000d0767fe490
Event: 2750.723 Thread 0x00000294fb4d71b0 DEOPT UNPACKING pc=0x000002949cd63aa2 sp=0x000000d0767fe3c8 mode 2
Event: 2750.723 Thread 0x00000294fb4d71b0 Uncommon trap: trap_request=0xffffff45 fr.pc=0x000002949e1f0c6c relative=0x00000000000000cc
Event: 2750.723 Thread 0x00000294fb4d71b0 Uncommon trap: reason=unstable_if action=reinterpret pc=0x000002949e1f0c6c method=org.eclipse.jdt.internal.codeassist.impl.AssistParser.isInsideModuleInfo()Z @ 14 c2
Event: 2750.723 Thread 0x00000294fb4d71b0 DEOPT PACKING pc=0x000002949e1f0c6c sp=0x000000d0767fe430
Event: 2750.723 Thread 0x00000294fb4d71b0 DEOPT UNPACKING pc=0x000002949cd63aa2 sp=0x000000d0767fe3c8 mode 2
Event: 2750.783 Thread 0x00000294fb4d71b0 Uncommon trap: trap_request=0xffffff45 fr.pc=0x000002949ded1d4c relative=0x000000000000652c
Event: 2750.784 Thread 0x00000294fb4d71b0 Uncommon trap: reason=unstable_if action=reinterpret pc=0x000002949ded1d4c method=org.eclipse.jdt.internal.compiler.lookup.ModuleBinding.getVisiblePackage(Lorg/eclipse/jdt/internal/compiler/lookup/PackageBinding;[C)Lorg/eclipse/jdt/internal/compiler/looku
Event: 2750.784 Thread 0x00000294fb4d71b0 DEOPT PACKING pc=0x000002949ded1d4c sp=0x000000d0767fe060
Event: 2750.784 Thread 0x00000294fb4d71b0 DEOPT UNPACKING pc=0x000002949cd63aa2 sp=0x000000d0767fe058 mode 2
Event: 2750.797 Thread 0x00000294fb4d71b0 Uncommon trap: trap_request=0xffffff45 fr.pc=0x000002949e301018 relative=0x0000000000000db8
Event: 2750.798 Thread 0x00000294fb4d71b0 Uncommon trap: reason=unstable_if action=reinterpret pc=0x000002949e301018 method=org.eclipse.jdt.internal.compiler.lookup.PackageBinding.addType(Lorg/eclipse/jdt/internal/compiler/lookup/ReferenceBinding;)V @ 10 c2
Event: 2750.798 Thread 0x00000294fb4d71b0 DEOPT PACKING pc=0x000002949e301018 sp=0x000000d0767fe0a0
Event: 2750.798 Thread 0x00000294fb4d71b0 DEOPT UNPACKING pc=0x000002949cd63aa2 sp=0x000000d0767fe048 mode 2
Event: 2750.798 Thread 0x00000294fb4d71b0 Uncommon trap: trap_request=0xffffff45 fr.pc=0x000002949e1f36e0 relative=0x00000000000018c0
Event: 2750.798 Thread 0x00000294fb4d71b0 Uncommon trap: reason=unstable_if action=reinterpret pc=0x000002949e1f36e0 method=org.eclipse.jdt.internal.compiler.lookup.Scope.getBinding([CILorg/eclipse/jdt/internal/compiler/lookup/InvocationSite;Z)Lorg/eclipse/jdt/internal/compiler/lookup/Binding; @ 
Event: 2750.798 Thread 0x00000294fb4d71b0 DEOPT PACKING pc=0x000002949e1f36e0 sp=0x000000d0767fe390
Event: 2750.798 Thread 0x00000294fb4d71b0 DEOPT UNPACKING pc=0x000002949cd63aa2 sp=0x000000d0767fe2e8 mode 2
Event: 2751.594 Thread 0x00000294fb4d71b0 DEOPT PACKING pc=0x0000029497e370fc sp=0x000000d0767fd150
Event: 2751.594 Thread 0x00000294fb4d71b0 DEOPT UNPACKING pc=0x000002949cd64242 sp=0x000000d0767fc640 mode 0

Classes loaded (20 events):
Event: 282.048 Loading class sun/nio/fs/WindowsFileCopy
Event: 282.054 Loading class sun/nio/fs/WindowsFileCopy done
Event: 366.514 Loading class java/util/stream/Nodes$CollectorTask$OfRef
Event: 366.522 Loading class java/util/stream/Nodes$CollectorTask
Event: 366.531 Loading class java/util/stream/Nodes$CollectorTask done
Event: 366.531 Loading class java/util/stream/Nodes$CollectorTask$OfRef done
Event: 366.591 Loading class java/util/function/LongFunction
Event: 366.593 Loading class java/util/function/LongFunction done
Event: 366.598 Loading class java/util/stream/Nodes$ConcNode
Event: 366.602 Loading class java/util/stream/Nodes$AbstractConcNode
Event: 366.606 Loading class java/util/stream/Nodes$AbstractConcNode done
Event: 366.606 Loading class java/util/stream/Nodes$ConcNode done
Event: 366.768 Loading class java/io/ObjectOutputStream$BlockDataOutputStream
Event: 366.772 Loading class java/io/ObjectOutputStream$BlockDataOutputStream done
Event: 366.773 Loading class java/io/ObjectOutputStream$HandleTable
Event: 366.775 Loading class java/io/ObjectOutputStream$HandleTable done
Event: 366.775 Loading class java/io/ObjectOutputStream$ReplaceTable
Event: 366.776 Loading class java/io/ObjectOutputStream$ReplaceTable done
Event: 2295.793 Loading class java/util/LinkedList$LLSpliterator
Event: 2295.800 Loading class java/util/LinkedList$LLSpliterator done

Classes unloaded (20 events):
Event: 2293.765 Thread 0x00000294ea1e4190 Unloading class 0x00000294aa014800 'java/lang/invoke/LambdaForm$MH+0x00000294aa014800'
Event: 2293.766 Thread 0x00000294ea1e4190 Unloading class 0x00000294aa00d800 'java/lang/invoke/LambdaForm$MH+0x00000294aa00d800'
Event: 2293.766 Thread 0x00000294ea1e4190 Unloading class 0x00000294aa00d400 'java/lang/invoke/LambdaForm$MH+0x00000294aa00d400'
Event: 2293.766 Thread 0x00000294ea1e4190 Unloading class 0x00000294aa00d000 'java/lang/invoke/LambdaForm$MH+0x00000294aa00d000'
Event: 2293.766 Thread 0x00000294ea1e4190 Unloading class 0x00000294aa00cc00 'java/lang/invoke/LambdaForm$MH+0x00000294aa00cc00'
Event: 2293.766 Thread 0x00000294ea1e4190 Unloading class 0x00000294aa00c800 'java/lang/invoke/LambdaForm$BMH+0x00000294aa00c800'
Event: 2293.766 Thread 0x00000294ea1e4190 Unloading class 0x00000294aa00c000 'java/lang/invoke/LambdaForm$DMH+0x00000294aa00c000'
Event: 2293.766 Thread 0x00000294ea1e4190 Unloading class 0x00000294aa008c00 'java/lang/invoke/LambdaForm$MH+0x00000294aa008c00'
Event: 2293.766 Thread 0x00000294ea1e4190 Unloading class 0x00000294aa008800 'java/lang/invoke/LambdaForm$MH+0x00000294aa008800'
Event: 2293.766 Thread 0x00000294ea1e4190 Unloading class 0x00000294aa008400 'java/lang/invoke/LambdaForm$MH+0x00000294aa008400'
Event: 2293.766 Thread 0x00000294ea1e4190 Unloading class 0x00000294aa007000 'java/lang/invoke/LambdaForm$MH+0x00000294aa007000'
Event: 2293.766 Thread 0x00000294ea1e4190 Unloading class 0x00000294aa006800 'java/lang/invoke/LambdaForm$MH+0x00000294aa006800'
Event: 2293.766 Thread 0x00000294ea1e4190 Unloading class 0x00000294aa006400 'java/lang/invoke/LambdaForm$MH+0x00000294aa006400'
Event: 2293.766 Thread 0x00000294ea1e4190 Unloading class 0x00000294aa006000 'java/lang/invoke/LambdaForm$MH+0x00000294aa006000'
Event: 2293.766 Thread 0x00000294ea1e4190 Unloading class 0x00000294aa005c00 'java/lang/invoke/LambdaForm$BMH+0x00000294aa005c00'
Event: 2293.767 Thread 0x00000294ea1e4190 Unloading class 0x00000294aa004800 'java/lang/invoke/LambdaForm$DMH+0x00000294aa004800'
Event: 2293.767 Thread 0x00000294ea1e4190 Unloading class 0x00000294aa002800 'java/lang/invoke/LambdaForm$MH+0x00000294aa002800'
Event: 2293.767 Thread 0x00000294ea1e4190 Unloading class 0x00000294aa002400 'java/lang/invoke/LambdaForm$MH+0x00000294aa002400'
Event: 2293.767 Thread 0x00000294ea1e4190 Unloading class 0x00000294aa002000 'java/lang/invoke/LambdaForm$MH+0x00000294aa002000'
Event: 2293.767 Thread 0x00000294ea1e4190 Unloading class 0x00000294aa001800 'java/lang/invoke/LambdaForm$MH+0x00000294aa001800'

Classes redefined (0 events):
No events

Internal exceptions (20 events):
Event: 2292.324 Thread 0x00000294f1e93250 Exception <a 'java/lang/ClassNotFoundException'{0x00000000d56cee00}: sun/net/www/protocol/jdt/Handler> (0x00000000d56cee00) 
thrown [s\src\hotspot\share\classfile\systemDictionary.cpp, line 312]
Event: 2293.397 Thread 0x00000294f1e92bc0 Exception <a 'java/lang/ClassNotFoundException'{0x00000000d5a70030}: sun/net/www/protocol/jdt/Handler> (0x00000000d5a70030) 
thrown [s\src\hotspot\share\classfile\systemDictionary.cpp, line 312]
Event: 2296.074 Thread 0x00000294f1e92bc0 Implicit null exception at 0x000002949dcac418 to 0x000002949dcad87c
Event: 2296.074 Thread 0x00000294f1e92bc0 Implicit null exception at 0x000002949dc957b5 to 0x000002949dc95a35
Event: 2296.132 Thread 0x00000294f1e92bc0 Implicit null exception at 0x000002949d6f9451 to 0x000002949d6f96c8
Event: 2297.272 Thread 0x00000294f1e92bc0 Exception <a 'java/lang/ClassNotFoundException'{0x00000000d5736860}: sun/net/www/protocol/jdt/Handler> (0x00000000d5736860) 
thrown [s\src\hotspot\share\classfile\systemDictionary.cpp, line 312]
Event: 2297.641 Thread 0x00000294f1e92bc0 Exception <a 'java/lang/ClassNotFoundException'{0x00000000d55b5678}: sun/net/www/protocol/jdt/Handler> (0x00000000d55b5678) 
thrown [s\src\hotspot\share\classfile\systemDictionary.cpp, line 312]
Event: 2304.923 Thread 0x00000294f1e92bc0 Exception <a 'java/lang/ClassNotFoundException'{0x00000000d596ae58}: sun/net/www/protocol/jdt/Handler> (0x00000000d596ae58) 
thrown [s\src\hotspot\share\classfile\systemDictionary.cpp, line 312]
Event: 2305.879 Thread 0x00000294f1e92bc0 Exception <a 'java/lang/ClassNotFoundException'{0x00000000d57ead78}: sun/net/www/protocol/jdt/Handler> (0x00000000d57ead78) 
thrown [s\src\hotspot\share\classfile\systemDictionary.cpp, line 312]
Event: 2306.197 Thread 0x00000294f1e92bc0 Exception <a 'java/lang/ClassNotFoundException'{0x00000000d565b778}: sun/net/www/protocol/jdt/Handler> (0x00000000d565b778) 
thrown [s\src\hotspot\share\classfile\systemDictionary.cpp, line 312]
Event: 2306.519 Thread 0x00000294f1e92bc0 Exception <a 'java/lang/ClassNotFoundException'{0x00000000d59d3568}: sun/net/www/protocol/jdt/Handler> (0x00000000d59d3568) 
thrown [s\src\hotspot\share\classfile\systemDictionary.cpp, line 312]
Event: 2330.407 Thread 0x00000294f545a330 Exception <a 'java/lang/ClassNotFoundException'{0x00000000d55b4988}: sun/util/logging/resources/spi/loggingProvider> (0x00000000d55b4988) 
thrown [s\src\hotspot\share\classfile\systemDictionary.cpp, line 312]
Event: 2330.408 Thread 0x00000294f545a330 Implicit null exception at 0x000002949e1d469a to 0x000002949e1d4b7c
Event: 2388.827 Thread 0x00000294f1e92bc0 Implicit null exception at 0x000002949e0cb69e to 0x000002949e0cbe60
Event: 2388.888 Thread 0x00000294f1e92bc0 Implicit null exception at 0x000002949e005794 to 0x000002949e005b64
Event: 2669.591 Thread 0x00000294f545a330 Implicit null exception at 0x000002949dcabb39 to 0x000002949dcabd40
Event: 2669.609 Thread 0x00000294f545a330 Exception <a 'java/lang/IncompatibleClassChangeError'{0x00000000d5677c70}: Found class java.lang.Object, but interface was expected> (0x00000000d5677c70) 
thrown [s\src\hotspot\share\interpreter\linkResolver.cpp, line 840]
Event: 2669.610 Thread 0x00000294f545a330 Implicit null exception at 0x000002949df9a80f to 0x000002949df9c4ec
Event: 2669.660 Thread 0x00000294fb4d71b0 Implicit null exception at 0x000002949d6ea90e to 0x000002949d6ea9b5
Event: 2748.067 Thread 0x00000294fb4d71b0 Exception <a 'java/lang/NoSuchMethodError'{0x00000000d588cbb8}: 'java.lang.Object java.lang.invoke.DirectMethodHandle$Holder.newInvokeSpecial(java.lang.Object, java.lang.Object, int, java.lang.Object, java.lang.Object, java.lang.Object, java.lang.Object)'> (0x00000000d588cbb8) 
thrown [s\src\hotspot\share\interpreter\linkResolver.cpp, line 773]

ZGC Phase Switch (0 events):
No events

VM Operations (20 events):
Event: 2751.573 Executing VM operation: ParallelGCFailedAllocation (Allocation Failure)
Event: 2751.576 Executing VM operation: ParallelGCFailedAllocation (Allocation Failure) done
Event: 2751.606 Executing VM operation: ParallelGCFailedAllocation (Allocation Failure)
Event: 2751.609 Executing VM operation: ParallelGCFailedAllocation (Allocation Failure) done
Event: 2753.799 Executing VM operation: ParallelGCFailedAllocation (Allocation Failure)
Event: 2753.801 Executing VM operation: ParallelGCFailedAllocation (Allocation Failure) done
Event: 2754.099 Executing VM operation: ParallelGCFailedAllocation (Allocation Failure)
Event: 2754.101 Executing VM operation: ParallelGCFailedAllocation (Allocation Failure) done
Event: 2754.607 Executing VM operation: ParallelGCFailedAllocation (Allocation Failure)
Event: 2754.609 Executing VM operation: ParallelGCFailedAllocation (Allocation Failure) done
Event: 2755.682 Executing VM operation: ParallelGCFailedAllocation (Allocation Failure)
Event: 2755.684 Executing VM operation: ParallelGCFailedAllocation (Allocation Failure) done
Event: 2756.116 Executing VM operation: ParallelGCFailedAllocation (Allocation Failure)
Event: 2756.118 Executing VM operation: ParallelGCFailedAllocation (Allocation Failure) done
Event: 2766.848 Executing VM operation: HandshakeAllThreads (HandshakeForDeflation)
Event: 2766.849 Executing VM operation: HandshakeAllThreads (HandshakeForDeflation) done
Event: 2766.849 Executing VM operation: RendezvousGCThreads
Event: 2766.849 Executing VM operation: RendezvousGCThreads done
Event: 2788.415 Executing VM operation: ParallelGCFailedAllocation (Allocation Failure)
Event: 2788.497 Executing VM operation: ParallelGCFailedAllocation (Allocation Failure) done

Memory protections (0 events):
No events

Nmethod flushes (20 events):
Event: 2294.884 Thread 0x00000294ea1e4190 flushing  nmethod 0x0000029496721310
Event: 2294.884 Thread 0x00000294ea1e4190 flushing  nmethod 0x000002949672df10
Event: 2294.884 Thread 0x00000294ea1e4190 flushing  nmethod 0x0000029496732f90
Event: 2294.884 Thread 0x00000294ea1e4190 flushing  nmethod 0x0000029496733390
Event: 2294.884 Thread 0x00000294ea1e4190 flushing  nmethod 0x0000029496733790
Event: 2294.884 Thread 0x00000294ea1e4190 flushing  nmethod 0x0000029496733c90
Event: 2294.884 Thread 0x00000294ea1e4190 flushing  nmethod 0x0000029496734b10
Event: 2294.885 Thread 0x00000294ea1e4190 flushing  nmethod 0x0000029496735f10
Event: 2294.885 Thread 0x00000294ea1e4190 flushing  nmethod 0x0000029496737190
Event: 2294.885 Thread 0x00000294ea1e4190 flushing  nmethod 0x000002949674fd90
Event: 2294.885 Thread 0x00000294ea1e4190 flushing  nmethod 0x0000029496753490
Event: 2294.885 Thread 0x00000294ea1e4190 flushing  nmethod 0x0000029496761510
Event: 2294.885 Thread 0x00000294ea1e4190 flushing  nmethod 0x0000029496768490
Event: 2294.885 Thread 0x00000294ea1e4190 flushing  nmethod 0x00000294967d5390
Event: 2294.885 Thread 0x00000294ea1e4190 flushing osr nmethod 0x00000294967ea610
Event: 2294.885 Thread 0x00000294ea1e4190 flushing  nmethod 0x00000294967ee610
Event: 2294.885 Thread 0x00000294ea1e4190 flushing  nmethod 0x00000294967f2e10
Event: 2294.886 Thread 0x00000294ea1e4190 flushing  nmethod 0x00000294967f3290
Event: 2294.886 Thread 0x00000294ea1e4190 flushing  nmethod 0x00000294967f3a90
Event: 2294.886 Thread 0x00000294ea1e4190 flushing  nmethod 0x00000294967f4110

Events (20 events):
Event: 2488.807 Thread 0x00000294f1bf2a20 Thread exited: 0x00000294f1bf2a20
Event: 2491.668 Thread 0x000002949278e7d0 Thread added: 0x00000294f1bf2a20
Event: 2492.503 Thread 0x00000294f1bf2a20 Thread exited: 0x00000294f1bf2a20
Event: 2492.646 Thread 0x000002949278e7d0 Thread added: 0x00000294f7975d90
Event: 2492.648 Thread 0x00000294f7975d90 Thread added: 0x00000294f6e3ec10
Event: 2492.649 Thread 0x00000294f7975d90 Thread added: 0x00000294f6e3d7a0
Event: 2492.802 Thread 0x00000294f7975d90 Thread exited: 0x00000294f7975d90
Event: 2497.928 Thread 0x00000294f6e3d7a0 Thread exited: 0x00000294f6e3d7a0
Event: 2497.928 Thread 0x00000294f6e3ec10 Thread exited: 0x00000294f6e3ec10
Event: 2620.844 Thread 0x00000294f1f7d3e0 Thread exited: 0x00000294f1f7d3e0
Event: 2664.228 Thread 0x00000294fb4d6490 Thread added: 0x00000294f7361740
Event: 2664.229 Thread 0x00000294f1e92bc0 Thread added: 0x00000294f735f670
Event: 2667.681 Thread 0x000002949278e7d0 Thread added: 0x00000294f1bf2a20
Event: 2672.392 Thread 0x00000294f1bf2a20 Thread exited: 0x00000294f1bf2a20
Event: 2750.731 Thread 0x000002949278e7d0 Thread added: 0x00000294f1bf2a20
Event: 2750.731 Thread 0x000002949278e7d0 Thread added: 0x00000294f1bf4560
Event: 2750.732 Thread 0x000002949278e7d0 Thread added: 0x00000294f1bf3e90
Event: 2756.621 Thread 0x00000294f1bf3e90 Thread exited: 0x00000294f1bf3e90
Event: 2761.621 Thread 0x00000294f1bf4560 Thread exited: 0x00000294f1bf4560
Event: 2761.621 Thread 0x00000294f1bf2a20 Thread exited: 0x00000294f1bf2a20


Dynamic libraries:
0x00007ff6c4070000 - 0x00007ff6c407e000 	c:\Users\josuesitoe\.vscode\extensions\redhat.java-1.46.0-win32-x64\jre\21.0.8-win32-x86_64\bin\java.exe
0x00007ffd91fa0000 - 0x00007ffd92208000 	C:\WINDOWS\SYSTEM32\ntdll.dll
0x00007ffd91220000 - 0x00007ffd912e9000 	C:\WINDOWS\System32\KERNEL32.DLL
0x00007ffd8f280000 - 0x00007ffd8f672000 	C:\WINDOWS\System32\KERNELBASE.dll
0x00007ffd8f7b0000 - 0x00007ffd8f8fb000 	C:\WINDOWS\System32\ucrtbase.dll
0x00007ffd6c2b0000 - 0x00007ffd6c2c8000 	c:\Users\josuesitoe\.vscode\extensions\redhat.java-1.46.0-win32-x64\jre\21.0.8-win32-x86_64\bin\jli.dll
0x00007ffd6e1f0000 - 0x00007ffd6e20e000 	c:\Users\josuesitoe\.vscode\extensions\redhat.java-1.46.0-win32-x64\jre\21.0.8-win32-x86_64\bin\VCRUNTIME140.dll
0x00007ffd91680000 - 0x00007ffd91845000 	C:\WINDOWS\System32\USER32.dll
0x00007ffd8fbd0000 - 0x00007ffd8fbf7000 	C:\WINDOWS\System32\win32u.dll
0x00007ffd8e540000 - 0x00007ffd8e7d3000 	C:\WINDOWS\WinSxS\amd64_microsoft.windows.common-controls_6595b64144ccf1df_6.0.26100.6899_none_3e0efeeae32e88c1\COMCTL32.dll
0x00007ffd90410000 - 0x00007ffd9043b000 	C:\WINDOWS\System32\GDI32.dll
0x00007ffd90230000 - 0x00007ffd902d9000 	C:\WINDOWS\System32\msvcrt.dll
0x00007ffd8f680000 - 0x00007ffd8f7ad000 	C:\WINDOWS\System32\gdi32full.dll
0x00007ffd8fa80000 - 0x00007ffd8fb23000 	C:\WINDOWS\System32\msvcp_win.dll
0x00007ffd91540000 - 0x00007ffd9156f000 	C:\WINDOWS\System32\IMM32.DLL
0x00007ffd718e0000 - 0x00007ffd718ec000 	c:\Users\josuesitoe\.vscode\extensions\redhat.java-1.46.0-win32-x64\jre\21.0.8-win32-x86_64\bin\vcruntime140_1.dll
0x00007ffd5c990000 - 0x00007ffd5ca1d000 	c:\Users\josuesitoe\.vscode\extensions\redhat.java-1.46.0-win32-x64\jre\21.0.8-win32-x86_64\bin\msvcp140.dll
0x00007ffccac80000 - 0x00007ffccba17000 	c:\Users\josuesitoe\.vscode\extensions\redhat.java-1.46.0-win32-x64\jre\21.0.8-win32-x86_64\bin\server\jvm.dll
0x00007ffd91e70000 - 0x00007ffd91f24000 	C:\WINDOWS\System32\ADVAPI32.dll
0x00007ffd91490000 - 0x00007ffd91536000 	C:\WINDOWS\System32\sechost.dll
0x00007ffd90990000 - 0x00007ffd90aa8000 	C:\WINDOWS\System32\RPCRT4.dll
0x00007ffd900f0000 - 0x00007ffd90164000 	C:\WINDOWS\System32\WS2_32.dll
0x00007ffd8ef90000 - 0x00007ffd8efee000 	C:\WINDOWS\SYSTEM32\POWRPROF.dll
0x00007ffd86350000 - 0x00007ffd86385000 	C:\WINDOWS\SYSTEM32\WINMM.dll
0x00007ffd86390000 - 0x00007ffd8639b000 	C:\WINDOWS\SYSTEM32\VERSION.dll
0x00007ffd8ef70000 - 0x00007ffd8ef84000 	C:\WINDOWS\SYSTEM32\UMPDC.dll
0x00007ffd8d590000 - 0x00007ffd8d5ab000 	C:\WINDOWS\SYSTEM32\kernel.appcore.dll
0x00007ffd70b20000 - 0x00007ffd70b2a000 	c:\Users\josuesitoe\.vscode\extensions\redhat.java-1.46.0-win32-x64\jre\21.0.8-win32-x86_64\bin\jimage.dll
0x00007ffd8e910000 - 0x00007ffd8eb52000 	C:\WINDOWS\SYSTEM32\DBGHELP.DLL
0x00007ffd8fd70000 - 0x00007ffd900eb000 	C:\WINDOWS\System32\combase.dll
0x00007ffd90330000 - 0x00007ffd90407000 	C:\WINDOWS\System32\OLEAUT32.dll
0x00007ffd8e7e0000 - 0x00007ffd8e81c000 	C:\WINDOWS\SYSTEM32\dbgcore.DLL
0x00007ffd8fb30000 - 0x00007ffd8fbc8000 	C:\WINDOWS\System32\bcryptPrimitives.dll
0x00007ffd6ecb0000 - 0x00007ffd6ecbf000 	c:\Users\josuesitoe\.vscode\extensions\redhat.java-1.46.0-win32-x64\jre\21.0.8-win32-x86_64\bin\instrument.dll
0x00007ffd6c290000 - 0x00007ffd6c2af000 	c:\Users\josuesitoe\.vscode\extensions\redhat.java-1.46.0-win32-x64\jre\21.0.8-win32-x86_64\bin\java.dll
0x00007ffd90ab0000 - 0x00007ffd911fd000 	C:\WINDOWS\System32\SHELL32.dll
0x00007ffd8fc00000 - 0x00007ffd8fd6b000 	C:\WINDOWS\System32\wintypes.dll
0x00007ffd8c260000 - 0x00007ffd8cabd000 	C:\WINDOWS\SYSTEM32\windows.storage.dll
0x00007ffd90880000 - 0x00007ffd90972000 	C:\WINDOWS\System32\SHCORE.dll
0x00007ffd90810000 - 0x00007ffd90872000 	C:\WINDOWS\System32\shlwapi.dll
0x00007ffd8f050000 - 0x00007ffd8f079000 	C:\WINDOWS\SYSTEM32\profapi.dll
0x00007ffd6c170000 - 0x00007ffd6c188000 	c:\Users\josuesitoe\.vscode\extensions\redhat.java-1.46.0-win32-x64\jre\21.0.8-win32-x86_64\bin\zip.dll
0x00007ffd6c160000 - 0x00007ffd6c170000 	C:\Users\josuesitoe\.vscode\extensions\redhat.java-1.46.0-win32-x64\jre\21.0.8-win32-x86_64\bin\net.dll
0x00007ffd86560000 - 0x00007ffd8667f000 	C:\WINDOWS\SYSTEM32\WINHTTP.dll
0x00007ffd8daa0000 - 0x00007ffd8db0b000 	C:\WINDOWS\system32\mswsock.dll
0x00007ffd6bef0000 - 0x00007ffd6bf06000 	C:\Users\josuesitoe\.vscode\extensions\redhat.java-1.46.0-win32-x64\jre\21.0.8-win32-x86_64\bin\nio.dll
0x00007ffd6bf40000 - 0x00007ffd6bf50000 	c:\Users\josuesitoe\.vscode\extensions\redhat.java-1.46.0-win32-x64\jre\21.0.8-win32-x86_64\bin\verify.dll
0x00007ffd68160000 - 0x00007ffd681a4000 	C:\Users\josuesitoe\AppData\Roaming\Code\User\globalStorage\redhat.java\1.46.0\config_win\org.eclipse.equinox.launcher\org.eclipse.equinox.launcher.win32.win32.x86_64_1.2.1400.v20250801-0854\eclipse_11916.dll
0x00007ffd912f0000 - 0x00007ffd91488000 	C:\WINDOWS\System32\ole32.dll
0x00007ffd8ec60000 - 0x00007ffd8ec7b000 	C:\WINDOWS\SYSTEM32\CRYPTSP.dll
0x00007ffd8df40000 - 0x00007ffd8df7b000 	C:\WINDOWS\system32\rsaenh.dll
0x00007ffd8db10000 - 0x00007ffd8db3b000 	C:\WINDOWS\SYSTEM32\USERENV.dll
0x00007ffd8f020000 - 0x00007ffd8f046000 	C:\WINDOWS\SYSTEM32\bcrypt.dll
0x00007ffd8df30000 - 0x00007ffd8df3c000 	C:\WINDOWS\SYSTEM32\CRYPTBASE.dll
0x00007ffd8cdc0000 - 0x00007ffd8cdf4000 	C:\WINDOWS\SYSTEM32\IPHLPAPI.DLL
0x00007ffd91d40000 - 0x00007ffd91d4a000 	C:\WINDOWS\System32\NSI.dll
0x00007ffd68350000 - 0x00007ffd68399000 	C:\Users\josuesitoe\AppData\Local\Temp\jna--95111402\jna17739607256588978034.dll
0x00007ffd90980000 - 0x00007ffd90988000 	C:\WINDOWS\System32\PSAPI.DLL
0x00007ffd87090000 - 0x00007ffd870ae000 	C:\WINDOWS\SYSTEM32\dhcpcsvc6.DLL
0x00007ffd86fd0000 - 0x00007ffd86ff3000 	C:\WINDOWS\SYSTEM32\dhcpcsvc.DLL
0x00007ffd89040000 - 0x00007ffd8904e000 	C:\Users\josuesitoe\.vscode\extensions\redhat.java-1.46.0-win32-x64\jre\21.0.8-win32-x86_64\bin\sunmscapi.dll
0x00007ffd8f900000 - 0x00007ffd8fa77000 	C:\WINDOWS\System32\CRYPT32.dll
0x00007ffd8e1c0000 - 0x00007ffd8e1f0000 	C:\WINDOWS\SYSTEM32\ncrypt.dll
0x00007ffd8e170000 - 0x00007ffd8e1af000 	C:\WINDOWS\SYSTEM32\NTASN1.dll
0x00007ffd8ce00000 - 0x00007ffd8cf26000 	C:\WINDOWS\SYSTEM32\DNSAPI.dll
0x00007ffd85b80000 - 0x00007ffd85b8b000 	C:\Windows\System32\rasadhlp.dll
0x00007ffd800a0000 - 0x00007ffd800a9000 	C:\Users\josuesitoe\.vscode\extensions\redhat.java-1.46.0-win32-x64\jre\21.0.8-win32-x86_64\bin\extnet.dll
0x00007ffd11130000 - 0x00007ffd11138000 	C:\WINDOWS\system32\wshunix.dll
0x00007ffd8e8b0000 - 0x00007ffd8e8e6000 	C:\WINDOWS\SYSTEM32\ntmarta.dll

JVMTI agents:
c:\Users\josuesitoe\.vscode\extensions\redhat.java-1.46.0-win32-x64\lombok\lombok-1.18.39-4050.jar path:c:\Users\josuesitoe\.vscode\extensions\redhat.java-1.46.0-win32-x64\jre\21.0.8-win32-x86_64\bin\instrument.dll, loaded, initialized, instrumentlib options:none

dbghelp: loaded successfully - version: 4.0.5 - missing functions: none
symbol engine: initialized successfully - sym options: 0x614 - pdb path: .;c:\Users\josuesitoe\.vscode\extensions\redhat.java-1.46.0-win32-x64\jre\21.0.8-win32-x86_64\bin;C:\WINDOWS\SYSTEM32;C:\WINDOWS\WinSxS\amd64_microsoft.windows.common-controls_6595b64144ccf1df_6.0.26100.6899_none_3e0efeeae32e88c1;c:\Users\josuesitoe\.vscode\extensions\redhat.java-1.46.0-win32-x64\jre\21.0.8-win32-x86_64\bin\server;C:\Users\josuesitoe\AppData\Roaming\Code\User\globalStorage\redhat.java\1.46.0\config_win\org.eclipse.equinox.launcher\org.eclipse.equinox.launcher.win32.win32.x86_64_1.2.1400.v20250801-0854;C:\Users\josuesitoe\AppData\Local\Temp\jna--95111402

VM Arguments:
jvm_args: --add-modules=ALL-SYSTEM --add-opens=java.base/java.util=ALL-UNNAMED --add-opens=java.base/java.lang=ALL-UNNAMED --add-opens=java.base/sun.nio.fs=ALL-UNNAMED -Declipse.application=org.eclipse.jdt.ls.core.id1 -Dosgi.bundles.defaultStartLevel=4 -Declipse.product=org.eclipse.jdt.ls.core.product -Djava.import.generatesMetadataFilesAtProjectRoot=false -DDetectVMInstallationsJob.disabled=true -Dfile.encoding=utf8 -XX:+UseParallelGC -XX:GCTimeRatio=4 -XX:AdaptiveSizePolicyWeight=90 -Dsun.zip.disableMemoryMapping=true -Xmx2G -Xms100m -Xlog:disable -javaagent:c:\Users\josuesitoe\.vscode\extensions\redhat.java-1.46.0-win32-x64\lombok\lombok-1.18.39-4050.jar -XX:+HeapDumpOnOutOfMemoryError -XX:HeapDumpPath=c:\Users\josuesitoe\AppData\Roaming\Code\User\workspaceStorage\b6a6d4d9d6201c9de0d0fbad05277ae1\redhat.java -Daether.dependencyCollector.impl=bf 
java_command: c:\Users\josuesitoe\.vscode\extensions\redhat.java-1.46.0-win32-x64\server\plugins\org.eclipse.equinox.launcher_1.7.0.v20250519-0528.jar -configuration c:\Users\josuesitoe\AppData\Roaming\Code\User\globalStorage\redhat.java\1.46.0\config_win -data c:\Users\josuesitoe\AppData\Roaming\Code\User\workspaceStorage\b6a6d4d9d6201c9de0d0fbad05277ae1\redhat.java\jdt_ws --pipe=\\.\pipe\lsp-10e260ac333058257c821b61069cac96-sock
java_class_path (initial): c:\Users\josuesitoe\.vscode\extensions\redhat.java-1.46.0-win32-x64\server\plugins\org.eclipse.equinox.launcher_1.7.0.v20250519-0528.jar
Launcher Type: SUN_STANDARD

[Global flags]
    uintx AdaptiveSizePolicyWeight                 = 90                                        {product} {command line}
     intx CICompilerCount                          = 12                                        {product} {ergonomic}
    uintx GCTimeRatio                              = 4                                         {product} {command line}
     bool HeapDumpOnOutOfMemoryError               = true                                   {manageable} {command line}
    ccstr HeapDumpPath                             = c:\Users\josuesitoe\AppData\Roaming\Code\User\workspaceStorage\b6a6d4d9d6201c9de0d0fbad05277ae1\redhat.java         {manageable} {command line}
   size_t InitialHeapSize                          = 104857600                                 {product} {command line}
   size_t MaxHeapSize                              = 2147483648                                {product} {command line}
   size_t MaxNewSize                               = 715653120                                 {product} {ergonomic}
   size_t MinHeapDeltaBytes                        = 524288                                    {product} {ergonomic}
   size_t MinHeapSize                              = 104857600                                 {product} {command line}
   size_t NewSize                                  = 34603008                                  {product} {ergonomic}
    uintx NonNMethodCodeHeapSize                   = 7602480                                {pd product} {ergonomic}
    uintx NonProfiledCodeHeapSize                  = 122027880                              {pd product} {ergonomic}
   size_t OldSize                                  = 70254592                                  {product} {ergonomic}
    uintx ProfiledCodeHeapSize                     = 122027880                              {pd product} {ergonomic}
    uintx ReservedCodeCacheSize                    = 251658240                              {pd product} {ergonomic}
     bool SegmentedCodeCache                       = true                                      {product} {ergonomic}
   size_t SoftMaxHeapSize                          = 2147483648                             {manageable} {ergonomic}
     bool UseCompressedOops                        = true                           {product lp64_product} {ergonomic}
     bool UseLargePagesIndividualAllocation        = false                                  {pd product} {ergonomic}
     bool UseParallelGC                            = true                                      {product} {command line}

Logging:
Log output configuration:
 #0: stdout all=off uptime,level,tags foldmultilines=false
 #1: stderr all=off uptime,level,tags foldmultilines=false

Environment Variables:
JAVA_HOME=C:\Program Files\Java\jdk-17
PATH=C:\Python313\Scripts\;C:\Python313\;C:\Program Files\Common Files\Oracle\Java\javapath;C:\Program Files (x86)\Common Files\Oracle\Java\java8path;C:\Program Files (x86)\Common Files\Oracle\Java\javapath;C:\WINDOWS\system32;C:\WINDOWS;C:\WINDOWS\System32\Wbem;C:\WINDOWS\System32\WindowsPowerShell\v1.0\;C:\WINDOWS\System32\OpenSSH\;C:\Program Files (x86)\Microsoft SQL Server\160\Tools\Binn\;C:\Program Files\Microsoft SQL Server\160\Tools\Binn\;C:\Program Files\Microsoft SQL Server\Client SDK\ODBC\170\Tools\Binn\;C:\Program Files\Microsoft SQL Server\160\DTS\Binn\;C:\Program Files\Git\cmd;C:\xampp\php;C:\ProgramData\ComposerSetup\bin;C:\Program Files (x86)\Incredibuild;C:\Program Files (x86)\Windows Kits\10\Windows Performance Toolkit\;C:\Users\josuesitoe\Downloads\platform-tools-latest-windows\platform-tools;C:\Program Files\nodejs\;C:\ProgramData\chocolatey\bin;C:\flutter\bin;C:\Program Files\dotnet\;C:\ProgramData\chocolatey\lib\maven\apache-maven-3.9.11\bin;C:\Program Files\Java\jdk-17\bin;C:\Python313\Scripts\;C:\Python313\;C:\Program Files\Common Files\Oracle\Java\javapath;C:\Program Files (x86)\Common Files\Oracle\Java\java8path;C:\Program Files (x86)\Common Files\Oracle\Java\javapath;C:\WINDOWS\system32;C:\WINDOWS;C:\WINDOWS\System32\Wbem;C:\WINDOWS\System32\WindowsPowerShell\v1.0\;C:\WINDOWS\System32\OpenSSH\;C:\Program Files (x86)\Microsoft SQL Server\160\Tools\Binn\;C:\Program Files\Microsoft SQL Server\160\Tools\Binn\;C:\Program Files\Microsoft SQL Server\Client SDK\ODBC\170\Tools\Binn\;C:\Program Files\Microsoft SQL Server\160\DTS\Binn\;C:\Program Files\Git\cmd;C:\xampp\php;C:\ProgramData\ComposerSetup\bin;C:\Program Files (x86)\Incredibuild;C:\Program Files (x86)\Windows Kits\10\Windows Performance Toolkit\;C:\Users\josuesitoe\Downloads\platform-tools-latest-windows\platform-tools;C:\Program Files\nodejs\;C:\ProgramData\chocolatey\bin;C:\flutter\bin;C:\Program Files\dotnet\;C:\Program Files\Java\jdk-17\bin;C:\Users\josuesitoe\AppData\Local\Programs\Microsoft VS Code\bin;C:\Users\josuesitoe\.dotnet\tools;C:\ProgramData\chocolatey\lib\maven\apache-maven-3.9.11\bin;C:\Users\josuesitoe\AppData\Local\Programs\Microsoft VS Code\bin;C:\Users\josuesitoe\.dotnet\tools;C:\ProgramData\chocolatey\lib\maven\apache-maven-3.9.11\bin
USERNAME=josuesitoe
OS=Windows_NT
PROCESSOR_IDENTIFIER=AMD64 Family 23 Model 104 Stepping 1, AuthenticAMD
TMP=C:\Users\JOSUES~1\AppData\Local\Temp
TEMP=C:\Users\JOSUES~1\AppData\Local\Temp




Periodic native trim disabled

---------------  S Y S T E M  ---------------

OS:
 Windows 11 , 64 bit Build 26100 (10.0.26100.6725)
OS uptime: 3 days 0:00 hours
Hyper-V role detected

CPU: total 16 (initial active 16) (16 cores per cpu, 2 threads per core) family 23 model 104 stepping 1 microcode 0x8608103, cx8, cmov, fxsr, ht, mmx, 3dnowpref, sse, sse2, sse3, ssse3, sse4a, sse4.1, sse4.2, popcnt, lzcnt, tsc, tscinvbit, avx, avx2, aes, clmul, bmi1, bmi2, adx, sha, fma, vzeroupper, clflush, clflushopt, hv, rdtscp, rdpid, f16c
Processor Information for the first 16 processors :
  Max Mhz: 1801, Current Mhz: 1801, Mhz Limit: 1801

Memory: 4k page, system-wide physical 5989M (1028M free)
TotalPageFile size 24421M (AvailPageFile size 1M)
current process WorkingSet (physical memory assigned to process): 48M, peak: 430M
current process commit charge ("private bytes"): 698M, peak: 705M

vm_info: OpenJDK 64-Bit Server VM (21.0.8+9-LTS) for windows-amd64 JRE (21.0.8+9-LTS), built on 2025-07-15T00:00:00Z by "admin" with MS VC++ 17.7 (VS2022)

END.
