#
# There is insufficient memory for the Java Runtime Environment to continue.
# Native memory allocation (malloc) failed to allocate 1358736 bytes. Error detail: Chunk::new
# Possible reasons:
#   The system is out of physical RAM or swap space
#   This process is running with CompressedOops enabled, and the Java Heap may be blocking the growth of the native heap
# Possible solutions:
#   Reduce memory load on the system
#   Increase physical memory or swap space
#   Check if swap backing store is full
#   Decrease Java heap size (-Xmx/-Xms)
#   Decrease number of Java threads
#   Decrease Java thread stack sizes (-Xss)
#   Set larger code cache with -XX:ReservedCodeCacheSize=
#   JVM is running with Unscaled Compressed Oops mode in which the Java heap is
#     placed in the first 4GB address space. The Java Heap base address is the
#     maximum limit for the native heap growth. Please use -XX:HeapBaseMinAddress
#     to set the Java Heap base and to place the Java Heap above 4GB virtual address.
# This output file may be truncated or incomplete.
#
#  Out of Memory Error (arena.cpp:168), pid=31712, tid=20676
#
# JRE version: OpenJDK Runtime Environment Temurin-21.0.8+9 (21.0.8+9) (build 21.0.8+9-LTS)
# Java VM: OpenJDK 64-Bit Server VM Temurin-21.0.8+9 (21.0.8+9-LTS, mixed mode, sharing, tiered, compressed oops, compressed class ptrs, parallel gc, windows-amd64)
# No core dump will be written. Minidumps are not enabled by default on client versions of Windows
#

---------------  S U M M A R Y ------------

Command Line: --add-modules=ALL-SYSTEM --add-opens=java.base/java.util=ALL-UNNAMED --add-opens=java.base/java.lang=ALL-UNNAMED --add-opens=java.base/sun.nio.fs=ALL-UNNAMED -Declipse.application=org.eclipse.jdt.ls.core.id1 -Dosgi.bundles.defaultStartLevel=4 -Declipse.product=org.eclipse.jdt.ls.core.product -Djava.import.generatesMetadataFilesAtProjectRoot=false -DDetectVMInstallationsJob.disabled=true -Dfile.encoding=utf8 -XX:+UseParallelGC -XX:GCTimeRatio=4 -XX:AdaptiveSizePolicyWeight=90 -Dsun.zip.disableMemoryMapping=true -Xmx2G -Xms100m -Xlog:disable -javaagent:c:\Users\josuesitoe\.vscode\extensions\redhat.java-1.46.0-win32-x64\lombok\lombok-1.18.39-4050.jar -XX:+HeapDumpOnOutOfMemoryError -XX:HeapDumpPath=c:\Users\josuesitoe\AppData\Roaming\Code\User\workspaceStorage\b6a6d4d9d6201c9de0d0fbad05277ae1\redhat.java -Daether.dependencyCollector.impl=bf c:\Users\josuesitoe\.vscode\extensions\redhat.java-1.46.0-win32-x64\server\plugins\org.eclipse.equinox.launcher_1.7.0.v20250519-0528.jar -configuration c:\Users\josuesitoe\AppData\Roaming\Code\User\globalStorage\redhat.java\1.46.0\config_win -data c:\Users\josuesitoe\AppData\Roaming\Code\User\workspaceStorage\b6a6d4d9d6201c9de0d0fbad05277ae1\redhat.java\jdt_ws --pipe=\\.\pipe\lsp-be7167f20ea48bed80805888e5f3cac4-sock

Host: AMD Ryzen 7 5700U with Radeon Graphics         , 16 cores, 5G,  Windows 11 , 64 bit Build 26100 (10.0.26100.6725)
Time: Wed Oct 29 23:42:27 2025 South Africa Standard Time elapsed time: 122.363135 seconds (0d 0h 2m 2s)

---------------  T H R E A D  ---------------

Current thread (0x000001bafeb97b50):  JavaThread "C2 CompilerThread0" daemon [_thread_in_native, id=20676, stack(0x0000003958400000,0x0000003958500000) (1024K)]


Current CompileTask:
C2:122363 16295       4       org.eclipse.jdt.internal.compiler.lookup.LookupEnvironment::getAnalysisAnnotationBit (323 bytes)

Stack: [0x0000003958400000,0x0000003958500000]
Native frames: (J=compiled Java code, j=interpreted, Vv=VM code, C=native code)
V  [jvm.dll+0x6d2449]
V  [jvm.dll+0x8ae341]
V  [jvm.dll+0x8b08be]
V  [jvm.dll+0x8b0fa3]
V  [jvm.dll+0x280c96]
V  [jvm.dll+0xc581d]
V  [jvm.dll+0xc5d53]
V  [jvm.dll+0x3b9162]
V  [jvm.dll+0x385315]
V  [jvm.dll+0x38477a]
V  [jvm.dll+0x248ed0]
V  [jvm.dll+0x2484af]
V  [jvm.dll+0x1c89ee]
V  [jvm.dll+0x257d4d]
V  [jvm.dll+0x2562ea]
V  [jvm.dll+0x3f2d16]
V  [jvm.dll+0x857e6b]
V  [jvm.dll+0x6d0b0d]
C  [ucrtbase.dll+0x37b0]
C  [KERNEL32.DLL+0x2e8d7]
C  [ntdll.dll+0x8c53c]


---------------  P R O C E S S  ---------------

Threads class SMR info:
_java_thread_list=0x000001bad94fc3c0, length=105, elements={
0x000001baf3b3aab0, 0x000001baf5dedf20, 0x000001baf5ee3c70, 0x000001baf5eeb530,
0x000001baf5eec180, 0x000001baf5ef1940, 0x000001baf5efa620, 0x000001bafeb97b50,
0x000001bafeb99300, 0x000001baf5efcd80, 0x000001baf5ef9f90, 0x000001baf5efacb0,
0x000001baf5ef9900, 0x000001baf5efb9d0, 0x000001baf5efc060, 0x000001baf5efb340,
0x000001baf5efc6f0, 0x000001bad579cc70, 0x000001bad579c5e0, 0x000001bad579d990,
0x000001bad579b8c0, 0x000001bad579e020, 0x000001bad579bf50, 0x000001bad57a0780,
0x000001bad57a14a0, 0x000001bad57a2ee0, 0x000001bad57a1b30, 0x000001bad57a21c0,
0x000001bad57a00f0, 0x000001bad57a0e10, 0x000001bad579fa60, 0x000001bad57a2850,
0x000001bad7e15bf0, 0x000001bad7e16280, 0x000001bad7e17630, 0x000001bad7e18350,
0x000001bad7e17cc0, 0x000001bad7e14ed0, 0x000001bad7e189e0, 0x000001bad7e15560,
0x000001bad7e19070, 0x000001bad7e19700, 0x000001bad7e19d90, 0x000001bad7e16910,
0x000001bad7e1a420, 0x000001bad7e16fa0, 0x000001bad7e1aab0, 0x000001bad7e1b7d0,
0x000001bad7e1b140, 0x000001bad7e1be60, 0x000001bad7e1c4f0, 0x000001bad712e7e0,
0x000001bad712ee70, 0x000001bad712c080, 0x000001bad712d430, 0x000001bad712f500,
0x000001bad712c710, 0x000001bad712cda0, 0x000001bad7130220, 0x000001bad71308b0,
0x000001bad712fb90, 0x000001bad7130f40, 0x000001bad712dac0, 0x000001bad71336a0,
0x000001bad71322f0, 0x000001bad7133010, 0x000001bad7132980, 0x000001bad71315d0,
0x000001bad7131c60, 0x000001bad5eb5ac0, 0x000001bad5eb6150, 0x000001bad5eb4da0,
0x000001bad5eb4080, 0x000001bad5eb7b90, 0x000001bad5eb5430, 0x000001bad5eb4710,
0x000001bad5eb6e70, 0x000001bad5eb9c60, 0x000001bad5eb8f40, 0x000001bad5eb8220,
0x000001bad5eb7500, 0x000001bad5eb88b0, 0x000001bad5eb67e0, 0x000001bad5eba2f0,
0x000001bad5eba980, 0x000001bad5ebb010, 0x000001bad5ebb6a0, 0x000001bad8d70d90,
0x000001bad8d71ab0, 0x000001bad8d734f0, 0x000001bad8d72140, 0x000001bad8d70700,
0x000001bad8d71420, 0x000001bad8d727d0, 0x000001bad8d70070, 0x000001bad8d75c50,
0x000001bad8d76970, 0x000001bad8d73b80, 0x000001bad8d74f30, 0x000001bad8d762e0,
0x000001bad8d748a0, 0x000001bad5294500, 0x000001baddab6d10, 0x000001baddab80c0,
0x000001bad52922f0
}

Java Threads: ( => current thread )
  0x000001baf3b3aab0 JavaThread "main"                              [_thread_blocked, id=24696, stack(0x0000003957a00000,0x0000003957b00000) (1024K)]
  0x000001baf5dedf20 JavaThread "Reference Handler"          daemon [_thread_blocked, id=28368, stack(0x0000003957e00000,0x0000003957f00000) (1024K)]
  0x000001baf5ee3c70 JavaThread "Finalizer"                  daemon [_thread_blocked, id=23932, stack(0x0000003957f00000,0x0000003958000000) (1024K)]
  0x000001baf5eeb530 JavaThread "Signal Dispatcher"          daemon [_thread_blocked, id=27500, stack(0x0000003958000000,0x0000003958100000) (1024K)]
  0x000001baf5eec180 JavaThread "Attach Listener"            daemon [_thread_blocked, id=9960, stack(0x0000003958100000,0x0000003958200000) (1024K)]
  0x000001baf5ef1940 JavaThread "Service Thread"             daemon [_thread_blocked, id=21140, stack(0x0000003958200000,0x0000003958300000) (1024K)]
  0x000001baf5efa620 JavaThread "Monitor Deflation Thread"   daemon [_thread_blocked, id=14540, stack(0x0000003958300000,0x0000003958400000) (1024K)]
=>0x000001bafeb97b50 JavaThread "C2 CompilerThread0"         daemon [_thread_in_native, id=20676, stack(0x0000003958400000,0x0000003958500000) (1024K)]
  0x000001bafeb99300 JavaThread "C1 CompilerThread0"         daemon [_thread_blocked, id=30244, stack(0x0000003958500000,0x0000003958600000) (1024K)]
  0x000001baf5efcd80 JavaThread "Common-Cleaner"             daemon [_thread_blocked, id=28364, stack(0x0000003958600000,0x0000003958700000) (1024K)]
  0x000001baf5ef9f90 JavaThread "Notification Thread"        daemon [_thread_blocked, id=24744, stack(0x0000003958b00000,0x0000003958c00000) (1024K)]
  0x000001baf5efacb0 JavaThread "Active Thread: Equinox Container: a7eeb9f5-e361-4478-bbef-9497e934f02b"        [_thread_blocked, id=23804, stack(0x0000003959200000,0x0000003959300000) (1024K)]
  0x000001baf5ef9900 JavaThread "Refresh Thread: Equinox Container: a7eeb9f5-e361-4478-bbef-9497e934f02b" daemon [_thread_blocked, id=7816, stack(0x0000003959400000,0x0000003959500000) (1024K)]
  0x000001baf5efb9d0 JavaThread "Framework Event Dispatcher: Equinox Container: a7eeb9f5-e361-4478-bbef-9497e934f02b" daemon [_thread_blocked, id=26640, stack(0x0000003959500000,0x0000003959600000) (1024K)]
  0x000001baf5efc060 JavaThread "Start Level: Equinox Container: a7eeb9f5-e361-4478-bbef-9497e934f02b" daemon [_thread_blocked, id=8, stack(0x0000003959600000,0x0000003959700000) (1024K)]
  0x000001baf5efb340 JavaThread "Bundle File Closer"         daemon [_thread_blocked, id=29848, stack(0x0000003959a00000,0x0000003959b00000) (1024K)]
  0x000001baf5efc6f0 JavaThread "SCR Component Actor"        daemon [_thread_blocked, id=29412, stack(0x0000003959b00000,0x0000003959c00000) (1024K)]
  0x000001bad579cc70 JavaThread "Worker-JM"                         [_thread_blocked, id=20896, stack(0x0000003959d00000,0x0000003959e00000) (1024K)]
  0x000001bad579c5e0 JavaThread "JNA Cleaner"                daemon [_thread_blocked, id=14504, stack(0x0000003958a00000,0x0000003958b00000) (1024K)]
  0x000001bad579d990 JavaThread "Worker-2"                          [_thread_blocked, id=5308, stack(0x000000395a100000,0x000000395a200000) (1024K)]
  0x000001bad579b8c0 JavaThread "Worker-3"                          [_thread_blocked, id=22364, stack(0x000000395a300000,0x000000395a400000) (1024K)]
  0x000001bad579e020 JavaThread "Java indexing"              daemon [_thread_blocked, id=18872, stack(0x000000395a400000,0x000000395a500000) (1024K)]
  0x000001bad579bf50 JavaThread "Thread-1"                   daemon [_thread_in_native, id=20868, stack(0x000000395aa00000,0x000000395ab00000) (1024K)]
  0x000001bad57a0780 JavaThread "Thread-2"                   daemon [_thread_in_native, id=26324, stack(0x000000395ab00000,0x000000395ac00000) (1024K)]
  0x000001bad57a14a0 JavaThread "Thread-3"                   daemon [_thread_in_native, id=30948, stack(0x000000395ac00000,0x000000395ad00000) (1024K)]
  0x000001bad57a2ee0 JavaThread "Thread-4"                   daemon [_thread_in_native, id=8324, stack(0x000000395ad00000,0x000000395ae00000) (1024K)]
  0x000001bad57a1b30 JavaThread "Thread-5"                   daemon [_thread_in_native, id=12896, stack(0x000000395ae00000,0x000000395af00000) (1024K)]
  0x000001bad57a21c0 JavaThread "Thread-6"                   daemon [_thread_in_native, id=12784, stack(0x000000395af00000,0x000000395b000000) (1024K)]
  0x000001bad57a00f0 JavaThread "Thread-7"                   daemon [_thread_in_native, id=28756, stack(0x000000395b000000,0x000000395b100000) (1024K)]
  0x000001bad57a0e10 JavaThread "Thread-8"                   daemon [_thread_in_native, id=11632, stack(0x000000395b100000,0x000000395b200000) (1024K)]
  0x000001bad579fa60 JavaThread "Thread-9"                   daemon [_thread_in_native, id=31448, stack(0x000000395b200000,0x000000395b300000) (1024K)]
  0x000001bad57a2850 JavaThread "Thread-10"                  daemon [_thread_in_native, id=26876, stack(0x000000395b300000,0x000000395b400000) (1024K)]
  0x000001bad7e15bf0 JavaThread "Thread-11"                  daemon [_thread_in_native, id=12588, stack(0x000000395b400000,0x000000395b500000) (1024K)]
  0x000001bad7e16280 JavaThread "Thread-12"                  daemon [_thread_in_native, id=5764, stack(0x000000395b500000,0x000000395b600000) (1024K)]
  0x000001bad7e17630 JavaThread "Thread-13"                  daemon [_thread_in_native, id=10252, stack(0x000000395b600000,0x000000395b700000) (1024K)]
  0x000001bad7e18350 JavaThread "Thread-14"                  daemon [_thread_in_native, id=12608, stack(0x000000395b700000,0x000000395b800000) (1024K)]
  0x000001bad7e17cc0 JavaThread "Thread-15"                  daemon [_thread_in_native, id=26096, stack(0x000000395b800000,0x000000395b900000) (1024K)]
  0x000001bad7e14ed0 JavaThread "Thread-16"                  daemon [_thread_in_native, id=22520, stack(0x000000395b900000,0x000000395ba00000) (1024K)]
  0x000001bad7e189e0 JavaThread "Thread-17"                  daemon [_thread_in_native, id=14696, stack(0x000000395ba00000,0x000000395bb00000) (1024K)]
  0x000001bad7e15560 JavaThread "pool-2-thread-1"                   [_thread_blocked, id=26148, stack(0x000000395bb00000,0x000000395bc00000) (1024K)]
  0x000001bad7e19070 JavaThread "ForkJoinPool.commonPool-worker-1" daemon [_thread_blocked, id=23432, stack(0x000000395bc00000,0x000000395bd00000) (1024K)]
  0x000001bad7e19700 JavaThread "ForkJoinPool.commonPool-worker-2" daemon [_thread_blocked, id=31148, stack(0x000000395bd00000,0x000000395be00000) (1024K)]
  0x000001bad7e19d90 JavaThread "ForkJoinPool.commonPool-worker-3" daemon [_thread_blocked, id=10740, stack(0x000000395be00000,0x000000395bf00000) (1024K)]
  0x000001bad7e16910 JavaThread "ForkJoinPool.commonPool-worker-4" daemon [_thread_blocked, id=5924, stack(0x000000395bf00000,0x000000395c000000) (1024K)]
  0x000001bad7e1a420 JavaThread "ForkJoinPool.commonPool-worker-5" daemon [_thread_blocked, id=26500, stack(0x000000395c000000,0x000000395c100000) (1024K)]
  0x000001bad7e16fa0 JavaThread "ForkJoinPool.commonPool-worker-6" daemon [_thread_blocked, id=19448, stack(0x000000395c100000,0x000000395c200000) (1024K)]
  0x000001bad7e1aab0 JavaThread "ForkJoinPool.commonPool-worker-7" daemon [_thread_blocked, id=24840, stack(0x000000395c200000,0x000000395c300000) (1024K)]
  0x000001bad7e1b7d0 JavaThread "ForkJoinPool.commonPool-worker-8" daemon [_thread_blocked, id=9856, stack(0x000000395c300000,0x000000395c400000) (1024K)]
  0x000001bad7e1b140 JavaThread "ForkJoinPool.commonPool-worker-9" daemon [_thread_blocked, id=14072, stack(0x000000395c400000,0x000000395c500000) (1024K)]
  0x000001bad7e1be60 JavaThread "WorkspaceEventsHandler"            [_thread_blocked, id=11684, stack(0x000000395c500000,0x000000395c600000) (1024K)]
  0x000001bad7e1c4f0 JavaThread "pool-1-thread-1"                   [_thread_blocked, id=16036, stack(0x000000395c600000,0x000000395c700000) (1024K)]
  0x000001bad712e7e0 JavaThread "LocalFile Deleter"          daemon [_thread_blocked, id=13952, stack(0x000000395c800000,0x000000395c900000) (1024K)]
  0x000001bad712ee70 JavaThread "LocalFile Deleter"          daemon [_thread_blocked, id=9288, stack(0x000000395c900000,0x000000395ca00000) (1024K)]
  0x000001bad712c080 JavaThread "LocalFile Deleter"          daemon [_thread_blocked, id=23760, stack(0x000000395ca00000,0x000000395cb00000) (1024K)]
  0x000001bad712d430 JavaThread "LocalFile Deleter"          daemon [_thread_blocked, id=26816, stack(0x000000395cb00000,0x000000395cc00000) (1024K)]
  0x000001bad712f500 JavaThread "LocalFile Deleter"          daemon [_thread_blocked, id=3172, stack(0x000000395cc00000,0x000000395cd00000) (1024K)]
  0x000001bad712c710 JavaThread "LocalFile Deleter"          daemon [_thread_blocked, id=26476, stack(0x000000395cd00000,0x000000395ce00000) (1024K)]
  0x000001bad712cda0 JavaThread "LocalFile Deleter"          daemon [_thread_blocked, id=16908, stack(0x000000395ce00000,0x000000395cf00000) (1024K)]
  0x000001bad7130220 JavaThread "LocalFile Deleter"          daemon [_thread_blocked, id=16200, stack(0x000000395cf00000,0x000000395d000000) (1024K)]
  0x000001bad71308b0 JavaThread "LocalFile Deleter"          daemon [_thread_blocked, id=12000, stack(0x000000395d000000,0x000000395d100000) (1024K)]
  0x000001bad712fb90 JavaThread "LocalFile Deleter"          daemon [_thread_blocked, id=21480, stack(0x000000395d100000,0x000000395d200000) (1024K)]
  0x000001bad7130f40 JavaThread "LocalFile Deleter"          daemon [_thread_blocked, id=12700, stack(0x000000395d200000,0x000000395d300000) (1024K)]
  0x000001bad712dac0 JavaThread "LocalFile Deleter"          daemon [_thread_blocked, id=23356, stack(0x000000395d300000,0x000000395d400000) (1024K)]
  0x000001bad71336a0 JavaThread "LocalFile Deleter"          daemon [_thread_blocked, id=2528, stack(0x000000395d400000,0x000000395d500000) (1024K)]
  0x000001bad71322f0 JavaThread "LocalFile Deleter"          daemon [_thread_blocked, id=19832, stack(0x000000395d500000,0x000000395d600000) (1024K)]
  0x000001bad7133010 JavaThread "LocalFile Deleter"          daemon [_thread_blocked, id=4168, stack(0x000000395d600000,0x000000395d700000) (1024K)]
  0x000001bad7132980 JavaThread "Compiler Source File Reader" daemon [_thread_blocked, id=24128, stack(0x000000395d700000,0x000000395d800000) (1024K)]
  0x000001bad71315d0 JavaThread "Compiler Source File Reader" daemon [_thread_blocked, id=3228, stack(0x000000395d800000,0x000000395d900000) (1024K)]
  0x000001bad7131c60 JavaThread "Compiler Source File Reader" daemon [_thread_blocked, id=30972, stack(0x000000395d900000,0x000000395da00000) (1024K)]
  0x000001bad5eb5ac0 JavaThread "Compiler Source File Reader" daemon [_thread_blocked, id=14708, stack(0x000000395da00000,0x000000395db00000) (1024K)]
  0x000001bad5eb6150 JavaThread "Compiler Source File Reader" daemon [_thread_blocked, id=9724, stack(0x000000395db00000,0x000000395dc00000) (1024K)]
  0x000001bad5eb4da0 JavaThread "Compiler Source File Reader" daemon [_thread_blocked, id=21852, stack(0x000000395dc00000,0x000000395dd00000) (1024K)]
  0x000001bad5eb4080 JavaThread "Compiler Source File Reader" daemon [_thread_blocked, id=29756, stack(0x000000395dd00000,0x000000395de00000) (1024K)]
  0x000001bad5eb7b90 JavaThread "Compiler Source File Reader" daemon [_thread_blocked, id=9916, stack(0x000000395de00000,0x000000395df00000) (1024K)]
  0x000001bad5eb5430 JavaThread "Compiler Source File Reader" daemon [_thread_blocked, id=20420, stack(0x000000395df00000,0x000000395e000000) (1024K)]
  0x000001bad5eb4710 JavaThread "Compiler Source File Reader" daemon [_thread_blocked, id=28040, stack(0x000000395e000000,0x000000395e100000) (1024K)]
  0x000001bad5eb6e70 JavaThread "Compiler Source File Reader" daemon [_thread_blocked, id=28784, stack(0x000000395e100000,0x000000395e200000) (1024K)]
  0x000001bad5eb9c60 JavaThread "Compiler Source File Reader" daemon [_thread_blocked, id=7588, stack(0x000000395e200000,0x000000395e300000) (1024K)]
  0x000001bad5eb8f40 JavaThread "Compiler Source File Reader" daemon [_thread_blocked, id=13948, stack(0x000000395e300000,0x000000395e400000) (1024K)]
  0x000001bad5eb8220 JavaThread "Compiler Class File Writer" daemon [_thread_blocked, id=21236, stack(0x000000395e500000,0x000000395e600000) (1024K)]
  0x000001bad5eb7500 JavaThread "Compiler Class File Writer" daemon [_thread_blocked, id=5420, stack(0x000000395e600000,0x000000395e700000) (1024K)]
  0x000001bad5eb88b0 JavaThread "Compiler Class File Writer" daemon [_thread_blocked, id=11800, stack(0x000000395e700000,0x000000395e800000) (1024K)]
  0x000001bad5eb67e0 JavaThread "Compiler Class File Writer" daemon [_thread_blocked, id=9332, stack(0x000000395e800000,0x000000395e900000) (1024K)]
  0x000001bad5eba2f0 JavaThread "Compiler Class File Writer" daemon [_thread_blocked, id=19144, stack(0x000000395e900000,0x000000395ea00000) (1024K)]
  0x000001bad5eba980 JavaThread "Compiler Class File Writer" daemon [_thread_blocked, id=30196, stack(0x000000395ea00000,0x000000395eb00000) (1024K)]
  0x000001bad5ebb010 JavaThread "Compiler Class File Writer" daemon [_thread_blocked, id=29528, stack(0x000000395eb00000,0x000000395ec00000) (1024K)]
  0x000001bad5ebb6a0 JavaThread "Compiler Class File Writer" daemon [_thread_blocked, id=27504, stack(0x000000395ec00000,0x000000395ed00000) (1024K)]
  0x000001bad8d70d90 JavaThread "Compiler Class File Writer" daemon [_thread_blocked, id=6140, stack(0x000000395ed00000,0x000000395ee00000) (1024K)]
  0x000001bad8d71ab0 JavaThread "Compiler Class File Writer" daemon [_thread_blocked, id=20804, stack(0x000000395ee00000,0x000000395ef00000) (1024K)]
  0x000001bad8d734f0 JavaThread "Compiler Class File Writer" daemon [_thread_blocked, id=12816, stack(0x000000395ef00000,0x000000395f000000) (1024K)]
  0x000001bad8d72140 JavaThread "Compiler Class File Writer" daemon [_thread_blocked, id=3136, stack(0x000000395f000000,0x000000395f100000) (1024K)]
  0x000001bad8d70700 JavaThread "Compiler Class File Writer" daemon [_thread_blocked, id=25568, stack(0x000000395f100000,0x000000395f200000) (1024K)]
  0x000001bad8d71420 JavaThread "Compiler Class File Writer" daemon [_thread_blocked, id=14684, stack(0x000000395f200000,0x000000395f300000) (1024K)]
  0x000001bad8d727d0 JavaThread "Compiler Source File Reader" daemon [_thread_blocked, id=25656, stack(0x000000395f300000,0x000000395f400000) (1024K)]
  0x000001bad8d70070 JavaThread "ForkJoinPool.commonPool-worker-10" daemon [_thread_blocked, id=25760, stack(0x000000395f400000,0x000000395f500000) (1024K)]
  0x000001bad8d75c50 JavaThread "ForkJoinPool.commonPool-worker-11" daemon [_thread_blocked, id=1452, stack(0x000000395f500000,0x000000395f600000) (1024K)]
  0x000001bad8d76970 JavaThread "ForkJoinPool.commonPool-worker-12" daemon [_thread_blocked, id=13712, stack(0x000000395f600000,0x000000395f700000) (1024K)]
  0x000001bad8d73b80 JavaThread "ForkJoinPool.commonPool-worker-13" daemon [_thread_blocked, id=29408, stack(0x000000395f700000,0x000000395f800000) (1024K)]
  0x000001bad8d74f30 JavaThread "ForkJoinPool.commonPool-worker-14" daemon [_thread_blocked, id=4244, stack(0x000000395f800000,0x000000395f900000) (1024K)]
  0x000001bad8d762e0 JavaThread "ForkJoinPool.commonPool-worker-15" daemon [_thread_blocked, id=22604, stack(0x000000395f900000,0x000000395fa00000) (1024K)]
  0x000001bad8d748a0 JavaThread "Cleaner-0"                  daemon [_thread_blocked, id=12900, stack(0x000000395fa00000,0x000000395fb00000) (1024K)]
  0x000001bad5294500 JavaThread "C1 CompilerThread1"         daemon [_thread_blocked, id=30640, stack(0x0000003957700000,0x0000003957800000) (1024K)]
  0x000001baddab6d10 JavaThread "Worker-6"                          [_thread_blocked, id=7616, stack(0x0000003957900000,0x0000003957a00000) (1024K)]
  0x000001baddab80c0 JavaThread "Compiler Processing Task"   daemon [_thread_blocked, id=19840, stack(0x0000003958700000,0x0000003958800000) (1024K)]
  0x000001bad52922f0 JavaThread "C2 CompilerThread1"         daemon [_thread_blocked, id=24964, stack(0x0000003957800000,0x0000003957900000) (1024K)]
Total: 105

Other Threads:
  0x000001baf5dd4190 VMThread "VM Thread"                           [id=5436, stack(0x0000003957d00000,0x0000003957e00000) (1024K)]
  0x000001baf5eb12f0 WatcherThread "VM Periodic Task Thread"        [id=28224, stack(0x0000003957c00000,0x0000003957d00000) (1024K)]
  0x000001baf5e5f650 WorkerThread "GC Thread#0"                     [id=27896, stack(0x0000003957b00000,0x0000003957c00000) (1024K)]
  0x000001bad05da990 WorkerThread "GC Thread#1"                     [id=20748, stack(0x0000003958c00000,0x0000003958d00000) (1024K)]
  0x000001bad057cf50 WorkerThread "GC Thread#2"                     [id=30524, stack(0x0000003958d00000,0x0000003958e00000) (1024K)]
  0x000001bad057d2f0 WorkerThread "GC Thread#3"                     [id=8668, stack(0x0000003958e00000,0x0000003958f00000) (1024K)]
  0x000001bad057d690 WorkerThread "GC Thread#4"                     [id=23724, stack(0x0000003958f00000,0x0000003959000000) (1024K)]
  0x000001bad087e2d0 WorkerThread "GC Thread#5"                     [id=23032, stack(0x0000003959000000,0x0000003959100000) (1024K)]
  0x000001bad0a079e0 WorkerThread "GC Thread#6"                     [id=13244, stack(0x0000003959100000,0x0000003959200000) (1024K)]
  0x000001bad0a07640 WorkerThread "GC Thread#7"                     [id=18112, stack(0x0000003959300000,0x0000003959400000) (1024K)]
  0x000001bad0a06b60 WorkerThread "GC Thread#8"                     [id=25708, stack(0x0000003959700000,0x0000003959800000) (1024K)]
  0x000001bad0a08120 WorkerThread "GC Thread#9"                     [id=31020, stack(0x0000003959800000,0x0000003959900000) (1024K)]
  0x000001bad0a06f00 WorkerThread "GC Thread#10"                    [id=12656, stack(0x0000003959900000,0x0000003959a00000) (1024K)]
  0x000001bad0a072a0 WorkerThread "GC Thread#11"                    [id=20856, stack(0x0000003959c00000,0x0000003959d00000) (1024K)]
  0x000001bad5a743a0 WorkerThread "GC Thread#12"                    [id=23140, stack(0x0000003959e00000,0x0000003959f00000) (1024K)]
Total: 15

Threads with active compile tasks:
C2 CompilerThread0  122419 16295       4       org.eclipse.jdt.internal.compiler.lookup.LookupEnvironment::getAnalysisAnnotationBit (323 bytes)
Total: 1

VM state: not at safepoint (normal execution)

VM Mutex/Monitor currently owned by a thread: None

Heap address: 0x0000000080000000, size: 2048 MB, Compressed Oops mode: 32-bit

CDS archive(s) mapped at: [0x000001ba8f000000-0x000001ba8fba0000-0x000001ba8fba0000), size 12189696, SharedBaseAddress: 0x000001ba8f000000, ArchiveRelocationMode: 1.
Compressed class space mapped at: 0x000001ba90000000-0x000001bad0000000, reserved size: 1073741824
Narrow klass base: 0x000001ba8f000000, Narrow klass shift: 0, Narrow klass range: 0x100000000

GC Precious Log:
 CardTable entry size: 512
 CPUs: 16 total, 16 available
 Memory: 5989M
 Large Page Support: Disabled
 NUMA Support: Disabled
 Compressed Oops: Enabled (32-bit)
 Alignments: Space 512K, Generation 512K, Heap 2M
 Heap Min Capacity: 100M
 Heap Initial Capacity: 100M
 Heap Max Capacity: 2G
 Pre-touch: Disabled
 Parallel Workers: 13

Heap:
 PSYoungGen      total 3584K, used 2599K [0x00000000d5580000, 0x00000000d5a00000, 0x0000000100000000)
  eden space 2560K, 73% used [0x00000000d5580000,0x00000000d5755408,0x00000000d5800000)
  from space 1024K, 70% used [0x00000000d5800000,0x00000000d58b4b28,0x00000000d5900000)
  to   space 1024K, 0% used [0x00000000d5900000,0x00000000d5900000,0x00000000d5a00000)
 ParOldGen       total 224256K, used 223809K [0x0000000080000000, 0x000000008db00000, 0x00000000d5580000)
  object space 224256K, 99% used [0x0000000080000000,0x000000008da90410,0x000000008db00000)
 Metaspace       used 75550K, committed 77120K, reserved 1179648K
  class space    used 7800K, committed 8448K, reserved 1048576K

Card table byte_map: [0x000001baf57e0000,0x000001baf5bf0000] _byte_map_base: 0x000001baf53e0000

Marking Bits: (ParMarkBitMap*) 0x00007ffccb93a340
 Begin Bits: [0x000001baf92e0000, 0x000001bafb2e0000)
 End Bits:   [0x000001bafb2e0000, 0x000001bafd2e0000)

Polling page: 0x000001baf5550000

Metaspace:

Usage:
  Non-class:     66.16 MB used.
      Class:      7.62 MB used.
       Both:     73.78 MB used.

Virtual space:
  Non-class space:      128.00 MB reserved,      67.06 MB ( 52%) committed,  2 nodes.
      Class space:        1.00 GB reserved,       8.25 MB ( <1%) committed,  1 nodes.
             Both:        1.12 GB reserved,      75.31 MB (  7%) committed. 

Chunk freelists:
   Non-Class:  12.23 MB
       Class:  7.62 MB
        Both:  19.86 MB

MaxMetaspaceSize: unlimited
CompressedClassSpaceSize: 1.00 GB
Initial GC threshold: 21.00 MB
Current GC threshold: 97.31 MB
CDS: on
 - commit_granule_bytes: 65536.
 - commit_granule_words: 8192.
 - virtual_space_node_default_size: 8388608.
 - enlarge_chunks_in_place: 1.
 - use_allocation_guard: 0.


Internal statistics:

num_allocs_failed_limit: 11.
num_arena_births: 1446.
num_arena_deaths: 22.
num_vsnodes_births: 3.
num_vsnodes_deaths: 0.
num_space_committed: 1205.
num_space_uncommitted: 0.
num_chunks_returned_to_freelist: 37.
num_chunks_taken_from_freelist: 5341.
num_chunk_merges: 20.
num_chunk_splits: 3123.
num_chunks_enlarged: 1540.
num_inconsistent_stats: 0.

CodeHeap 'non-profiled nmethods': size=119168Kb used=11322Kb max_used=11322Kb free=107845Kb
 bounds [0x000001ba87ba0000, 0x000001ba886b0000, 0x000001ba8f000000]
CodeHeap 'profiled nmethods': size=119104Kb used=36985Kb max_used=36985Kb free=82118Kb
 bounds [0x000001ba80000000, 0x000001ba82420000, 0x000001ba87450000]
CodeHeap 'non-nmethods': size=7488Kb used=2037Kb max_used=3237Kb free=5450Kb
 bounds [0x000001ba87450000, 0x000001ba87790000, 0x000001ba87ba0000]
CodeCache: size=245760Kb, used=50344Kb, max_used=51544Kb, free=195413Kb
 total_blobs=16368, nmethods=15576, adapters=693, full_count=0
Compilation: enabled, stopped_count=0, restarted_count=0

Compilation events (20 events):
Event: 121.283 Thread 0x000001bafeb99300 nmethod 16294 0x000001ba8240f590 code [0x000001ba8240f740, 0x000001ba8240f880]
Event: 121.284 Thread 0x000001bafeb99300 16296       3       org.eclipse.jdt.core.dom.ASTConverter::createComment (145 bytes)
Event: 121.284 Thread 0x000001bad5294500 16297       3       org.eclipse.jdt.core.dom.Comment::<init> (11 bytes)
Event: 121.284 Thread 0x000001bad5294500 nmethod 16297 0x000001ba8240f910 code [0x000001ba8240fac0, 0x000001ba8240fc28]
Event: 121.284 Thread 0x000001bad5294500 16298       3       org.eclipse.jdt.core.dom.Comment::setAlternateRoot (10 bytes)
Event: 121.285 Thread 0x000001bad5294500 nmethod 16298 0x000001ba8240fd10 code [0x000001ba8240ff00, 0x000001ba82410298]
Event: 121.285 Thread 0x000001bafeb99300 nmethod 16296 0x000001ba82410490 code [0x000001ba82410700, 0x000001ba82410fe0]
Event: 121.285 Thread 0x000001bafeb99300 16299       3       org.eclipse.jdt.internal.compiler.util.HashtableOfObjectToTokenArray::put (104 bytes)
Event: 121.286 Thread 0x000001bafeb99300 nmethod 16299 0x000001ba82411410 code [0x000001ba82411640, 0x000001ba82411f48]
Event: 121.286 Thread 0x000001bafeb97b50 nmethod 16292 0x000001ba886ac010 code [0x000001ba886ac200, 0x000001ba886ac478]
Event: 121.286 Thread 0x000001bafeb97b50 16295       4       org.eclipse.jdt.internal.compiler.lookup.LookupEnvironment::getAnalysisAnnotationBit (323 bytes)
Event: 121.293 Thread 0x000001bad5294500 16301       3       org.eclipse.jdt.internal.corext.dom.GenericVisitor::endVisit (6 bytes)
Event: 121.293 Thread 0x000001bafeb99300 16300       3       org.eclipse.jdt.internal.compiler.ast.NameReference::isTypeReference (8 bytes)
Event: 121.293 Thread 0x000001bad5294500 nmethod 16301 0x000001ba82412290 code [0x000001ba82412440, 0x000001ba82412620]
Event: 121.293 Thread 0x000001bafeb99300 nmethod 16300 0x000001ba82412710 code [0x000001ba824128c0, 0x000001ba82412ac8]
Event: 121.586 Thread 0x000001bafeb99300 16307       3       org.eclipse.jdt.internal.core.CompilationUnitStructureRequestor::enterMethod (141 bytes)
Event: 121.586 Thread 0x000001bad5294500 16306       3       org.eclipse.jdt.internal.core.CompilationUnitStructureRequestor::convertTypeNamesToSigs (52 bytes)
Event: 121.586 Thread 0x000001bad5294500 nmethod 16306 0x000001ba82412b90 code [0x000001ba82412da0, 0x000001ba824133b0]
Event: 121.587 Thread 0x000001bafeb99300 nmethod 16307 0x000001ba82413610 code [0x000001ba82413980, 0x000001ba82415468]
Event: 121.587 Thread 0x000001bafeb99300 16311       3       org.eclipse.jdt.internal.core.CompilationUnitStructureRequestor::createMethodInfo (456 bytes)

GC Heap History (20 events):
Event: 119.611 GC heap before
{Heap before GC invocations=361 (full 3):
 PSYoungGen      total 3584K, used 3570K [0x00000000d5580000, 0x00000000d5c00000, 0x0000000100000000)
  eden space 2560K, 100% used [0x00000000d5580000,0x00000000d5800000,0x00000000d5800000)
  from space 1024K, 98% used [0x00000000d5880000,0x00000000d597cb28,0x00000000d5980000)
  to   space 2048K, 0% used [0x00000000d5a00000,0x00000000d5a00000,0x00000000d5c00000)
 ParOldGen       total 217600K, used 217529K [0x0000000080000000, 0x000000008d480000, 0x00000000d5580000)
  object space 217600K, 99% used [0x0000000080000000,0x000000008d46e460,0x000000008d480000)
 Metaspace       used 75454K, committed 76992K, reserved 1179648K
  class space    used 7800K, committed 8448K, reserved 1048576K
}
Event: 119.615 GC heap after
{Heap after GC invocations=361 (full 3):
 PSYoungGen      total 3584K, used 624K [0x00000000d5580000, 0x00000000d5b00000, 0x0000000100000000)
  eden space 2560K, 0% used [0x00000000d5580000,0x00000000d5580000,0x00000000d5800000)
  from space 1024K, 60% used [0x00000000d5a00000,0x00000000d5a9c010,0x00000000d5b00000)
  to   space 1024K, 0% used [0x00000000d5880000,0x00000000d5880000,0x00000000d5980000)
 ParOldGen       total 218624K, used 218382K [0x0000000080000000, 0x000000008d580000, 0x00000000d5580000)
  object space 218624K, 99% used [0x0000000080000000,0x000000008d543990,0x000000008d580000)
 Metaspace       used 75454K, committed 76992K, reserved 1179648K
  class space    used 7800K, committed 8448K, reserved 1048576K
}
Event: 119.637 GC heap before
{Heap before GC invocations=362 (full 3):
 PSYoungGen      total 3584K, used 3184K [0x00000000d5580000, 0x00000000d5b00000, 0x0000000100000000)
  eden space 2560K, 100% used [0x00000000d5580000,0x00000000d5800000,0x00000000d5800000)
  from space 1024K, 60% used [0x00000000d5a00000,0x00000000d5a9c010,0x00000000d5b00000)
  to   space 1024K, 0% used [0x00000000d5880000,0x00000000d5880000,0x00000000d5980000)
 ParOldGen       total 218624K, used 218382K [0x0000000080000000, 0x000000008d580000, 0x00000000d5580000)
  object space 218624K, 99% used [0x0000000080000000,0x000000008d543990,0x000000008d580000)
 Metaspace       used 75463K, committed 77056K, reserved 1179648K
  class space    used 7800K, committed 8448K, reserved 1048576K
}
Event: 119.639 GC heap after
{Heap after GC invocations=362 (full 3):
 PSYoungGen      total 3584K, used 832K [0x00000000d5580000, 0x00000000d5a80000, 0x0000000100000000)
  eden space 2560K, 0% used [0x00000000d5580000,0x00000000d5580000,0x00000000d5800000)
  from space 1024K, 81% used [0x00000000d5880000,0x00000000d5950000,0x00000000d5980000)
  to   space 1024K, 0% used [0x00000000d5980000,0x00000000d5980000,0x00000000d5a80000)
 ParOldGen       total 219136K, used 218868K [0x0000000080000000, 0x000000008d600000, 0x00000000d5580000)
  object space 219136K, 99% used [0x0000000080000000,0x000000008d5bd080,0x000000008d600000)
 Metaspace       used 75463K, committed 77056K, reserved 1179648K
  class space    used 7800K, committed 8448K, reserved 1048576K
}
Event: 119.654 GC heap before
{Heap before GC invocations=363 (full 3):
 PSYoungGen      total 3584K, used 3392K [0x00000000d5580000, 0x00000000d5a80000, 0x0000000100000000)
  eden space 2560K, 100% used [0x00000000d5580000,0x00000000d5800000,0x00000000d5800000)
  from space 1024K, 81% used [0x00000000d5880000,0x00000000d5950000,0x00000000d5980000)
  to   space 1024K, 0% used [0x00000000d5980000,0x00000000d5980000,0x00000000d5a80000)
 ParOldGen       total 219136K, used 218868K [0x0000000080000000, 0x000000008d600000, 0x00000000d5580000)
  object space 219136K, 99% used [0x0000000080000000,0x000000008d5bd080,0x000000008d600000)
 Metaspace       used 75470K, committed 77056K, reserved 1179648K
  class space    used 7800K, committed 8448K, reserved 1048576K
}
Event: 119.657 GC heap after
{Heap after GC invocations=363 (full 3):
 PSYoungGen      total 3584K, used 640K [0x00000000d5580000, 0x00000000d5a80000, 0x0000000100000000)
  eden space 2560K, 0% used [0x00000000d5580000,0x00000000d5580000,0x00000000d5800000)
  from space 1024K, 62% used [0x00000000d5980000,0x00000000d5a20000,0x00000000d5a80000)
  to   space 1024K, 0% used [0x00000000d5880000,0x00000000d5880000,0x00000000d5980000)
 ParOldGen       total 219648K, used 219576K [0x0000000080000000, 0x000000008d680000, 0x00000000d5580000)
  object space 219648K, 99% used [0x0000000080000000,0x000000008d66e0b0,0x000000008d680000)
 Metaspace       used 75470K, committed 77056K, reserved 1179648K
  class space    used 7800K, committed 8448K, reserved 1048576K
}
Event: 120.910 GC heap before
{Heap before GC invocations=364 (full 3):
 PSYoungGen      total 3584K, used 3200K [0x00000000d5580000, 0x00000000d5a80000, 0x0000000100000000)
  eden space 2560K, 100% used [0x00000000d5580000,0x00000000d5800000,0x00000000d5800000)
  from space 1024K, 62% used [0x00000000d5980000,0x00000000d5a20000,0x00000000d5a80000)
  to   space 1024K, 0% used [0x00000000d5880000,0x00000000d5880000,0x00000000d5980000)
 ParOldGen       total 219648K, used 219576K [0x0000000080000000, 0x000000008d680000, 0x00000000d5580000)
  object space 219648K, 99% used [0x0000000080000000,0x000000008d66e0b0,0x000000008d680000)
 Metaspace       used 75483K, committed 77056K, reserved 1179648K
  class space    used 7800K, committed 8448K, reserved 1048576K
}
Event: 120.912 GC heap after
{Heap after GC invocations=364 (full 3):
 PSYoungGen      total 3584K, used 416K [0x00000000d5580000, 0x00000000d5a00000, 0x0000000100000000)
  eden space 2560K, 0% used [0x00000000d5580000,0x00000000d5580000,0x00000000d5800000)
  from space 1024K, 40% used [0x00000000d5880000,0x00000000d58e8000,0x00000000d5980000)
  to   space 512K, 0% used [0x00000000d5980000,0x00000000d5980000,0x00000000d5a00000)
 ParOldGen       total 220160K, used 220037K [0x0000000080000000, 0x000000008d700000, 0x00000000d5580000)
  object space 220160K, 99% used [0x0000000080000000,0x000000008d6e15e0,0x000000008d700000)
 Metaspace       used 75483K, committed 77056K, reserved 1179648K
  class space    used 7800K, committed 8448K, reserved 1048576K
}
Event: 120.923 GC heap before
{Heap before GC invocations=365 (full 3):
 PSYoungGen      total 3584K, used 2976K [0x00000000d5580000, 0x00000000d5a00000, 0x0000000100000000)
  eden space 2560K, 100% used [0x00000000d5580000,0x00000000d5800000,0x00000000d5800000)
  from space 1024K, 40% used [0x00000000d5880000,0x00000000d58e8000,0x00000000d5980000)
  to   space 512K, 0% used [0x00000000d5980000,0x00000000d5980000,0x00000000d5a00000)
 ParOldGen       total 220160K, used 220037K [0x0000000080000000, 0x000000008d700000, 0x00000000d5580000)
  object space 220160K, 99% used [0x0000000080000000,0x000000008d6e15e0,0x000000008d700000)
 Metaspace       used 75491K, committed 77056K, reserved 1179648K
  class space    used 7800K, committed 8448K, reserved 1048576K
}
Event: 120.925 GC heap after
{Heap after GC invocations=365 (full 3):
 PSYoungGen      total 3072K, used 512K [0x00000000d5580000, 0x00000000d5a00000, 0x0000000100000000)
  eden space 2560K, 0% used [0x00000000d5580000,0x00000000d5580000,0x00000000d5800000)
  from space 512K, 100% used [0x00000000d5980000,0x00000000d5a00000,0x00000000d5a00000)
  to   space 1024K, 0% used [0x00000000d5800000,0x00000000d5800000,0x00000000d5900000)
 ParOldGen       total 220672K, used 220407K [0x0000000080000000, 0x000000008d780000, 0x00000000d5580000)
  object space 220672K, 99% used [0x0000000080000000,0x000000008d73df00,0x000000008d780000)
 Metaspace       used 75491K, committed 77056K, reserved 1179648K
  class space    used 7800K, committed 8448K, reserved 1048576K
}
Event: 120.946 GC heap before
{Heap before GC invocations=366 (full 3):
 PSYoungGen      total 3072K, used 3072K [0x00000000d5580000, 0x00000000d5a00000, 0x0000000100000000)
  eden space 2560K, 100% used [0x00000000d5580000,0x00000000d5800000,0x00000000d5800000)
  from space 512K, 100% used [0x00000000d5980000,0x00000000d5a00000,0x00000000d5a00000)
  to   space 1024K, 0% used [0x00000000d5800000,0x00000000d5800000,0x00000000d5900000)
 ParOldGen       total 220672K, used 220407K [0x0000000080000000, 0x000000008d780000, 0x00000000d5580000)
  object space 220672K, 99% used [0x0000000080000000,0x000000008d73df00,0x000000008d780000)
 Metaspace       used 75500K, committed 77056K, reserved 1179648K
  class space    used 7800K, committed 8448K, reserved 1048576K
}
Event: 120.949 GC heap after
{Heap after GC invocations=366 (full 3):
 PSYoungGen      total 3584K, used 994K [0x00000000d5580000, 0x00000000d5b00000, 0x0000000100000000)
  eden space 2560K, 0% used [0x00000000d5580000,0x00000000d5580000,0x00000000d5800000)
  from space 1024K, 97% used [0x00000000d5800000,0x00000000d58f8b38,0x00000000d5900000)
  to   space 1536K, 0% used [0x00000000d5980000,0x00000000d5980000,0x00000000d5b00000)
 ParOldGen       total 221184K, used 220973K [0x0000000080000000, 0x000000008d800000, 0x00000000d5580000)
  object space 221184K, 99% used [0x0000000080000000,0x000000008d7cb600,0x000000008d800000)
 Metaspace       used 75500K, committed 77056K, reserved 1179648K
  class space    used 7800K, committed 8448K, reserved 1048576K
}
Event: 120.964 GC heap before
{Heap before GC invocations=367 (full 3):
 PSYoungGen      total 3584K, used 3554K [0x00000000d5580000, 0x00000000d5b00000, 0x0000000100000000)
  eden space 2560K, 100% used [0x00000000d5580000,0x00000000d5800000,0x00000000d5800000)
  from space 1024K, 97% used [0x00000000d5800000,0x00000000d58f8b38,0x00000000d5900000)
  to   space 1536K, 0% used [0x00000000d5980000,0x00000000d5980000,0x00000000d5b00000)
 ParOldGen       total 221184K, used 220973K [0x0000000080000000, 0x000000008d800000, 0x00000000d5580000)
  object space 221184K, 99% used [0x0000000080000000,0x000000008d7cb600,0x000000008d800000)
 Metaspace       used 75524K, committed 77056K, reserved 1179648K
  class space    used 7800K, committed 8448K, reserved 1048576K
}
Event: 120.967 GC heap after
{Heap after GC invocations=367 (full 3):
 PSYoungGen      total 3584K, used 864K [0x00000000d5580000, 0x00000000d5a80000, 0x0000000100000000)
  eden space 2560K, 0% used [0x00000000d5580000,0x00000000d5580000,0x00000000d5800000)
  from space 1024K, 84% used [0x00000000d5980000,0x00000000d5a58000,0x00000000d5a80000)
  to   space 1024K, 0% used [0x00000000d5800000,0x00000000d5800000,0x00000000d5900000)
 ParOldGen       total 222208K, used 221824K [0x0000000080000000, 0x000000008d900000, 0x00000000d5580000)
  object space 222208K, 99% used [0x0000000080000000,0x000000008d8a0128,0x000000008d900000)
 Metaspace       used 75524K, committed 77056K, reserved 1179648K
  class space    used 7800K, committed 8448K, reserved 1048576K
}
Event: 121.259 GC heap before
{Heap before GC invocations=368 (full 3):
 PSYoungGen      total 3584K, used 3424K [0x00000000d5580000, 0x00000000d5a80000, 0x0000000100000000)
  eden space 2560K, 100% used [0x00000000d5580000,0x00000000d5800000,0x00000000d5800000)
  from space 1024K, 84% used [0x00000000d5980000,0x00000000d5a58000,0x00000000d5a80000)
  to   space 1024K, 0% used [0x00000000d5800000,0x00000000d5800000,0x00000000d5900000)
 ParOldGen       total 222208K, used 221824K [0x0000000080000000, 0x000000008d900000, 0x00000000d5580000)
  object space 222208K, 99% used [0x0000000080000000,0x000000008d8a0128,0x000000008d900000)
 Metaspace       used 75534K, committed 77056K, reserved 1179648K
  class space    used 7800K, committed 8448K, reserved 1048576K
}
Event: 121.261 GC heap after
{Heap after GC invocations=368 (full 3):
 PSYoungGen      total 3584K, used 544K [0x00000000d5580000, 0x00000000d5a00000, 0x0000000100000000)
  eden space 2560K, 0% used [0x00000000d5580000,0x00000000d5580000,0x00000000d5800000)
  from space 1024K, 53% used [0x00000000d5800000,0x00000000d5888000,0x00000000d5900000)
  to   space 1024K, 0% used [0x00000000d5900000,0x00000000d5900000,0x00000000d5a00000)
 ParOldGen       total 222720K, used 222552K [0x0000000080000000, 0x000000008d980000, 0x00000000d5580000)
  object space 222720K, 99% used [0x0000000080000000,0x000000008d956148,0x000000008d980000)
 Metaspace       used 75534K, committed 77056K, reserved 1179648K
  class space    used 7800K, committed 8448K, reserved 1048576K
}
Event: 121.271 GC heap before
{Heap before GC invocations=369 (full 3):
 PSYoungGen      total 3584K, used 3104K [0x00000000d5580000, 0x00000000d5a00000, 0x0000000100000000)
  eden space 2560K, 100% used [0x00000000d5580000,0x00000000d5800000,0x00000000d5800000)
  from space 1024K, 53% used [0x00000000d5800000,0x00000000d5888000,0x00000000d5900000)
  to   space 1024K, 0% used [0x00000000d5900000,0x00000000d5900000,0x00000000d5a00000)
 ParOldGen       total 222720K, used 222552K [0x0000000080000000, 0x000000008d980000, 0x00000000d5580000)
  object space 222720K, 99% used [0x0000000080000000,0x000000008d956148,0x000000008d980000)
 Metaspace       used 75534K, committed 77056K, reserved 1179648K
  class space    used 7800K, committed 8448K, reserved 1048576K
}
Event: 121.273 GC heap after
{Heap after GC invocations=369 (full 3):
 PSYoungGen      total 3584K, used 928K [0x00000000d5580000, 0x00000000d5a00000, 0x0000000100000000)
  eden space 2560K, 0% used [0x00000000d5580000,0x00000000d5580000,0x00000000d5800000)
  from space 1024K, 90% used [0x00000000d5900000,0x00000000d59e8000,0x00000000d5a00000)
  to   space 1024K, 0% used [0x00000000d5800000,0x00000000d5800000,0x00000000d5900000)
 ParOldGen       total 223232K, used 222968K [0x0000000080000000, 0x000000008da00000, 0x00000000d5580000)
  object space 223232K, 99% used [0x0000000080000000,0x000000008d9be3f0,0x000000008da00000)
 Metaspace       used 75534K, committed 77056K, reserved 1179648K
  class space    used 7800K, committed 8448K, reserved 1048576K
}
Event: 121.288 GC heap before
{Heap before GC invocations=370 (full 3):
 PSYoungGen      total 3584K, used 3488K [0x00000000d5580000, 0x00000000d5a00000, 0x0000000100000000)
  eden space 2560K, 100% used [0x00000000d5580000,0x00000000d5800000,0x00000000d5800000)
  from space 1024K, 90% used [0x00000000d5900000,0x00000000d59e8000,0x00000000d5a00000)
  to   space 1024K, 0% used [0x00000000d5800000,0x00000000d5800000,0x00000000d5900000)
 ParOldGen       total 223232K, used 222968K [0x0000000080000000, 0x000000008da00000, 0x00000000d5580000)
  object space 223232K, 99% used [0x0000000080000000,0x000000008d9be3f0,0x000000008da00000)
 Metaspace       used 75537K, committed 77056K, reserved 1179648K
  class space    used 7800K, committed 8448K, reserved 1048576K
}
Event: 121.290 GC heap after
{Heap after GC invocations=370 (full 3):
 PSYoungGen      total 3584K, used 722K [0x00000000d5580000, 0x00000000d5a00000, 0x0000000100000000)
  eden space 2560K, 0% used [0x00000000d5580000,0x00000000d5580000,0x00000000d5800000)
  from space 1024K, 70% used [0x00000000d5800000,0x00000000d58b4b28,0x00000000d5900000)
  to   space 1024K, 0% used [0x00000000d5900000,0x00000000d5900000,0x00000000d5a00000)
 ParOldGen       total 224256K, used 223809K [0x0000000080000000, 0x000000008db00000, 0x00000000d5580000)
  object space 224256K, 99% used [0x0000000080000000,0x000000008da90410,0x000000008db00000)
 Metaspace       used 75537K, committed 77056K, reserved 1179648K
  class space    used 7800K, committed 8448K, reserved 1048576K
}

Dll operation events (10 events):
Event: 0.019 Loaded shared library c:\Users\josuesitoe\.vscode\extensions\redhat.java-1.46.0-win32-x64\jre\21.0.8-win32-x86_64\bin\java.dll
Event: 0.139 Loaded shared library c:\Users\josuesitoe\.vscode\extensions\redhat.java-1.46.0-win32-x64\jre\21.0.8-win32-x86_64\bin\zip.dll
Event: 0.177 Loaded shared library C:\Users\josuesitoe\.vscode\extensions\redhat.java-1.46.0-win32-x64\jre\21.0.8-win32-x86_64\bin\instrument.dll
Event: 0.185 Loaded shared library C:\Users\josuesitoe\.vscode\extensions\redhat.java-1.46.0-win32-x64\jre\21.0.8-win32-x86_64\bin\net.dll
Event: 0.189 Loaded shared library C:\Users\josuesitoe\.vscode\extensions\redhat.java-1.46.0-win32-x64\jre\21.0.8-win32-x86_64\bin\nio.dll
Event: 0.192 Loaded shared library C:\Users\josuesitoe\.vscode\extensions\redhat.java-1.46.0-win32-x64\jre\21.0.8-win32-x86_64\bin\zip.dll
Event: 0.220 Loaded shared library C:\Users\josuesitoe\.vscode\extensions\redhat.java-1.46.0-win32-x64\jre\21.0.8-win32-x86_64\bin\jimage.dll
Event: 0.327 Loaded shared library c:\Users\josuesitoe\.vscode\extensions\redhat.java-1.46.0-win32-x64\jre\21.0.8-win32-x86_64\bin\verify.dll
Event: 1.947 Loaded shared library C:\Users\josuesitoe\AppData\Roaming\Code\User\globalStorage\redhat.java\1.46.0\config_win\org.eclipse.equinox.launcher\org.eclipse.equinox.launcher.win32.win32.x86_64_1.2.1400.v20250801-0854\eclipse_11916.dll
Event: 4.073 Loaded shared library C:\Users\josuesitoe\AppData\Local\Temp\jna--95111402\jna8158190312418336802.dll

Deoptimization events (20 events):
Event: 119.355 Thread 0x000001bad8d76970 Uncommon trap: trap_request=0xffffffd6 fr.pc=0x000001ba88666e7c relative=0x000000000000153c
Event: 119.355 Thread 0x000001bad8d76970 Uncommon trap: reason=array_check action=maybe_recompile pc=0x000001ba88666e7c method=java.util.TimSort.mergeLo(IIII)V @ 468 c2
Event: 119.355 Thread 0x000001bad8d76970 DEOPT PACKING pc=0x000001ba88666e7c sp=0x000000395f6fd020
Event: 119.355 Thread 0x000001bad8d76970 DEOPT UNPACKING pc=0x000001ba874a3aa2 sp=0x000000395f6fd010 mode 2
Event: 119.454 Thread 0x000001bad7e16910 Uncommon trap: trap_request=0xffffffd6 fr.pc=0x000001ba8867288c relative=0x000000000000174c
Event: 119.454 Thread 0x000001bad7e16910 Uncommon trap: reason=array_check action=maybe_recompile pc=0x000001ba8867288c method=java.util.TimSort.mergeLo(IIII)V @ 590 c2
Event: 119.454 Thread 0x000001bad7e16910 DEOPT PACKING pc=0x000001ba8867288c sp=0x000000395bffd400
Event: 119.455 Thread 0x000001bad7e16910 DEOPT UNPACKING pc=0x000001ba874a3aa2 sp=0x000000395bffd3f0 mode 2
Event: 119.456 Thread 0x000001bad7e16910 Uncommon trap: trap_request=0xffffffd6 fr.pc=0x000001ba8867288c relative=0x000000000000174c
Event: 119.456 Thread 0x000001bad7e16910 Uncommon trap: reason=array_check action=maybe_recompile pc=0x000001ba8867288c method=java.util.TimSort.mergeLo(IIII)V @ 590 c2
Event: 119.456 Thread 0x000001bad7e16910 DEOPT PACKING pc=0x000001ba8867288c sp=0x000000395bffd6c0
Event: 119.457 Thread 0x000001bad7e16910 DEOPT UNPACKING pc=0x000001ba874a3aa2 sp=0x000000395bffd6b0 mode 2
Event: 121.240 Thread 0x000001bad7e16910 Uncommon trap: trap_request=0xffffffe4 fr.pc=0x000001ba886a6b18 relative=0x00000000000001b8
Event: 121.240 Thread 0x000001bad7e16910 Uncommon trap: reason=range_check action=make_not_entrant pc=0x000001ba886a6b18 method=org.eclipse.jdt.internal.compiler.lookup.Scope.getBaseType([C)Lorg/eclipse/jdt/internal/compiler/lookup/TypeBinding; @ 16 c2
Event: 121.240 Thread 0x000001bad7e16910 DEOPT PACKING pc=0x000001ba886a6b18 sp=0x000000395bffdc80
Event: 121.241 Thread 0x000001bad7e16910 DEOPT UNPACKING pc=0x000001ba874a3aa2 sp=0x000000395bffdc08 mode 2
Event: 121.255 Thread 0x000001bad7e1c4f0 Uncommon trap: trap_request=0xffffffd6 fr.pc=0x000001ba88696980 relative=0x0000000000000600
Event: 121.255 Thread 0x000001bad7e1c4f0 Uncommon trap: reason=array_check action=maybe_recompile pc=0x000001ba88696980 method=com.google.gson.internal.GsonTypes$ParameterizedTypeImpl.<init>(Ljava/lang/reflect/Type;Ljava/lang/Class;[Ljava/lang/reflect/Type;)V @ 136 c2
Event: 121.255 Thread 0x000001bad7e1c4f0 DEOPT PACKING pc=0x000001ba88696980 sp=0x000000395c6fed00
Event: 121.256 Thread 0x000001bad7e1c4f0 DEOPT UNPACKING pc=0x000001ba874a3aa2 sp=0x000000395c6fec30 mode 2

Classes loaded (20 events):
Event: 117.484 Loading class org/xml/sax/SAXNotSupportedException
Event: 117.485 Loading class org/xml/sax/SAXNotSupportedException done
Event: 117.498 Loading class com/sun/org/apache/xerces/internal/util/URI
Event: 117.504 Loading class com/sun/org/apache/xerces/internal/util/URI done
Event: 117.512 Loading class com/sun/org/apache/xerces/internal/xni/XNIException
Event: 117.513 Loading class com/sun/org/apache/xerces/internal/xni/XNIException done
Event: 117.513 Loading class com/sun/org/apache/xerces/internal/xni/parser/XMLParseException
Event: 117.515 Loading class com/sun/org/apache/xerces/internal/xni/parser/XMLParseException done
Event: 117.671 Loading class java/util/stream/ReduceOps$5
Event: 117.674 Loading class java/util/stream/ReduceOps$5 done
Event: 117.674 Loading class java/util/stream/ReduceOps$CountingSink$OfRef
Event: 117.674 Loading class java/util/stream/DistinctOps
Event: 117.675 Loading class java/util/stream/ReduceOps$CountingSink
Event: 117.675 Loading class java/util/stream/DistinctOps done
Event: 117.675 Loading class java/util/stream/DistinctOps$1
Event: 117.676 Loading class java/util/stream/ReduceOps$CountingSink done
Event: 117.676 Loading class java/util/stream/ReduceOps$CountingSink$OfRef done
Event: 117.677 Loading class java/util/stream/DistinctOps$1 done
Event: 117.694 Loading class java/util/stream/DistinctOps$1$2
Event: 117.696 Loading class java/util/stream/DistinctOps$1$2 done

Classes unloaded (11 events):
Event: 4.815 Thread 0x000001baf5dd4190 Unloading class 0x000001ba901a4800 'java/lang/invoke/LambdaForm$MH+0x000001ba901a4800'
Event: 4.815 Thread 0x000001baf5dd4190 Unloading class 0x000001ba901a4400 'java/lang/invoke/LambdaForm$MH+0x000001ba901a4400'
Event: 4.815 Thread 0x000001baf5dd4190 Unloading class 0x000001ba901a4000 'java/lang/invoke/LambdaForm$MH+0x000001ba901a4000'
Event: 4.815 Thread 0x000001baf5dd4190 Unloading class 0x000001ba901a3c00 'java/lang/invoke/LambdaForm$MH+0x000001ba901a3c00'
Event: 4.815 Thread 0x000001baf5dd4190 Unloading class 0x000001ba901a3800 'java/lang/invoke/LambdaForm$BMH+0x000001ba901a3800'
Event: 4.815 Thread 0x000001baf5dd4190 Unloading class 0x000001ba901a3400 'java/lang/invoke/LambdaForm$DMH+0x000001ba901a3400'
Event: 4.815 Thread 0x000001baf5dd4190 Unloading class 0x000001ba901a2000 'java/lang/invoke/LambdaForm$DMH+0x000001ba901a2000'
Event: 10.801 Thread 0x000001baf5dd4190 Unloading class 0x000001ba906a9400 'java/lang/invoke/LambdaForm$DMH+0x000001ba906a9400'
Event: 10.801 Thread 0x000001baf5dd4190 Unloading class 0x000001ba906a8c00 'java/lang/invoke/LambdaForm$DMH+0x000001ba906a8c00'
Event: 10.801 Thread 0x000001baf5dd4190 Unloading class 0x000001ba906a8400 'java/lang/invoke/LambdaForm$DMH+0x000001ba906a8400'
Event: 10.801 Thread 0x000001baf5dd4190 Unloading class 0x000001ba906a9000 'java/lang/invoke/LambdaForm$DMH+0x000001ba906a9000'

Classes redefined (0 events):
No events

Internal exceptions (20 events):
Event: 27.556 Thread 0x000001bad8d75c50 Exception <a 'java/lang/ClassNotFoundException'{0x00000000d56430f0}: sun/net/www/protocol/jdt/Handler> (0x00000000d56430f0) 
thrown [s\src\hotspot\share\classfile\systemDictionary.cpp, line 312]
Event: 27.556 Thread 0x000001bad8d75c50 Exception <a 'java/lang/ClassNotFoundException'{0x00000000d5646e28}: sun/net/www/protocol/jdt/Handler> (0x00000000d5646e28) 
thrown [s\src\hotspot\share\classfile\systemDictionary.cpp, line 312]
Event: 27.557 Thread 0x000001bad8d75c50 Exception <a 'java/lang/ClassNotFoundException'{0x00000000d565a348}: sun/net/www/protocol/jdt/Handler> (0x00000000d565a348) 
thrown [s\src\hotspot\share\classfile\systemDictionary.cpp, line 312]
Event: 27.557 Thread 0x000001bad8d75c50 Exception <a 'java/lang/ClassNotFoundException'{0x00000000d565cb48}: sun/net/www/protocol/jdt/Handler> (0x00000000d565cb48) 
thrown [s\src\hotspot\share\classfile\systemDictionary.cpp, line 312]
Event: 27.557 Thread 0x000001bad8d75c50 Exception <a 'java/lang/ClassNotFoundException'{0x00000000d565f348}: sun/net/www/protocol/jdt/Handler> (0x00000000d565f348) 
thrown [s\src\hotspot\share\classfile\systemDictionary.cpp, line 312]
Event: 27.558 Thread 0x000001bad8d75c50 Exception <a 'java/lang/ClassNotFoundException'{0x00000000d5661b48}: sun/net/www/protocol/jdt/Handler> (0x00000000d5661b48) 
thrown [s\src\hotspot\share\classfile\systemDictionary.cpp, line 312]
Event: 71.646 Thread 0x000001bad8d75c50 Implicit null exception at 0x000001ba88076a7b to 0x000001ba880784a8
Event: 71.648 Thread 0x000001bad8d75c50 Implicit null exception at 0x000001ba8807a508 to 0x000001ba8807bda0
Event: 71.912 Thread 0x000001bad8d75c50 Exception <a 'java/lang/NoSuchMethodError'{0x00000000d57bf968}: 'void java.lang.invoke.DirectMethodHandle$Holder.invokeVirtual(java.lang.Object, java.lang.Object, java.lang.Object, java.lang.Object, java.lang.Object)'> (0x00000000d57bf968) 
thrown [s\src\hotspot\share\interpreter\linkResolver.cpp, line 773]
Event: 71.941 Thread 0x000001bad8d75c50 Implicit null exception at 0x000001ba881c2f46 to 0x000001ba881c2fc4
Event: 91.546 Thread 0x000001bad8d75c50 Exception <a 'java/lang/ClassNotFoundException'{0x00000000d56255e0}: sun/net/www/protocol/jdt/Handler> (0x00000000d56255e0) 
thrown [s\src\hotspot\share\classfile\systemDictionary.cpp, line 312]
Event: 116.122 Thread 0x000001bad7e1c4f0 Implicit null exception at 0x000001ba8854947a to 0x000001ba885496c8
Event: 116.375 Thread 0x000001bad7e1c4f0 Exception <a 'java/lang/IncompatibleClassChangeError'{0x00000000d56a21b8}: Found class java.lang.Object, but interface was expected> (0x00000000d56a21b8) 
thrown [s\src\hotspot\share\interpreter\linkResolver.cpp, line 840]
Event: 116.414 Thread 0x000001bad8d76970 Exception <a 'java/lang/NoSuchMethodError'{0x00000000d56b09d8}: 'java.lang.Object java.lang.invoke.DirectMethodHandle$Holder.invokeSpecial(java.lang.Object, java.lang.Object, java.lang.Object, java.lang.Object, int, java.lang.Object, java.lang.Object)'> (0x00000000d56b09d8) 
thrown [s\src\hotspot\share\interpreter\linkResolver.cpp, line 773]
Event: 117.067 Thread 0x000001bad7e1c4f0 Exception <a 'java/lang/IncompatibleClassChangeError'{0x00000000d55b3f28}: Found class java.lang.Object, but interface was expected> (0x00000000d55b3f28) 
thrown [s\src\hotspot\share\interpreter\linkResolver.cpp, line 840]
Event: 117.069 Thread 0x000001bad7e1c4f0 Exception <a 'java/lang/IncompatibleClassChangeError'{0x00000000d55b8340}: Found class java.lang.Object, but interface was expected> (0x00000000d55b8340) 
thrown [s\src\hotspot\share\interpreter\linkResolver.cpp, line 840]
Event: 117.452 Thread 0x000001bad579e020 Implicit null exception at 0x000001ba8803a9e2 to 0x000001ba8803ae1c
Event: 117.568 Thread 0x000001bad579e020 Implicit null exception at 0x000001ba8843796d to 0x000001ba88438184
Event: 117.634 Thread 0x000001bad579e020 Implicit null exception at 0x000001ba8809be1d to 0x000001ba8809c2bc
Event: 118.522 Thread 0x000001baddab6d10 Implicit null exception at 0x000001ba8836e6cc to 0x000001ba8836e808

ZGC Phase Switch (0 events):
No events

VM Operations (20 events):
Event: 119.657 Executing VM operation: ParallelGCFailedAllocation (Allocation Failure) done
Event: 120.447 Executing VM operation: HandshakeAllThreads (HandshakeForDeflation)
Event: 120.447 Executing VM operation: HandshakeAllThreads (HandshakeForDeflation) done
Event: 120.448 Executing VM operation: RendezvousGCThreads
Event: 120.448 Executing VM operation: RendezvousGCThreads done
Event: 120.910 Executing VM operation: ParallelGCFailedAllocation (Allocation Failure)
Event: 120.912 Executing VM operation: ParallelGCFailedAllocation (Allocation Failure) done
Event: 120.923 Executing VM operation: ParallelGCFailedAllocation (Allocation Failure)
Event: 120.925 Executing VM operation: ParallelGCFailedAllocation (Allocation Failure) done
Event: 120.946 Executing VM operation: ParallelGCFailedAllocation (Allocation Failure)
Event: 120.949 Executing VM operation: ParallelGCFailedAllocation (Allocation Failure) done
Event: 120.964 Executing VM operation: ParallelGCFailedAllocation (Allocation Failure)
Event: 120.967 Executing VM operation: ParallelGCFailedAllocation (Allocation Failure) done
Event: 121.259 Executing VM operation: ParallelGCFailedAllocation (Allocation Failure)
Event: 121.261 Executing VM operation: ParallelGCFailedAllocation (Allocation Failure) done
Event: 121.271 Executing VM operation: ParallelGCFailedAllocation (Allocation Failure)
Event: 121.273 Executing VM operation: ParallelGCFailedAllocation (Allocation Failure) done
Event: 121.288 Executing VM operation: ParallelGCFailedAllocation (Allocation Failure)
Event: 121.290 Executing VM operation: ParallelGCFailedAllocation (Allocation Failure) done
Event: 122.290 Executing VM operation: Cleanup

Memory protections (0 events):
No events

Nmethod flushes (20 events):
Event: 10.818 Thread 0x000001baf5dd4190 flushing  nmethod 0x000001ba808d1890
Event: 10.818 Thread 0x000001baf5dd4190 flushing  nmethod 0x000001ba808d3d90
Event: 10.818 Thread 0x000001baf5dd4190 flushing  nmethod 0x000001ba808d4310
Event: 10.818 Thread 0x000001baf5dd4190 flushing  nmethod 0x000001ba808d5490
Event: 10.818 Thread 0x000001baf5dd4190 flushing  nmethod 0x000001ba808d5f10
Event: 10.818 Thread 0x000001baf5dd4190 flushing  nmethod 0x000001ba808d7210
Event: 10.818 Thread 0x000001baf5dd4190 flushing  nmethod 0x000001ba808dea90
Event: 10.818 Thread 0x000001baf5dd4190 flushing  nmethod 0x000001ba808e5290
Event: 10.818 Thread 0x000001baf5dd4190 flushing  nmethod 0x000001ba80903290
Event: 10.818 Thread 0x000001baf5dd4190 flushing  nmethod 0x000001ba80904910
Event: 10.818 Thread 0x000001baf5dd4190 flushing  nmethod 0x000001ba80908190
Event: 10.818 Thread 0x000001baf5dd4190 flushing  nmethod 0x000001ba8092b290
Event: 10.818 Thread 0x000001baf5dd4190 flushing osr nmethod 0x000001ba8096f390
Event: 10.818 Thread 0x000001baf5dd4190 flushing osr nmethod 0x000001ba80991110
Event: 10.818 Thread 0x000001baf5dd4190 flushing  nmethod 0x000001ba80996090
Event: 10.818 Thread 0x000001baf5dd4190 flushing  nmethod 0x000001ba8099a610
Event: 10.818 Thread 0x000001baf5dd4190 flushing  nmethod 0x000001ba809e0a90
Event: 10.818 Thread 0x000001baf5dd4190 flushing  nmethod 0x000001ba809ff790
Event: 10.818 Thread 0x000001baf5dd4190 flushing  nmethod 0x000001ba80a0f710
Event: 10.818 Thread 0x000001baf5dd4190 flushing  nmethod 0x000001ba80a66410

Events (20 events):
Event: 81.487 Thread 0x000001bad52929c0 Thread exited: 0x000001bad52929c0
Event: 81.521 Thread 0x000001bad5294500 Thread exited: 0x000001bad5294500
Event: 86.488 Thread 0x000001bad5295970 Thread exited: 0x000001bad5295970
Event: 91.361 Thread 0x000001bafeb99300 Thread added: 0x000001bad5294500
Event: 91.725 Thread 0x000001bad5294500 Thread exited: 0x000001bad5294500
Event: 109.286 Thread 0x000001bafeb99300 Thread added: 0x000001bad5294500
Event: 110.128 Thread 0x000001bad5294500 Thread exited: 0x000001bad5294500
Event: 110.516 Thread 0x000001bafeb99300 Thread added: 0x000001bad52952a0
Event: 111.045 Thread 0x000001bad52952a0 Thread exited: 0x000001bad52952a0
Event: 114.101 Thread 0x000001bafeb99300 Thread added: 0x000001bad5294500
Event: 116.246 Thread 0x000001bafeb99300 Thread added: 0x000001bad5294bd0
Event: 116.824 Thread 0x000001bad5294bd0 Thread exited: 0x000001bad5294bd0
Event: 116.936 Thread 0x000001bafeb99300 Thread added: 0x000001bad52922f0
Event: 117.395 Thread 0x000001bad579d990 Thread added: 0x000001baddab6d10
Event: 117.401 Thread 0x000001bad52922f0 Thread exited: 0x000001bad52922f0
Event: 117.622 Thread 0x000001bafeb99300 Thread added: 0x000001bad5294bd0
Event: 117.854 Thread 0x000001baddab6d10 Thread added: 0x000001baddab80c0
Event: 120.909 Thread 0x000001bad5294bd0 Thread exited: 0x000001bad5294bd0
Event: 120.936 Thread 0x000001bafeb99300 Thread added: 0x000001bad52952a0
Event: 121.240 Thread 0x000001bad52952a0 Thread exited: 0x000001bad52952a0


Dynamic libraries:
0x00007ff662b80000 - 0x00007ff662b8e000 	c:\Users\josuesitoe\.vscode\extensions\redhat.java-1.46.0-win32-x64\jre\21.0.8-win32-x86_64\bin\java.exe
0x00007ffd91fa0000 - 0x00007ffd92208000 	C:\WINDOWS\SYSTEM32\ntdll.dll
0x00007ffd91220000 - 0x00007ffd912e9000 	C:\WINDOWS\System32\KERNEL32.DLL
0x00007ffd8f280000 - 0x00007ffd8f672000 	C:\WINDOWS\System32\KERNELBASE.dll
0x00007ffd8f7b0000 - 0x00007ffd8f8fb000 	C:\WINDOWS\System32\ucrtbase.dll
0x00007ffd6e1f0000 - 0x00007ffd6e20e000 	c:\Users\josuesitoe\.vscode\extensions\redhat.java-1.46.0-win32-x64\jre\21.0.8-win32-x86_64\bin\VCRUNTIME140.dll
0x00007ffd6c2b0000 - 0x00007ffd6c2c8000 	c:\Users\josuesitoe\.vscode\extensions\redhat.java-1.46.0-win32-x64\jre\21.0.8-win32-x86_64\bin\jli.dll
0x00007ffd91680000 - 0x00007ffd91845000 	C:\WINDOWS\System32\USER32.dll
0x00007ffd8e540000 - 0x00007ffd8e7d3000 	C:\WINDOWS\WinSxS\amd64_microsoft.windows.common-controls_6595b64144ccf1df_6.0.26100.6899_none_3e0efeeae32e88c1\COMCTL32.dll
0x00007ffd8fbd0000 - 0x00007ffd8fbf7000 	C:\WINDOWS\System32\win32u.dll
0x00007ffd90230000 - 0x00007ffd902d9000 	C:\WINDOWS\System32\msvcrt.dll
0x00007ffd90410000 - 0x00007ffd9043b000 	C:\WINDOWS\System32\GDI32.dll
0x00007ffd8f680000 - 0x00007ffd8f7ad000 	C:\WINDOWS\System32\gdi32full.dll
0x00007ffd8fa80000 - 0x00007ffd8fb23000 	C:\WINDOWS\System32\msvcp_win.dll
0x00007ffd91540000 - 0x00007ffd9156f000 	C:\WINDOWS\System32\IMM32.DLL
0x00007ffd718e0000 - 0x00007ffd718ec000 	c:\Users\josuesitoe\.vscode\extensions\redhat.java-1.46.0-win32-x64\jre\21.0.8-win32-x86_64\bin\vcruntime140_1.dll
0x00007ffd5c990000 - 0x00007ffd5ca1d000 	c:\Users\josuesitoe\.vscode\extensions\redhat.java-1.46.0-win32-x64\jre\21.0.8-win32-x86_64\bin\msvcp140.dll
0x00007ffccac80000 - 0x00007ffccba17000 	c:\Users\josuesitoe\.vscode\extensions\redhat.java-1.46.0-win32-x64\jre\21.0.8-win32-x86_64\bin\server\jvm.dll
0x00007ffd91e70000 - 0x00007ffd91f24000 	C:\WINDOWS\System32\ADVAPI32.dll
0x00007ffd91490000 - 0x00007ffd91536000 	C:\WINDOWS\System32\sechost.dll
0x00007ffd90990000 - 0x00007ffd90aa8000 	C:\WINDOWS\System32\RPCRT4.dll
0x00007ffd900f0000 - 0x00007ffd90164000 	C:\WINDOWS\System32\WS2_32.dll
0x00007ffd8ef90000 - 0x00007ffd8efee000 	C:\WINDOWS\SYSTEM32\POWRPROF.dll
0x00007ffd86350000 - 0x00007ffd86385000 	C:\WINDOWS\SYSTEM32\WINMM.dll
0x00007ffd86390000 - 0x00007ffd8639b000 	C:\WINDOWS\SYSTEM32\VERSION.dll
0x00007ffd8ef70000 - 0x00007ffd8ef84000 	C:\WINDOWS\SYSTEM32\UMPDC.dll
0x00007ffd8d590000 - 0x00007ffd8d5ab000 	C:\WINDOWS\SYSTEM32\kernel.appcore.dll
0x00007ffd70b20000 - 0x00007ffd70b2a000 	c:\Users\josuesitoe\.vscode\extensions\redhat.java-1.46.0-win32-x64\jre\21.0.8-win32-x86_64\bin\jimage.dll
0x00007ffd8e910000 - 0x00007ffd8eb52000 	C:\WINDOWS\SYSTEM32\DBGHELP.DLL
0x00007ffd8fd70000 - 0x00007ffd900eb000 	C:\WINDOWS\System32\combase.dll
0x00007ffd90330000 - 0x00007ffd90407000 	C:\WINDOWS\System32\OLEAUT32.dll
0x00007ffd8e7e0000 - 0x00007ffd8e81c000 	C:\WINDOWS\SYSTEM32\dbgcore.DLL
0x00007ffd8fb30000 - 0x00007ffd8fbc8000 	C:\WINDOWS\System32\bcryptPrimitives.dll
0x00007ffd89040000 - 0x00007ffd8904f000 	c:\Users\josuesitoe\.vscode\extensions\redhat.java-1.46.0-win32-x64\jre\21.0.8-win32-x86_64\bin\instrument.dll
0x00007ffd6c290000 - 0x00007ffd6c2af000 	c:\Users\josuesitoe\.vscode\extensions\redhat.java-1.46.0-win32-x64\jre\21.0.8-win32-x86_64\bin\java.dll
0x00007ffd90ab0000 - 0x00007ffd911fd000 	C:\WINDOWS\System32\SHELL32.dll
0x00007ffd8fc00000 - 0x00007ffd8fd6b000 	C:\WINDOWS\System32\wintypes.dll
0x00007ffd8c260000 - 0x00007ffd8cabd000 	C:\WINDOWS\SYSTEM32\windows.storage.dll
0x00007ffd90880000 - 0x00007ffd90972000 	C:\WINDOWS\System32\SHCORE.dll
0x00007ffd90810000 - 0x00007ffd90872000 	C:\WINDOWS\System32\shlwapi.dll
0x00007ffd8f050000 - 0x00007ffd8f079000 	C:\WINDOWS\SYSTEM32\profapi.dll
0x00007ffd6c170000 - 0x00007ffd6c188000 	c:\Users\josuesitoe\.vscode\extensions\redhat.java-1.46.0-win32-x64\jre\21.0.8-win32-x86_64\bin\zip.dll
0x00007ffd800a0000 - 0x00007ffd800b0000 	C:\Users\josuesitoe\.vscode\extensions\redhat.java-1.46.0-win32-x64\jre\21.0.8-win32-x86_64\bin\net.dll
0x00007ffd86560000 - 0x00007ffd8667f000 	C:\WINDOWS\SYSTEM32\WINHTTP.dll
0x00007ffd8daa0000 - 0x00007ffd8db0b000 	C:\WINDOWS\system32\mswsock.dll
0x00007ffd6bef0000 - 0x00007ffd6bf06000 	C:\Users\josuesitoe\.vscode\extensions\redhat.java-1.46.0-win32-x64\jre\21.0.8-win32-x86_64\bin\nio.dll
0x00007ffd6ecb0000 - 0x00007ffd6ecc0000 	c:\Users\josuesitoe\.vscode\extensions\redhat.java-1.46.0-win32-x64\jre\21.0.8-win32-x86_64\bin\verify.dll
0x00007ffd58160000 - 0x00007ffd581a4000 	C:\Users\josuesitoe\AppData\Roaming\Code\User\globalStorage\redhat.java\1.46.0\config_win\org.eclipse.equinox.launcher\org.eclipse.equinox.launcher.win32.win32.x86_64_1.2.1400.v20250801-0854\eclipse_11916.dll
0x00007ffd912f0000 - 0x00007ffd91488000 	C:\WINDOWS\System32\ole32.dll
0x00007ffd8ec60000 - 0x00007ffd8ec7b000 	C:\WINDOWS\SYSTEM32\CRYPTSP.dll
0x00007ffd8df40000 - 0x00007ffd8df7b000 	C:\WINDOWS\system32\rsaenh.dll
0x00007ffd8db10000 - 0x00007ffd8db3b000 	C:\WINDOWS\SYSTEM32\USERENV.dll
0x00007ffd8f020000 - 0x00007ffd8f046000 	C:\WINDOWS\SYSTEM32\bcrypt.dll
0x00007ffd8df30000 - 0x00007ffd8df3c000 	C:\WINDOWS\SYSTEM32\CRYPTBASE.dll
0x00007ffd8cdc0000 - 0x00007ffd8cdf4000 	C:\WINDOWS\SYSTEM32\IPHLPAPI.DLL
0x00007ffd91d40000 - 0x00007ffd91d4a000 	C:\WINDOWS\System32\NSI.dll
0x00007ffd57110000 - 0x00007ffd57159000 	C:\Users\josuesitoe\AppData\Local\Temp\jna--95111402\jna8158190312418336802.dll
0x00007ffd90980000 - 0x00007ffd90988000 	C:\WINDOWS\System32\PSAPI.DLL
0x00007ffd87090000 - 0x00007ffd870ae000 	C:\WINDOWS\SYSTEM32\dhcpcsvc6.DLL
0x00007ffd86fd0000 - 0x00007ffd86ff3000 	C:\WINDOWS\SYSTEM32\dhcpcsvc.DLL
0x00007ffd8e8b0000 - 0x00007ffd8e8e6000 	C:\WINDOWS\SYSTEM32\ntmarta.dll

JVMTI agents:
c:\Users\josuesitoe\.vscode\extensions\redhat.java-1.46.0-win32-x64\lombok\lombok-1.18.39-4050.jar path:c:\Users\josuesitoe\.vscode\extensions\redhat.java-1.46.0-win32-x64\jre\21.0.8-win32-x86_64\bin\instrument.dll, loaded, initialized, instrumentlib options:none

dbghelp: loaded successfully - version: 4.0.5 - missing functions: none
symbol engine: initialized successfully - sym options: 0x614 - pdb path: .;c:\Users\josuesitoe\.vscode\extensions\redhat.java-1.46.0-win32-x64\jre\21.0.8-win32-x86_64\bin;C:\WINDOWS\SYSTEM32;C:\WINDOWS\WinSxS\amd64_microsoft.windows.common-controls_6595b64144ccf1df_6.0.26100.6899_none_3e0efeeae32e88c1;c:\Users\josuesitoe\.vscode\extensions\redhat.java-1.46.0-win32-x64\jre\21.0.8-win32-x86_64\bin\server;C:\Users\josuesitoe\AppData\Roaming\Code\User\globalStorage\redhat.java\1.46.0\config_win\org.eclipse.equinox.launcher\org.eclipse.equinox.launcher.win32.win32.x86_64_1.2.1400.v20250801-0854;C:\Users\josuesitoe\AppData\Local\Temp\jna--95111402

VM Arguments:
jvm_args: --add-modules=ALL-SYSTEM --add-opens=java.base/java.util=ALL-UNNAMED --add-opens=java.base/java.lang=ALL-UNNAMED --add-opens=java.base/sun.nio.fs=ALL-UNNAMED -Declipse.application=org.eclipse.jdt.ls.core.id1 -Dosgi.bundles.defaultStartLevel=4 -Declipse.product=org.eclipse.jdt.ls.core.product -Djava.import.generatesMetadataFilesAtProjectRoot=false -DDetectVMInstallationsJob.disabled=true -Dfile.encoding=utf8 -XX:+UseParallelGC -XX:GCTimeRatio=4 -XX:AdaptiveSizePolicyWeight=90 -Dsun.zip.disableMemoryMapping=true -Xmx2G -Xms100m -Xlog:disable -javaagent:c:\Users\josuesitoe\.vscode\extensions\redhat.java-1.46.0-win32-x64\lombok\lombok-1.18.39-4050.jar -XX:+HeapDumpOnOutOfMemoryError -XX:HeapDumpPath=c:\Users\josuesitoe\AppData\Roaming\Code\User\workspaceStorage\b6a6d4d9d6201c9de0d0fbad05277ae1\redhat.java -Daether.dependencyCollector.impl=bf 
java_command: c:\Users\josuesitoe\.vscode\extensions\redhat.java-1.46.0-win32-x64\server\plugins\org.eclipse.equinox.launcher_1.7.0.v20250519-0528.jar -configuration c:\Users\josuesitoe\AppData\Roaming\Code\User\globalStorage\redhat.java\1.46.0\config_win -data c:\Users\josuesitoe\AppData\Roaming\Code\User\workspaceStorage\b6a6d4d9d6201c9de0d0fbad05277ae1\redhat.java\jdt_ws --pipe=\\.\pipe\lsp-be7167f20ea48bed80805888e5f3cac4-sock
java_class_path (initial): c:\Users\josuesitoe\.vscode\extensions\redhat.java-1.46.0-win32-x64\server\plugins\org.eclipse.equinox.launcher_1.7.0.v20250519-0528.jar
Launcher Type: SUN_STANDARD

[Global flags]
    uintx AdaptiveSizePolicyWeight                 = 90                                        {product} {command line}
     intx CICompilerCount                          = 12                                        {product} {ergonomic}
    uintx GCTimeRatio                              = 4                                         {product} {command line}
     bool HeapDumpOnOutOfMemoryError               = true                                   {manageable} {command line}
    ccstr HeapDumpPath                             = c:\Users\josuesitoe\AppData\Roaming\Code\User\workspaceStorage\b6a6d4d9d6201c9de0d0fbad05277ae1\redhat.java         {manageable} {command line}
   size_t InitialHeapSize                          = 104857600                                 {product} {command line}
   size_t MaxHeapSize                              = 2147483648                                {product} {command line}
   size_t MaxNewSize                               = 715653120                                 {product} {ergonomic}
   size_t MinHeapDeltaBytes                        = 524288                                    {product} {ergonomic}
   size_t MinHeapSize                              = 104857600                                 {product} {command line}
   size_t NewSize                                  = 34603008                                  {product} {ergonomic}
    uintx NonNMethodCodeHeapSize                   = 7602480                                {pd product} {ergonomic}
    uintx NonProfiledCodeHeapSize                  = 122027880                              {pd product} {ergonomic}
   size_t OldSize                                  = 70254592                                  {product} {ergonomic}
    uintx ProfiledCodeHeapSize                     = 122027880                              {pd product} {ergonomic}
    uintx ReservedCodeCacheSize                    = 251658240                              {pd product} {ergonomic}
     bool SegmentedCodeCache                       = true                                      {product} {ergonomic}
   size_t SoftMaxHeapSize                          = 2147483648                             {manageable} {ergonomic}
     bool UseCompressedOops                        = true                           {product lp64_product} {ergonomic}
     bool UseLargePagesIndividualAllocation        = false                                  {pd product} {ergonomic}
     bool UseParallelGC                            = true                                      {product} {command line}

Logging:
Log output configuration:
 #0: stdout all=off uptime,level,tags foldmultilines=false
 #1: stderr all=off uptime,level,tags foldmultilines=false

Environment Variables:
JAVA_HOME=C:\Program Files\Java\jdk-17
PATH=C:\Python313\Scripts\;C:\Python313\;C:\Program Files\Common Files\Oracle\Java\javapath;C:\Program Files (x86)\Common Files\Oracle\Java\java8path;C:\Program Files (x86)\Common Files\Oracle\Java\javapath;C:\WINDOWS\system32;C:\WINDOWS;C:\WINDOWS\System32\Wbem;C:\WINDOWS\System32\WindowsPowerShell\v1.0\;C:\WINDOWS\System32\OpenSSH\;C:\Program Files (x86)\Microsoft SQL Server\160\Tools\Binn\;C:\Program Files\Microsoft SQL Server\160\Tools\Binn\;C:\Program Files\Microsoft SQL Server\Client SDK\ODBC\170\Tools\Binn\;C:\Program Files\Microsoft SQL Server\160\DTS\Binn\;C:\Program Files\Git\cmd;C:\xampp\php;C:\ProgramData\ComposerSetup\bin;C:\Program Files (x86)\Incredibuild;C:\Program Files (x86)\Windows Kits\10\Windows Performance Toolkit\;C:\Users\josuesitoe\Downloads\platform-tools-latest-windows\platform-tools;C:\Program Files\nodejs\;C:\ProgramData\chocolatey\bin;C:\flutter\bin;C:\Program Files\dotnet\;C:\ProgramData\chocolatey\lib\maven\apache-maven-3.9.11\bin;C:\Program Files\Java\jdk-17\bin;C:\Python313\Scripts\;C:\Python313\;C:\Program Files\Common Files\Oracle\Java\javapath;C:\Program Files (x86)\Common Files\Oracle\Java\java8path;C:\Program Files (x86)\Common Files\Oracle\Java\javapath;C:\WINDOWS\system32;C:\WINDOWS;C:\WINDOWS\System32\Wbem;C:\WINDOWS\System32\WindowsPowerShell\v1.0\;C:\WINDOWS\System32\OpenSSH\;C:\Program Files (x86)\Microsoft SQL Server\160\Tools\Binn\;C:\Program Files\Microsoft SQL Server\160\Tools\Binn\;C:\Program Files\Microsoft SQL Server\Client SDK\ODBC\170\Tools\Binn\;C:\Program Files\Microsoft SQL Server\160\DTS\Binn\;C:\Program Files\Git\cmd;C:\xampp\php;C:\ProgramData\ComposerSetup\bin;C:\Program Files (x86)\Incredibuild;C:\Program Files (x86)\Windows Kits\10\Windows Performance Toolkit\;C:\Users\josuesitoe\Downloads\platform-tools-latest-windows\platform-tools;C:\Program Files\nodejs\;C:\ProgramData\chocolatey\bin;C:\flutter\bin;C:\Program Files\dotnet\;C:\Program Files\Java\jdk-17\bin;C:\Users\josuesitoe\AppData\Local\Programs\Microsoft VS Code\bin;C:\Users\josuesitoe\.dotnet\tools;C:\ProgramData\chocolatey\lib\maven\apache-maven-3.9.11\bin;C:\Users\josuesitoe\AppData\Local\Programs\Microsoft VS Code\bin;C:\Users\josuesitoe\.dotnet\tools;C:\ProgramData\chocolatey\lib\maven\apache-maven-3.9.11\bin
USERNAME=josuesitoe
OS=Windows_NT
PROCESSOR_IDENTIFIER=AMD64 Family 23 Model 104 Stepping 1, AuthenticAMD
TMP=C:\Users\JOSUES~1\AppData\Local\Temp
TEMP=C:\Users\JOSUES~1\AppData\Local\Temp




Periodic native trim disabled

---------------  S Y S T E M  ---------------

OS:
 Windows 11 , 64 bit Build 26100 (10.0.26100.6725)
OS uptime: 3 days 0:03 hours
Hyper-V role detected

CPU: total 16 (initial active 16) (16 cores per cpu, 2 threads per core) family 23 model 104 stepping 1 microcode 0x8608103, cx8, cmov, fxsr, ht, mmx, 3dnowpref, sse, sse2, sse3, ssse3, sse4a, sse4.1, sse4.2, popcnt, lzcnt, tsc, tscinvbit, avx, avx2, aes, clmul, bmi1, bmi2, adx, sha, fma, vzeroupper, clflush, clflushopt, hv, rdtscp, rdpid, f16c
Processor Information for the first 16 processors :
  Max Mhz: 1801, Current Mhz: 1801, Mhz Limit: 1801

Memory: 4k page, system-wide physical 5989M (471M free)
TotalPageFile size 24421M (AvailPageFile size 34M)
current process WorkingSet (physical memory assigned to process): 248M, peak: 366M
current process commit charge ("private bytes"): 551M, peak: 572M

vm_info: OpenJDK 64-Bit Server VM (21.0.8+9-LTS) for windows-amd64 JRE (21.0.8+9-LTS), built on 2025-07-15T00:00:00Z by "admin" with MS VC++ 17.7 (VS2022)

END.
